mode: set
github.com/retf/source/v2/chaincode/privacy-state/config.go:31.122,32.111 1 0
github.com/retf/source/v2/chaincode/privacy-state/config.go:32.111,34.3 1 0
github.com/retf/source/v2/chaincode/privacy-state/config.go:35.2,35.59 1 0
github.com/retf/source/v2/chaincode/privacy-state/config.go:35.59,37.3 1 0
github.com/retf/source/v2/chaincode/privacy-state/config.go:38.2,38.55 1 0
github.com/retf/source/v2/chaincode/privacy-state/config.go:38.55,40.3 1 0
github.com/retf/source/v2/chaincode/privacy-state/config.go:41.2,41.53 1 0
github.com/retf/source/v2/chaincode/privacy-state/config.go:41.53,43.3 1 0
github.com/retf/source/v2/chaincode/privacy-state/config.go:44.2,50.26 7 0
github.com/retf/source/v2/chaincode/privacy-state/config.go:50.26,52.17 2 0
github.com/retf/source/v2/chaincode/privacy-state/config.go:52.17,54.4 1 0
github.com/retf/source/v2/chaincode/privacy-state/config.go:55.3,56.58 2 0
github.com/retf/source/v2/chaincode/privacy-state/config.go:58.2,58.50 1 0
github.com/retf/source/v2/chaincode/privacy-state/config.go:61.98,62.69 1 0
github.com/retf/source/v2/chaincode/privacy-state/config.go:62.69,64.3 1 0
github.com/retf/source/v2/chaincode/privacy-state/config.go:65.2,66.16 2 0
github.com/retf/source/v2/chaincode/privacy-state/config.go:66.16,68.3 1 0
github.com/retf/source/v2/chaincode/privacy-state/config.go:69.2,70.16 2 0
github.com/retf/source/v2/chaincode/privacy-state/config.go:70.16,72.3 1 0
github.com/retf/source/v2/chaincode/privacy-state/config.go:73.2,73.59 1 0
github.com/retf/source/v2/chaincode/privacy-state/config.go:73.59,75.3 1 0
github.com/retf/source/v2/chaincode/privacy-state/config.go:76.2,77.57 2 0
github.com/retf/source/v2/chaincode/privacy-state/config.go:77.57,79.3 1 0
github.com/retf/source/v2/chaincode/privacy-state/config.go:80.2,80.38 1 0
github.com/retf/source/v2/chaincode/privacy-state/config.go:80.38,82.3 1 0
github.com/retf/source/v2/chaincode/privacy-state/config.go:83.2,84.16 2 0
github.com/retf/source/v2/chaincode/privacy-state/config.go:84.16,86.3 1 0
github.com/retf/source/v2/chaincode/privacy-state/config.go:87.2,87.126 1 0
github.com/retf/source/v2/chaincode/privacy-state/config.go:90.100,91.55 1 0
github.com/retf/source/v2/chaincode/privacy-state/config.go:91.55,93.3 1 0
github.com/retf/source/v2/chaincode/privacy-state/config.go:94.2,95.16 2 0
github.com/retf/source/v2/chaincode/privacy-state/config.go:95.16,97.3 1 0
github.com/retf/source/v2/chaincode/privacy-state/config.go:98.2,98.59 1 0
github.com/retf/source/v2/chaincode/privacy-state/config.go:98.59,100.3 1 0
github.com/retf/source/v2/chaincode/privacy-state/config.go:101.2,102.57 2 0
github.com/retf/source/v2/chaincode/privacy-state/config.go:102.57,104.3 1 0
github.com/retf/source/v2/chaincode/privacy-state/config.go:105.2,105.38 1 0
github.com/retf/source/v2/chaincode/privacy-state/config.go:105.38,107.3 1 0
github.com/retf/source/v2/chaincode/privacy-state/config.go:108.2,109.16 2 0
github.com/retf/source/v2/chaincode/privacy-state/config.go:109.16,111.3 1 0
github.com/retf/source/v2/chaincode/privacy-state/config.go:112.2,112.156 1 0
github.com/retf/source/v2/chaincode/privacy-state/config.go:115.68,116.150 1 0
github.com/retf/source/v2/chaincode/privacy-state/config.go:116.150,118.3 1 0
github.com/retf/source/v2/chaincode/privacy-state/config.go:119.2,120.12 2 0
github.com/retf/source/v2/chaincode/privacy-state/config.go:123.54,125.74 1 0
github.com/retf/source/v2/chaincode/privacy-state/config.go:125.74,127.3 1 0
github.com/retf/source/v2/chaincode/privacy-state/config.go:128.2,129.42 2 0
github.com/retf/source/v2/chaincode/privacy-state/config.go:129.42,130.19 1 0
github.com/retf/source/v2/chaincode/privacy-state/config.go:130.19,132.4 1 0
github.com/retf/source/v2/chaincode/privacy-state/config.go:133.3,133.46 1 0
github.com/retf/source/v2/chaincode/privacy-state/config.go:133.46,135.4 1 0
github.com/retf/source/v2/chaincode/privacy-state/config.go:136.3,136.28 1 0
github.com/retf/source/v2/chaincode/privacy-state/config.go:138.2,138.12 1 0
github.com/retf/source/v2/chaincode/privacy-state/keys.go:17.66,18.46 1 0
github.com/retf/source/v2/chaincode/privacy-state/keys.go:18.46,20.3 1 0
github.com/retf/source/v2/chaincode/privacy-state/keys.go:21.2,21.42 1 0
github.com/retf/source/v2/chaincode/privacy-state/keys.go:21.42,23.3 1 0
github.com/retf/source/v2/chaincode/privacy-state/keys.go:24.2,24.68 1 0
github.com/retf/source/v2/chaincode/privacy-state/keys.go:27.69,28.61 1 0
github.com/retf/source/v2/chaincode/privacy-state/keys.go:28.61,30.3 1 0
github.com/retf/source/v2/chaincode/privacy-state/keys.go:31.2,32.87 2 0
github.com/retf/source/v2/chaincode/privacy-state/keys.go:35.66,36.64 1 0
github.com/retf/source/v2/chaincode/privacy-state/keys.go:36.64,38.3 1 0
github.com/retf/source/v2/chaincode/privacy-state/keys.go:39.2,39.68 1 0
github.com/retf/source/v2/chaincode/privacy-state/keys.go:42.55,43.38 1 0
github.com/retf/source/v2/chaincode/privacy-state/keys.go:43.38,45.3 1 0
github.com/retf/source/v2/chaincode/privacy-state/keys.go:46.2,46.50 1 0
github.com/retf/source/v2/chaincode/privacy-state/keys.go:49.67,50.64 1 0
github.com/retf/source/v2/chaincode/privacy-state/keys.go:50.64,52.3 1 0
github.com/retf/source/v2/chaincode/privacy-state/keys.go:53.2,53.69 1 0
github.com/retf/source/v2/chaincode/privacy-state/keys.go:56.51,57.38 1 0
github.com/retf/source/v2/chaincode/privacy-state/keys.go:57.38,59.3 1 0
github.com/retf/source/v2/chaincode/privacy-state/keys.go:60.2,60.46 1 0
github.com/retf/source/v2/chaincode/privacy-state/keys.go:63.54,64.38 1 0
github.com/retf/source/v2/chaincode/privacy-state/keys.go:64.38,66.3 1 0
github.com/retf/source/v2/chaincode/privacy-state/keys.go:67.2,67.49 1 0
github.com/retf/source/v2/chaincode/privacy-state/keys.go:70.34,71.22 1 0
github.com/retf/source/v2/chaincode/privacy-state/keys.go:71.22,73.3 1 0
github.com/retf/source/v2/chaincode/privacy-state/keys.go:74.2,75.19 2 0
github.com/retf/source/v2/chaincode/privacy-state/store.go:47.36,49.2 1 0
github.com/retf/source/v2/chaincode/privacy-state/store.go:51.68,52.41 1 0
github.com/retf/source/v2/chaincode/privacy-state/store.go:52.41,54.3 1 0
github.com/retf/source/v2/chaincode/privacy-state/store.go:55.2,58.13 4 0
github.com/retf/source/v2/chaincode/privacy-state/store.go:58.13,60.3 1 0
github.com/retf/source/v2/chaincode/privacy-state/store.go:61.2,61.99 1 0
github.com/retf/source/v2/chaincode/privacy-state/store.go:64.89,68.39 4 0
github.com/retf/source/v2/chaincode/privacy-state/store.go:68.39,69.52 1 0
github.com/retf/source/v2/chaincode/privacy-state/store.go:69.52,71.4 1 0
github.com/retf/source/v2/chaincode/privacy-state/store.go:72.3,72.62 1 0
github.com/retf/source/v2/chaincode/privacy-state/store.go:72.62,74.4 1 0
github.com/retf/source/v2/chaincode/privacy-state/store.go:75.3,77.37 3 0
github.com/retf/source/v2/chaincode/privacy-state/store.go:77.37,78.14 1 0
github.com/retf/source/v2/chaincode/privacy-state/store.go:78.14,80.5 1 0
github.com/retf/source/v2/chaincode/privacy-state/store.go:81.4,81.12 1 0
github.com/retf/source/v2/chaincode/privacy-state/store.go:83.3,83.60 1 0
github.com/retf/source/v2/chaincode/privacy-state/store.go:83.60,85.4 1 0
github.com/retf/source/v2/chaincode/privacy-state/store.go:87.2,88.31 2 0
github.com/retf/source/v2/chaincode/privacy-state/store.go:88.31,89.48 1 0
github.com/retf/source/v2/chaincode/privacy-state/store.go:89.48,91.4 1 0
github.com/retf/source/v2/chaincode/privacy-state/store.go:92.3,92.25 1 0
github.com/retf/source/v2/chaincode/privacy-state/store.go:92.25,94.4 1 0
github.com/retf/source/v2/chaincode/privacy-state/store.go:95.3,95.54 1 0
github.com/retf/source/v2/chaincode/privacy-state/store.go:95.54,97.4 1 0
github.com/retf/source/v2/chaincode/privacy-state/store.go:98.3,98.36 1 0
github.com/retf/source/v2/chaincode/privacy-state/store.go:100.2,100.31 1 0
github.com/retf/source/v2/chaincode/privacy-state/store.go:100.31,105.3 4 0
github.com/retf/source/v2/chaincode/privacy-state/store.go:106.2,106.12 1 0
github.com/retf/source/v2/chaincode/privacy-state/store.go:109.56,113.40 4 0
github.com/retf/source/v2/chaincode/privacy-state/store.go:113.40,115.3 1 0
github.com/retf/source/v2/chaincode/privacy-state/store.go:116.2,116.15 1 0
github.com/retf/source/v2/chaincode/privacy-state/store.go:119.41,121.16 2 0
github.com/retf/source/v2/chaincode/privacy-state/store.go:121.16,123.3 1 0
github.com/retf/source/v2/chaincode/privacy-state/store.go:124.2,124.21 1 0
github.com/retf/source/v2/chaincode/privacy-state/store.go:127.47,130.47 3 0
github.com/retf/source/v2/chaincode/privacy-state/store.go:130.47,132.3 1 0
github.com/retf/source/v2/chaincode/privacy-state/store.go:133.2,133.12 1 0
github.com/retf/source/v2/chaincode/privacy-state/store.go:136.63,138.28 2 0
github.com/retf/source/v2/chaincode/privacy-state/store.go:138.28,140.3 1 0
github.com/retf/source/v2/chaincode/privacy-state/store.go:141.2,143.27 3 0
github.com/retf/source/v2/chaincode/privacy-state/store.go:143.27,145.3 1 0
github.com/retf/source/v2/chaincode/privacy-state/store.go:146.2,146.14 1 0
github.com/retf/source/v2/chaincode/privacy-state/store.go:149.36,150.74 1 0
github.com/retf/source/v2/chaincode/privacy-state/store.go:150.74,152.3 1 0
github.com/retf/source/v2/chaincode/privacy-state/store.go:153.2,153.12 1 0
github.com/retf/source/v2/chaincode/private-finalization/contract.go:30.116,31.57 1 0
github.com/retf/source/v2/chaincode/private-finalization/contract.go:31.57,33.3 1 0
github.com/retf/source/v2/chaincode/private-finalization/contract.go:34.2,34.155 1 0
github.com/retf/source/v2/chaincode/private-finalization/contract.go:34.155,36.3 1 0
github.com/retf/source/v2/chaincode/private-finalization/contract.go:37.2,38.16 2 0
github.com/retf/source/v2/chaincode/private-finalization/contract.go:38.16,40.3 1 0
github.com/retf/source/v2/chaincode/private-finalization/contract.go:41.2,43.40 3 0
github.com/retf/source/v2/chaincode/private-finalization/contract.go:43.40,45.3 1 0
github.com/retf/source/v2/chaincode/private-finalization/contract.go:46.2,47.42 2 0
github.com/retf/source/v2/chaincode/private-finalization/contract.go:47.42,49.3 1 0
github.com/retf/source/v2/chaincode/private-finalization/contract.go:50.2,52.80 3 0
github.com/retf/source/v2/chaincode/private-finalization/contract.go:52.80,54.3 1 0
github.com/retf/source/v2/chaincode/private-finalization/contract.go:55.2,55.81 1 0
github.com/retf/source/v2/chaincode/private-finalization/contract.go:55.81,57.3 1 0
github.com/retf/source/v2/chaincode/private-finalization/contract.go:58.2,58.155 1 0
github.com/retf/source/v2/chaincode/private-finalization/contract.go:58.155,60.3 1 0
github.com/retf/source/v2/chaincode/private-finalization/contract.go:61.2,63.16 3 0
github.com/retf/source/v2/chaincode/private-finalization/contract.go:63.16,65.3 1 0
github.com/retf/source/v2/chaincode/private-finalization/contract.go:66.2,69.3 1 0
github.com/retf/source/v2/chaincode/private-finalization/contract.go:72.156,73.96 1 0
github.com/retf/source/v2/chaincode/private-finalization/contract.go:73.96,75.3 1 0
github.com/retf/source/v2/chaincode/private-finalization/contract.go:76.2,77.16 2 0
github.com/retf/source/v2/chaincode/private-finalization/contract.go:77.16,79.3 1 0
github.com/retf/source/v2/chaincode/private-finalization/contract.go:80.2,83.40 4 0
github.com/retf/source/v2/chaincode/private-finalization/contract.go:83.40,85.3 1 0
github.com/retf/source/v2/chaincode/private-finalization/contract.go:86.2,87.40 2 0
github.com/retf/source/v2/chaincode/private-finalization/contract.go:87.40,89.3 1 0
github.com/retf/source/v2/chaincode/private-finalization/contract.go:90.2,91.42 2 0
github.com/retf/source/v2/chaincode/private-finalization/contract.go:91.42,93.3 1 0
github.com/retf/source/v2/chaincode/private-finalization/contract.go:94.2,97.80 4 0
github.com/retf/source/v2/chaincode/private-finalization/contract.go:97.80,99.3 1 0
github.com/retf/source/v2/chaincode/private-finalization/contract.go:100.2,100.77 1 0
github.com/retf/source/v2/chaincode/private-finalization/contract.go:100.77,102.3 1 0
github.com/retf/source/v2/chaincode/private-finalization/contract.go:103.2,103.81 1 0
github.com/retf/source/v2/chaincode/private-finalization/contract.go:103.81,105.3 1 0
github.com/retf/source/v2/chaincode/private-finalization/contract.go:106.2,109.91 1 0
github.com/retf/source/v2/chaincode/private-finalization/contract.go:109.91,111.3 1 0
github.com/retf/source/v2/chaincode/private-finalization/contract.go:112.2,112.92 1 0
github.com/retf/source/v2/chaincode/private-finalization/contract.go:112.92,114.3 1 0
github.com/retf/source/v2/chaincode/private-finalization/contract.go:115.2,116.16 2 0
github.com/retf/source/v2/chaincode/private-finalization/contract.go:116.16,118.3 1 0
github.com/retf/source/v2/chaincode/private-finalization/contract.go:119.2,120.45 2 0
github.com/retf/source/v2/chaincode/private-finalization/contract.go:120.45,122.3 1 0
github.com/retf/source/v2/chaincode/private-finalization/contract.go:123.2,124.102 2 0
github.com/retf/source/v2/chaincode/private-finalization/contract.go:124.102,126.3 1 0
github.com/retf/source/v2/chaincode/private-finalization/contract.go:127.2,128.51 2 0
github.com/retf/source/v2/chaincode/private-finalization/contract.go:128.51,129.80 1 0
github.com/retf/source/v2/chaincode/private-finalization/contract.go:129.80,131.4 1 0
github.com/retf/source/v2/chaincode/private-finalization/contract.go:132.3,132.57 1 0
github.com/retf/source/v2/chaincode/private-finalization/contract.go:132.57,134.4 1 0
github.com/retf/source/v2/chaincode/private-finalization/contract.go:135.3,135.55 1 0
github.com/retf/source/v2/chaincode/private-finalization/contract.go:135.55,137.4 1 0
github.com/retf/source/v2/chaincode/private-finalization/contract.go:138.3,140.17 3 0
github.com/retf/source/v2/chaincode/private-finalization/contract.go:140.17,142.4 1 0
github.com/retf/source/v2/chaincode/private-finalization/contract.go:143.3,143.13 1 0
github.com/retf/source/v2/chaincode/private-finalization/contract.go:143.13,145.4 1 0
github.com/retf/source/v2/chaincode/private-finalization/contract.go:146.3,146.15 1 0
github.com/retf/source/v2/chaincode/private-finalization/contract.go:148.2,148.43 1 0
github.com/retf/source/v2/chaincode/private-finalization/contract.go:148.43,150.3 1 0
github.com/retf/source/v2/chaincode/private-finalization/contract.go:151.2,152.16 2 0
github.com/retf/source/v2/chaincode/private-finalization/contract.go:152.16,154.3 1 0
github.com/retf/source/v2/chaincode/private-finalization/contract.go:155.2,164.16 3 0
github.com/retf/source/v2/chaincode/private-finalization/contract.go:164.16,166.3 1 0
github.com/retf/source/v2/chaincode/private-finalization/contract.go:167.2,169.16 3 0
github.com/retf/source/v2/chaincode/private-finalization/contract.go:169.16,171.3 1 0
github.com/retf/source/v2/chaincode/private-finalization/contract.go:172.2,175.16 1 0
github.com/retf/source/v2/chaincode/private-finalization/contract.go:175.16,177.3 1 0
github.com/retf/source/v2/chaincode/private-finalization/contract.go:178.2,178.21 1 0
github.com/retf/source/v2/chaincode/private-finalization/contract.go:181.95,183.40 2 0
github.com/retf/source/v2/chaincode/private-finalization/contract.go:183.40,185.3 1 0
github.com/retf/source/v2/chaincode/private-finalization/contract.go:186.2,186.39 1 0
github.com/retf/source/v2/chaincode/private-finalization/contract.go:186.39,187.52 1 0
github.com/retf/source/v2/chaincode/private-finalization/contract.go:187.52,189.4 1 0
github.com/retf/source/v2/chaincode/private-finalization/contract.go:190.3,190.58 1 0
github.com/retf/source/v2/chaincode/private-finalization/contract.go:190.58,192.4 1 0
github.com/retf/source/v2/chaincode/private-finalization/contract.go:193.3,193.59 1 0
github.com/retf/source/v2/chaincode/private-finalization/contract.go:193.59,195.4 1 0
github.com/retf/source/v2/chaincode/private-finalization/contract.go:197.2,197.40 1 0
github.com/retf/source/v2/chaincode/private-finalization/contract.go:197.40,199.3 1 0
github.com/retf/source/v2/chaincode/private-finalization/contract.go:200.2,200.69 1 0
github.com/retf/source/v2/chaincode/private-finalization/contract.go:200.69,202.3 1 0
github.com/retf/source/v2/chaincode/private-finalization/contract.go:203.2,203.12 1 0
github.com/retf/source/v2/chaincode/private-finalization/contract.go:206.96,208.42 2 0
github.com/retf/source/v2/chaincode/private-finalization/contract.go:208.42,208.94 1 0
github.com/retf/source/v2/chaincode/private-finalization/contract.go:209.2,210.16 2 0
github.com/retf/source/v2/chaincode/private-finalization/contract.go:210.16,212.3 1 0
github.com/retf/source/v2/chaincode/private-finalization/contract.go:213.2,214.43 2 0
github.com/retf/source/v2/chaincode/private-task/contract.go:38.138,39.95 1 0
github.com/retf/source/v2/chaincode/private-task/contract.go:39.95,41.3 1 0
github.com/retf/source/v2/chaincode/private-task/contract.go:42.2,42.32 1 0
github.com/retf/source/v2/chaincode/private-task/contract.go:42.32,44.3 1 0
github.com/retf/source/v2/chaincode/private-task/contract.go:45.2,46.81 2 0
github.com/retf/source/v2/chaincode/private-task/contract.go:46.81,48.3 1 0
github.com/retf/source/v2/chaincode/private-task/contract.go:49.2,49.122 1 0
github.com/retf/source/v2/chaincode/private-task/contract.go:49.122,51.3 1 0
github.com/retf/source/v2/chaincode/private-task/contract.go:52.2,52.62 1 0
github.com/retf/source/v2/chaincode/private-task/contract.go:52.62,54.3 1 0
github.com/retf/source/v2/chaincode/private-task/contract.go:55.2,56.16 2 0
github.com/retf/source/v2/chaincode/private-task/contract.go:56.16,58.3 1 0
github.com/retf/source/v2/chaincode/private-task/contract.go:59.2,59.44 1 0
github.com/retf/source/v2/chaincode/private-task/contract.go:59.44,61.3 1 0
github.com/retf/source/v2/chaincode/private-task/contract.go:63.2,64.40 2 0
github.com/retf/source/v2/chaincode/private-task/contract.go:64.40,66.3 1 0
github.com/retf/source/v2/chaincode/private-task/contract.go:67.2,68.42 2 0
github.com/retf/source/v2/chaincode/private-task/contract.go:68.42,70.3 1 0
github.com/retf/source/v2/chaincode/private-task/contract.go:71.2,72.16 2 0
github.com/retf/source/v2/chaincode/private-task/contract.go:72.16,74.3 1 0
github.com/retf/source/v2/chaincode/private-task/contract.go:75.2,76.16 2 0
github.com/retf/source/v2/chaincode/private-task/contract.go:76.16,78.3 1 0
github.com/retf/source/v2/chaincode/private-task/contract.go:79.2,80.41 2 0
github.com/retf/source/v2/chaincode/private-task/contract.go:80.41,82.3 1 0
github.com/retf/source/v2/chaincode/private-task/contract.go:83.2,84.39 2 0
github.com/retf/source/v2/chaincode/private-task/contract.go:84.39,86.3 1 0
github.com/retf/source/v2/chaincode/private-task/contract.go:88.2,91.77 4 0
github.com/retf/source/v2/chaincode/private-task/contract.go:91.77,93.3 1 0
github.com/retf/source/v2/chaincode/private-task/contract.go:94.2,94.81 1 0
github.com/retf/source/v2/chaincode/private-task/contract.go:94.81,96.3 1 0
github.com/retf/source/v2/chaincode/private-task/contract.go:97.2,97.79 1 0
github.com/retf/source/v2/chaincode/private-task/contract.go:97.79,99.3 1 0
github.com/retf/source/v2/chaincode/private-task/contract.go:100.2,100.75 1 0
github.com/retf/source/v2/chaincode/private-task/contract.go:100.75,102.3 1 0
github.com/retf/source/v2/chaincode/private-task/contract.go:103.2,103.96 1 0
github.com/retf/source/v2/chaincode/private-task/contract.go:103.96,105.3 1 0
github.com/retf/source/v2/chaincode/private-task/contract.go:107.2,108.16 2 0
github.com/retf/source/v2/chaincode/private-task/contract.go:108.16,110.3 1 0
github.com/retf/source/v2/chaincode/private-task/contract.go:111.2,111.14 1 0
github.com/retf/source/v2/chaincode/private-task/contract.go:111.14,113.3 1 0
github.com/retf/source/v2/chaincode/private-task/contract.go:114.2,115.16 2 0
github.com/retf/source/v2/chaincode/private-task/contract.go:115.16,117.3 1 0
github.com/retf/source/v2/chaincode/private-task/contract.go:118.2,118.16 1 0
github.com/retf/source/v2/chaincode/private-task/contract.go:118.16,120.3 1 0
github.com/retf/source/v2/chaincode/private-task/contract.go:122.2,123.16 2 0
github.com/retf/source/v2/chaincode/private-task/contract.go:123.16,125.3 1 0
github.com/retf/source/v2/chaincode/private-task/contract.go:126.2,127.16 2 0
github.com/retf/source/v2/chaincode/private-task/contract.go:127.16,129.3 1 0
github.com/retf/source/v2/chaincode/private-task/contract.go:130.2,131.16 2 0
github.com/retf/source/v2/chaincode/private-task/contract.go:131.16,133.3 1 0
github.com/retf/source/v2/chaincode/private-task/contract.go:134.2,135.16 2 0
github.com/retf/source/v2/chaincode/private-task/contract.go:135.16,137.3 1 0
github.com/retf/source/v2/chaincode/private-task/contract.go:138.2,139.16 2 0
github.com/retf/source/v2/chaincode/private-task/contract.go:139.16,141.3 1 0
github.com/retf/source/v2/chaincode/private-task/contract.go:142.2,143.25 2 0
github.com/retf/source/v2/chaincode/private-task/contract.go:143.25,144.81 1 0
github.com/retf/source/v2/chaincode/private-task/contract.go:144.81,146.4 1 0
github.com/retf/source/v2/chaincode/private-task/contract.go:147.3,147.44 1 0
github.com/retf/source/v2/chaincode/private-task/contract.go:147.44,149.4 1 0
github.com/retf/source/v2/chaincode/private-task/contract.go:150.3,150.23 1 0
github.com/retf/source/v2/chaincode/private-task/contract.go:152.2,155.16 4 0
github.com/retf/source/v2/chaincode/private-task/contract.go:155.16,157.3 1 0
github.com/retf/source/v2/chaincode/private-task/contract.go:159.2,170.16 4 0
github.com/retf/source/v2/chaincode/private-task/contract.go:170.16,172.3 1 0
github.com/retf/source/v2/chaincode/private-task/contract.go:173.2,174.16 2 0
github.com/retf/source/v2/chaincode/private-task/contract.go:174.16,176.3 1 0
github.com/retf/source/v2/chaincode/private-task/contract.go:177.2,178.16 2 0
github.com/retf/source/v2/chaincode/private-task/contract.go:178.16,180.3 1 0
github.com/retf/source/v2/chaincode/private-task/contract.go:181.2,198.75 4 0
github.com/retf/source/v2/chaincode/private-task/contract.go:198.75,199.47 1 0
github.com/retf/source/v2/chaincode/private-task/contract.go:199.47,201.4 1 0
github.com/retf/source/v2/chaincode/private-task/contract.go:202.3,202.34 1 0
github.com/retf/source/v2/chaincode/private-task/contract.go:204.2,204.157 1 0
github.com/retf/source/v2/chaincode/private-task/contract.go:207.197,208.142 1 0
github.com/retf/source/v2/chaincode/private-task/contract.go:208.142,210.3 1 0
github.com/retf/source/v2/chaincode/private-task/contract.go:211.2,211.145 1 0
github.com/retf/source/v2/chaincode/private-task/contract.go:211.145,213.3 1 0
github.com/retf/source/v2/chaincode/private-task/contract.go:214.2,214.133 1 0
github.com/retf/source/v2/chaincode/private-task/contract.go:214.133,216.3 1 0
github.com/retf/source/v2/chaincode/private-task/contract.go:217.2,217.104 1 0
github.com/retf/source/v2/chaincode/private-task/contract.go:217.104,219.3 1 0
github.com/retf/source/v2/chaincode/private-task/contract.go:220.2,220.12 1 0
github.com/retf/source/v2/cmd/s2.2.1-material-tool/main.go:23.13,24.22 1 0
github.com/retf/source/v2/cmd/s2.2.1-material-tool/main.go:24.22,26.3 1 0
github.com/retf/source/v2/cmd/s2.2.1-material-tool/main.go:27.2,28.20 2 0
github.com/retf/source/v2/cmd/s2.2.1-material-tool/main.go:29.16,30.28 1 0
github.com/retf/source/v2/cmd/s2.2.1-material-tool/main.go:31.14,32.26 1 0
github.com/retf/source/v2/cmd/s2.2.1-material-tool/main.go:33.18,34.30 1 0
github.com/retf/source/v2/cmd/s2.2.1-material-tool/main.go:35.10,36.40 1 0
github.com/retf/source/v2/cmd/s2.2.1-material-tool/main.go:38.2,38.16 1 0
github.com/retf/source/v2/cmd/s2.2.1-material-tool/main.go:38.16,40.3 1 0
github.com/retf/source/v2/cmd/s2.2.1-material-tool/main.go:43.34,51.42 8 0
github.com/retf/source/v2/cmd/s2.2.1-material-tool/main.go:51.42,53.3 1 0
github.com/retf/source/v2/cmd/s2.2.1-material-tool/main.go:54.2,54.143 1 0
github.com/retf/source/v2/cmd/s2.2.1-material-tool/main.go:54.143,56.3 1 0
github.com/retf/source/v2/cmd/s2.2.1-material-tool/main.go:57.2,58.16 2 0
github.com/retf/source/v2/cmd/s2.2.1-material-tool/main.go:58.16,60.3 1 0
github.com/retf/source/v2/cmd/s2.2.1-material-tool/main.go:61.2,71.54 2 0
github.com/retf/source/v2/cmd/s2.2.1-material-tool/main.go:71.54,73.3 1 0
github.com/retf/source/v2/cmd/s2.2.1-material-tool/main.go:74.2,79.48 3 0
github.com/retf/source/v2/cmd/s2.2.1-material-tool/main.go:79.48,81.3 1 0
github.com/retf/source/v2/cmd/s2.2.1-material-tool/main.go:82.2,85.58 3 0
github.com/retf/source/v2/cmd/s2.2.1-material-tool/main.go:85.58,87.3 1 0
github.com/retf/source/v2/cmd/s2.2.1-material-tool/main.go:88.2,88.68 1 0
github.com/retf/source/v2/cmd/s2.2.1-material-tool/main.go:88.68,90.3 1 0
github.com/retf/source/v2/cmd/s2.2.1-material-tool/main.go:91.2,92.39 2 0
github.com/retf/source/v2/cmd/s2.2.1-material-tool/main.go:92.39,94.47 2 0
github.com/retf/source/v2/cmd/s2.2.1-material-tool/main.go:94.47,96.4 1 0
github.com/retf/source/v2/cmd/s2.2.1-material-tool/main.go:97.3,99.17 3 0
github.com/retf/source/v2/cmd/s2.2.1-material-tool/main.go:99.17,101.4 1 0
github.com/retf/source/v2/cmd/s2.2.1-material-tool/main.go:102.3,102.41 1 0
github.com/retf/source/v2/cmd/s2.2.1-material-tool/main.go:102.41,104.4 1 0
github.com/retf/source/v2/cmd/s2.2.1-material-tool/main.go:105.3,106.17 2 0
github.com/retf/source/v2/cmd/s2.2.1-material-tool/main.go:106.17,108.4 1 0
github.com/retf/source/v2/cmd/s2.2.1-material-tool/main.go:109.3,110.17 2 0
github.com/retf/source/v2/cmd/s2.2.1-material-tool/main.go:110.17,112.4 1 0
github.com/retf/source/v2/cmd/s2.2.1-material-tool/main.go:113.3,114.116 1 0
github.com/retf/source/v2/cmd/s2.2.1-material-tool/main.go:116.2,116.61 1 0
github.com/retf/source/v2/cmd/s2.2.1-material-tool/main.go:116.61,118.3 1 0
github.com/retf/source/v2/cmd/s2.2.1-material-tool/main.go:119.2,119.59 1 0
github.com/retf/source/v2/cmd/s2.2.1-material-tool/main.go:119.59,121.3 1 0
github.com/retf/source/v2/cmd/s2.2.1-material-tool/main.go:122.2,122.127 1 0
github.com/retf/source/v2/cmd/s2.2.1-material-tool/main.go:125.32,131.42 6 0
github.com/retf/source/v2/cmd/s2.2.1-material-tool/main.go:131.42,133.3 1 0
github.com/retf/source/v2/cmd/s2.2.1-material-tool/main.go:134.2,135.16 2 0
github.com/retf/source/v2/cmd/s2.2.1-material-tool/main.go:135.16,137.3 1 0
github.com/retf/source/v2/cmd/s2.2.1-material-tool/main.go:138.2,144.55 5 0
github.com/retf/source/v2/cmd/s2.2.1-material-tool/main.go:144.55,146.3 1 0
github.com/retf/source/v2/cmd/s2.2.1-material-tool/main.go:147.2,147.110 1 0
github.com/retf/source/v2/cmd/s2.2.1-material-tool/main.go:150.36,159.42 9 0
github.com/retf/source/v2/cmd/s2.2.1-material-tool/main.go:159.42,161.3 1 0
github.com/retf/source/v2/cmd/s2.2.1-material-tool/main.go:162.2,163.16 2 0
github.com/retf/source/v2/cmd/s2.2.1-material-tool/main.go:163.16,165.3 1 0
github.com/retf/source/v2/cmd/s2.2.1-material-tool/main.go:166.2,167.16 2 0
github.com/retf/source/v2/cmd/s2.2.1-material-tool/main.go:167.16,169.3 1 0
github.com/retf/source/v2/cmd/s2.2.1-material-tool/main.go:170.2,170.74 1 0
github.com/retf/source/v2/cmd/s2.2.1-material-tool/main.go:170.74,172.3 1 0
github.com/retf/source/v2/cmd/s2.2.1-material-tool/main.go:173.2,176.59 3 0
github.com/retf/source/v2/cmd/s2.2.1-material-tool/main.go:176.59,178.3 1 0
github.com/retf/source/v2/cmd/s2.2.1-material-tool/main.go:179.2,179.110 1 0
github.com/retf/source/v2/cmd/s2.2.1-material-tool/main.go:182.62,184.16 2 0
github.com/retf/source/v2/cmd/s2.2.1-material-tool/main.go:184.16,186.3 1 0
github.com/retf/source/v2/cmd/s2.2.1-material-tool/main.go:187.2,188.18 2 0
github.com/retf/source/v2/cmd/s2.2.1-material-tool/main.go:188.18,190.3 1 0
github.com/retf/source/v2/cmd/s2.2.1-material-tool/main.go:191.2,192.16 2 0
github.com/retf/source/v2/cmd/s2.2.1-material-tool/main.go:192.16,194.3 1 0
github.com/retf/source/v2/cmd/s2.2.1-material-tool/main.go:195.2,196.9 2 0
github.com/retf/source/v2/cmd/s2.2.1-material-tool/main.go:196.9,198.3 1 0
github.com/retf/source/v2/cmd/s2.2.1-material-tool/main.go:199.2,199.21 1 0
github.com/retf/source/v2/cmd/s2.2.1-material-tool/main.go:202.48,204.16 2 0
github.com/retf/source/v2/cmd/s2.2.1-material-tool/main.go:204.16,206.3 1 0
github.com/retf/source/v2/cmd/s2.2.1-material-tool/main.go:207.2,207.37 1 0
github.com/retf/source/v2/cmd/s2.2.1-material-tool/main.go:210.46,212.16 2 0
github.com/retf/source/v2/cmd/s2.2.1-material-tool/main.go:212.16,214.3 1 0
github.com/retf/source/v2/cmd/s2.2.1-material-tool/main.go:215.2,215.32 1 0
github.com/retf/source/v2/cmd/s2.2.1-material-tool/main.go:218.47,219.16 1 0
github.com/retf/source/v2/cmd/s2.2.1-material-tool/main.go:219.16,221.3 1 0
github.com/retf/source/v2/cmd/s2.2.1-material-tool/main.go:222.2,222.63 1 0
github.com/retf/source/v2/cmd/s2.2.1-material-tool/main.go:222.63,224.3 1 0
github.com/retf/source/v2/cmd/s2.2.1-material-tool/main.go:225.2,225.54 1 0
github.com/retf/source/v2/cmd/s2.2.1-material-tool/main.go:228.28,231.2 2 0
github.com/retf/source/v2/cmd/s2.2.1-privacy-chaincode/main.go:16.13,18.62 2 0
github.com/retf/source/v2/cmd/s2.2.1-privacy-chaincode/main.go:18.62,20.3 1 0
github.com/retf/source/v2/cmd/s2.2.1-privacy-chaincode/main.go:21.2,23.81 3 0
github.com/retf/source/v2/cmd/s2.2.1-privacy-chaincode/main.go:23.81,25.3 1 0
github.com/retf/source/v2/cmd/s2.2.1-privacy-chaincode/main.go:26.2,27.25 2 0
github.com/retf/source/v2/cmd/s2.2.1-privacy-chaincode/main.go:27.25,29.3 1 0
github.com/retf/source/v2/cmd/s2.2.1-privacy-chaincode/main.go:30.2,35.16 2 0
github.com/retf/source/v2/cmd/s2.2.1-privacy-chaincode/main.go:35.16,37.3 1 0
github.com/retf/source/v2/cmd/s2.2.1-privacy-chaincode/main.go:38.2,39.16 2 0
github.com/retf/source/v2/cmd/s2.2.1-privacy-chaincode/main.go:39.16,41.3 1 0
github.com/retf/source/v2/cmd/s2.2.1-privacy-chaincode/main.go:42.2,45.47 2 0
github.com/retf/source/v2/cmd/s2.2.1-privacy-chaincode/main.go:45.47,47.3 1 0
github.com/retf/source/v2/cmd/s2.2.1-privacy-chaincode/main.go:48.2,48.39 1 0
github.com/retf/source/v2/cmd/s2.2.1-privacy-chaincode/main.go:48.39,50.3 1 0
github.com/retf/source/v2/cmd/s2.2.1-privacy-chaincode/main.go:53.40,55.16 2 0
github.com/retf/source/v2/cmd/s2.2.1-privacy-chaincode/main.go:55.16,57.3 1 0
github.com/retf/source/v2/cmd/s2.2.1-privacy-chaincode/main.go:58.2,59.23 2 0
github.com/retf/source/v2/cmd/v2-static-check/main.go:26.13,30.16 4 0
github.com/retf/source/v2/cmd/v2-static-check/main.go:30.16,33.3 2 0
github.com/retf/source/v2/cmd/v2-static-check/main.go:34.2,34.23 1 0
github.com/retf/source/v2/cmd/v2-static-check/main.go:34.23,35.33 1 0
github.com/retf/source/v2/cmd/v2-static-check/main.go:35.33,37.4 1 0
github.com/retf/source/v2/cmd/v2-static-check/main.go:38.3,38.13 1 0
github.com/retf/source/v2/cmd/v2-static-check/main.go:40.2,40.52 1 0
github.com/retf/source/v2/cmd/v2-static-check/main.go:43.43,45.16 2 0
github.com/retf/source/v2/cmd/v2-static-check/main.go:45.16,47.3 1 0
github.com/retf/source/v2/cmd/v2-static-check/main.go:48.2,50.93 3 0
github.com/retf/source/v2/cmd/v2-static-check/main.go:50.93,51.21 1 0
github.com/retf/source/v2/cmd/v2-static-check/main.go:51.21,53.4 1 0
github.com/retf/source/v2/cmd/v2-static-check/main.go:54.3,54.20 1 0
github.com/retf/source/v2/cmd/v2-static-check/main.go:54.20,55.58 1 0
github.com/retf/source/v2/cmd/v2-static-check/main.go:55.58,57.5 1 0
github.com/retf/source/v2/cmd/v2-static-check/main.go:58.4,58.14 1 0
github.com/retf/source/v2/cmd/v2-static-check/main.go:60.3,60.93 1 0
github.com/retf/source/v2/cmd/v2-static-check/main.go:60.93,62.4 1 0
github.com/retf/source/v2/cmd/v2-static-check/main.go:63.3,64.17 2 0
github.com/retf/source/v2/cmd/v2-static-check/main.go:64.17,66.4 1 0
github.com/retf/source/v2/cmd/v2-static-check/main.go:67.3,67.15 1 0
github.com/retf/source/v2/cmd/v2-static-check/main.go:67.15,69.4 1 0
github.com/retf/source/v2/cmd/v2-static-check/main.go:70.3,71.17 2 0
github.com/retf/source/v2/cmd/v2-static-check/main.go:71.17,73.4 1 0
github.com/retf/source/v2/cmd/v2-static-check/main.go:74.3,74.43 1 0
github.com/retf/source/v2/cmd/v2-static-check/main.go:74.43,77.92 2 0
github.com/retf/source/v2/cmd/v2-static-check/main.go:77.92,79.5 1 0
github.com/retf/source/v2/cmd/v2-static-check/main.go:80.4,80.28 1 0
github.com/retf/source/v2/cmd/v2-static-check/main.go:80.28,82.5 1 0
github.com/retf/source/v2/cmd/v2-static-check/main.go:84.3,84.48 1 0
github.com/retf/source/v2/cmd/v2-static-check/main.go:84.48,85.32 1 0
github.com/retf/source/v2/cmd/v2-static-check/main.go:86.23,87.45 1 0
github.com/retf/source/v2/cmd/v2-static-check/main.go:87.45,89.6 1 0
github.com/retf/source/v2/cmd/v2-static-check/main.go:90.23,92.40 2 0
github.com/retf/source/v2/cmd/v2-static-check/main.go:92.40,93.41 1 0
github.com/retf/source/v2/cmd/v2-static-check/main.go:93.41,95.7 1 0
github.com/retf/source/v2/cmd/v2-static-check/main.go:97.23,98.51 1 0
github.com/retf/source/v2/cmd/v2-static-check/main.go:98.51,100.6 1 0
github.com/retf/source/v2/cmd/v2-static-check/main.go:101.5,101.59 1 0
github.com/retf/source/v2/cmd/v2-static-check/main.go:101.59,103.6 1 0
github.com/retf/source/v2/cmd/v2-static-check/main.go:105.4,105.15 1 0
github.com/retf/source/v2/cmd/v2-static-check/main.go:107.3,107.13 1 0
github.com/retf/source/v2/cmd/v2-static-check/main.go:109.2,109.16 1 0
github.com/retf/source/v2/cmd/v2-static-check/main.go:109.16,111.3 1 0
github.com/retf/source/v2/cmd/v2-static-check/main.go:112.2,112.43 1 0
github.com/retf/source/v2/cmd/v2-static-check/main.go:112.43,113.69 1 0
github.com/retf/source/v2/cmd/v2-static-check/main.go:113.69,115.4 1 0
github.com/retf/source/v2/cmd/v2-static-check/main.go:116.3,116.71 1 0
github.com/retf/source/v2/cmd/v2-static-check/main.go:118.2,118.22 1 0
github.com/retf/source/v2/cmd/v2-static-check/main.go:121.103,122.42 1 0
github.com/retf/source/v2/cmd/v2-static-check/main.go:122.42,123.118 1 0
github.com/retf/source/v2/cmd/v2-static-check/main.go:123.118,125.4 1 0
github.com/retf/source/v2/cmd/v2-static-check/main.go:126.3,126.39 1 0
github.com/retf/source/v2/cmd/v2-static-check/main.go:126.39,127.12 1 0
github.com/retf/source/v2/cmd/v2-static-check/main.go:129.3,129.36 1 0
github.com/retf/source/v2/cmd/v2-static-check/main.go:129.36,131.165 2 0
github.com/retf/source/v2/cmd/v2-static-check/main.go:131.165,132.45 1 0
github.com/retf/source/v2/cmd/v2-static-check/main.go:132.45,134.6 1 0
github.com/retf/source/v2/cmd/v2-static-check/main.go:140.43,141.36 1 0
github.com/retf/source/v2/cmd/v2-static-check/main.go:142.18,143.20 1 0
github.com/retf/source/v2/cmd/v2-static-check/main.go:144.25,145.24 1 0
github.com/retf/source/v2/cmd/v2-static-check/main.go:146.10,147.12 1 0
github.com/retf/source/v2/cmd/s2.2.1-block-scan/main.go:45.13,51.52 6 0
github.com/retf/source/v2/cmd/s2.2.1-block-scan/main.go:51.52,53.3 1 0
github.com/retf/source/v2/cmd/s2.2.1-block-scan/main.go:54.2,55.16 2 0
github.com/retf/source/v2/cmd/s2.2.1-block-scan/main.go:55.16,57.3 1 0
github.com/retf/source/v2/cmd/s2.2.1-block-scan/main.go:58.2,61.29 4 0
github.com/retf/source/v2/cmd/s2.2.1-block-scan/main.go:61.29,63.17 2 0
github.com/retf/source/v2/cmd/s2.2.1-block-scan/main.go:63.17,65.4 1 0
github.com/retf/source/v2/cmd/s2.2.1-block-scan/main.go:66.3,67.55 2 0
github.com/retf/source/v2/cmd/s2.2.1-block-scan/main.go:67.55,69.4 1 0
github.com/retf/source/v2/cmd/s2.2.1-block-scan/main.go:70.3,71.17 2 0
github.com/retf/source/v2/cmd/s2.2.1-block-scan/main.go:71.17,73.4 1 0
github.com/retf/source/v2/cmd/s2.2.1-block-scan/main.go:74.3,74.38 1 0
github.com/retf/source/v2/cmd/s2.2.1-block-scan/main.go:76.2,76.23 1 0
github.com/retf/source/v2/cmd/s2.2.1-block-scan/main.go:76.23,78.3 1 0
github.com/retf/source/v2/cmd/s2.2.1-block-scan/main.go:79.2,80.16 2 0
github.com/retf/source/v2/cmd/s2.2.1-block-scan/main.go:80.16,82.3 1 0
github.com/retf/source/v2/cmd/s2.2.1-block-scan/main.go:83.2,86.30 4 0
github.com/retf/source/v2/cmd/s2.2.1-block-scan/main.go:86.30,87.45 1 0
github.com/retf/source/v2/cmd/s2.2.1-block-scan/main.go:87.45,89.4 1 0
github.com/retf/source/v2/cmd/s2.2.1-block-scan/main.go:93.95,94.46 1 0
github.com/retf/source/v2/cmd/s2.2.1-block-scan/main.go:94.46,96.3 1 0
github.com/retf/source/v2/cmd/s2.2.1-block-scan/main.go:97.2,98.117 2 0
github.com/retf/source/v2/cmd/s2.2.1-block-scan/main.go:98.117,100.3 1 0
github.com/retf/source/v2/cmd/s2.2.1-block-scan/main.go:101.2,102.54 2 0
github.com/retf/source/v2/cmd/s2.2.1-block-scan/main.go:102.54,105.134 3 0
github.com/retf/source/v2/cmd/s2.2.1-block-scan/main.go:105.134,106.12 1 0
github.com/retf/source/v2/cmd/s2.2.1-block-scan/main.go:108.3,110.151 3 0
github.com/retf/source/v2/cmd/s2.2.1-block-scan/main.go:110.151,111.12 1 0
github.com/retf/source/v2/cmd/s2.2.1-block-scan/main.go:113.3,117.57 5 0
github.com/retf/source/v2/cmd/s2.2.1-block-scan/main.go:117.57,118.12 1 0
github.com/retf/source/v2/cmd/s2.2.1-block-scan/main.go:120.3,120.46 1 0
github.com/retf/source/v2/cmd/s2.2.1-block-scan/main.go:120.46,122.62 2 0
github.com/retf/source/v2/cmd/s2.2.1-block-scan/main.go:122.62,123.13 1 0
github.com/retf/source/v2/cmd/s2.2.1-block-scan/main.go:125.4,126.81 2 0
github.com/retf/source/v2/cmd/s2.2.1-block-scan/main.go:126.81,127.13 1 0
github.com/retf/source/v2/cmd/s2.2.1-block-scan/main.go:129.4,130.135 2 0
github.com/retf/source/v2/cmd/s2.2.1-block-scan/main.go:130.135,131.13 1 0
github.com/retf/source/v2/cmd/s2.2.1-block-scan/main.go:133.4,134.65 2 0
github.com/retf/source/v2/cmd/s2.2.1-block-scan/main.go:134.65,135.13 1 0
github.com/retf/source/v2/cmd/s2.2.1-block-scan/main.go:137.4,143.33 2 0
github.com/retf/source/v2/cmd/s2.2.1-block-scan/main.go:143.33,145.5 1 0
github.com/retf/source/v2/cmd/s2.2.1-block-scan/main.go:146.4,146.29 1 0
github.com/retf/source/v2/cmd/s2.2.1-block-scan/main.go:146.29,149.5 2 0
github.com/retf/source/v2/cmd/s2.2.1-block-scan/main.go:150.4,151.50 2 0
github.com/retf/source/v2/cmd/s2.2.1-block-scan/main.go:151.50,154.5 2 0
github.com/retf/source/v2/cmd/s2.2.1-block-scan/main.go:155.4,156.35 2 0
github.com/retf/source/v2/cmd/s2.2.1-block-scan/main.go:156.35,158.5 1 0
github.com/retf/source/v2/cmd/s2.2.1-block-scan/main.go:159.4,159.35 1 0
github.com/retf/source/v2/cmd/s2.2.1-block-scan/main.go:159.35,161.67 2 0
github.com/retf/source/v2/cmd/s2.2.1-block-scan/main.go:161.67,163.90 2 0
github.com/retf/source/v2/cmd/s2.2.1-block-scan/main.go:163.90,166.7 2 0
github.com/retf/source/v2/cmd/s2.2.1-block-scan/main.go:168.5,169.61 2 0
github.com/retf/source/v2/cmd/s2.2.1-block-scan/main.go:171.4,172.44 2 0
github.com/retf/source/v2/cmd/s2.2.1-block-scan/main.go:172.44,174.5 1 0
github.com/retf/source/v2/cmd/s2.2.1-block-scan/main.go:175.4,177.32 2 0
github.com/retf/source/v2/cmd/s2.2.1-block-scan/main.go:180.2,180.20 1 0
github.com/retf/source/v2/cmd/s2.2.1-block-scan/main.go:183.35,185.49 2 0
github.com/retf/source/v2/cmd/s2.2.1-block-scan/main.go:185.49,186.49 1 0
github.com/retf/source/v2/cmd/s2.2.1-block-scan/main.go:186.49,188.4 1 0
github.com/retf/source/v2/cmd/s2.2.1-block-scan/main.go:190.2,190.15 1 0
github.com/retf/source/v2/cmd/s2.2.1-block-scan/main.go:193.28,193.76 2 0
github.com/retf/source/v2/cmd/s2.2.1-verifier-service/main.go:60.13,76.4 12 0
github.com/retf/source/v2/cmd/s2.2.1-verifier-service/main.go:76.4,77.18 1 0
github.com/retf/source/v2/cmd/s2.2.1-verifier-service/main.go:77.18,79.4 1 0
github.com/retf/source/v2/cmd/s2.2.1-verifier-service/main.go:81.2,81.22 1 0
github.com/retf/source/v2/cmd/s2.2.1-verifier-service/main.go:81.22,83.3 1 0
github.com/retf/source/v2/cmd/s2.2.1-verifier-service/main.go:84.2,85.16 2 0
github.com/retf/source/v2/cmd/s2.2.1-verifier-service/main.go:85.16,87.3 1 0
github.com/retf/source/v2/cmd/s2.2.1-verifier-service/main.go:88.2,89.16 2 0
github.com/retf/source/v2/cmd/s2.2.1-verifier-service/main.go:89.16,91.3 1 0
github.com/retf/source/v2/cmd/s2.2.1-verifier-service/main.go:92.2,92.58 1 0
github.com/retf/source/v2/cmd/s2.2.1-verifier-service/main.go:92.58,94.3 1 0
github.com/retf/source/v2/cmd/s2.2.1-verifier-service/main.go:95.2,96.16 2 0
github.com/retf/source/v2/cmd/s2.2.1-verifier-service/main.go:96.16,98.3 1 0
github.com/retf/source/v2/cmd/s2.2.1-verifier-service/main.go:99.2,111.16 8 0
github.com/retf/source/v2/cmd/s2.2.1-verifier-service/main.go:111.16,113.3 1 0
github.com/retf/source/v2/cmd/s2.2.1-verifier-service/main.go:114.2,114.39 1 0
github.com/retf/source/v2/cmd/s2.2.1-verifier-service/main.go:117.142,119.71 2 0
github.com/retf/source/v2/cmd/s2.2.1-verifier-service/main.go:119.71,121.3 1 0
github.com/retf/source/v2/cmd/s2.2.1-verifier-service/main.go:122.2,122.111 1 0
github.com/retf/source/v2/cmd/s2.2.1-verifier-service/main.go:122.111,124.3 1 0
github.com/retf/source/v2/cmd/s2.2.1-verifier-service/main.go:125.2,126.50 2 0
github.com/retf/source/v2/cmd/s2.2.1-verifier-service/main.go:126.50,127.40 1 0
github.com/retf/source/v2/cmd/s2.2.1-verifier-service/main.go:127.40,129.4 1 0
github.com/retf/source/v2/cmd/s2.2.1-verifier-service/main.go:130.3,131.49 2 0
github.com/retf/source/v2/cmd/s2.2.1-verifier-service/main.go:131.49,133.4 1 0
github.com/retf/source/v2/cmd/s2.2.1-verifier-service/main.go:135.2,136.64 2 0
github.com/retf/source/v2/cmd/s2.2.1-verifier-service/main.go:136.64,138.3 1 0
github.com/retf/source/v2/cmd/s2.2.1-verifier-service/main.go:139.2,139.99 1 0
github.com/retf/source/v2/cmd/s2.2.1-verifier-service/main.go:139.99,141.3 1 0
github.com/retf/source/v2/cmd/s2.2.1-verifier-service/main.go:142.2,143.43 2 0
github.com/retf/source/v2/cmd/s2.2.1-verifier-service/main.go:143.43,144.30 1 0
github.com/retf/source/v2/cmd/s2.2.1-verifier-service/main.go:144.30,146.4 1 0
github.com/retf/source/v2/cmd/s2.2.1-verifier-service/main.go:147.3,148.43 2 0
github.com/retf/source/v2/cmd/s2.2.1-verifier-service/main.go:148.43,150.4 1 0
github.com/retf/source/v2/cmd/s2.2.1-verifier-service/main.go:151.3,152.10 2 0
github.com/retf/source/v2/cmd/s2.2.1-verifier-service/main.go:152.10,154.4 1 0
github.com/retf/source/v2/cmd/s2.2.1-verifier-service/main.go:155.3,155.82 1 0
github.com/retf/source/v2/cmd/s2.2.1-verifier-service/main.go:155.82,157.4 1 0
github.com/retf/source/v2/cmd/s2.2.1-verifier-service/main.go:159.2,159.35 1 0
github.com/retf/source/v2/cmd/s2.2.1-verifier-service/main.go:162.65,168.2 1 0
github.com/retf/source/v2/cmd/s2.2.1-verifier-service/main.go:170.71,176.47 6 0
github.com/retf/source/v2/cmd/s2.2.1-verifier-service/main.go:176.47,179.3 2 0
github.com/retf/source/v2/cmd/s2.2.1-verifier-service/main.go:180.2,180.44 1 0
github.com/retf/source/v2/cmd/s2.2.1-verifier-service/main.go:180.44,183.3 2 0
github.com/retf/source/v2/cmd/s2.2.1-verifier-service/main.go:184.2,184.51 1 0
github.com/retf/source/v2/cmd/s2.2.1-verifier-service/main.go:184.51,187.3 2 0
github.com/retf/source/v2/cmd/s2.2.1-verifier-service/main.go:188.2,192.90 5 0
github.com/retf/source/v2/cmd/s2.2.1-verifier-service/main.go:192.90,195.3 2 0
github.com/retf/source/v2/cmd/s2.2.1-verifier-service/main.go:196.2,197.16 2 0
github.com/retf/source/v2/cmd/s2.2.1-verifier-service/main.go:197.16,200.3 2 0
github.com/retf/source/v2/cmd/s2.2.1-verifier-service/main.go:201.2,202.16 2 0
github.com/retf/source/v2/cmd/s2.2.1-verifier-service/main.go:202.16,205.3 2 0
github.com/retf/source/v2/cmd/s2.2.1-verifier-service/main.go:206.2,212.16 2 0
github.com/retf/source/v2/cmd/s2.2.1-verifier-service/main.go:212.16,215.3 2 0
github.com/retf/source/v2/cmd/s2.2.1-verifier-service/main.go:216.2,217.16 2 0
github.com/retf/source/v2/cmd/s2.2.1-verifier-service/main.go:217.16,220.3 2 0
github.com/retf/source/v2/cmd/s2.2.1-verifier-service/main.go:221.2,225.78 2 0
github.com/retf/source/v2/cmd/s2.2.1-verifier-service/main.go:225.78,226.17 1 0
github.com/retf/source/v2/cmd/s2.2.1-verifier-service/main.go:226.17,228.4 1 0
github.com/retf/source/v2/cmd/s2.2.1-verifier-service/main.go:229.3,230.9 2 0
github.com/retf/source/v2/cmd/s2.2.1-verifier-service/main.go:232.2,233.63 2 0
github.com/retf/source/v2/cmd/s2.2.1-verifier-service/main.go:233.63,236.3 2 0
github.com/retf/source/v2/cmd/s2.2.1-verifier-service/main.go:237.2,238.16 2 0
github.com/retf/source/v2/cmd/s2.2.1-verifier-service/main.go:238.16,241.3 2 0
github.com/retf/source/v2/cmd/s2.2.1-verifier-service/main.go:242.2,243.44 2 0
github.com/retf/source/v2/cmd/s2.2.1-verifier-service/main.go:243.44,246.3 2 0
github.com/retf/source/v2/cmd/s2.2.1-verifier-service/main.go:247.2,261.50 3 0
github.com/retf/source/v2/cmd/s2.2.1-verifier-service/main.go:261.50,264.3 2 0
github.com/retf/source/v2/cmd/s2.2.1-verifier-service/main.go:265.2,266.16 2 0
github.com/retf/source/v2/cmd/s2.2.1-verifier-service/main.go:266.16,269.3 2 0
github.com/retf/source/v2/cmd/s2.2.1-verifier-service/main.go:270.2,272.31 1 0
github.com/retf/source/v2/cmd/s2.2.1-verifier-service/main.go:275.83,277.16 2 0
github.com/retf/source/v2/cmd/s2.2.1-verifier-service/main.go:277.16,279.3 1 0
github.com/retf/source/v2/cmd/s2.2.1-verifier-service/main.go:280.2,281.16 2 0
github.com/retf/source/v2/cmd/s2.2.1-verifier-service/main.go:281.16,283.3 1 0
github.com/retf/source/v2/cmd/s2.2.1-verifier-service/main.go:284.2,285.37 2 0
github.com/retf/source/v2/cmd/s2.2.1-verifier-service/main.go:285.37,287.3 1 0
github.com/retf/source/v2/cmd/s2.2.1-verifier-service/main.go:288.2,289.68 1 0
github.com/retf/source/v2/cmd/s2.2.1-verifier-service/main.go:292.53,294.16 2 0
github.com/retf/source/v2/cmd/s2.2.1-verifier-service/main.go:294.16,296.3 1 0
github.com/retf/source/v2/cmd/s2.2.1-verifier-service/main.go:297.2,298.31 2 0
github.com/retf/source/v2/cmd/s2.2.1-verifier-service/main.go:298.31,300.3 1 0
github.com/retf/source/v2/cmd/s2.2.1-verifier-service/main.go:301.2,301.20 1 0
github.com/retf/source/v2/cmd/s2.2.1-verifier-service/main.go:304.54,306.16 2 0
github.com/retf/source/v2/cmd/s2.2.1-verifier-service/main.go:306.16,308.3 1 0
github.com/retf/source/v2/cmd/s2.2.1-verifier-service/main.go:309.2,312.47 4 0
github.com/retf/source/v2/cmd/s2.2.1-verifier-service/main.go:312.47,314.3 1 0
github.com/retf/source/v2/cmd/s2.2.1-verifier-service/main.go:315.2,315.28 1 0
github.com/retf/source/v2/cmd/s2.2.1-verifier-service/main.go:318.62,320.16 2 0
github.com/retf/source/v2/cmd/s2.2.1-verifier-service/main.go:320.16,322.3 1 0
github.com/retf/source/v2/cmd/s2.2.1-verifier-service/main.go:323.2,323.51 1 0
github.com/retf/source/v2/cmd/s2.2.1-verifier-service/main.go:323.51,325.22 2 0
github.com/retf/source/v2/cmd/s2.2.1-verifier-service/main.go:325.22,327.4 1 0
github.com/retf/source/v2/cmd/s2.2.1-verifier-service/main.go:328.3,329.10 2 0
github.com/retf/source/v2/cmd/s2.2.1-verifier-service/main.go:329.10,331.4 1 0
github.com/retf/source/v2/cmd/s2.2.1-verifier-service/main.go:332.3,332.18 1 0
github.com/retf/source/v2/cmd/s2.2.1-verifier-service/main.go:334.2,335.16 2 0
github.com/retf/source/v2/cmd/s2.2.1-verifier-service/main.go:335.16,337.3 1 0
github.com/retf/source/v2/cmd/s2.2.1-verifier-service/main.go:338.2,338.18 1 0
github.com/retf/source/v2/cmd/s2.2.1-verifier-service/main.go:339.24,340.42 1 0
github.com/retf/source/v2/cmd/s2.2.1-verifier-service/main.go:341.30,342.38 1 0
github.com/retf/source/v2/cmd/s2.2.1-verifier-service/main.go:343.10,344.73 1 0
github.com/retf/source/v2/cmd/s2.2.1-verifier-service/main.go:348.46,350.50 2 0
github.com/retf/source/v2/cmd/s2.2.1-verifier-service/main.go:350.50,351.17 1 0
github.com/retf/source/v2/cmd/s2.2.1-verifier-service/main.go:351.17,353.4 1 0
github.com/retf/source/v2/cmd/s2.2.1-verifier-service/main.go:354.3,354.13 1 0
github.com/retf/source/v2/cmd/s2.2.1-verifier-service/main.go:356.2,356.12 1 0
github.com/retf/source/v2/cmd/s2.2.1-verifier-service/main.go:359.62,364.2 4 0
github.com/retf/source/v2/cmd/s2.2-privacy-chaincode/main.go:14.13,16.59 2 0
github.com/retf/source/v2/cmd/s2.2-privacy-chaincode/main.go:16.59,18.3 1 0
github.com/retf/source/v2/cmd/s2.2-privacy-chaincode/main.go:19.2,20.17 2 0
github.com/retf/source/v2/cmd/s2.2-privacy-chaincode/main.go:20.17,22.3 1 0
github.com/retf/source/v2/cmd/s2.2-privacy-chaincode/main.go:23.2,26.16 2 0
github.com/retf/source/v2/cmd/s2.2-privacy-chaincode/main.go:26.16,28.3 1 0
github.com/retf/source/v2/cmd/s2.2-privacy-chaincode/main.go:29.2,33.47 2 0
github.com/retf/source/v2/cmd/s2.2-privacy-chaincode/main.go:33.47,35.3 1 0
github.com/retf/source/v2/cmd/s2.2-privacy-chaincode/main.go:36.2,36.39 1 0
github.com/retf/source/v2/cmd/s2.2-privacy-chaincode/main.go:36.39,38.3 1 0
github.com/retf/source/v2/cmd/s2.2-verifier-service/main.go:58.13,63.36 5 0
github.com/retf/source/v2/cmd/s2.2-verifier-service/main.go:63.36,65.3 1 0
github.com/retf/source/v2/cmd/s2.2-verifier-service/main.go:66.2,67.16 2 0
github.com/retf/source/v2/cmd/s2.2-verifier-service/main.go:67.16,69.3 1 0
github.com/retf/source/v2/cmd/s2.2-verifier-service/main.go:70.2,80.40 7 0
github.com/retf/source/v2/cmd/s2.2-verifier-service/main.go:83.62,85.16 2 0
github.com/retf/source/v2/cmd/s2.2-verifier-service/main.go:85.16,87.3 1 0
github.com/retf/source/v2/cmd/s2.2-verifier-service/main.go:88.2,88.51 1 0
github.com/retf/source/v2/cmd/s2.2-verifier-service/main.go:88.51,90.22 2 0
github.com/retf/source/v2/cmd/s2.2-verifier-service/main.go:90.22,92.4 1 0
github.com/retf/source/v2/cmd/s2.2-verifier-service/main.go:93.3,94.10 2 0
github.com/retf/source/v2/cmd/s2.2-verifier-service/main.go:94.10,96.4 1 0
github.com/retf/source/v2/cmd/s2.2-verifier-service/main.go:97.3,97.18 1 0
github.com/retf/source/v2/cmd/s2.2-verifier-service/main.go:99.2,100.16 2 0
github.com/retf/source/v2/cmd/s2.2-verifier-service/main.go:100.16,102.3 1 0
github.com/retf/source/v2/cmd/s2.2-verifier-service/main.go:103.2,103.18 1 0
github.com/retf/source/v2/cmd/s2.2-verifier-service/main.go:104.24,105.42 1 0
github.com/retf/source/v2/cmd/s2.2-verifier-service/main.go:106.30,107.38 1 0
github.com/retf/source/v2/cmd/s2.2-verifier-service/main.go:108.10,109.73 1 0
github.com/retf/source/v2/cmd/s2.2-verifier-service/main.go:113.65,118.2 1 0
github.com/retf/source/v2/cmd/s2.2-verifier-service/main.go:120.71,126.47 6 0
github.com/retf/source/v2/cmd/s2.2-verifier-service/main.go:126.47,129.3 2 0
github.com/retf/source/v2/cmd/s2.2-verifier-service/main.go:130.2,130.44 1 0
github.com/retf/source/v2/cmd/s2.2-verifier-service/main.go:130.44,133.3 2 0
github.com/retf/source/v2/cmd/s2.2-verifier-service/main.go:134.2,142.16 2 0
github.com/retf/source/v2/cmd/s2.2-verifier-service/main.go:142.16,145.3 2 0
github.com/retf/source/v2/cmd/s2.2-verifier-service/main.go:146.2,147.16 2 0
github.com/retf/source/v2/cmd/s2.2-verifier-service/main.go:147.16,150.3 2 0
github.com/retf/source/v2/cmd/s2.2-verifier-service/main.go:151.2,155.78 2 0
github.com/retf/source/v2/cmd/s2.2-verifier-service/main.go:155.78,156.17 1 0
github.com/retf/source/v2/cmd/s2.2-verifier-service/main.go:156.17,158.4 1 0
github.com/retf/source/v2/cmd/s2.2-verifier-service/main.go:159.3,160.9 2 0
github.com/retf/source/v2/cmd/s2.2-verifier-service/main.go:162.2,163.16 2 0
github.com/retf/source/v2/cmd/s2.2-verifier-service/main.go:163.16,166.3 2 0
github.com/retf/source/v2/cmd/s2.2-verifier-service/main.go:167.2,178.16 4 0
github.com/retf/source/v2/cmd/s2.2-verifier-service/main.go:178.16,181.3 2 0
github.com/retf/source/v2/cmd/s2.2-verifier-service/main.go:182.2,186.4 1 0
github.com/retf/source/v2/cmd/s2.2-verifier-service/main.go:189.46,191.50 2 0
github.com/retf/source/v2/cmd/s2.2-verifier-service/main.go:191.50,192.17 1 0
github.com/retf/source/v2/cmd/s2.2-verifier-service/main.go:192.17,194.4 1 0
github.com/retf/source/v2/cmd/s2.2-verifier-service/main.go:195.3,195.13 1 0
github.com/retf/source/v2/cmd/s2.2-verifier-service/main.go:197.2,197.12 1 0
github.com/retf/source/v2/cmd/s2.2-verifier-service/main.go:200.62,204.2 3 0
github.com/retf/source/v2/cmd/s2.2-fabric-privacy-experiment/main.go:118.13,120.33 2 0
github.com/retf/source/v2/cmd/s2.2-fabric-privacy-experiment/main.go:120.33,123.3 2 0
github.com/retf/source/v2/cmd/s2.2-fabric-privacy-experiment/main.go:126.26,146.40 20 0
github.com/retf/source/v2/cmd/s2.2-fabric-privacy-experiment/main.go:146.40,148.3 1 0
github.com/retf/source/v2/cmd/s2.2-fabric-privacy-experiment/main.go:149.2,149.30 1 0
github.com/retf/source/v2/cmd/s2.2-fabric-privacy-experiment/main.go:149.30,151.3 1 0
github.com/retf/source/v2/cmd/s2.2-fabric-privacy-experiment/main.go:152.2,156.4 1 0
github.com/retf/source/v2/cmd/s2.2-fabric-privacy-experiment/main.go:156.4,157.18 1 0
github.com/retf/source/v2/cmd/s2.2-fabric-privacy-experiment/main.go:157.18,159.4 1 0
github.com/retf/source/v2/cmd/s2.2-fabric-privacy-experiment/main.go:161.2,161.12 1 0
github.com/retf/source/v2/cmd/s2.2-fabric-privacy-experiment/main.go:164.28,165.58 1 0
github.com/retf/source/v2/cmd/s2.2-fabric-privacy-experiment/main.go:165.58,167.3 1 0
github.com/retf/source/v2/cmd/s2.2-fabric-privacy-experiment/main.go:168.2,169.16 2 0
github.com/retf/source/v2/cmd/s2.2-fabric-privacy-experiment/main.go:169.16,171.3 1 0
github.com/retf/source/v2/cmd/s2.2-fabric-privacy-experiment/main.go:172.2,174.16 3 0
github.com/retf/source/v2/cmd/s2.2-fabric-privacy-experiment/main.go:174.16,176.3 1 0
github.com/retf/source/v2/cmd/s2.2-fabric-privacy-experiment/main.go:177.2,178.16 2 0
github.com/retf/source/v2/cmd/s2.2-fabric-privacy-experiment/main.go:178.16,180.3 1 0
github.com/retf/source/v2/cmd/s2.2-fabric-privacy-experiment/main.go:181.2,182.16 2 0
github.com/retf/source/v2/cmd/s2.2-fabric-privacy-experiment/main.go:182.16,184.3 1 0
github.com/retf/source/v2/cmd/s2.2-fabric-privacy-experiment/main.go:185.2,186.16 2 0
github.com/retf/source/v2/cmd/s2.2-fabric-privacy-experiment/main.go:186.16,188.3 1 0
github.com/retf/source/v2/cmd/s2.2-fabric-privacy-experiment/main.go:189.2,190.16 2 0
github.com/retf/source/v2/cmd/s2.2-fabric-privacy-experiment/main.go:190.16,192.3 1 0
github.com/retf/source/v2/cmd/s2.2-fabric-privacy-experiment/main.go:194.2,195.41 2 0
github.com/retf/source/v2/cmd/s2.2-fabric-privacy-experiment/main.go:195.41,197.17 2 0
github.com/retf/source/v2/cmd/s2.2-fabric-privacy-experiment/main.go:197.17,199.4 1 0
github.com/retf/source/v2/cmd/s2.2-fabric-privacy-experiment/main.go:200.3,201.48 2 0
github.com/retf/source/v2/cmd/s2.2-fabric-privacy-experiment/main.go:203.2,206.82 3 0
github.com/retf/source/v2/cmd/s2.2-fabric-privacy-experiment/main.go:206.82,208.3 1 0
github.com/retf/source/v2/cmd/s2.2-fabric-privacy-experiment/main.go:210.2,215.16 6 0
github.com/retf/source/v2/cmd/s2.2-fabric-privacy-experiment/main.go:215.16,217.3 1 0
github.com/retf/source/v2/cmd/s2.2-fabric-privacy-experiment/main.go:218.2,219.16 2 0
github.com/retf/source/v2/cmd/s2.2-fabric-privacy-experiment/main.go:219.16,221.3 1 0
github.com/retf/source/v2/cmd/s2.2-fabric-privacy-experiment/main.go:222.2,223.16 2 0
github.com/retf/source/v2/cmd/s2.2-fabric-privacy-experiment/main.go:223.16,225.3 1 0
github.com/retf/source/v2/cmd/s2.2-fabric-privacy-experiment/main.go:226.2,227.16 2 0
github.com/retf/source/v2/cmd/s2.2-fabric-privacy-experiment/main.go:227.16,229.3 1 0
github.com/retf/source/v2/cmd/s2.2-fabric-privacy-experiment/main.go:230.2,243.80 8 0
github.com/retf/source/v2/cmd/s2.2-fabric-privacy-experiment/main.go:243.80,243.107 1 0
github.com/retf/source/v2/cmd/s2.2-fabric-privacy-experiment/main.go:244.76,244.120 1 0
github.com/retf/source/v2/cmd/s2.2-fabric-privacy-experiment/main.go:245.78,245.121 1 0
github.com/retf/source/v2/cmd/s2.2-fabric-privacy-experiment/main.go:246.76,246.95 1 0
github.com/retf/source/v2/cmd/s2.2-fabric-privacy-experiment/main.go:247.4,253.3 5 0
github.com/retf/source/v2/cmd/s2.2-fabric-privacy-experiment/main.go:255.2,258.34 4 0
github.com/retf/source/v2/cmd/s2.2-fabric-privacy-experiment/main.go:258.34,259.20 1 0
github.com/retf/source/v2/cmd/s2.2-fabric-privacy-experiment/main.go:259.20,262.4 2 0
github.com/retf/source/v2/cmd/s2.2-fabric-privacy-experiment/main.go:264.2,268.16 3 0
github.com/retf/source/v2/cmd/s2.2-fabric-privacy-experiment/main.go:268.16,270.3 1 0
github.com/retf/source/v2/cmd/s2.2-fabric-privacy-experiment/main.go:271.2,275.86 4 0
github.com/retf/source/v2/cmd/s2.2-fabric-privacy-experiment/main.go:275.86,276.17 1 0
github.com/retf/source/v2/cmd/s2.2-fabric-privacy-experiment/main.go:276.17,278.4 1 0
github.com/retf/source/v2/cmd/s2.2-fabric-privacy-experiment/main.go:279.3,280.17 2 0
github.com/retf/source/v2/cmd/s2.2-fabric-privacy-experiment/main.go:280.17,282.4 1 0
github.com/retf/source/v2/cmd/s2.2-fabric-privacy-experiment/main.go:283.3,283.30 1 0
github.com/retf/source/v2/cmd/s2.2-fabric-privacy-experiment/main.go:285.2,286.29 2 0
github.com/retf/source/v2/cmd/s2.2-fabric-privacy-experiment/main.go:286.29,288.3 1 0
github.com/retf/source/v2/cmd/s2.2-fabric-privacy-experiment/main.go:289.2,291.103 2 0
github.com/retf/source/v2/cmd/s2.2-fabric-privacy-experiment/main.go:291.103,293.3 1 0
github.com/retf/source/v2/cmd/s2.2-fabric-privacy-experiment/main.go:294.2,294.104 1 0
github.com/retf/source/v2/cmd/s2.2-fabric-privacy-experiment/main.go:294.104,296.3 1 0
github.com/retf/source/v2/cmd/s2.2-fabric-privacy-experiment/main.go:297.2,303.131 3 0
github.com/retf/source/v2/cmd/s2.2-fabric-privacy-experiment/main.go:303.131,305.3 1 0
github.com/retf/source/v2/cmd/s2.2-fabric-privacy-experiment/main.go:306.2,306.25 1 0
github.com/retf/source/v2/cmd/s2.2-fabric-privacy-experiment/main.go:306.25,308.3 1 0
github.com/retf/source/v2/cmd/s2.2-fabric-privacy-experiment/main.go:309.2,309.12 1 0
github.com/retf/source/v2/cmd/s2.2-fabric-privacy-experiment/main.go:312.73,314.16 2 0
github.com/retf/source/v2/cmd/s2.2-fabric-privacy-experiment/main.go:314.16,316.3 1 0
github.com/retf/source/v2/cmd/s2.2-fabric-privacy-experiment/main.go:317.2,318.16 2 0
github.com/retf/source/v2/cmd/s2.2-fabric-privacy-experiment/main.go:318.16,320.3 1 0
github.com/retf/source/v2/cmd/s2.2-fabric-privacy-experiment/main.go:321.2,322.16 2 0
github.com/retf/source/v2/cmd/s2.2-fabric-privacy-experiment/main.go:322.16,324.3 1 0
github.com/retf/source/v2/cmd/s2.2-fabric-privacy-experiment/main.go:325.2,326.16 2 0
github.com/retf/source/v2/cmd/s2.2-fabric-privacy-experiment/main.go:326.16,328.3 1 0
github.com/retf/source/v2/cmd/s2.2-fabric-privacy-experiment/main.go:329.2,330.16 2 0
github.com/retf/source/v2/cmd/s2.2-fabric-privacy-experiment/main.go:330.16,332.3 1 0
github.com/retf/source/v2/cmd/s2.2-fabric-privacy-experiment/main.go:333.2,334.16 2 0
github.com/retf/source/v2/cmd/s2.2-fabric-privacy-experiment/main.go:334.16,336.3 1 0
github.com/retf/source/v2/cmd/s2.2-fabric-privacy-experiment/main.go:337.2,338.16 2 0
github.com/retf/source/v2/cmd/s2.2-fabric-privacy-experiment/main.go:338.16,340.3 1 0
github.com/retf/source/v2/cmd/s2.2-fabric-privacy-experiment/main.go:341.2,342.38 2 0
github.com/retf/source/v2/cmd/s2.2-fabric-privacy-experiment/main.go:342.38,344.3 1 0
github.com/retf/source/v2/cmd/s2.2-fabric-privacy-experiment/main.go:345.2,346.16 2 0
github.com/retf/source/v2/cmd/s2.2-fabric-privacy-experiment/main.go:346.16,348.3 1 0
github.com/retf/source/v2/cmd/s2.2-fabric-privacy-experiment/main.go:349.2,352.16 2 0
github.com/retf/source/v2/cmd/s2.2-fabric-privacy-experiment/main.go:352.16,355.3 2 0
github.com/retf/source/v2/cmd/s2.2-fabric-privacy-experiment/main.go:356.2,357.114 2 0
github.com/retf/source/v2/cmd/s2.2-fabric-privacy-experiment/main.go:360.153,370.16 7 0
github.com/retf/source/v2/cmd/s2.2-fabric-privacy-experiment/main.go:370.16,372.3 1 0
github.com/retf/source/v2/cmd/s2.2-fabric-privacy-experiment/main.go:373.2,375.16 3 0
github.com/retf/source/v2/cmd/s2.2-fabric-privacy-experiment/main.go:375.16,377.3 1 0
github.com/retf/source/v2/cmd/s2.2-fabric-privacy-experiment/main.go:378.2,378.42 1 0
github.com/retf/source/v2/cmd/s2.2-fabric-privacy-experiment/main.go:378.42,380.3 1 0
github.com/retf/source/v2/cmd/s2.2-fabric-privacy-experiment/main.go:381.2,382.54 2 0
github.com/retf/source/v2/cmd/s2.2-fabric-privacy-experiment/main.go:382.54,384.3 1 0
github.com/retf/source/v2/cmd/s2.2-fabric-privacy-experiment/main.go:385.2,385.78 1 0
github.com/retf/source/v2/cmd/s2.2-fabric-privacy-experiment/main.go:385.78,387.3 1 0
github.com/retf/source/v2/cmd/s2.2-fabric-privacy-experiment/main.go:388.2,388.20 1 0
github.com/retf/source/v2/cmd/s2.2-fabric-privacy-experiment/main.go:391.95,394.16 3 0
github.com/retf/source/v2/cmd/s2.2-fabric-privacy-experiment/main.go:394.16,397.3 2 0
github.com/retf/source/v2/cmd/s2.2-fabric-privacy-experiment/main.go:398.2,400.16 3 0
github.com/retf/source/v2/cmd/s2.2-fabric-privacy-experiment/main.go:400.16,403.3 2 0
github.com/retf/source/v2/cmd/s2.2-fabric-privacy-experiment/main.go:404.2,405.16 2 0
github.com/retf/source/v2/cmd/s2.2-fabric-privacy-experiment/main.go:405.16,408.3 2 0
github.com/retf/source/v2/cmd/s2.2-fabric-privacy-experiment/main.go:409.2,410.16 2 0
github.com/retf/source/v2/cmd/s2.2-fabric-privacy-experiment/main.go:410.16,413.3 2 0
github.com/retf/source/v2/cmd/s2.2-fabric-privacy-experiment/main.go:414.2,416.24 3 0
github.com/retf/source/v2/cmd/s2.2-fabric-privacy-experiment/main.go:416.24,418.3 1 0
github.com/retf/source/v2/cmd/s2.2-fabric-privacy-experiment/main.go:419.2,419.15 1 0
github.com/retf/source/v2/cmd/s2.2-fabric-privacy-experiment/main.go:422.106,426.25 4 0
github.com/retf/source/v2/cmd/s2.2-fabric-privacy-experiment/main.go:426.25,428.22 2 0
github.com/retf/source/v2/cmd/s2.2-fabric-privacy-experiment/main.go:428.22,432.4 3 0
github.com/retf/source/v2/cmd/s2.2-fabric-privacy-experiment/main.go:434.2,436.16 3 0
github.com/retf/source/v2/cmd/s2.2-fabric-privacy-experiment/main.go:439.159,443.41 4 0
github.com/retf/source/v2/cmd/s2.2-fabric-privacy-experiment/main.go:443.41,445.17 2 0
github.com/retf/source/v2/cmd/s2.2-fabric-privacy-experiment/main.go:445.17,447.4 1 0
github.com/retf/source/v2/cmd/s2.2-fabric-privacy-experiment/main.go:448.3,451.13 4 0
github.com/retf/source/v2/cmd/s2.2-fabric-privacy-experiment/main.go:451.13,453.4 1 0
github.com/retf/source/v2/cmd/s2.2-fabric-privacy-experiment/main.go:453.9,453.33 1 0
github.com/retf/source/v2/cmd/s2.2-fabric-privacy-experiment/main.go:453.33,455.4 1 0
github.com/retf/source/v2/cmd/s2.2-fabric-privacy-experiment/main.go:457.2,457.33 1 0
github.com/retf/source/v2/cmd/s2.2-fabric-privacy-experiment/main.go:460.150,463.16 3 0
github.com/retf/source/v2/cmd/s2.2-fabric-privacy-experiment/main.go:463.16,465.3 1 0
github.com/retf/source/v2/cmd/s2.2-fabric-privacy-experiment/main.go:466.2,467.54 2 0
github.com/retf/source/v2/cmd/s2.2-fabric-privacy-experiment/main.go:467.54,469.3 1 0
github.com/retf/source/v2/cmd/s2.2-fabric-privacy-experiment/main.go:470.2,470.46 1 0
github.com/retf/source/v2/cmd/s2.2-fabric-privacy-experiment/main.go:470.46,472.3 1 0
github.com/retf/source/v2/cmd/s2.2-fabric-privacy-experiment/main.go:473.2,474.48 2 0
github.com/retf/source/v2/cmd/s2.2-fabric-privacy-experiment/main.go:474.48,476.55 2 0
github.com/retf/source/v2/cmd/s2.2-fabric-privacy-experiment/main.go:476.55,477.12 1 0
github.com/retf/source/v2/cmd/s2.2-fabric-privacy-experiment/main.go:479.3,480.82 2 0
github.com/retf/source/v2/cmd/s2.2-fabric-privacy-experiment/main.go:480.82,481.12 1 0
github.com/retf/source/v2/cmd/s2.2-fabric-privacy-experiment/main.go:483.3,484.105 2 0
github.com/retf/source/v2/cmd/s2.2-fabric-privacy-experiment/main.go:484.105,485.12 1 0
github.com/retf/source/v2/cmd/s2.2-fabric-privacy-experiment/main.go:487.3,489.79 3 0
github.com/retf/source/v2/cmd/s2.2-fabric-privacy-experiment/main.go:489.79,491.65 2 0
github.com/retf/source/v2/cmd/s2.2-fabric-privacy-experiment/main.go:491.65,496.5 4 0
github.com/retf/source/v2/cmd/s2.2-fabric-privacy-experiment/main.go:498.3,499.57 2 0
github.com/retf/source/v2/cmd/s2.2-fabric-privacy-experiment/main.go:499.57,500.47 1 0
github.com/retf/source/v2/cmd/s2.2-fabric-privacy-experiment/main.go:500.47,502.63 2 0
github.com/retf/source/v2/cmd/s2.2-fabric-privacy-experiment/main.go:502.63,503.14 1 0
github.com/retf/source/v2/cmd/s2.2-fabric-privacy-experiment/main.go:505.5,506.82 2 0
github.com/retf/source/v2/cmd/s2.2-fabric-privacy-experiment/main.go:506.82,507.14 1 0
github.com/retf/source/v2/cmd/s2.2-fabric-privacy-experiment/main.go:509.5,510.136 2 0
github.com/retf/source/v2/cmd/s2.2-fabric-privacy-experiment/main.go:510.136,511.14 1 0
github.com/retf/source/v2/cmd/s2.2-fabric-privacy-experiment/main.go:513.5,514.66 2 0
github.com/retf/source/v2/cmd/s2.2-fabric-privacy-experiment/main.go:514.66,517.16 3 0
github.com/retf/source/v2/cmd/s2.2-fabric-privacy-experiment/main.go:517.16,519.7 1 0
github.com/retf/source/v2/cmd/s2.2-fabric-privacy-experiment/main.go:523.3,524.36 2 0
github.com/retf/source/v2/cmd/s2.2-fabric-privacy-experiment/main.go:524.36,528.4 3 0
github.com/retf/source/v2/cmd/s2.2-fabric-privacy-experiment/main.go:529.3,529.8 1 0
github.com/retf/source/v2/cmd/s2.2-fabric-privacy-experiment/main.go:531.2,533.20 2 0
github.com/retf/source/v2/cmd/s2.2-fabric-privacy-experiment/main.go:536.48,538.16 2 0
github.com/retf/source/v2/cmd/s2.2-fabric-privacy-experiment/main.go:538.16,540.3 1 0
github.com/retf/source/v2/cmd/s2.2-fabric-privacy-experiment/main.go:541.2,542.53 2 0
github.com/retf/source/v2/cmd/s2.2-fabric-privacy-experiment/main.go:542.53,544.3 1 0
github.com/retf/source/v2/cmd/s2.2-fabric-privacy-experiment/main.go:545.2,545.55 1 0
github.com/retf/source/v2/cmd/s2.2-fabric-privacy-experiment/main.go:545.55,547.3 1 0
github.com/retf/source/v2/cmd/s2.2-fabric-privacy-experiment/main.go:548.2,548.19 1 0
github.com/retf/source/v2/cmd/s2.2-fabric-privacy-experiment/main.go:551.56,553.16 2 0
github.com/retf/source/v2/cmd/s2.2-fabric-privacy-experiment/main.go:553.16,555.3 1 0
github.com/retf/source/v2/cmd/s2.2-fabric-privacy-experiment/main.go:556.2,559.33 4 0
github.com/retf/source/v2/cmd/s2.2-fabric-privacy-experiment/main.go:559.33,560.48 1 0
github.com/retf/source/v2/cmd/s2.2-fabric-privacy-experiment/main.go:560.48,562.4 1 0
github.com/retf/source/v2/cmd/s2.2-fabric-privacy-experiment/main.go:564.2,564.12 1 0
github.com/retf/source/v2/cmd/s2.2-fabric-privacy-experiment/main.go:567.43,568.33 1 0
github.com/retf/source/v2/cmd/s2.2-fabric-privacy-experiment/main.go:568.33,569.21 1 0
github.com/retf/source/v2/cmd/s2.2-fabric-privacy-experiment/main.go:569.21,571.4 1 0
github.com/retf/source/v2/cmd/s2.2-fabric-privacy-experiment/main.go:573.2,573.13 1 0
github.com/retf/source/v2/cmd/s2.2-fabric-privacy-experiment/main.go:576.56,578.2 1 0
github.com/retf/source/v2/cmd/s2.2-fabric-privacy-experiment/main.go:580.37,581.14 1 0
github.com/retf/source/v2/cmd/s2.2-fabric-privacy-experiment/main.go:581.14,583.3 1 0
github.com/retf/source/v2/cmd/s2.2-fabric-privacy-experiment/main.go:584.2,584.17 1 0
github.com/retf/source/v2/cmd/s2.2-fabric-privacy-experiment/main.go:587.34,588.11 1 0
github.com/retf/source/v2/cmd/s2.2-fabric-privacy-experiment/main.go:588.11,590.3 1 0
github.com/retf/source/v2/cmd/s2.2-fabric-privacy-experiment/main.go:591.2,591.20 1 0
github.com/retf/source/v2/cmd/s2.2-fabric-privacy-experiment/main.go:594.39,596.50 2 0
github.com/retf/source/v2/cmd/s2.2-fabric-privacy-experiment/main.go:596.50,597.52 1 0
github.com/retf/source/v2/cmd/s2.2-fabric-privacy-experiment/main.go:597.52,599.4 1 0
github.com/retf/source/v2/cmd/s2.2-fabric-privacy-experiment/main.go:601.2,601.15 1 0
github.com/retf/source/v2/cmd/s2.2-fabric-privacy-experiment/main.go:604.28,607.2 2 0
github.com/retf/source/v2/privacy/authstatement/statement.go:26.69,28.2 1 0
github.com/retf/source/v2/runtime/trace/trace.go:40.48,42.2 1 0
github.com/retf/source/v2/runtime/trace/trace.go:44.79,45.21 1 0
github.com/retf/source/v2/runtime/trace/trace.go:45.21,47.3 1 0
github.com/retf/source/v2/runtime/trace/trace.go:48.2,56.50 5 0
github.com/retf/source/v2/runtime/trace/trace.go:59.57,60.21 1 0
github.com/retf/source/v2/runtime/trace/trace.go:60.21,62.3 1 0
github.com/retf/source/v2/runtime/trace/trace.go:63.2,64.22 2 0
github.com/retf/source/v2/runtime/trace/trace.go:64.22,66.3 1 0
github.com/retf/source/v2/runtime/trace/trace.go:67.2,68.16 2 0
github.com/retf/source/v2/runtime/trace/trace.go:68.16,70.3 1 0
github.com/retf/source/v2/runtime/trace/trace.go:71.2,72.31 2 0
github.com/retf/source/v2/runtime/trace/trace.go:72.31,74.24 2 0
github.com/retf/source/v2/runtime/trace/trace.go:74.24,77.4 2 0
github.com/retf/source/v2/runtime/trace/trace.go:78.3,78.74 1 0
github.com/retf/source/v2/runtime/trace/trace.go:78.74,81.4 2 0
github.com/retf/source/v2/runtime/trace/trace.go:83.2,83.39 1 0
github.com/retf/source/v2/runtime/trace/trace.go:83.39,86.3 2 0
github.com/retf/source/v2/runtime/trace/trace.go:87.2,87.36 1 0
github.com/retf/source/v2/runtime/trace/trace.go:87.36,90.3 2 0
github.com/retf/source/v2/runtime/trace/trace.go:91.2,91.37 1 0
github.com/retf/source/v2/runtime/trace/trace.go:91.37,93.3 1 0
github.com/retf/source/v2/runtime/trace/trace.go:94.2,94.12 1 0
github.com/retf/source/v2/runtime/trace/trace.go:97.45,113.2 4 0
github.com/retf/source/v2/runtime/trace/trace.go:115.44,116.21 1 0
github.com/retf/source/v2/runtime/trace/trace.go:116.21,118.3 1 0
github.com/retf/source/v2/runtime/trace/trace.go:119.2,123.15 5 0
github.com/retf/source/v2/protocol/canonical/canonical.go:21.41,23.16 2 0
github.com/retf/source/v2/protocol/canonical/canonical.go:23.16,25.3 1 0
github.com/retf/source/v2/protocol/canonical/canonical.go:26.2,26.38 1 0
github.com/retf/source/v2/protocol/canonical/canonical.go:26.38,28.3 1 0
github.com/retf/source/v2/protocol/canonical/canonical.go:29.2,29.21 1 0
github.com/retf/source/v2/protocol/canonical/canonical.go:35.34,37.53 2 0
github.com/retf/source/v2/protocol/canonical/canonical.go:37.53,39.3 1 0
github.com/retf/source/v2/protocol/canonical/canonical.go:40.2,40.49 1 0
github.com/retf/source/v2/protocol/canonical/canonical.go:40.49,42.3 1 0
github.com/retf/source/v2/protocol/canonical/canonical.go:43.2,43.33 1 0
github.com/retf/source/v2/protocol/canonical/canonical.go:43.33,45.3 1 0
github.com/retf/source/v2/protocol/canonical/canonical.go:46.2,46.12 1 0
github.com/retf/source/v2/protocol/canonical/canonical.go:49.61,52.16 3 0
github.com/retf/source/v2/protocol/canonical/canonical.go:52.16,54.3 1 0
github.com/retf/source/v2/protocol/canonical/canonical.go:55.2,55.37 1 0
github.com/retf/source/v2/protocol/canonical/canonical.go:55.37,57.3 1 0
github.com/retf/source/v2/protocol/canonical/canonical.go:58.2,58.49 1 0
github.com/retf/source/v2/protocol/canonical/canonical.go:58.49,59.50 1 0
github.com/retf/source/v2/protocol/canonical/canonical.go:59.50,61.4 1 0
github.com/retf/source/v2/protocol/canonical/canonical.go:63.2,63.33 1 0
github.com/retf/source/v2/protocol/canonical/canonical.go:63.33,65.3 1 0
github.com/retf/source/v2/protocol/canonical/canonical.go:66.2,66.12 1 0
github.com/retf/source/v2/protocol/canonical/canonical.go:71.47,72.53 1 0
github.com/retf/source/v2/protocol/canonical/canonical.go:72.53,74.3 1 0
github.com/retf/source/v2/protocol/canonical/canonical.go:75.2,76.54 2 0
github.com/retf/source/v2/protocol/canonical/canonical.go:76.54,78.3 1 0
github.com/retf/source/v2/protocol/canonical/canonical.go:79.2,81.55 3 0
github.com/retf/source/v2/protocol/canonical/canonical.go:81.55,83.3 1 0
github.com/retf/source/v2/protocol/canonical/canonical.go:84.2,84.33 1 0
github.com/retf/source/v2/protocol/canonical/canonical.go:84.33,86.3 1 0
github.com/retf/source/v2/protocol/canonical/canonical.go:87.2,88.12 2 0
github.com/retf/source/v2/protocol/canonical/canonical.go:91.78,92.16 1 0
github.com/retf/source/v2/protocol/canonical/canonical.go:92.16,94.3 1 0
github.com/retf/source/v2/protocol/canonical/canonical.go:95.2,95.22 1 0
github.com/retf/source/v2/protocol/canonical/canonical.go:95.22,97.3 1 0
github.com/retf/source/v2/protocol/canonical/canonical.go:98.2,98.75 1 0
github.com/retf/source/v2/protocol/canonical/canonical.go:98.75,99.20 1 0
github.com/retf/source/v2/protocol/canonical/canonical.go:99.20,101.4 1 0
github.com/retf/source/v2/protocol/canonical/canonical.go:102.3,102.23 1 0
github.com/retf/source/v2/protocol/canonical/canonical.go:104.2,104.22 1 0
github.com/retf/source/v2/protocol/canonical/canonical.go:105.22,107.53 2 0
github.com/retf/source/v2/protocol/canonical/canonical.go:107.53,108.45 1 0
github.com/retf/source/v2/protocol/canonical/canonical.go:108.45,110.5 1 0
github.com/retf/source/v2/protocol/canonical/canonical.go:112.3,113.53 2 0
github.com/retf/source/v2/protocol/canonical/canonical.go:113.53,114.45 1 0
github.com/retf/source/v2/protocol/canonical/canonical.go:114.45,115.13 1 0
github.com/retf/source/v2/protocol/canonical/canonical.go:117.4,119.18 3 0
github.com/retf/source/v2/protocol/canonical/canonical.go:119.18,121.5 1 0
github.com/retf/source/v2/protocol/canonical/canonical.go:123.3,123.18 1 0
github.com/retf/source/v2/protocol/canonical/canonical.go:124.21,125.20 1 0
github.com/retf/source/v2/protocol/canonical/canonical.go:125.20,127.4 1 0
github.com/retf/source/v2/protocol/canonical/canonical.go:128.3,128.84 1 0
github.com/retf/source/v2/protocol/canonical/canonical.go:128.84,130.4 1 0
github.com/retf/source/v2/protocol/canonical/canonical.go:131.3,131.50 1 0
github.com/retf/source/v2/protocol/canonical/canonical.go:131.50,134.4 2 0
github.com/retf/source/v2/protocol/canonical/canonical.go:135.3,136.48 2 0
github.com/retf/source/v2/protocol/canonical/canonical.go:136.48,139.18 3 0
github.com/retf/source/v2/protocol/canonical/canonical.go:139.18,141.5 1 0
github.com/retf/source/v2/protocol/canonical/canonical.go:143.3,143.18 1 0
github.com/retf/source/v2/protocol/canonical/canonical.go:144.21,145.50 1 0
github.com/retf/source/v2/protocol/canonical/canonical.go:145.50,147.49 2 0
github.com/retf/source/v2/protocol/canonical/canonical.go:147.49,149.5 1 0
github.com/retf/source/v2/protocol/canonical/canonical.go:150.4,150.19 1 0
github.com/retf/source/v2/protocol/canonical/canonical.go:152.3,153.48 2 0
github.com/retf/source/v2/protocol/canonical/canonical.go:153.48,156.18 3 0
github.com/retf/source/v2/protocol/canonical/canonical.go:156.18,158.5 1 0
github.com/retf/source/v2/protocol/canonical/canonical.go:160.3,160.18 1 0
github.com/retf/source/v2/protocol/canonical/canonical.go:161.22,163.36 2 0
github.com/retf/source/v2/protocol/canonical/canonical.go:163.36,165.4 1 0
github.com/retf/source/v2/protocol/canonical/canonical.go:166.3,166.30 1 0
github.com/retf/source/v2/protocol/canonical/canonical.go:166.30,168.4 1 0
github.com/retf/source/v2/protocol/canonical/canonical.go:169.3,170.35 2 0
github.com/retf/source/v2/protocol/canonical/canonical.go:171.20,172.19 1 0
github.com/retf/source/v2/protocol/canonical/canonical.go:172.19,174.4 1 0
github.com/retf/source/v2/protocol/canonical/canonical.go:175.3,175.32 1 0
github.com/retf/source/v2/protocol/canonical/canonical.go:176.83,177.47 1 0
github.com/retf/source/v2/protocol/canonical/canonical.go:178.78,180.18 2 0
github.com/retf/source/v2/protocol/canonical/canonical.go:180.18,182.4 1 0
github.com/retf/source/v2/protocol/canonical/canonical.go:183.3,183.56 1 0
github.com/retf/source/v2/protocol/canonical/canonical.go:184.10,185.63 1 0
github.com/retf/source/v2/protocol/canonical/canonical.go:194.50,195.41 1 0
github.com/retf/source/v2/protocol/canonical/canonical.go:195.41,197.3 1 0
github.com/retf/source/v2/protocol/canonical/canonical.go:198.2,200.19 3 0
github.com/retf/source/v2/protocol/canonical/canonical.go:203.58,205.16 2 0
github.com/retf/source/v2/protocol/canonical/canonical.go:205.16,207.3 1 0
github.com/retf/source/v2/protocol/canonical/canonical.go:208.2,209.20 2 0
github.com/retf/source/v2/protocol/canonical/canonical.go:210.92,211.40 1 0
github.com/retf/source/v2/protocol/canonical/canonical.go:212.10,214.21 2 0
github.com/retf/source/v2/protocol/canonical/canonical.go:214.21,216.4 1 0
github.com/retf/source/v2/protocol/canonical/canonical.go:217.3,217.17 1 0
github.com/retf/source/v2/protocol/canonical/canonical.go:217.17,219.4 1 0
github.com/retf/source/v2/protocol/canonical/canonical.go:220.3,220.35 1 0
github.com/retf/source/v2/protocol/canonical/canonical.go:221.10,223.21 2 0
github.com/retf/source/v2/protocol/canonical/canonical.go:223.21,225.4 1 0
github.com/retf/source/v2/protocol/canonical/canonical.go:226.3,226.29 1 0
github.com/retf/source/v2/protocol/canonical/canonical.go:226.29,228.4 1 0
github.com/retf/source/v2/protocol/canonical/canonical.go:229.3,229.27 1 0
github.com/retf/source/v2/protocol/canonical/canonical.go:230.10,232.21 2 0
github.com/retf/source/v2/protocol/canonical/canonical.go:232.21,234.4 1 0
github.com/retf/source/v2/protocol/canonical/canonical.go:235.3,235.30 1 0
github.com/retf/source/v2/protocol/canonical/canonical.go:235.30,237.4 1 0
github.com/retf/source/v2/protocol/canonical/canonical.go:238.3,238.27 1 0
github.com/retf/source/v2/protocol/canonical/canonical.go:239.10,241.21 2 0
github.com/retf/source/v2/protocol/canonical/canonical.go:241.21,243.4 1 0
github.com/retf/source/v2/protocol/canonical/canonical.go:244.3,244.30 1 0
github.com/retf/source/v2/protocol/canonical/canonical.go:244.30,246.4 1 0
github.com/retf/source/v2/protocol/canonical/canonical.go:247.3,247.27 1 0
github.com/retf/source/v2/protocol/canonical/canonical.go:248.10,249.69 1 0
github.com/retf/source/v2/protocol/canonical/canonical.go:250.10,251.61 1 0
github.com/retf/source/v2/protocol/canonical/canonical.go:255.60,256.45 1 0
github.com/retf/source/v2/protocol/canonical/canonical.go:256.45,258.3 1 0
github.com/retf/source/v2/protocol/canonical/canonical.go:259.2,261.14 3 0
github.com/retf/source/v2/protocol/canonical/canonical.go:262.9,263.52 1 0
github.com/retf/source/v2/protocol/canonical/canonical.go:264.9,265.52 1 0
github.com/retf/source/v2/protocol/canonical/canonical.go:266.9,267.44 1 0
github.com/retf/source/v2/protocol/canonical/canonical.go:268.10,269.48 1 0
github.com/retf/source/v2/protocol/canonical/canonical.go:273.68,274.85 1 0
github.com/retf/source/v2/protocol/canonical/canonical.go:274.85,276.3 1 0
github.com/retf/source/v2/protocol/canonical/canonical.go:277.2,279.19 3 0
github.com/retf/source/v2/protocol/canonical/canonical.go:282.56,283.16 1 0
github.com/retf/source/v2/protocol/canonical/canonical.go:283.16,285.3 1 0
github.com/retf/source/v2/protocol/canonical/canonical.go:286.2,286.41 1 0
github.com/retf/source/v2/protocol/canonical/canonical.go:286.41,288.3 1 0
github.com/retf/source/v2/protocol/canonical/canonical.go:289.2,289.82 1 0
github.com/retf/source/v2/protocol/canonical/canonical.go:289.82,292.3 2 0
github.com/retf/source/v2/protocol/canonical/canonical.go:293.2,294.16 2 0
github.com/retf/source/v2/protocol/canonical/canonical.go:294.16,296.3 1 0
github.com/retf/source/v2/protocol/canonical/canonical.go:297.2,297.15 1 0
github.com/retf/source/v2/protocol/canonical/canonical.go:298.12,299.13 1 0
github.com/retf/source/v2/protocol/canonical/canonical.go:300.9,302.13 2 0
github.com/retf/source/v2/protocol/canonical/canonical.go:303.9,305.21 2 0
github.com/retf/source/v2/protocol/canonical/canonical.go:305.21,307.4 1 0
github.com/retf/source/v2/protocol/canonical/canonical.go:308.3,308.27 1 0
github.com/retf/source/v2/protocol/canonical/canonical.go:308.27,310.4 1 0
github.com/retf/source/v2/protocol/canonical/canonical.go:311.3,311.13 1 0
github.com/retf/source/v2/protocol/canonical/canonical.go:312.9,313.31 1 0
github.com/retf/source/v2/protocol/canonical/canonical.go:313.31,315.4 1 0
github.com/retf/source/v2/protocol/canonical/canonical.go:316.3,316.50 1 0
github.com/retf/source/v2/protocol/canonical/canonical.go:316.50,317.59 1 0
github.com/retf/source/v2/protocol/canonical/canonical.go:317.59,319.5 1 0
github.com/retf/source/v2/protocol/canonical/canonical.go:321.3,321.13 1 0
github.com/retf/source/v2/protocol/canonical/canonical.go:322.9,323.72 1 0
github.com/retf/source/v2/protocol/canonical/canonical.go:324.9,325.47 1 0
github.com/retf/source/v2/protocol/canonical/canonical.go:326.9,327.92 1 0
github.com/retf/source/v2/protocol/canonical/canonical.go:328.10,329.51 1 0
[...]
github.com/retf/source/v2/protocol/binding/binding.go:161.36,162.37 1 0
github.com/retf/source/v2/protocol/binding/binding.go:162.37,164.4 1 0
github.com/retf/source/v2/protocol/binding/binding.go:166.2,166.97 1 0
github.com/retf/source/v2/protocol/binding/binding.go:166.97,168.3 1 0
github.com/retf/source/v2/protocol/binding/binding.go:169.2,169.57 1 0
github.com/retf/source/v2/protocol/binding/binding.go:169.57,171.3 1 0
github.com/retf/source/v2/protocol/binding/binding.go:172.2,172.82 1 0
github.com/retf/source/v2/protocol/binding/binding.go:172.82,174.3 1 0
github.com/retf/source/v2/protocol/binding/binding.go:175.2,180.4 1 0
github.com/retf/source/v2/protocol/binding/binding.go:180.4,181.54 1 0
github.com/retf/source/v2/protocol/binding/binding.go:181.54,183.4 1 0
github.com/retf/source/v2/protocol/binding/binding.go:185.2,185.12 1 0
github.com/retf/source/v2/protocol/binding/binding.go:188.57,190.16 2 0
github.com/retf/source/v2/protocol/binding/binding.go:190.16,192.3 1 0
github.com/retf/source/v2/protocol/binding/binding.go:193.2,198.20 6 0
github.com/retf/source/v2/protocol/binding/binding.go:201.55,202.57 1 0
github.com/retf/source/v2/protocol/binding/binding.go:202.57,204.3 1 0
github.com/retf/source/v2/protocol/binding/binding.go:205.2,206.16 2 0
github.com/retf/source/v2/protocol/binding/binding.go:206.16,208.3 1 0
github.com/retf/source/v2/protocol/binding/binding.go:209.2,209.21 1 0
github.com/retf/source/v2/protocol/canonical/canonical.go:21.41,23.16 2 0
github.com/retf/source/v2/protocol/canonical/canonical.go:23.16,25.3 1 0
github.com/retf/source/v2/protocol/canonical/canonical.go:26.2,26.38 1 0
github.com/retf/source/v2/protocol/canonical/canonical.go:26.38,28.3 1 0
github.com/retf/source/v2/protocol/canonical/canonical.go:29.2,29.21 1 0
github.com/retf/source/v2/protocol/canonical/canonical.go:35.34,37.53 2 0
github.com/retf/source/v2/protocol/canonical/canonical.go:37.53,39.3 1 0
github.com/retf/source/v2/protocol/canonical/canonical.go:40.2,40.49 1 0
github.com/retf/source/v2/protocol/canonical/canonical.go:40.49,42.3 1 0
github.com/retf/source/v2/protocol/canonical/canonical.go:43.2,43.33 1 0
github.com/retf/source/v2/protocol/canonical/canonical.go:43.33,45.3 1 0
github.com/retf/source/v2/protocol/canonical/canonical.go:46.2,46.12 1 0
github.com/retf/source/v2/protocol/canonical/canonical.go:49.61,52.16 3 0
github.com/retf/source/v2/protocol/canonical/canonical.go:52.16,54.3 1 0
github.com/retf/source/v2/protocol/canonical/canonical.go:55.2,55.37 1 0
github.com/retf/source/v2/protocol/canonical/canonical.go:55.37,57.3 1 0
github.com/retf/source/v2/protocol/canonical/canonical.go:58.2,58.49 1 0
github.com/retf/source/v2/protocol/canonical/canonical.go:58.49,59.50 1 0
github.com/retf/source/v2/protocol/canonical/canonical.go:59.50,61.4 1 0
github.com/retf/source/v2/protocol/canonical/canonical.go:63.2,63.33 1 0
github.com/retf/source/v2/protocol/canonical/canonical.go:63.33,65.3 1 0
github.com/retf/source/v2/protocol/canonical/canonical.go:66.2,66.12 1 0
github.com/retf/source/v2/protocol/canonical/canonical.go:71.47,72.53 1 0
github.com/retf/source/v2/protocol/canonical/canonical.go:72.53,74.3 1 0
github.com/retf/source/v2/protocol/canonical/canonical.go:75.2,76.54 2 0
github.com/retf/source/v2/protocol/canonical/canonical.go:76.54,78.3 1 0
github.com/retf/source/v2/protocol/canonical/canonical.go:79.2,81.55 3 0
github.com/retf/source/v2/protocol/canonical/canonical.go:81.55,83.3 1 0
github.com/retf/source/v2/protocol/canonical/canonical.go:84.2,84.33 1 0
github.com/retf/source/v2/protocol/canonical/canonical.go:84.33,86.3 1 0
github.com/retf/source/v2/protocol/canonical/canonical.go:87.2,88.12 2 0
github.com/retf/source/v2/protocol/canonical/canonical.go:91.78,92.16 1 0
github.com/retf/source/v2/protocol/canonical/canonical.go:92.16,94.3 1 0
github.com/retf/source/v2/protocol/canonical/canonical.go:95.2,95.22 1 0
github.com/retf/source/v2/protocol/canonical/canonical.go:95.22,97.3 1 0
github.com/retf/source/v2/protocol/canonical/canonical.go:98.2,98.75 1 0
github.com/retf/source/v2/protocol/canonical/canonical.go:98.75,99.20 1 0
github.com/retf/source/v2/protocol/canonical/canonical.go:99.20,101.4 1 0
github.com/retf/source/v2/protocol/canonical/canonical.go:102.3,102.23 1 0
github.com/retf/source/v2/protocol/canonical/canonical.go:104.2,104.22 1 0
github.com/retf/source/v2/protocol/canonical/canonical.go:105.22,107.53 2 0
github.com/retf/source/v2/protocol/canonical/canonical.go:107.53,108.45 1 0
github.com/retf/source/v2/protocol/canonical/canonical.go:108.45,110.5 1 0
github.com/retf/source/v2/protocol/canonical/canonical.go:112.3,113.53 2 0
github.com/retf/source/v2/protocol/canonical/canonical.go:113.53,114.45 1 0
github.com/retf/source/v2/protocol/canonical/canonical.go:114.45,115.13 1 0
github.com/retf/source/v2/protocol/canonical/canonical.go:117.4,119.18 3 0
github.com/retf/source/v2/protocol/canonical/canonical.go:119.18,121.5 1 0
github.com/retf/source/v2/protocol/canonical/canonical.go:123.3,123.18 1 0
github.com/retf/source/v2/protocol/canonical/canonical.go:124.21,125.20 1 0
github.com/retf/source/v2/protocol/canonical/canonical.go:125.20,127.4 1 0
github.com/retf/source/v2/protocol/canonical/canonical.go:128.3,128.84 1 0
github.com/retf/source/v2/protocol/canonical/canonical.go:128.84,130.4 1 0
github.com/retf/source/v2/protocol/canonical/canonical.go:131.3,131.50 1 0
github.com/retf/source/v2/protocol/canonical/canonical.go:131.50,134.4 2 0
github.com/retf/source/v2/protocol/canonical/canonical.go:135.3,136.48 2 0
github.com/retf/source/v2/protocol/canonical/canonical.go:136.48,139.18 3 0
github.com/retf/source/v2/protocol/canonical/canonical.go:139.18,141.5 1 0
github.com/retf/source/v2/protocol/canonical/canonical.go:143.3,143.18 1 0
github.com/retf/source/v2/protocol/canonical/canonical.go:144.21,145.50 1 0
github.com/retf/source/v2/protocol/canonical/canonical.go:145.50,147.49 2 0
github.com/retf/source/v2/protocol/canonical/canonical.go:147.49,149.5 1 0
github.com/retf/source/v2/protocol/canonical/canonical.go:150.4,150.19 1 0
github.com/retf/source/v2/protocol/canonical/canonical.go:152.3,153.48 2 0
github.com/retf/source/v2/protocol/canonical/canonical.go:153.48,156.18 3 0
github.com/retf/source/v2/protocol/canonical/canonical.go:156.18,158.5 1 0
github.com/retf/source/v2/protocol/canonical/canonical.go:160.3,160.18 1 0
github.com/retf/source/v2/protocol/canonical/canonical.go:161.22,163.36 2 0
github.com/retf/source/v2/protocol/canonical/canonical.go:163.36,165.4 1 0
github.com/retf/source/v2/protocol/canonical/canonical.go:166.3,166.30 1 0
github.com/retf/source/v2/protocol/canonical/canonical.go:166.30,168.4 1 0
github.com/retf/source/v2/protocol/canonical/canonical.go:169.3,170.35 2 0
github.com/retf/source/v2/protocol/canonical/canonical.go:171.20,172.19 1 0
github.com/retf/source/v2/protocol/canonical/canonical.go:172.19,174.4 1 0
github.com/retf/source/v2/protocol/canonical/canonical.go:175.3,175.32 1 0
github.com/retf/source/v2/protocol/canonical/canonical.go:176.83,177.47 1 0
github.com/retf/source/v2/protocol/canonical/canonical.go:178.78,180.18 2 0
github.com/retf/source/v2/protocol/canonical/canonical.go:180.18,182.4 1 0
github.com/retf/source/v2/protocol/canonical/canonical.go:183.3,183.56 1 0
github.com/retf/source/v2/protocol/canonical/canonical.go:184.10,185.63 1 0
github.com/retf/source/v2/protocol/canonical/canonical.go:194.50,195.41 1 0
github.com/retf/source/v2/protocol/canonical/canonical.go:195.41,197.3 1 0
github.com/retf/source/v2/protocol/canonical/canonical.go:198.2,200.19 3 0
github.com/retf/source/v2/protocol/canonical/canonical.go:203.58,205.16 2 0
github.com/retf/source/v2/protocol/canonical/canonical.go:205.16,207.3 1 0
github.com/retf/source/v2/protocol/canonical/canonical.go:208.2,209.20 2 0
github.com/retf/source/v2/protocol/canonical/canonical.go:210.92,211.40 1 0
github.com/retf/source/v2/protocol/canonical/canonical.go:212.10,214.21 2 0
github.com/retf/source/v2/protocol/canonical/canonical.go:214.21,216.4 1 0
github.com/retf/source/v2/protocol/canonical/canonical.go:217.3,217.17 1 0
github.com/retf/source/v2/protocol/canonical/canonical.go:217.17,219.4 1 0
github.com/retf/source/v2/protocol/canonical/canonical.go:220.3,220.35 1 0
github.com/retf/source/v2/protocol/canonical/canonical.go:221.10,223.21 2 0
github.com/retf/source/v2/protocol/canonical/canonical.go:223.21,225.4 1 0
github.com/retf/source/v2/protocol/canonical/canonical.go:226.3,226.29 1 0
github.com/retf/source/v2/protocol/canonical/canonical.go:226.29,228.4 1 0
github.com/retf/source/v2/protocol/canonical/canonical.go:229.3,229.27 1 0
github.com/retf/source/v2/protocol/canonical/canonical.go:230.10,232.21 2 0
github.com/retf/source/v2/protocol/canonical/canonical.go:232.21,234.4 1 0
github.com/retf/source/v2/protocol/canonical/canonical.go:235.3,235.30 1 0
github.com/retf/source/v2/protocol/canonical/canonical.go:235.30,237.4 1 0
github.com/retf/source/v2/protocol/canonical/canonical.go:238.3,238.27 1 0
github.com/retf/source/v2/protocol/canonical/canonical.go:239.10,241.21 2 0
github.com/retf/source/v2/protocol/canonical/canonical.go:241.21,243.4 1 0
github.com/retf/source/v2/protocol/canonical/canonical.go:244.3,244.30 1 0
github.com/retf/source/v2/protocol/canonical/canonical.go:244.30,246.4 1 0
github.com/retf/source/v2/protocol/canonical/canonical.go:247.3,247.27 1 0
github.com/retf/source/v2/protocol/canonical/canonical.go:248.10,249.69 1 0
github.com/retf/source/v2/protocol/canonical/canonical.go:250.10,251.61 1 0
github.com/retf/source/v2/protocol/canonical/canonical.go:255.60,256.45 1 0
github.com/retf/source/v2/protocol/canonical/canonical.go:256.45,258.3 1 0
github.com/retf/source/v2/protocol/canonical/canonical.go:259.2,261.14 3 0
github.com/retf/source/v2/protocol/canonical/canonical.go:262.9,263.52 1 0
github.com/retf/source/v2/protocol/canonical/canonical.go:264.9,265.52 1 0
github.com/retf/source/v2/protocol/canonical/canonical.go:266.9,267.44 1 0
github.com/retf/source/v2/protocol/canonical/canonical.go:268.10,269.48 1 0
github.com/retf/source/v2/protocol/canonical/canonical.go:273.68,274.85 1 0
github.com/retf/source/v2/protocol/canonical/canonical.go:274.85,276.3 1 0
github.com/retf/source/v2/protocol/canonical/canonical.go:277.2,279.19 3 0
github.com/retf/source/v2/protocol/canonical/canonical.go:282.56,283.16 1 0
github.com/retf/source/v2/protocol/canonical/canonical.go:283.16,285.3 1 0
github.com/retf/source/v2/protocol/canonical/canonical.go:286.2,286.41 1 0
github.com/retf/source/v2/protocol/canonical/canonical.go:286.41,288.3 1 0
github.com/retf/source/v2/protocol/canonical/canonical.go:289.2,289.82 1 0
github.com/retf/source/v2/protocol/canonical/canonical.go:289.82,292.3 2 0
github.com/retf/source/v2/protocol/canonical/canonical.go:293.2,294.16 2 0
github.com/retf/source/v2/protocol/canonical/canonical.go:294.16,296.3 1 0
github.com/retf/source/v2/protocol/canonical/canonical.go:297.2,297.15 1 0
github.com/retf/source/v2/protocol/canonical/canonical.go:298.12,299.13 1 0
github.com/retf/source/v2/protocol/canonical/canonical.go:300.9,302.13 2 0
github.com/retf/source/v2/protocol/canonical/canonical.go:303.9,305.21 2 0
github.com/retf/source/v2/protocol/canonical/canonical.go:305.21,307.4 1 0
github.com/retf/source/v2/protocol/canonical/canonical.go:308.3,308.27 1 0
github.com/retf/source/v2/protocol/canonical/canonical.go:308.27,310.4 1 0
github.com/retf/source/v2/protocol/canonical/canonical.go:311.3,311.13 1 0
github.com/retf/source/v2/protocol/canonical/canonical.go:312.9,313.31 1 0
github.com/retf/source/v2/protocol/canonical/canonical.go:313.31,315.4 1 0
github.com/retf/source/v2/protocol/canonical/canonical.go:316.3,316.50 1 0
github.com/retf/source/v2/protocol/canonical/canonical.go:316.50,317.59 1 0
github.com/retf/source/v2/protocol/canonical/canonical.go:317.59,319.5 1 0
github.com/retf/source/v2/protocol/canonical/canonical.go:321.3,321.13 1 0
github.com/retf/source/v2/protocol/canonical/canonical.go:322.9,323.72 1 0
github.com/retf/source/v2/protocol/canonical/canonical.go:324.9,325.47 1 0
github.com/retf/source/v2/protocol/canonical/canonical.go:326.9,327.92 1 0
github.com/retf/source/v2/protocol/canonical/canonical.go:328.10,329.51 1 0
github.com/retf/source/v2/protocol/canonical/canonical.go:333.75,334.16 1 0
github.com/retf/source/v2/protocol/canonical/canonical.go:334.16,336.3 1 0
github.com/retf/source/v2/protocol/canonical/canonical.go:337.2,337.39 1 0
github.com/retf/source/v2/protocol/canonical/canonical.go:337.39,340.3 2 0
github.com/retf/source/v2/protocol/canonical/canonical.go:341.2,341.35 1 0
github.com/retf/source/v2/protocol/canonical/canonical.go:341.35,343.17 2 0
github.com/retf/source/v2/protocol/canonical/canonical.go:343.17,345.4 1 0
github.com/retf/source/v2/protocol/canonical/canonical.go:346.3,346.37 1 0
github.com/retf/source/v2/protocol/canonical/canonical.go:346.37,348.4 1 0
github.com/retf/source/v2/protocol/canonical/canonical.go:349.3,350.13 2 0
github.com/retf/source/v2/protocol/canonical/canonical.go:352.2,353.16 2 0
github.com/retf/source/v2/protocol/canonical/canonical.go:353.16,355.3 1 0
github.com/retf/source/v2/protocol/canonical/canonical.go:356.2,356.23 1 0
github.com/retf/source/v2/protocol/canonical/canonical.go:357.22,358.17 1 0
github.com/retf/source/v2/protocol/canonical/canonical.go:358.17,360.4 1 0
github.com/retf/source/v2/protocol/canonical/canonical.go:361.3,362.54 2 0
github.com/retf/source/v2/protocol/canonical/canonical.go:362.54,363.46 1 0
github.com/retf/source/v2/protocol/canonical/canonical.go:363.46,365.5 1 0
github.com/retf/source/v2/protocol/canonical/canonical.go:367.3,367.41 1 0
github.com/retf/source/v2/protocol/canonical/canonical.go:367.41,369.4 1 0
github.com/retf/source/v2/protocol/canonical/canonical.go:370.3,370.38 1 0
github.com/retf/source/v2/protocol/canonical/canonical.go:370.38,371.75 1 0
github.com/retf/source/v2/protocol/canonical/canonical.go:371.75,373.5 1 0
github.com/retf/source/v2/protocol/canonical/canonical.go:375.3,375.13 1 0
github.com/retf/source/v2/protocol/canonical/canonical.go:376.21,377.51 1 0
github.com/retf/source/v2/protocol/canonical/canonical.go:377.51,378.18 1 0
github.com/retf/source/v2/protocol/canonical/canonical.go:378.18,380.5 1 0
github.com/retf/source/v2/protocol/canonical/canonical.go:381.4,382.22 2 0
github.com/retf/source/v2/protocol/canonical/canonical.go:382.22,384.5 1 0
github.com/retf/source/v2/protocol/canonical/canonical.go:385.4,386.14 2 0
github.com/retf/source/v2/protocol/canonical/canonical.go:388.3,388.45 1 0
github.com/retf/source/v2/protocol/canonical/canonical.go:388.45,390.4 1 0
github.com/retf/source/v2/protocol/canonical/canonical.go:391.3,392.47 2 0
github.com/retf/source/v2/protocol/canonical/canonical.go:392.47,393.75 1 0
github.com/retf/source/v2/protocol/canonical/canonical.go:393.75,395.5 1 0
github.com/retf/source/v2/protocol/canonical/canonical.go:397.3,397.13 1 0
github.com/retf/source/v2/protocol/canonical/canonical.go:398.21,399.51 1 0
github.com/retf/source/v2/protocol/canonical/canonical.go:399.51,400.51 1 0
github.com/retf/source/v2/protocol/canonical/canonical.go:400.51,402.5 1 0
github.com/retf/source/v2/protocol/canonical/canonical.go:403.4,404.22 2 0
github.com/retf/source/v2/protocol/canonical/canonical.go:404.22,406.5 1 0
github.com/retf/source/v2/protocol/canonical/canonical.go:407.4,408.14 2 0
github.com/retf/source/v2/protocol/canonical/canonical.go:410.3,410.50 1 0
github.com/retf/source/v2/protocol/canonical/canonical.go:410.50,412.4 1 0
github.com/retf/source/v2/protocol/canonical/canonical.go:413.3,413.49 1 0
github.com/retf/source/v2/protocol/canonical/canonical.go:413.49,414.75 1 0
github.com/retf/source/v2/protocol/canonical/canonical.go:414.75,416.5 1 0
github.com/retf/source/v2/protocol/canonical/canonical.go:418.3,418.13 1 0
github.com/retf/source/v2/protocol/canonical/canonical.go:419.22,420.17 1 0
github.com/retf/source/v2/protocol/canonical/canonical.go:420.17,422.4 1 0
github.com/retf/source/v2/protocol/canonical/canonical.go:423.3,424.21 2 0
github.com/retf/source/v2/protocol/canonical/canonical.go:424.21,426.4 1 0
github.com/retf/source/v2/protocol/canonical/canonical.go:427.3,427.27 1 0
github.com/retf/source/v2/protocol/canonical/canonical.go:427.27,429.4 1 0
github.com/retf/source/v2/protocol/canonical/canonical.go:430.3,431.13 2 0
github.com/retf/source/v2/protocol/canonical/canonical.go:432.83,433.47 1 0
github.com/retf/source/v2/protocol/canonical/canonical.go:433.47,435.4 1 0
github.com/retf/source/v2/protocol/canonical/canonical.go:436.3,437.13 2 0
github.com/retf/source/v2/protocol/canonical/canonical.go:438.78,440.17 2 0
github.com/retf/source/v2/protocol/canonical/canonical.go:440.17,441.29 1 0
github.com/retf/source/v2/protocol/canonical/canonical.go:441.29,443.5 1 0
github.com/retf/source/v2/protocol/canonical/canonical.go:444.4,444.25 1 0
github.com/retf/source/v2/protocol/canonical/canonical.go:445.9,445.24 1 0
github.com/retf/source/v2/protocol/canonical/canonical.go:445.24,446.29 1 0
github.com/retf/source/v2/protocol/canonical/canonical.go:446.29,448.5 1 0
github.com/retf/source/v2/protocol/canonical/canonical.go:449.4,449.30 1 0
github.com/retf/source/v2/protocol/canonical/canonical.go:450.9,452.4 1 0
github.com/retf/source/v2/protocol/canonical/canonical.go:453.3,453.33 1 0
github.com/retf/source/v2/protocol/canonical/canonical.go:453.33,455.4 1 0
github.com/retf/source/v2/protocol/canonical/canonical.go:456.3,457.13 2 0
github.com/retf/source/v2/protocol/canonical/canonical.go:458.10,459.66 1 0
github.com/retf/source/v2/protocol/canonical/canonical.go:463.62,464.9 1 0
github.com/retf/source/v2/protocol/canonical/canonical.go:465.18,466.43 1 0
github.com/retf/source/v2/protocol/canonical/canonical.go:467.21,468.47 1 0
github.com/retf/source/v2/protocol/canonical/canonical.go:469.23,472.53 3 0
github.com/retf/source/v2/protocol/canonical/canonical.go:473.27,476.53 3 0
github.com/retf/source/v2/protocol/canonical/canonical.go:477.10,480.53 3 0
github.com/retf/source/v2/protocol/messages/messages.go:59.89,71.2 1 0
github.com/retf/source/v2/protocol/messages/messages.go:73.102,85.2 1 0
github.com/retf/source/v2/protocol/messages/messages.go:100.65,103.2 2 0
github.com/retf/source/v2/runtime/trace/trace.go:40.48,42.2 1 0
github.com/retf/source/v2/runtime/trace/trace.go:44.79,45.21 1 0
github.com/retf/source/v2/runtime/trace/trace.go:45.21,47.3 1 0
github.com/retf/source/v2/runtime/trace/trace.go:48.2,56.50 5 0
github.com/retf/source/v2/runtime/trace/trace.go:59.57,60.21 1 0
github.com/retf/source/v2/runtime/trace/trace.go:60.21,62.3 1 0
github.com/retf/source/v2/runtime/trace/trace.go:63.2,64.22 2 0
github.com/retf/source/v2/runtime/trace/trace.go:64.22,66.3 1 0
github.com/retf/source/v2/runtime/trace/trace.go:67.2,68.16 2 0
github.com/retf/source/v2/runtime/trace/trace.go:68.16,70.3 1 0
github.com/retf/source/v2/runtime/trace/trace.go:71.2,72.31 2 0
github.com/retf/source/v2/runtime/trace/trace.go:72.31,74.24 2 0
github.com/retf/source/v2/runtime/trace/trace.go:74.24,77.4 2 0
github.com/retf/source/v2/runtime/trace/trace.go:78.3,78.74 1 0
github.com/retf/source/v2/runtime/trace/trace.go:78.74,81.4 2 0
github.com/retf/source/v2/runtime/trace/trace.go:83.2,83.39 1 0
github.com/retf/source/v2/runtime/trace/trace.go:83.39,86.3 2 0
github.com/retf/source/v2/runtime/trace/trace.go:87.2,87.36 1 0
github.com/retf/source/v2/runtime/trace/trace.go:87.36,90.3 2 0
github.com/retf/source/v2/runtime/trace/trace.go:91.2,91.37 1 0
github.com/retf/source/v2/runtime/trace/trace.go:91.37,93.3 1 0
github.com/retf/source/v2/runtime/trace/trace.go:94.2,94.12 1 0
github.com/retf/source/v2/runtime/trace/trace.go:97.45,113.2 4 0
github.com/retf/source/v2/runtime/trace/trace.go:115.44,116.21 1 0
github.com/retf/source/v2/runtime/trace/trace.go:116.21,118.3 1 0
github.com/retf/source/v2/runtime/trace/trace.go:119.2,123.15 5 0
