mode: set
github.com/retf/source/v2/fabric/privacychaincode221/contract.go:98.74,100.2 1 0
github.com/retf/source/v2/fabric/privacychaincode221/contract.go:106.28,107.59 1 0
github.com/retf/source/v2/fabric/privacychaincode221/contract.go:107.59,109.3 1 0
github.com/retf/source/v2/fabric/privacychaincode221/contract.go:110.2,110.84 1 0
github.com/retf/source/v2/fabric/privacychaincode221/contract.go:110.84,112.3 1 0
github.com/retf/source/v2/fabric/privacychaincode221/contract.go:112.8,112.28 1 0
github.com/retf/source/v2/fabric/privacychaincode221/contract.go:112.28,114.3 1 0
github.com/retf/source/v2/fabric/privacychaincode221/contract.go:115.2,116.62 2 0
github.com/retf/source/v2/fabric/privacychaincode221/contract.go:116.62,118.3 1 0
github.com/retf/source/v2/fabric/privacychaincode221/contract.go:119.2,120.16 2 0
github.com/retf/source/v2/fabric/privacychaincode221/contract.go:120.16,122.3 1 0
github.com/retf/source/v2/fabric/privacychaincode221/contract.go:123.2,125.71 1 0
github.com/retf/source/v2/fabric/privacychaincode221/contract.go:125.71,127.3 1 0
github.com/retf/source/v2/fabric/privacychaincode221/contract.go:128.2,129.75 2 0
github.com/retf/source/v2/fabric/privacychaincode221/contract.go:129.75,131.3 1 0
github.com/retf/source/v2/fabric/privacychaincode221/contract.go:132.2,133.81 2 0
github.com/retf/source/v2/fabric/privacychaincode221/contract.go:133.81,135.3 1 0
github.com/retf/source/v2/fabric/privacychaincode221/contract.go:136.2,136.19 1 0
github.com/retf/source/v2/fabric/privacychaincode221/contract.go:143.19,144.59 1 0
github.com/retf/source/v2/fabric/privacychaincode221/contract.go:144.59,146.3 1 0
github.com/retf/source/v2/fabric/privacychaincode221/contract.go:147.2,148.16 2 0
github.com/retf/source/v2/fabric/privacychaincode221/contract.go:148.16,150.3 1 0
github.com/retf/source/v2/fabric/privacychaincode221/contract.go:151.2,152.70 2 0
github.com/retf/source/v2/fabric/privacychaincode221/contract.go:152.70,154.3 1 0
github.com/retf/source/v2/fabric/privacychaincode221/contract.go:155.2,156.68 1 0
github.com/retf/source/v2/fabric/privacychaincode221/contract.go:156.68,158.3 1 0
github.com/retf/source/v2/fabric/privacychaincode221/contract.go:159.2,160.79 2 0
github.com/retf/source/v2/fabric/privacychaincode221/contract.go:160.79,162.3 1 0
github.com/retf/source/v2/fabric/privacychaincode221/contract.go:163.2,164.25 2 0
github.com/retf/source/v2/fabric/privacychaincode221/contract.go:165.38,167.97 2 0
github.com/retf/source/v2/fabric/privacychaincode221/contract.go:167.97,169.4 1 0
github.com/retf/source/v2/fabric/privacychaincode221/contract.go:170.3,170.50 1 0
github.com/retf/source/v2/fabric/privacychaincode221/contract.go:170.50,172.4 1 0
github.com/retf/source/v2/fabric/privacychaincode221/contract.go:173.3,174.68 2 0
github.com/retf/source/v2/fabric/privacychaincode221/contract.go:174.68,176.4 1 0
github.com/retf/source/v2/fabric/privacychaincode221/contract.go:176.9,176.29 1 0
github.com/retf/source/v2/fabric/privacychaincode221/contract.go:176.29,178.4 1 0
github.com/retf/source/v2/fabric/privacychaincode221/contract.go:179.3,180.17 2 0
github.com/retf/source/v2/fabric/privacychaincode221/contract.go:180.17,182.4 1 0
github.com/retf/source/v2/fabric/privacychaincode221/contract.go:183.3,184.17 2 0
github.com/retf/source/v2/fabric/privacychaincode221/contract.go:184.17,186.4 1 0
github.com/retf/source/v2/fabric/privacychaincode221/contract.go:187.3,187.58 1 0
github.com/retf/source/v2/fabric/privacychaincode221/contract.go:187.58,189.4 1 0
github.com/retf/source/v2/fabric/privacychaincode221/contract.go:190.3,190.60 1 0
github.com/retf/source/v2/fabric/privacychaincode221/contract.go:190.60,192.4 1 0
github.com/retf/source/v2/fabric/privacychaincode221/contract.go:193.25,195.65 2 0
github.com/retf/source/v2/fabric/privacychaincode221/contract.go:195.65,197.4 1 0
github.com/retf/source/v2/fabric/privacychaincode221/contract.go:198.3,202.17 2 0
github.com/retf/source/v2/fabric/privacychaincode221/contract.go:202.17,204.4 1 0
github.com/retf/source/v2/fabric/privacychaincode221/contract.go:205.33,212.44 2 0
github.com/retf/source/v2/fabric/privacychaincode221/contract.go:212.44,214.4 1 0
github.com/retf/source/v2/fabric/privacychaincode221/contract.go:215.3,216.17 2 0
github.com/retf/source/v2/fabric/privacychaincode221/contract.go:216.17,218.4 1 0
github.com/retf/source/v2/fabric/privacychaincode221/contract.go:219.31,221.62 2 0
github.com/retf/source/v2/fabric/privacychaincode221/contract.go:221.62,223.4 1 0
github.com/retf/source/v2/fabric/privacychaincode221/contract.go:224.3,224.53 1 0
github.com/retf/source/v2/fabric/privacychaincode221/contract.go:224.53,226.4 1 0
github.com/retf/source/v2/fabric/privacychaincode221/contract.go:227.3,228.68 2 0
github.com/retf/source/v2/fabric/privacychaincode221/contract.go:228.68,230.4 1 0
github.com/retf/source/v2/fabric/privacychaincode221/contract.go:230.9,230.29 1 0
github.com/retf/source/v2/fabric/privacychaincode221/contract.go:230.29,232.4 1 0
github.com/retf/source/v2/fabric/privacychaincode221/contract.go:233.3,233.53 1 0
github.com/retf/source/v2/fabric/privacychaincode221/contract.go:233.53,235.4 1 0
github.com/retf/source/v2/fabric/privacychaincode221/contract.go:236.29,241.116 2 0
github.com/retf/source/v2/fabric/privacychaincode221/contract.go:241.116,243.4 1 0
github.com/retf/source/v2/fabric/privacychaincode221/contract.go:244.3,246.54 3 0
github.com/retf/source/v2/fabric/privacychaincode221/contract.go:246.54,248.4 1 0
github.com/retf/source/v2/fabric/privacychaincode221/contract.go:249.3,250.53 2 0
github.com/retf/source/v2/fabric/privacychaincode221/contract.go:250.53,252.4 1 0
github.com/retf/source/v2/fabric/privacychaincode221/contract.go:253.10,254.53 1 0
github.com/retf/source/v2/fabric/privacychaincode221/contract.go:256.2,257.68 2 0
github.com/retf/source/v2/fabric/privacychaincode221/contract.go:257.68,259.3 1 0
github.com/retf/source/v2/fabric/privacychaincode221/contract.go:260.2,260.22 1 0
github.com/retf/source/v2/fabric/privacychaincode221/contract.go:266.19,267.58 1 1
github.com/retf/source/v2/fabric/privacychaincode221/contract.go:267.58,269.3 1 1
github.com/retf/source/v2/fabric/privacychaincode221/contract.go:270.2,271.27 2 1
github.com/retf/source/v2/fabric/privacychaincode221/contract.go:271.27,273.3 1 1
github.com/retf/source/v2/fabric/privacychaincode221/contract.go:274.2,275.34 2 1
github.com/retf/source/v2/fabric/privacychaincode221/contract.go:275.34,276.43 1 1
github.com/retf/source/v2/fabric/privacychaincode221/contract.go:276.43,278.4 1 1
github.com/retf/source/v2/fabric/privacychaincode221/contract.go:279.3,279.53 1 1
github.com/retf/source/v2/fabric/privacychaincode221/contract.go:279.53,283.4 1 1
github.com/retf/source/v2/fabric/privacychaincode221/contract.go:284.3,290.17 3 1
github.com/retf/source/v2/fabric/privacychaincode221/contract.go:290.17,294.4 1 1
github.com/retf/source/v2/fabric/privacychaincode221/contract.go:295.3,298.17 1 1
github.com/retf/source/v2/fabric/privacychaincode221/contract.go:298.17,300.4 1 1
github.com/retf/source/v2/fabric/privacychaincode221/contract.go:301.3,302.58 1 1
github.com/retf/source/v2/fabric/privacychaincode221/contract.go:302.58,306.4 1 1
github.com/retf/source/v2/fabric/privacychaincode221/contract.go:307.3,311.17 2 1
github.com/retf/source/v2/fabric/privacychaincode221/contract.go:311.17,313.4 1 1
github.com/retf/source/v2/fabric/privacychaincode221/contract.go:314.3,317.58 3 1
github.com/retf/source/v2/fabric/privacychaincode221/contract.go:317.58,321.4 1 1
github.com/retf/source/v2/fabric/privacychaincode221/contract.go:323.2,323.34 1 1
github.com/retf/source/v2/fabric/privacychaincode221/contract.go:323.34,328.17 1 1
github.com/retf/source/v2/fabric/privacychaincode221/contract.go:328.17,330.4 1 0
github.com/retf/source/v2/fabric/privacychaincode221/contract.go:332.2,332.59 1 1
github.com/retf/source/v2/fabric/privacychaincode221/contract.go:332.59,334.3 1 0
github.com/retf/source/v2/fabric/privacychaincode221/contract.go:335.2,335.24 1 1
github.com/retf/source/v2/fabric/privacychaincode221/contract.go:335.24,337.3 1 1
github.com/retf/source/v2/fabric/privacychaincode221/contract.go:338.2,340.69 3 1
github.com/retf/source/v2/fabric/privacychaincode221/contract.go:347.33,349.72 2 1
github.com/retf/source/v2/fabric/privacychaincode221/contract.go:349.72,351.3 1 0
github.com/retf/source/v2/fabric/privacychaincode221/contract.go:352.2,353.77 2 1
github.com/retf/source/v2/fabric/privacychaincode221/contract.go:353.77,355.3 1 0
github.com/retf/source/v2/fabric/privacychaincode221/contract.go:356.2,357.92 2 1
github.com/retf/source/v2/fabric/privacychaincode221/contract.go:357.92,359.3 1 0
github.com/retf/source/v2/fabric/privacychaincode221/contract.go:360.2,361.116 2 1
github.com/retf/source/v2/fabric/privacychaincode221/contract.go:361.116,363.3 1 0
github.com/retf/source/v2/fabric/privacychaincode221/contract.go:364.2,365.27 2 1
github.com/retf/source/v2/fabric/privacychaincode221/contract.go:365.27,367.3 1 0
github.com/retf/source/v2/fabric/privacychaincode221/contract.go:368.2,369.25 2 1
github.com/retf/source/v2/fabric/privacychaincode221/contract.go:369.25,371.3 1 0
github.com/retf/source/v2/fabric/privacychaincode221/contract.go:372.2,374.63 2 1
github.com/retf/source/v2/fabric/privacychaincode221/contract.go:374.63,376.3 1 0
github.com/retf/source/v2/fabric/privacychaincode221/contract.go:377.2,378.16 2 1
github.com/retf/source/v2/fabric/privacychaincode221/contract.go:378.16,380.3 1 0
github.com/retf/source/v2/fabric/privacychaincode221/contract.go:381.2,384.16 2 1
github.com/retf/source/v2/fabric/privacychaincode221/contract.go:384.16,386.3 1 1
github.com/retf/source/v2/fabric/privacychaincode221/contract.go:387.2,387.84 1 1
github.com/retf/source/v2/fabric/privacychaincode221/contract.go:387.84,389.17 2 1
github.com/retf/source/v2/fabric/privacychaincode221/contract.go:389.17,391.4 1 0
github.com/retf/source/v2/fabric/privacychaincode221/contract.go:392.3,392.22 1 1
github.com/retf/source/v2/fabric/privacychaincode221/contract.go:392.22,394.4 1 0
github.com/retf/source/v2/fabric/privacychaincode221/contract.go:396.2,407.67 3 1
github.com/retf/source/v2/fabric/privacychaincode221/contract.go:407.67,409.3 1 0
github.com/retf/source/v2/fabric/privacychaincode221/contract.go:410.2,410.106 1 1
github.com/retf/source/v2/fabric/privacychaincode221/contract.go:410.106,412.3 1 0
github.com/retf/source/v2/fabric/privacychaincode221/contract.go:413.2,413.87 1 1
github.com/retf/source/v2/fabric/privacychaincode221/contract.go:413.87,415.3 1 0
github.com/retf/source/v2/fabric/privacychaincode221/contract.go:416.2,416.20 1 1
github.com/retf/source/v2/fabric/privacychaincode221/contract.go:428.19,429.50 1 1
github.com/retf/source/v2/fabric/privacychaincode221/contract.go:429.50,431.3 1 1
github.com/retf/source/v2/fabric/privacychaincode221/contract.go:432.2,432.71 1 1
github.com/retf/source/v2/fabric/privacychaincode221/contract.go:432.71,434.3 1 1
github.com/retf/source/v2/fabric/privacychaincode221/contract.go:435.2,435.80 1 1
github.com/retf/source/v2/fabric/privacychaincode221/contract.go:435.80,437.3 1 1
github.com/retf/source/v2/fabric/privacychaincode221/contract.go:438.2,439.42 2 1
github.com/retf/source/v2/fabric/privacychaincode221/contract.go:439.42,441.3 1 1
github.com/retf/source/v2/fabric/privacychaincode221/contract.go:442.2,443.16 2 1
github.com/retf/source/v2/fabric/privacychaincode221/contract.go:443.16,445.3 1 0
github.com/retf/source/v2/fabric/privacychaincode221/contract.go:446.2,456.47 1 1
github.com/retf/source/v2/fabric/privacychaincode221/contract.go:456.47,458.3 1 1
github.com/retf/source/v2/fabric/privacychaincode221/contract.go:459.2,462.54 1 1
github.com/retf/source/v2/fabric/privacychaincode221/contract.go:462.54,464.3 1 1
github.com/retf/source/v2/fabric/privacychaincode221/contract.go:465.2,468.82 1 1
github.com/retf/source/v2/fabric/privacychaincode221/contract.go:468.82,470.3 1 1
github.com/retf/source/v2/fabric/privacychaincode221/contract.go:471.2,472.108 2 1
github.com/retf/source/v2/fabric/privacychaincode221/contract.go:472.108,474.3 1 1
github.com/retf/source/v2/fabric/privacychaincode221/contract.go:475.2,476.56 2 1
github.com/retf/source/v2/fabric/privacychaincode221/contract.go:482.33,485.88 3 0
github.com/retf/source/v2/fabric/privacychaincode221/contract.go:485.88,487.3 1 0
github.com/retf/source/v2/fabric/privacychaincode221/contract.go:488.2,488.21 1 0
github.com/retf/source/v2/fabric/privacychaincode221/contract.go:494.26,495.96 1 1
github.com/retf/source/v2/fabric/privacychaincode221/contract.go:495.96,497.3 1 0
github.com/retf/source/v2/fabric/privacychaincode221/contract.go:498.2,500.16 3 1
github.com/retf/source/v2/fabric/privacychaincode221/contract.go:500.16,502.3 1 0
github.com/retf/source/v2/fabric/privacychaincode221/contract.go:503.2,504.16 2 1
github.com/retf/source/v2/fabric/privacychaincode221/contract.go:504.16,506.3 1 0
github.com/retf/source/v2/fabric/privacychaincode221/contract.go:507.2,507.108 1 1
github.com/retf/source/v2/fabric/privacychaincode221/contract.go:510.143,512.67 2 0
github.com/retf/source/v2/fabric/privacychaincode221/contract.go:512.67,514.3 1 0
github.com/retf/source/v2/fabric/privacychaincode221/contract.go:515.2,515.21 1 0
github.com/retf/source/v2/fabric/privacychaincode221/contract.go:518.170,520.75 2 0
github.com/retf/source/v2/fabric/privacychaincode221/contract.go:520.75,522.3 1 0
github.com/retf/source/v2/fabric/privacychaincode221/contract.go:523.2,523.23 1 0
github.com/retf/source/v2/fabric/privacychaincode221/contract.go:526.150,528.77 2 0
github.com/retf/source/v2/fabric/privacychaincode221/contract.go:528.77,530.3 1 0
github.com/retf/source/v2/fabric/privacychaincode221/contract.go:531.2,531.18 1 0
github.com/retf/source/v2/fabric/privacychaincode221/contract.go:534.112,536.27 2 0
github.com/retf/source/v2/fabric/privacychaincode221/contract.go:536.27,538.3 1 0
github.com/retf/source/v2/fabric/privacychaincode221/contract.go:539.2,539.20 1 0
github.com/retf/source/v2/fabric/privacychaincode221/contract.go:542.91,544.2 1 0
github.com/retf/source/v2/fabric/privacychaincode221/contract.go:546.104,547.36 1 0
github.com/retf/source/v2/fabric/privacychaincode221/contract.go:547.36,549.3 1 0
github.com/retf/source/v2/fabric/privacychaincode221/contract.go:550.2,551.53 2 0
github.com/retf/source/v2/fabric/privacychaincode221/contract.go:551.53,553.3 1 0
github.com/retf/source/v2/fabric/privacychaincode221/contract.go:554.2,554.12 1 0
github.com/retf/source/v2/fabric/privacychaincode221/contract.go:557.113,559.69 2 0
github.com/retf/source/v2/fabric/privacychaincode221/contract.go:559.69,561.3 1 0
github.com/retf/source/v2/fabric/privacychaincode221/contract.go:562.2,563.29 2 0
github.com/retf/source/v2/fabric/privacychaincode221/contract.go:566.77,567.91 1 0
github.com/retf/source/v2/fabric/privacychaincode221/contract.go:567.91,569.3 1 0
github.com/retf/source/v2/fabric/privacychaincode221/contract.go:570.2,570.65 1 0
github.com/retf/source/v2/fabric/privacychaincode221/contract.go:573.76,575.95 1 1
github.com/retf/source/v2/fabric/privacychaincode221/contract.go:575.95,577.3 1 0
github.com/retf/source/v2/fabric/privacychaincode221/contract.go:578.2,578.63 1 1
github.com/retf/source/v2/fabric/privacychaincode221/contract.go:581.92,584.16 3 1
github.com/retf/source/v2/fabric/privacychaincode221/contract.go:584.16,586.3 1 0
github.com/retf/source/v2/fabric/privacychaincode221/contract.go:587.2,587.17 1 1
github.com/retf/source/v2/fabric/privacychaincode221/contract.go:587.17,589.3 1 1
github.com/retf/source/v2/fabric/privacychaincode221/contract.go:590.2,590.51 1 1
github.com/retf/source/v2/fabric/privacychaincode221/contract.go:590.51,592.3 1 0
github.com/retf/source/v2/fabric/privacychaincode221/contract.go:593.2,593.25 1 1
github.com/retf/source/v2/fabric/privacychaincode221/contract.go:600.23,603.59 1 1
github.com/retf/source/v2/fabric/privacychaincode221/contract.go:603.59,605.3 1 1
github.com/retf/source/v2/fabric/privacychaincode221/contract.go:606.2,609.21 4 1
github.com/retf/source/v2/fabric/privacychaincode221/contract.go:612.91,614.56 1 1
github.com/retf/source/v2/fabric/privacychaincode221/contract.go:614.56,616.3 1 1
github.com/retf/source/v2/fabric/privacychaincode221/contract.go:617.2,618.21 2 1
github.com/retf/source/v2/fabric/privacychaincode221/contract.go:621.81,623.59 2 1
github.com/retf/source/v2/fabric/privacychaincode221/contract.go:623.59,625.3 1 0
github.com/retf/source/v2/fabric/privacychaincode221/contract.go:626.2,627.53 2 1
github.com/retf/source/v2/fabric/privacychaincode221/contract.go:627.53,629.3 1 1
github.com/retf/source/v2/fabric/privacychaincode221/contract.go:630.2,630.42 1 1
github.com/retf/source/v2/fabric/privacychaincode221/contract.go:633.54,635.59 2 1
github.com/retf/source/v2/fabric/privacychaincode221/contract.go:635.59,637.3 1 0
github.com/retf/source/v2/fabric/privacychaincode221/contract.go:638.2,638.23 1 1
github.com/retf/source/v2/fabric/privacychaincode221/contract.go:641.60,643.2 1 1
github.com/retf/source/v2/fabric/privacychaincode221/contract.go:645.88,647.16 2 1
github.com/retf/source/v2/fabric/privacychaincode221/contract.go:647.16,649.3 1 0
github.com/retf/source/v2/fabric/privacychaincode221/contract.go:650.2,650.45 1 1
github.com/retf/source/v2/fabric/privacychaincode221/contract.go:653.89,655.16 2 1
github.com/retf/source/v2/fabric/privacychaincode221/contract.go:655.16,657.3 1 0
github.com/retf/source/v2/fabric/privacychaincode221/contract.go:658.2,658.17 1 1
github.com/retf/source/v2/fabric/privacychaincode221/contract.go:658.17,660.3 1 1
github.com/retf/source/v2/fabric/privacychaincode221/contract.go:661.2,661.35 1 1
github.com/retf/source/v2/fabric/privacychaincode221/contract.go:664.50,667.47 3 1
github.com/retf/source/v2/fabric/privacychaincode221/contract.go:667.47,669.3 1 0
github.com/retf/source/v2/fabric/privacychaincode221/contract.go:670.2,671.50 2 1
github.com/retf/source/v2/fabric/privacychaincode221/contract.go:671.50,672.17 1 0
github.com/retf/source/v2/fabric/privacychaincode221/contract.go:672.17,674.4 1 0
github.com/retf/source/v2/fabric/privacychaincode221/contract.go:675.3,675.13 1 0
github.com/retf/source/v2/fabric/privacychaincode221/contract.go:677.2,677.12 1 1
github.com/retf/source/v2/fabric/privacychaincode221/contract.go:680.43,683.2 2 0
github.com/retf/source/v2/fabric/s3productionchaincode/contract.go:204.60,206.16 2 1
github.com/retf/source/v2/fabric/s3productionchaincode/contract.go:206.16,208.3 1 0
github.com/retf/source/v2/fabric/s3productionchaincode/contract.go:209.2,210.43 2 1
github.com/retf/source/v2/fabric/s3productionchaincode/contract.go:213.47,215.78 2 1
github.com/retf/source/v2/fabric/s3productionchaincode/contract.go:215.78,217.3 1 0
github.com/retf/source/v2/fabric/s3productionchaincode/contract.go:218.2,218.12 1 1
github.com/retf/source/v2/fabric/s3productionchaincode/contract.go:221.51,222.42 1 1
github.com/retf/source/v2/fabric/s3productionchaincode/contract.go:222.42,224.3 1 0
github.com/retf/source/v2/fabric/s3productionchaincode/contract.go:225.2,225.76 1 1
github.com/retf/source/v2/fabric/s3productionchaincode/contract.go:228.60,231.47 3 1
github.com/retf/source/v2/fabric/s3productionchaincode/contract.go:231.47,233.3 1 0
github.com/retf/source/v2/fabric/s3productionchaincode/contract.go:234.2,234.65 1 1
github.com/retf/source/v2/fabric/s3productionchaincode/contract.go:234.65,236.3 1 0
github.com/retf/source/v2/fabric/s3productionchaincode/contract.go:237.2,238.16 2 1
github.com/retf/source/v2/fabric/s3productionchaincode/contract.go:238.16,240.3 1 0
github.com/retf/source/v2/fabric/s3productionchaincode/contract.go:241.2,241.50 1 1
github.com/retf/source/v2/fabric/s3productionchaincode/contract.go:241.50,243.3 1 1
github.com/retf/source/v2/fabric/s3productionchaincode/contract.go:244.2,244.12 1 1
github.com/retf/source/v2/fabric/s3productionchaincode/contract.go:247.58,250.54 3 1
github.com/retf/source/v2/fabric/s3productionchaincode/contract.go:250.54,252.3 1 1
github.com/retf/source/v2/fabric/s3productionchaincode/contract.go:253.2,256.15 4 1
github.com/retf/source/v2/fabric/s3productionchaincode/contract.go:259.48,266.26 1 1
github.com/retf/source/v2/fabric/s3productionchaincode/contract.go:266.26,268.3 1 0
github.com/retf/source/v2/fabric/s3productionchaincode/contract.go:269.2,271.51 3 1
github.com/retf/source/v2/fabric/s3productionchaincode/contract.go:271.51,274.59 1 1
github.com/retf/source/v2/fabric/s3productionchaincode/contract.go:274.59,276.4 1 0
github.com/retf/source/v2/fabric/s3productionchaincode/contract.go:277.3,280.60 2 1
github.com/retf/source/v2/fabric/s3productionchaincode/contract.go:280.60,282.4 1 0
github.com/retf/source/v2/fabric/s3productionchaincode/contract.go:283.3,285.49 3 1
github.com/retf/source/v2/fabric/s3productionchaincode/contract.go:285.49,287.4 1 0
github.com/retf/source/v2/fabric/s3productionchaincode/contract.go:288.3,289.91 2 1
github.com/retf/source/v2/fabric/s3productionchaincode/contract.go:289.91,291.4 1 0
github.com/retf/source/v2/fabric/s3productionchaincode/contract.go:292.3,292.81 1 1
github.com/retf/source/v2/fabric/s3productionchaincode/contract.go:292.81,294.4 1 0
github.com/retf/source/v2/fabric/s3productionchaincode/contract.go:296.2,297.16 2 1
github.com/retf/source/v2/fabric/s3productionchaincode/contract.go:297.16,299.3 1 0
github.com/retf/source/v2/fabric/s3productionchaincode/contract.go:300.2,300.66 1 1
github.com/retf/source/v2/fabric/s3productionchaincode/contract.go:300.66,302.3 1 0
github.com/retf/source/v2/fabric/s3productionchaincode/contract.go:303.2,303.12 1 1
github.com/retf/source/v2/fabric/s3productionchaincode/contract.go:306.75,307.42 1 1
github.com/retf/source/v2/fabric/s3productionchaincode/contract.go:307.42,309.3 1 0
github.com/retf/source/v2/fabric/s3productionchaincode/contract.go:310.2,310.74 1 1
github.com/retf/source/v2/fabric/s3productionchaincode/contract.go:313.72,317.2 3 0
github.com/retf/source/v2/fabric/s3productionchaincode/contract.go:319.55,325.47 1 0
github.com/retf/source/v2/fabric/s3productionchaincode/contract.go:325.47,327.3 1 0
github.com/retf/source/v2/fabric/s3productionchaincode/contract.go:328.2,331.59 2 0
github.com/retf/source/v2/fabric/s3productionchaincode/contract.go:331.59,333.3 1 0
github.com/retf/source/v2/fabric/s3productionchaincode/contract.go:334.2,334.84 1 0
github.com/retf/source/v2/fabric/s3productionchaincode/contract.go:334.84,336.3 1 0
github.com/retf/source/v2/fabric/s3productionchaincode/contract.go:337.2,337.59 1 0
github.com/retf/source/v2/fabric/s3productionchaincode/contract.go:342.19,344.16 2 0
github.com/retf/source/v2/fabric/s3productionchaincode/contract.go:344.16,346.3 1 0
github.com/retf/source/v2/fabric/s3productionchaincode/contract.go:347.2,351.23 2 0
github.com/retf/source/v2/fabric/s3productionchaincode/contract.go:359.19,361.2 1 0
github.com/retf/source/v2/fabric/s3productionchaincode/contract.go:363.64,368.72 3 1
github.com/retf/source/v2/fabric/s3productionchaincode/contract.go:368.72,371.3 1 1
github.com/retf/source/v2/fabric/s3productionchaincode/contract.go:372.2,375.15 4 1
github.com/retf/source/v2/fabric/s3productionchaincode/contract.go:378.51,386.29 1 1
github.com/retf/source/v2/fabric/s3productionchaincode/contract.go:386.29,388.3 1 0
github.com/retf/source/v2/fabric/s3productionchaincode/contract.go:389.2,389.56 1 1
github.com/retf/source/v2/fabric/s3productionchaincode/contract.go:389.56,391.3 1 0
github.com/retf/source/v2/fabric/s3productionchaincode/contract.go:392.2,393.64 1 1
github.com/retf/source/v2/fabric/s3productionchaincode/contract.go:393.64,395.3 1 0
github.com/retf/source/v2/fabric/s3productionchaincode/contract.go:396.2,402.4 1 1
github.com/retf/source/v2/fabric/s3productionchaincode/contract.go:402.4,403.53 1 1
github.com/retf/source/v2/fabric/s3productionchaincode/contract.go:403.53,405.4 1 0
github.com/retf/source/v2/fabric/s3productionchaincode/contract.go:407.2,407.75 1 1
github.com/retf/source/v2/fabric/s3productionchaincode/contract.go:407.75,409.3 1 0
github.com/retf/source/v2/fabric/s3productionchaincode/contract.go:410.2,414.59 5 1
github.com/retf/source/v2/fabric/s3productionchaincode/contract.go:414.59,422.59 1 1
github.com/retf/source/v2/fabric/s3productionchaincode/contract.go:422.59,424.4 1 0
github.com/retf/source/v2/fabric/s3productionchaincode/contract.go:425.3,429.5 1 1
github.com/retf/source/v2/fabric/s3productionchaincode/contract.go:429.5,430.54 1 1
github.com/retf/source/v2/fabric/s3productionchaincode/contract.go:430.54,432.5 1 0
github.com/retf/source/v2/fabric/s3productionchaincode/contract.go:434.3,434.83 1 1
github.com/retf/source/v2/fabric/s3productionchaincode/contract.go:434.83,436.4 1 1
github.com/retf/source/v2/fabric/s3productionchaincode/contract.go:437.3,437.73 1 1
github.com/retf/source/v2/fabric/s3productionchaincode/contract.go:437.73,439.4 1 0
github.com/retf/source/v2/fabric/s3productionchaincode/contract.go:440.3,440.68 1 1
github.com/retf/source/v2/fabric/s3productionchaincode/contract.go:440.68,442.4 1 0
github.com/retf/source/v2/fabric/s3productionchaincode/contract.go:443.3,446.48 4 1
github.com/retf/source/v2/fabric/s3productionchaincode/contract.go:446.48,448.4 1 1
github.com/retf/source/v2/fabric/s3productionchaincode/contract.go:448.9,450.4 1 1
github.com/retf/source/v2/fabric/s3productionchaincode/contract.go:452.2,454.34 1 1
github.com/retf/source/v2/fabric/s3productionchaincode/contract.go:454.34,456.3 1 0
github.com/retf/source/v2/fabric/s3productionchaincode/contract.go:457.2,458.16 2 1
github.com/retf/source/v2/fabric/s3productionchaincode/contract.go:458.16,460.3 1 0
github.com/retf/source/v2/fabric/s3productionchaincode/contract.go:461.2,461.66 1 1
github.com/retf/source/v2/fabric/s3productionchaincode/contract.go:461.66,463.3 1 1
github.com/retf/source/v2/fabric/s3productionchaincode/contract.go:464.2,464.12 1 1
github.com/retf/source/v2/fabric/s3productionchaincode/contract.go:467.75,468.42 1 1
github.com/retf/source/v2/fabric/s3productionchaincode/contract.go:468.42,470.3 1 0
github.com/retf/source/v2/fabric/s3productionchaincode/contract.go:471.2,471.71 1 1
github.com/retf/source/v2/fabric/s3productionchaincode/contract.go:476.19,487.33 3 0
github.com/retf/source/v2/fabric/s3productionchaincode/contract.go:487.33,488.49 1 0
github.com/retf/source/v2/fabric/s3productionchaincode/contract.go:488.49,490.4 1 0
github.com/retf/source/v2/fabric/s3productionchaincode/contract.go:491.3,498.5 1 0
github.com/retf/source/v2/fabric/s3productionchaincode/contract.go:500.2,500.48 1 0
github.com/retf/source/v2/fabric/s3productionchaincode/contract.go:500.48,502.3 1 0
github.com/retf/source/v2/fabric/s3productionchaincode/contract.go:503.2,503.68 1 0
github.com/retf/source/v2/fabric/s3productionchaincode/contract.go:510.19,512.2 1 0
github.com/retf/source/v2/fabric/s3productionchaincode/contract.go:514.88,532.2 1 1
github.com/retf/source/v2/fabric/s3productionchaincode/contract.go:534.82,536.16 2 1
github.com/retf/source/v2/fabric/s3productionchaincode/contract.go:536.16,538.3 1 0
github.com/retf/source/v2/fabric/s3productionchaincode/contract.go:539.2,542.23 2 1
github.com/retf/source/v2/fabric/s3productionchaincode/contract.go:545.72,547.2 1 1
github.com/retf/source/v2/fabric/s3productionchaincode/contract.go:551.19,554.20 3 1
github.com/retf/source/v2/fabric/s3productionchaincode/contract.go:554.20,556.3 1 1
github.com/retf/source/v2/fabric/s3productionchaincode/contract.go:557.2,557.42 1 1
github.com/retf/source/v2/fabric/s3productionchaincode/contract.go:557.42,559.3 1 0
github.com/retf/source/v2/fabric/s3productionchaincode/contract.go:560.2,560.21 1 1
github.com/retf/source/v2/fabric/s3productionchaincode/contract.go:565.9,567.53 2 0
github.com/retf/source/v2/fabric/s3productionchaincode/contract.go:567.53,569.3 1 0
github.com/retf/source/v2/fabric/s3productionchaincode/contract.go:570.2,572.67 2 0
github.com/retf/source/v2/fabric/s3productionchaincode/contract.go:572.67,574.3 1 0
github.com/retf/source/v2/fabric/s3productionchaincode/contract.go:575.2,575.12 1 0
github.com/retf/source/v2/fabric/s3productionchaincode/contract.go:581.29,583.16 2 0
github.com/retf/source/v2/fabric/s3productionchaincode/contract.go:583.16,585.3 1 0
github.com/retf/source/v2/fabric/s3productionchaincode/contract.go:586.2,586.64 1 0
github.com/retf/source/v2/fabric/s3productionchaincode/contract.go:586.64,588.3 1 0
github.com/retf/source/v2/fabric/s3productionchaincode/contract.go:589.2,590.65 2 0
github.com/retf/source/v2/fabric/s3productionchaincode/contract.go:590.65,592.3 1 0
github.com/retf/source/v2/fabric/s3productionchaincode/contract.go:593.2,595.36 1 0
github.com/retf/source/v2/fabric/s3productionchaincode/contract.go:595.36,597.3 1 0
github.com/retf/source/v2/fabric/s3productionchaincode/contract.go:598.2,598.42 1 0
github.com/retf/source/v2/fabric/s3productionchaincode/contract.go:598.42,600.3 1 0
github.com/retf/source/v2/fabric/s3productionchaincode/contract.go:601.2,604.16 4 0
github.com/retf/source/v2/fabric/s3productionchaincode/contract.go:604.16,606.3 1 0
github.com/retf/source/v2/fabric/s3productionchaincode/contract.go:607.2,607.24 1 0
github.com/retf/source/v2/fabric/s3productionchaincode/contract.go:607.24,609.3 1 0
github.com/retf/source/v2/fabric/s3productionchaincode/contract.go:610.2,611.16 2 0
github.com/retf/source/v2/fabric/s3productionchaincode/contract.go:611.16,613.3 1 0
github.com/retf/source/v2/fabric/s3productionchaincode/contract.go:614.2,616.50 3 0
github.com/retf/source/v2/fabric/s3productionchaincode/contract.go:616.50,618.3 1 0
github.com/retf/source/v2/fabric/s3productionchaincode/contract.go:619.2,619.21 1 0
github.com/retf/source/v2/fabric/s3productionchaincode/contract.go:625.36,627.16 2 0
github.com/retf/source/v2/fabric/s3productionchaincode/contract.go:627.16,629.3 1 0
github.com/retf/source/v2/fabric/s3productionchaincode/contract.go:630.2,630.64 1 0
github.com/retf/source/v2/fabric/s3productionchaincode/contract.go:630.64,632.3 1 0
github.com/retf/source/v2/fabric/s3productionchaincode/contract.go:633.2,634.62 2 0
github.com/retf/source/v2/fabric/s3productionchaincode/contract.go:634.62,636.3 1 0
github.com/retf/source/v2/fabric/s3productionchaincode/contract.go:637.2,637.71 1 0
github.com/retf/source/v2/fabric/s3productionchaincode/contract.go:637.71,641.3 1 0
github.com/retf/source/v2/fabric/s3productionchaincode/contract.go:642.2,642.42 1 0
github.com/retf/source/v2/fabric/s3productionchaincode/contract.go:642.42,644.3 1 0
github.com/retf/source/v2/fabric/s3productionchaincode/contract.go:645.2,647.16 3 0
github.com/retf/source/v2/fabric/s3productionchaincode/contract.go:647.16,649.3 1 0
github.com/retf/source/v2/fabric/s3productionchaincode/contract.go:650.2,650.24 1 0
github.com/retf/source/v2/fabric/s3productionchaincode/contract.go:650.24,652.3 1 0
github.com/retf/source/v2/fabric/s3productionchaincode/contract.go:653.2,655.50 3 0
github.com/retf/source/v2/fabric/s3productionchaincode/contract.go:655.50,657.3 1 0
github.com/retf/source/v2/fabric/s3productionchaincode/contract.go:658.2,658.21 1 0
github.com/retf/source/v2/fabric/s3productionchaincode/contract.go:665.34,667.16 2 0
github.com/retf/source/v2/fabric/s3productionchaincode/contract.go:667.16,669.3 1 0
github.com/retf/source/v2/fabric/s3productionchaincode/contract.go:670.2,671.65 2 0
github.com/retf/source/v2/fabric/s3productionchaincode/contract.go:671.65,673.3 1 0
github.com/retf/source/v2/fabric/s3productionchaincode/contract.go:674.2,676.21 1 0
github.com/retf/source/v2/fabric/s3productionchaincode/contract.go:676.21,678.3 1 0
github.com/retf/source/v2/fabric/s3productionchaincode/contract.go:679.2,679.32 1 0
github.com/retf/source/v2/fabric/s3productionchaincode/contract.go:679.32,683.3 1 0
github.com/retf/source/v2/fabric/s3productionchaincode/contract.go:684.2,685.16 2 0
github.com/retf/source/v2/fabric/s3productionchaincode/contract.go:685.16,687.3 1 0
github.com/retf/source/v2/fabric/s3productionchaincode/contract.go:688.2,691.4 2 0
github.com/retf/source/v2/fabric/s3productionchaincode/contract.go:691.4,693.3 1 0
github.com/retf/source/v2/fabric/s3productionchaincode/contract.go:694.2,700.16 2 0
github.com/retf/source/v2/fabric/s3productionchaincode/contract.go:700.16,702.3 1 0
github.com/retf/source/v2/fabric/s3productionchaincode/contract.go:703.2,706.32 1 0
github.com/retf/source/v2/fabric/s3productionchaincode/contract.go:706.32,708.3 1 0
github.com/retf/source/v2/fabric/s3productionchaincode/contract.go:709.2,710.59 2 0
github.com/retf/source/v2/fabric/s3productionchaincode/contract.go:710.59,712.3 1 0
github.com/retf/source/v2/fabric/s3productionchaincode/contract.go:713.2,717.66 3 0
github.com/retf/source/v2/fabric/s3productionchaincode/contract.go:717.66,719.3 1 0
github.com/retf/source/v2/fabric/s3productionchaincode/contract.go:720.2,721.34 2 0
github.com/retf/source/v2/fabric/s3productionchaincode/contract.go:721.34,723.3 1 0
github.com/retf/source/v2/fabric/s3productionchaincode/contract.go:724.2,734.28 2 0
github.com/retf/source/v2/fabric/s3productionchaincode/contract.go:734.28,736.3 1 0
github.com/retf/source/v2/fabric/s3productionchaincode/contract.go:737.2,742.38 2 0
github.com/retf/source/v2/fabric/s3productionchaincode/contract.go:742.38,744.3 1 0
github.com/retf/source/v2/fabric/s3productionchaincode/contract.go:745.2,747.4 1 0
github.com/retf/source/v2/fabric/s3productionchaincode/contract.go:747.4,751.3 1 0
github.com/retf/source/v2/fabric/s3productionchaincode/contract.go:752.2,757.46 2 0
github.com/retf/source/v2/fabric/s3productionchaincode/contract.go:757.46,759.3 1 0
github.com/retf/source/v2/fabric/s3productionchaincode/contract.go:760.2,761.16 2 0
github.com/retf/source/v2/fabric/s3productionchaincode/contract.go:761.16,763.3 1 0
github.com/retf/source/v2/fabric/s3productionchaincode/contract.go:764.2,764.24 1 0
github.com/retf/source/v2/fabric/s3productionchaincode/contract.go:764.24,766.3 1 0
github.com/retf/source/v2/fabric/s3productionchaincode/contract.go:767.2,770.16 2 0
github.com/retf/source/v2/fabric/s3productionchaincode/contract.go:770.16,772.3 1 0
github.com/retf/source/v2/fabric/s3productionchaincode/contract.go:773.2,773.20 1 0
github.com/retf/source/v2/fabric/s3productionchaincode/contract.go:773.20,777.3 1 0
github.com/retf/source/v2/fabric/s3productionchaincode/contract.go:778.2,785.75 2 0
github.com/retf/source/v2/fabric/s3productionchaincode/contract.go:785.75,787.3 1 0
github.com/retf/source/v2/fabric/s3productionchaincode/contract.go:788.2,791.16 1 0
github.com/retf/source/v2/fabric/s3productionchaincode/contract.go:791.16,793.3 1 0
github.com/retf/source/v2/fabric/s3productionchaincode/contract.go:794.2,794.23 1 0
github.com/retf/source/v2/fabric/s3productionchaincode/contract.go:800.32,802.16 2 0
github.com/retf/source/v2/fabric/s3productionchaincode/contract.go:802.16,804.3 1 0
github.com/retf/source/v2/fabric/s3productionchaincode/contract.go:805.2,806.65 2 0
github.com/retf/source/v2/fabric/s3productionchaincode/contract.go:806.65,808.3 1 0
github.com/retf/source/v2/fabric/s3productionchaincode/contract.go:809.2,810.26 1 0
github.com/retf/source/v2/fabric/s3productionchaincode/contract.go:810.26,812.3 1 0
github.com/retf/source/v2/fabric/s3productionchaincode/contract.go:813.2,813.42 1 0
github.com/retf/source/v2/fabric/s3productionchaincode/contract.go:813.42,815.3 1 0
github.com/retf/source/v2/fabric/s3productionchaincode/contract.go:816.2,821.16 2 0
github.com/retf/source/v2/fabric/s3productionchaincode/contract.go:821.16,823.3 1 0
github.com/retf/source/v2/fabric/s3productionchaincode/contract.go:824.2,825.55 1 0
github.com/retf/source/v2/fabric/s3productionchaincode/contract.go:825.55,827.3 1 0
github.com/retf/source/v2/fabric/s3productionchaincode/contract.go:828.2,830.16 3 0
github.com/retf/source/v2/fabric/s3productionchaincode/contract.go:830.16,832.3 1 0
github.com/retf/source/v2/fabric/s3productionchaincode/contract.go:833.2,833.24 1 0
github.com/retf/source/v2/fabric/s3productionchaincode/contract.go:833.24,835.3 1 0
github.com/retf/source/v2/fabric/s3productionchaincode/contract.go:836.2,837.34 2 0
github.com/retf/source/v2/fabric/s3productionchaincode/contract.go:837.34,839.3 1 0
github.com/retf/source/v2/fabric/s3productionchaincode/contract.go:840.2,845.59 2 0
github.com/retf/source/v2/fabric/s3productionchaincode/contract.go:845.59,849.17 2 0
github.com/retf/source/v2/fabric/s3productionchaincode/contract.go:849.17,851.4 1 0
github.com/retf/source/v2/fabric/s3productionchaincode/contract.go:852.3,867.45 2 0
github.com/retf/source/v2/fabric/s3productionchaincode/contract.go:867.45,871.4 1 0
github.com/retf/source/v2/fabric/s3productionchaincode/contract.go:872.3,875.17 2 0
github.com/retf/source/v2/fabric/s3productionchaincode/contract.go:875.17,877.4 1 0
github.com/retf/source/v2/fabric/s3productionchaincode/contract.go:878.3,878.50 1 0
github.com/retf/source/v2/fabric/s3productionchaincode/contract.go:878.50,882.4 1 0
github.com/retf/source/v2/fabric/s3productionchaincode/contract.go:883.3,894.29 3 0
github.com/retf/source/v2/fabric/s3productionchaincode/contract.go:894.29,896.4 1 0
github.com/retf/source/v2/fabric/s3productionchaincode/contract.go:897.3,902.39 2 0
github.com/retf/source/v2/fabric/s3productionchaincode/contract.go:902.39,904.4 1 0
github.com/retf/source/v2/fabric/s3productionchaincode/contract.go:905.3,908.69 2 0
github.com/retf/source/v2/fabric/s3productionchaincode/contract.go:908.69,910.4 1 0
github.com/retf/source/v2/fabric/s3productionchaincode/contract.go:912.2,913.67 2 0
github.com/retf/source/v2/fabric/s3productionchaincode/contract.go:913.67,917.3 1 0
github.com/retf/source/v2/fabric/s3productionchaincode/contract.go:918.2,919.16 2 0
github.com/retf/source/v2/fabric/s3productionchaincode/contract.go:919.16,921.3 1 0
github.com/retf/source/v2/fabric/s3productionchaincode/contract.go:922.2,924.57 3 0
github.com/retf/source/v2/fabric/s3productionchaincode/contract.go:924.57,926.3 1 0
github.com/retf/source/v2/fabric/s3productionchaincode/contract.go:927.2,927.94 1 0
github.com/retf/source/v2/fabric/s3productionchaincode/contract.go:927.94,929.3 1 0
github.com/retf/source/v2/fabric/s3productionchaincode/contract.go:930.2,930.21 1 0
github.com/retf/source/v2/fabric/s3productionchaincode/contract.go:936.36,937.59 1 0
github.com/retf/source/v2/fabric/s3productionchaincode/contract.go:937.59,939.3 1 0
github.com/retf/source/v2/fabric/s3productionchaincode/contract.go:940.2,941.69 2 0
github.com/retf/source/v2/fabric/s3productionchaincode/contract.go:941.69,943.3 1 0
github.com/retf/source/v2/fabric/s3productionchaincode/contract.go:944.2,945.80 2 0
github.com/retf/source/v2/fabric/s3productionchaincode/contract.go:945.80,947.3 1 0
github.com/retf/source/v2/fabric/s3productionchaincode/contract.go:948.2,953.16 2 0
github.com/retf/source/v2/fabric/s3productionchaincode/contract.go:953.16,955.3 1 0
github.com/retf/source/v2/fabric/s3productionchaincode/contract.go:956.2,968.33 1 0
github.com/retf/source/v2/fabric/s3productionchaincode/contract.go:968.33,970.3 1 0
github.com/retf/source/v2/fabric/s3productionchaincode/contract.go:971.2,978.4 1 0
github.com/retf/source/v2/fabric/s3productionchaincode/contract.go:978.4,979.53 1 0
github.com/retf/source/v2/fabric/s3productionchaincode/contract.go:979.53,981.4 1 0
github.com/retf/source/v2/fabric/s3productionchaincode/contract.go:983.2,984.59 2 0
github.com/retf/source/v2/fabric/s3productionchaincode/contract.go:984.59,986.3 1 0
github.com/retf/source/v2/fabric/s3productionchaincode/contract.go:987.2,991.71 3 0
github.com/retf/source/v2/fabric/s3productionchaincode/contract.go:991.71,993.3 1 0
github.com/retf/source/v2/fabric/s3productionchaincode/contract.go:994.2,996.16 3 0
github.com/retf/source/v2/fabric/s3productionchaincode/contract.go:996.16,998.3 1 0
github.com/retf/source/v2/fabric/s3productionchaincode/contract.go:999.2,999.24 1 0
github.com/retf/source/v2/fabric/s3productionchaincode/contract.go:999.24,1001.3 1 0
github.com/retf/source/v2/fabric/s3productionchaincode/contract.go:1002.2,1002.52 1 0
github.com/retf/source/v2/fabric/s3productionchaincode/contract.go:1002.52,1004.3 1 0
github.com/retf/source/v2/fabric/s3productionchaincode/contract.go:1005.2,1005.23 1 0
github.com/retf/source/v2/fabric/s3productionchaincode/contract.go:1013.32,1015.16 2 1
github.com/retf/source/v2/fabric/s3productionchaincode/contract.go:1015.16,1017.3 1 0
github.com/retf/source/v2/fabric/s3productionchaincode/contract.go:1018.2,1020.16 3 1
github.com/retf/source/v2/fabric/s3productionchaincode/contract.go:1020.16,1022.3 1 0
github.com/retf/source/v2/fabric/s3productionchaincode/contract.go:1023.2,1023.24 1 1
github.com/retf/source/v2/fabric/s3productionchaincode/contract.go:1023.24,1025.3 1 0
github.com/retf/source/v2/fabric/s3productionchaincode/contract.go:1026.2,1027.71 2 1
github.com/retf/source/v2/fabric/s3productionchaincode/contract.go:1027.71,1029.3 1 0
github.com/retf/source/v2/fabric/s3productionchaincode/contract.go:1030.2,1035.16 2 1
github.com/retf/source/v2/fabric/s3productionchaincode/contract.go:1035.16,1037.3 1 0
github.com/retf/source/v2/fabric/s3productionchaincode/contract.go:1038.2,1039.67 2 1
github.com/retf/source/v2/fabric/s3productionchaincode/contract.go:1039.67,1041.3 1 0
github.com/retf/source/v2/fabric/s3productionchaincode/contract.go:1042.2,1042.56 1 1
github.com/retf/source/v2/fabric/s3productionchaincode/contract.go:1042.56,1044.3 1 0
github.com/retf/source/v2/fabric/s3productionchaincode/contract.go:1045.2,1051.59 1 1
github.com/retf/source/v2/fabric/s3productionchaincode/contract.go:1051.59,1053.3 1 0
github.com/retf/source/v2/fabric/s3productionchaincode/contract.go:1054.2,1055.73 2 1
github.com/retf/source/v2/fabric/s3productionchaincode/contract.go:1055.73,1057.3 1 0
github.com/retf/source/v2/fabric/s3productionchaincode/contract.go:1058.2,1058.46 1 1
github.com/retf/source/v2/fabric/s3productionchaincode/contract.go:1058.46,1060.3 1 1
github.com/retf/source/v2/fabric/s3productionchaincode/contract.go:1061.2,1064.51 4 1
github.com/retf/source/v2/fabric/s3productionchaincode/contract.go:1064.51,1070.17 2 1
github.com/retf/source/v2/fabric/s3productionchaincode/contract.go:1070.17,1072.4 1 0
github.com/retf/source/v2/fabric/s3productionchaincode/contract.go:1073.3,1074.51 1 1
github.com/retf/source/v2/fabric/s3productionchaincode/contract.go:1074.51,1076.4 1 0
github.com/retf/source/v2/fabric/s3productionchaincode/contract.go:1077.3,1077.21 1 1
github.com/retf/source/v2/fabric/s3productionchaincode/contract.go:1077.21,1079.4 1 1
github.com/retf/source/v2/fabric/s3productionchaincode/contract.go:1079.9,1079.44 1 1
github.com/retf/source/v2/fabric/s3productionchaincode/contract.go:1079.44,1081.4 1 0
github.com/retf/source/v2/fabric/s3productionchaincode/contract.go:1083.2,1083.45 1 1
github.com/retf/source/v2/fabric/s3productionchaincode/contract.go:1083.45,1086.50 1 1
github.com/retf/source/v2/fabric/s3productionchaincode/contract.go:1086.50,1088.4 1 0
github.com/retf/source/v2/fabric/s3productionchaincode/contract.go:1089.3,1089.63 1 1
github.com/retf/source/v2/fabric/s3productionchaincode/contract.go:1089.63,1091.4 1 1
github.com/retf/source/v2/fabric/s3productionchaincode/contract.go:1092.3,1101.51 4 1
github.com/retf/source/v2/fabric/s3productionchaincode/contract.go:1101.51,1103.4 1 0
github.com/retf/source/v2/fabric/s3productionchaincode/contract.go:1105.2,1123.54 2 0
github.com/retf/source/v2/fabric/s3productionchaincode/contract.go:1123.54,1125.3 1 0
github.com/retf/source/v2/fabric/s3productionchaincode/contract.go:1126.2,1126.88 1 0
github.com/retf/source/v2/fabric/s3productionchaincode/contract.go:1126.88,1128.3 1 0
github.com/retf/source/v2/fabric/s3productionchaincode/contract.go:1129.2,1129.19 1 0
github.com/retf/source/v2/fabric/s3productionchaincode/contract.go:1136.29,1140.16 2 0
github.com/retf/source/v2/fabric/s3productionchaincode/contract.go:1140.16,1142.3 1 0
github.com/retf/source/v2/fabric/s3productionchaincode/contract.go:1143.2,1143.21 1 0
github.com/retf/source/v2/fabric/s3productionchaincode/contract.go:1149.32,1151.71 2 0
github.com/retf/source/v2/fabric/s3productionchaincode/contract.go:1151.71,1153.3 1 0
github.com/retf/source/v2/fabric/s3productionchaincode/contract.go:1154.2,1154.21 1 0
github.com/retf/source/v2/fabric/s3productionchaincode/contract.go:1160.34,1161.76 1 0
github.com/retf/source/v2/fabric/s3productionchaincode/contract.go:1161.76,1163.3 1 0
github.com/retf/source/v2/fabric/s3productionchaincode/contract.go:1164.2,1165.77 2 0
github.com/retf/source/v2/fabric/s3productionchaincode/contract.go:1165.77,1167.3 1 0
github.com/retf/source/v2/fabric/s3productionchaincode/contract.go:1168.2,1168.21 1 0
github.com/retf/source/v2/fabric/s3productionchaincode/contract.go:1175.36,1176.33 1 0
github.com/retf/source/v2/fabric/s3productionchaincode/contract.go:1176.33,1178.3 1 0
github.com/retf/source/v2/fabric/s3productionchaincode/contract.go:1179.2,1184.16 2 0
github.com/retf/source/v2/fabric/s3productionchaincode/contract.go:1184.16,1186.3 1 0
github.com/retf/source/v2/fabric/s3productionchaincode/contract.go:1187.2,1187.21 1 0
github.com/retf/source/v2/fabric/s3productionchaincode/contract.go:1193.32,1195.69 2 0
github.com/retf/source/v2/fabric/s3productionchaincode/contract.go:1195.69,1197.3 1 0
github.com/retf/source/v2/fabric/s3productionchaincode/contract.go:1198.2,1198.21 1 0
github.com/retf/source/v2/fabric/s3productionchaincode/contract.go:1205.9,1207.16 2 0
github.com/retf/source/v2/fabric/s3productionchaincode/contract.go:1207.16,1209.3 1 0
github.com/retf/source/v2/fabric/s3productionchaincode/contract.go:1210.2,1210.45 1 0
github.com/retf/source/v2/fabric/s3productionchaincode/contract.go:1217.9,1219.16 2 1
github.com/retf/source/v2/fabric/s3productionchaincode/contract.go:1219.16,1221.3 1 0
github.com/retf/source/v2/fabric/s3productionchaincode/contract.go:1222.2,1222.23 1 1
github.com/retf/source/v2/fabric/s3productionchaincode/contract.go:1222.23,1224.3 1 0
github.com/retf/source/v2/fabric/s3productionchaincode/contract.go:1225.2,1227.47 3 1
github.com/retf/source/v2/fabric/s3productionchaincode/contract.go:1227.47,1229.3 1 0
github.com/retf/source/v2/fabric/s3productionchaincode/contract.go:1230.2,1230.65 1 1
github.com/retf/source/v2/fabric/s3productionchaincode/contract.go:1230.65,1232.3 1 0
github.com/retf/source/v2/fabric/s3productionchaincode/contract.go:1233.2,1233.12 1 1
github.com/retf/source/v2/fabric/s3productionchaincode/contract.go:1236.33,1238.16 2 1
github.com/retf/source/v2/fabric/s3productionchaincode/contract.go:1238.16,1239.13 1 0
github.com/retf/source/v2/fabric/s3productionchaincode/contract.go:1241.2,1241.16 1 1
github.com/retf/source/v2/fmatch/reference/oracle.go:28.44,30.2 1 0
github.com/retf/source/v2/fmatch/reference/oracle.go:32.59,34.2 1 1
github.com/retf/source/v2/fmatch/reference/oracle.go:36.34,38.33 2 1
github.com/retf/source/v2/fmatch/reference/oracle.go:38.33,40.3 1 1
github.com/retf/source/v2/fmatch/reference/oracle.go:41.2,41.16 1 0
github.com/retf/source/v2/fmatch/reference/oracle.go:41.16,43.3 1 0
github.com/retf/source/v2/fmatch/reference/oracle.go:44.2,44.25 1 0
github.com/retf/source/v2/fmatch/reference/oracle.go:47.46,48.48 1 1
github.com/retf/source/v2/fmatch/reference/oracle.go:48.48,49.28 1 1
github.com/retf/source/v2/fmatch/reference/oracle.go:49.28,51.4 1 1
github.com/retf/source/v2/fmatch/reference/oracle.go:53.2,53.14 1 0
github.com/retf/source/v2/fmatch/reference/oracle.go:56.62,58.76 2 1
github.com/retf/source/v2/fmatch/reference/oracle.go:58.76,60.3 1 0
github.com/retf/source/v2/fmatch/reference/oracle.go:61.2,61.12 1 1
github.com/retf/source/v2/fmatch/reference/oracle.go:64.40,72.2 1 1
github.com/retf/source/v2/fmatch/reference/oracle.go:78.67,80.16 2 1
github.com/retf/source/v2/fmatch/reference/oracle.go:80.16,82.3 1 0
github.com/retf/source/v2/fmatch/reference/oracle.go:83.2,84.43 2 1
github.com/retf/source/v2/fmatch/reference/oracle.go:87.65,91.44 4 1
github.com/retf/source/v2/fmatch/reference/oracle.go:91.44,92.92 1 1
github.com/retf/source/v2/fmatch/reference/oracle.go:92.92,94.4 1 0
github.com/retf/source/v2/fmatch/reference/oracle.go:95.3,95.45 1 1
github.com/retf/source/v2/fmatch/reference/oracle.go:97.2,98.16 2 1
github.com/retf/source/v2/fmatch/reference/oracle.go:98.16,100.3 1 0
github.com/retf/source/v2/fmatch/reference/oracle.go:101.2,102.43 2 1
github.com/retf/source/v2/fmatch/reference/oracle.go:105.44,108.16 3 1
github.com/retf/source/v2/fmatch/reference/oracle.go:108.16,110.3 1 0
github.com/retf/source/v2/fmatch/reference/oracle.go:111.2,112.19 2 1
github.com/retf/source/v2/fmatch/reference/oracle.go:115.54,118.41 3 1
github.com/retf/source/v2/fmatch/reference/oracle.go:118.41,120.17 2 1
github.com/retf/source/v2/fmatch/reference/oracle.go:120.17,122.4 1 0
github.com/retf/source/v2/fmatch/reference/oracle.go:123.3,123.24 1 1
github.com/retf/source/v2/fmatch/reference/oracle.go:125.2,127.16 3 1
github.com/retf/source/v2/fmatch/reference/oracle.go:127.16,129.3 1 0
github.com/retf/source/v2/fmatch/reference/oracle.go:130.2,131.19 2 1
github.com/retf/source/v2/fmatch/reference/oracle.go:134.44,135.46 1 1
github.com/retf/source/v2/fmatch/reference/oracle.go:135.46,137.3 1 1
github.com/retf/source/v2/fmatch/reference/oracle.go:138.2,138.87 1 1
github.com/retf/source/v2/fmatch/reference/oracle.go:138.87,140.3 1 0
github.com/retf/source/v2/fmatch/reference/oracle.go:141.2,141.45 1 1
github.com/retf/source/v2/fmatch/reference/oracle.go:141.45,143.3 1 0
github.com/retf/source/v2/fmatch/reference/oracle.go:144.2,144.40 1 1
github.com/retf/source/v2/fmatch/reference/oracle.go:144.40,146.3 1 0
github.com/retf/source/v2/fmatch/reference/oracle.go:147.2,147.48 1 1
github.com/retf/source/v2/fmatch/reference/oracle.go:147.48,149.3 1 1
github.com/retf/source/v2/fmatch/reference/oracle.go:150.2,150.94 1 1
github.com/retf/source/v2/fmatch/reference/oracle.go:150.94,152.3 1 0
github.com/retf/source/v2/fmatch/reference/oracle.go:153.2,153.98 1 1
github.com/retf/source/v2/fmatch/reference/oracle.go:153.98,155.3 1 0
github.com/retf/source/v2/fmatch/reference/oracle.go:156.2,156.100 1 1
github.com/retf/source/v2/fmatch/reference/oracle.go:156.100,158.3 1 0
github.com/retf/source/v2/fmatch/reference/oracle.go:160.2,163.41 4 1
github.com/retf/source/v2/fmatch/reference/oracle.go:163.41,164.54 1 1
github.com/retf/source/v2/fmatch/reference/oracle.go:164.54,166.4 1 0
github.com/retf/source/v2/fmatch/reference/oracle.go:167.3,168.103 2 1
github.com/retf/source/v2/fmatch/reference/oracle.go:168.103,170.4 1 0
github.com/retf/source/v2/fmatch/reference/oracle.go:171.3,171.69 1 1
github.com/retf/source/v2/fmatch/reference/oracle.go:171.69,173.4 1 1
github.com/retf/source/v2/fmatch/reference/oracle.go:174.3,174.54 1 1
github.com/retf/source/v2/fmatch/reference/oracle.go:174.54,176.4 1 0
github.com/retf/source/v2/fmatch/reference/oracle.go:177.3,178.19 2 1
github.com/retf/source/v2/fmatch/reference/oracle.go:178.19,179.53 1 1
github.com/retf/source/v2/fmatch/reference/oracle.go:179.53,181.5 1 0
github.com/retf/source/v2/fmatch/reference/oracle.go:182.4,182.41 1 1
github.com/retf/source/v2/fmatch/reference/oracle.go:184.3,185.17 2 1
github.com/retf/source/v2/fmatch/reference/oracle.go:185.17,187.4 1 0
github.com/retf/source/v2/fmatch/reference/oracle.go:188.3,188.40 1 1
github.com/retf/source/v2/fmatch/reference/oracle.go:188.40,190.4 1 1
github.com/retf/source/v2/fmatch/reference/oracle.go:192.2,192.95 1 1
github.com/retf/source/v2/fmatch/reference/oracle.go:192.95,194.3 1 0
github.com/retf/source/v2/fmatch/reference/oracle.go:195.2,196.16 2 1
github.com/retf/source/v2/fmatch/reference/oracle.go:196.16,198.3 1 0
github.com/retf/source/v2/fmatch/reference/oracle.go:199.2,199.47 1 1
github.com/retf/source/v2/fmatch/reference/oracle.go:199.47,201.3 1 1
github.com/retf/source/v2/fmatch/reference/oracle.go:202.2,202.12 1 1
github.com/retf/source/v2/fmatch/reference/oracle.go:205.66,206.83 1 1
github.com/retf/source/v2/fmatch/reference/oracle.go:206.83,208.3 1 0
github.com/retf/source/v2/fmatch/reference/oracle.go:209.2,209.91 1 1
github.com/retf/source/v2/fmatch/reference/oracle.go:209.91,211.3 1 0
github.com/retf/source/v2/fmatch/reference/oracle.go:212.2,212.17 1 1
github.com/retf/source/v2/fmatch/reference/oracle.go:212.17,215.55 1 1
github.com/retf/source/v2/fmatch/reference/oracle.go:215.55,217.4 1 0
github.com/retf/source/v2/fmatch/reference/oracle.go:218.3,218.13 1 1
github.com/retf/source/v2/fmatch/reference/oracle.go:220.2,220.54 1 1
github.com/retf/source/v2/fmatch/reference/oracle.go:220.54,222.3 1 1
github.com/retf/source/v2/fmatch/reference/oracle.go:223.2,223.66 1 1
github.com/retf/source/v2/fmatch/reference/oracle.go:223.66,225.3 1 1
github.com/retf/source/v2/fmatch/reference/oracle.go:226.2,226.68 1 1
github.com/retf/source/v2/fmatch/reference/oracle.go:226.68,228.3 1 0
github.com/retf/source/v2/fmatch/reference/oracle.go:229.2,230.46 1 1
github.com/retf/source/v2/fmatch/reference/oracle.go:230.46,232.3 1 0
github.com/retf/source/v2/fmatch/reference/oracle.go:233.2,233.81 1 1
github.com/retf/source/v2/fmatch/reference/oracle.go:233.81,235.3 1 0
github.com/retf/source/v2/fmatch/reference/oracle.go:236.2,236.78 1 1
github.com/retf/source/v2/fmatch/reference/oracle.go:236.78,238.3 1 0
github.com/retf/source/v2/fmatch/reference/oracle.go:239.2,239.34 1 1
github.com/retf/source/v2/fmatch/reference/oracle.go:239.34,241.3 1 0
github.com/retf/source/v2/fmatch/reference/oracle.go:242.2,242.12 1 1
github.com/retf/source/v2/fmatch/reference/oracle.go:250.68,251.24 1 1
github.com/retf/source/v2/fmatch/reference/oracle.go:251.24,253.3 1 1
github.com/retf/source/v2/fmatch/reference/oracle.go:254.2,255.22 2 1
github.com/retf/source/v2/fmatch/reference/oracle.go:255.22,257.3 1 0
github.com/retf/source/v2/fmatch/reference/oracle.go:258.2,258.46 1 1
github.com/retf/source/v2/fmatch/reference/oracle.go:261.43,263.31 2 0
github.com/retf/source/v2/fmatch/reference/oracle.go:263.31,264.19 1 0
github.com/retf/source/v2/fmatch/reference/oracle.go:264.19,266.4 1 0
github.com/retf/source/v2/fmatch/reference/oracle.go:268.2,268.15 1 0
github.com/retf/source/v2/fmatch/reference/oracle.go:271.82,273.19 2 1
github.com/retf/source/v2/fmatch/reference/oracle.go:273.19,275.3 1 1
github.com/retf/source/v2/fmatch/reference/oracle.go:276.2,278.32 3 1
github.com/retf/source/v2/fmatch/reference/oracle.go:278.32,283.3 4 1
github.com/retf/source/v2/fmatch/reference/oracle.go:284.2,284.62 1 1
github.com/retf/source/v2/fmatch/reference/oracle.go:284.62,286.17 2 1
github.com/retf/source/v2/fmatch/reference/oracle.go:286.17,288.4 1 0
github.com/retf/source/v2/fmatch/reference/oracle.go:289.3,290.17 2 1
github.com/retf/source/v2/fmatch/reference/oracle.go:290.17,292.4 1 0
github.com/retf/source/v2/fmatch/reference/oracle.go:293.3,294.12 2 1
github.com/retf/source/v2/fmatch/reference/oracle.go:294.12,296.4 1 1
github.com/retf/source/v2/fmatch/reference/oracle.go:296.9,298.4 1 1
github.com/retf/source/v2/fmatch/reference/oracle.go:299.3,299.54 1 1
github.com/retf/source/v2/fmatch/reference/oracle.go:301.2,302.35 2 1
github.com/retf/source/v2/fmatch/reference/oracle.go:302.35,304.17 2 1
github.com/retf/source/v2/fmatch/reference/oracle.go:304.17,306.4 1 0
github.com/retf/source/v2/fmatch/reference/oracle.go:307.3,307.30 1 1
github.com/retf/source/v2/fmatch/reference/oracle.go:309.2,310.36 2 1
github.com/retf/source/v2/fmatch/reference/oracle.go:310.36,312.17 2 1
github.com/retf/source/v2/fmatch/reference/oracle.go:312.17,314.4 1 0
github.com/retf/source/v2/fmatch/reference/oracle.go:315.3,315.31 1 1
github.com/retf/source/v2/fmatch/reference/oracle.go:317.2,317.47 1 1
github.com/retf/source/v2/fmatch/reference/oracle.go:317.47,318.53 1 1
github.com/retf/source/v2/fmatch/reference/oracle.go:318.53,320.4 1 1
github.com/retf/source/v2/fmatch/reference/oracle.go:321.3,321.53 1 0
github.com/retf/source/v2/fmatch/reference/oracle.go:321.53,323.4 1 0
github.com/retf/source/v2/fmatch/reference/oracle.go:324.3,324.67 1 0
github.com/retf/source/v2/fmatch/reference/oracle.go:326.2,326.48 1 1
github.com/retf/source/v2/fmatch/reference/oracle.go:326.48,327.55 1 1
github.com/retf/source/v2/fmatch/reference/oracle.go:327.55,329.4 1 1
github.com/retf/source/v2/fmatch/reference/oracle.go:330.3,330.55 1 0
github.com/retf/source/v2/fmatch/reference/oracle.go:330.55,332.4 1 0
github.com/retf/source/v2/fmatch/reference/oracle.go:333.3,333.69 1 0
github.com/retf/source/v2/fmatch/reference/oracle.go:335.2,335.41 1 1
github.com/retf/source/v2/fmatch/reference/oracle.go:338.60,343.25 2 1
github.com/retf/source/v2/fmatch/reference/oracle.go:343.25,345.3 1 0
github.com/retf/source/v2/fmatch/reference/oracle.go:346.2,347.16 2 1
github.com/retf/source/v2/fmatch/reference/oracle.go:347.16,349.3 1 0
github.com/retf/source/v2/fmatch/reference/oracle.go:350.2,351.15 2 1
github.com/retf/source/v2/fmatch/reference/oracle.go:351.15,353.3 1 0
github.com/retf/source/v2/fmatch/reference/oracle.go:354.2,354.35 1 1
github.com/retf/source/v2/fmatch/reference/oracle.go:357.67,359.16 2 1
github.com/retf/source/v2/fmatch/reference/oracle.go:359.16,361.3 1 0
github.com/retf/source/v2/fmatch/reference/oracle.go:362.2,362.19 1 1
github.com/retf/source/v2/fmatch/reference/oracle.go:365.72,367.15 2 1
github.com/retf/source/v2/fmatch/reference/oracle.go:367.15,369.3 1 0
github.com/retf/source/v2/fmatch/reference/oracle.go:370.2,370.17 1 1
github.com/retf/source/v2/fmatch/reference/oracle.go:373.46,374.45 1 1
github.com/retf/source/v2/fmatch/reference/oracle.go:374.45,376.3 1 1
github.com/retf/source/v2/fmatch/reference/oracle.go:377.2,378.37 2 1
github.com/retf/source/v2/fmatch/reference/oracle.go:378.37,379.18 1 1
github.com/retf/source/v2/fmatch/reference/oracle.go:379.18,380.12 1 1
github.com/retf/source/v2/fmatch/reference/oracle.go:382.3,382.28 1 1
github.com/retf/source/v2/fmatch/reference/oracle.go:382.28,384.4 1 1
github.com/retf/source/v2/fmatch/reference/oracle.go:384.9,386.4 1 1
github.com/retf/source/v2/fmatch/reference/oracle.go:388.2,389.16 2 1
github.com/retf/source/v2/fmatch/reference/oracle.go:389.16,391.3 1 0
github.com/retf/source/v2/fmatch/reference/oracle.go:392.2,396.57 5 1
github.com/retf/source/v2/fmatch/reference/oracle.go:396.57,398.33 2 1
github.com/retf/source/v2/fmatch/reference/oracle.go:398.33,400.12 2 0
github.com/retf/source/v2/fmatch/reference/oracle.go:402.3,404.22 3 1
github.com/retf/source/v2/fmatch/reference/oracle.go:404.22,406.4 1 0
github.com/retf/source/v2/fmatch/reference/oracle.go:407.3,408.25 2 1
github.com/retf/source/v2/fmatch/reference/oracle.go:408.25,410.4 1 0
github.com/retf/source/v2/fmatch/reference/oracle.go:411.3,422.17 6 1
github.com/retf/source/v2/fmatch/reference/oracle.go:422.17,424.4 1 0
github.com/retf/source/v2/fmatch/reference/oracle.go:425.3,426.17 2 1
github.com/retf/source/v2/fmatch/reference/oracle.go:426.17,428.4 1 0
github.com/retf/source/v2/fmatch/reference/oracle.go:429.3,429.26 1 1
github.com/retf/source/v2/fmatch/reference/oracle.go:429.26,431.4 1 1
github.com/retf/source/v2/fmatch/reference/oracle.go:432.3,432.27 1 1
github.com/retf/source/v2/fmatch/reference/oracle.go:432.27,434.4 1 1
github.com/retf/source/v2/fmatch/reference/oracle.go:436.2,438.31 3 1
github.com/retf/source/v2/fmatch/reference/oracle.go:438.31,441.17 3 1
github.com/retf/source/v2/fmatch/reference/oracle.go:441.17,443.4 1 0
github.com/retf/source/v2/fmatch/reference/oracle.go:445.2,445.43 1 1
github.com/retf/source/v2/fmatch/reference/oracle.go:445.43,447.3 1 1
github.com/retf/source/v2/fmatch/reference/oracle.go:448.2,448.32 1 1
github.com/retf/source/v2/fmatch/reference/oracle.go:448.32,451.17 3 1
github.com/retf/source/v2/fmatch/reference/oracle.go:451.17,453.4 1 0
github.com/retf/source/v2/fmatch/reference/oracle.go:455.2,455.45 1 1
github.com/retf/source/v2/fmatch/reference/oracle.go:455.45,457.3 1 1
github.com/retf/source/v2/fmatch/reference/oracle.go:458.2,467.16 3 1
github.com/retf/source/v2/fmatch/reference/oracle.go:467.16,469.3 1 0
github.com/retf/source/v2/fmatch/reference/oracle.go:470.2,480.16 4 1
github.com/retf/source/v2/fmatch/reference/oracle.go:480.16,482.3 1 0
github.com/retf/source/v2/fmatch/reference/oracle.go:483.2,491.16 4 1
github.com/retf/source/v2/fmatch/reference/oracle.go:491.16,493.3 1 0
github.com/retf/source/v2/fmatch/reference/oracle.go:494.2,496.20 3 1
github.com/retf/source/v2/fmatch/reference/oracle.go:499.58,501.2 1 1
github.com/retf/source/v2/fmatch/reference/oracle.go:506.67,507.45 1 1
github.com/retf/source/v2/fmatch/reference/oracle.go:507.45,509.3 1 1
github.com/retf/source/v2/fmatch/reference/oracle.go:510.2,517.59 1 1
github.com/retf/source/v2/fmatch/reference/oracle.go:517.59,519.3 1 1
github.com/retf/source/v2/fmatch/reference/oracle.go:520.2,521.54 1 1
github.com/retf/source/v2/fmatch/reference/oracle.go:521.54,523.3 1 1
github.com/retf/source/v2/fmatch/reference/oracle.go:524.2,525.45 2 1
github.com/retf/source/v2/fmatch/reference/oracle.go:525.45,526.19 1 1
github.com/retf/source/v2/fmatch/reference/oracle.go:526.19,532.38 2 1
github.com/retf/source/v2/fmatch/reference/oracle.go:532.38,534.5 1 1
github.com/retf/source/v2/fmatch/reference/oracle.go:535.4,535.12 1 1
github.com/retf/source/v2/fmatch/reference/oracle.go:537.3,537.50 1 1
github.com/retf/source/v2/fmatch/reference/oracle.go:537.50,539.4 1 1
github.com/retf/source/v2/fmatch/reference/oracle.go:541.2,542.16 2 1
github.com/retf/source/v2/fmatch/reference/oracle.go:542.16,544.3 1 0
github.com/retf/source/v2/fmatch/reference/oracle.go:545.2,547.49 3 1
github.com/retf/source/v2/fmatch/reference/oracle.go:547.49,549.3 1 1
github.com/retf/source/v2/fmatch/reference/oracle.go:550.2,560.16 2 1
github.com/retf/source/v2/fmatch/reference/oracle.go:560.16,562.3 1 0
github.com/retf/source/v2/fmatch/reference/oracle.go:563.2,565.57 3 1
github.com/retf/source/v2/fmatch/reference/oracle.go:565.57,567.3 1 1
github.com/retf/source/v2/fmatch/reference/oracle.go:568.2,574.16 2 1
github.com/retf/source/v2/fmatch/reference/oracle.go:574.16,576.3 1 0
github.com/retf/source/v2/fmatch/reference/oracle.go:577.2,578.78 2 1
github.com/retf/source/v2/fmatch/reference/oracle.go:578.78,580.3 1 1
github.com/retf/source/v2/fmatch/reference/oracle.go:581.2,581.12 1 1
github.com/retf/source/v2/fmatch/reference/oracle.go:584.43,585.41 1 1
github.com/retf/source/v2/fmatch/reference/oracle.go:585.41,586.39 1 1
github.com/retf/source/v2/fmatch/reference/oracle.go:586.39,588.4 1 1
github.com/retf/source/v2/fmatch/reference/oracle.go:589.3,589.41 1 1
github.com/retf/source/v2/fmatch/reference/oracle.go:589.41,591.4 1 1
github.com/retf/source/v2/fmatch/reference/oracle.go:592.3,592.55 1 1
github.com/retf/source/v2/fmatch/reference/types.go:143.40,154.2 1 1
github.com/retf/source/v2/mpc/inputbinding/binding.go:118.87,128.2 9 1
github.com/retf/source/v2/mpc/inputbinding/binding.go:134.9,142.77 1 1
github.com/retf/source/v2/mpc/inputbinding/binding.go:142.77,144.3 1 0
github.com/retf/source/v2/mpc/inputbinding/binding.go:145.2,147.60 1 1
github.com/retf/source/v2/mpc/inputbinding/binding.go:147.60,149.3 1 0
github.com/retf/source/v2/mpc/inputbinding/binding.go:150.2,159.94 4 1
github.com/retf/source/v2/mpc/inputbinding/binding.go:159.94,161.3 1 0
github.com/retf/source/v2/mpc/inputbinding/binding.go:162.2,162.12 1 1
github.com/retf/source/v2/mpc/inputbinding/binding.go:282.89,309.2 1 1
github.com/retf/source/v2/mpc/inputbinding/binding.go:314.72,315.99 1 1
github.com/retf/source/v2/mpc/inputbinding/binding.go:315.99,317.3 1 0
github.com/retf/source/v2/mpc/inputbinding/binding.go:318.2,325.4 1 1
github.com/retf/source/v2/mpc/inputbinding/binding.go:325.4,326.37 1 1
github.com/retf/source/v2/mpc/inputbinding/binding.go:326.37,328.4 1 0
github.com/retf/source/v2/mpc/inputbinding/binding.go:330.2,341.4 1 1
github.com/retf/source/v2/mpc/inputbinding/binding.go:341.4,342.56 1 1
github.com/retf/source/v2/mpc/inputbinding/binding.go:342.56,344.4 1 0
github.com/retf/source/v2/mpc/inputbinding/binding.go:346.2,346.58 1 1
github.com/retf/source/v2/mpc/inputbinding/binding.go:346.58,347.56 1 1
github.com/retf/source/v2/mpc/inputbinding/binding.go:347.56,349.4 1 0
github.com/retf/source/v2/mpc/inputbinding/binding.go:351.2,351.68 1 1
github.com/retf/source/v2/mpc/inputbinding/binding.go:351.68,352.56 1 1
github.com/retf/source/v2/mpc/inputbinding/binding.go:352.56,354.4 1 0
github.com/retf/source/v2/mpc/inputbinding/binding.go:356.2,356.61 1 1
github.com/retf/source/v2/mpc/inputbinding/binding.go:356.61,358.3 1 0
github.com/retf/source/v2/mpc/inputbinding/binding.go:359.2,360.75 1 1
github.com/retf/source/v2/mpc/inputbinding/binding.go:360.75,362.3 1 0
github.com/retf/source/v2/mpc/inputbinding/binding.go:363.2,363.121 1 1
github.com/retf/source/v2/mpc/inputbinding/binding.go:363.121,365.3 1 0
github.com/retf/source/v2/mpc/inputbinding/binding.go:366.2,366.31 1 1
github.com/retf/source/v2/mpc/inputbinding/binding.go:366.31,367.76 1 0
github.com/retf/source/v2/mpc/inputbinding/binding.go:367.76,369.4 1 0
github.com/retf/source/v2/mpc/inputbinding/binding.go:370.3,370.93 1 0
github.com/retf/source/v2/mpc/inputbinding/binding.go:370.93,372.4 1 0
github.com/retf/source/v2/mpc/inputbinding/binding.go:374.2,374.54 1 1
github.com/retf/source/v2/mpc/inputbinding/binding.go:377.71,379.16 2 1
github.com/retf/source/v2/mpc/inputbinding/binding.go:379.16,381.3 1 0
github.com/retf/source/v2/mpc/inputbinding/binding.go:382.2,383.42 2 1
github.com/retf/source/v2/mpc/inputbinding/binding.go:386.62,388.16 2 1
github.com/retf/source/v2/mpc/inputbinding/binding.go:388.16,390.3 1 0
github.com/retf/source/v2/mpc/inputbinding/binding.go:391.2,391.78 1 1
github.com/retf/source/v2/mpc/inputbinding/binding.go:391.78,393.3 1 1
github.com/retf/source/v2/mpc/inputbinding/binding.go:394.2,394.12 1 1
github.com/retf/source/v2/mpc/inputbinding/binding.go:425.48,427.2 1 1
github.com/retf/source/v2/mpc/inputbinding/binding.go:429.100,432.75 3 1
github.com/retf/source/v2/mpc/inputbinding/binding.go:432.75,434.3 1 1
github.com/retf/source/v2/mpc/inputbinding/binding.go:435.2,435.59 1 1
github.com/retf/source/v2/mpc/inputbinding/binding.go:435.59,437.3 1 0
github.com/retf/source/v2/mpc/inputbinding/binding.go:438.2,438.59 1 1
github.com/retf/source/v2/mpc/inputbinding/binding.go:438.59,440.3 1 0
github.com/retf/source/v2/mpc/inputbinding/binding.go:441.2,444.18 4 1
github.com/retf/source/v2/mpc/inputbinding/binding.go:550.54,551.90 1 1
github.com/retf/source/v2/mpc/inputbinding/binding.go:551.90,553.3 1 1
github.com/retf/source/v2/mpc/inputbinding/binding.go:554.2,566.4 1 1
github.com/retf/source/v2/mpc/inputbinding/binding.go:566.4,567.37 1 1
github.com/retf/source/v2/mpc/inputbinding/binding.go:567.37,569.4 1 1
github.com/retf/source/v2/mpc/inputbinding/binding.go:571.2,573.35 1 1
github.com/retf/source/v2/mpc/inputbinding/binding.go:573.35,575.3 1 1
github.com/retf/source/v2/mpc/inputbinding/binding.go:576.2,594.4 1 1
github.com/retf/source/v2/mpc/inputbinding/binding.go:594.4,595.56 1 1
github.com/retf/source/v2/mpc/inputbinding/binding.go:595.56,597.4 1 1
github.com/retf/source/v2/mpc/inputbinding/binding.go:599.2,599.62 1 1
github.com/retf/source/v2/mpc/inputbinding/binding.go:599.62,601.3 1 1
github.com/retf/source/v2/mpc/inputbinding/binding.go:602.2,602.80 1 1
github.com/retf/source/v2/mpc/inputbinding/binding.go:602.80,604.3 1 1
github.com/retf/source/v2/mpc/inputbinding/binding.go:605.2,605.136 1 1
github.com/retf/source/v2/mpc/inputbinding/binding.go:605.136,607.3 1 0
github.com/retf/source/v2/mpc/inputbinding/binding.go:608.2,608.37 1 1
github.com/retf/source/v2/mpc/inputbinding/binding.go:608.37,609.84 1 0
github.com/retf/source/v2/mpc/inputbinding/binding.go:609.84,611.4 1 0
github.com/retf/source/v2/mpc/inputbinding/binding.go:612.3,612.94 1 0
github.com/retf/source/v2/mpc/inputbinding/binding.go:612.94,614.4 1 0
github.com/retf/source/v2/mpc/inputbinding/binding.go:616.2,616.12 1 1
github.com/retf/source/v2/mpc/inputbinding/binding.go:622.69,634.16 12 1
github.com/retf/source/v2/mpc/inputbinding/binding.go:634.16,636.3 1 0
github.com/retf/source/v2/mpc/inputbinding/binding.go:637.2,638.42 2 1
github.com/retf/source/v2/mpc/inputbinding/binding.go:641.65,642.48 1 1
github.com/retf/source/v2/mpc/inputbinding/binding.go:642.48,644.3 1 0
github.com/retf/source/v2/mpc/inputbinding/binding.go:645.2,645.35 1 1
github.com/retf/source/v2/mpc/inputbinding/binding.go:648.57,650.16 2 1
github.com/retf/source/v2/mpc/inputbinding/binding.go:650.16,652.3 1 0
github.com/retf/source/v2/mpc/inputbinding/binding.go:653.2,654.43 2 1
github.com/retf/source/v2/mpc/inputbinding/binding.go:657.67,659.16 2 1
github.com/retf/source/v2/mpc/inputbinding/binding.go:659.16,661.3 1 0
github.com/retf/source/v2/mpc/inputbinding/binding.go:662.2,663.23 2 1
github.com/retf/source/v2/mpc/inputbinding/binding.go:667.39,671.16 4 1
github.com/retf/source/v2/mpc/inputbinding/binding.go:671.16,673.3 1 0
github.com/retf/source/v2/mpc/inputbinding/binding.go:674.2,675.12 2 1
github.com/retf/source/v2/mpc/inputbinding/binding.go:678.77,680.2 1 1
github.com/retf/source/v2/mpc/inputbinding/binding.go:682.79,684.2 1 1
github.com/retf/source/v2/mpc/inputbinding/binding.go:686.81,693.16 2 1
github.com/retf/source/v2/mpc/inputbinding/binding.go:693.16,694.13 1 0
github.com/retf/source/v2/mpc/inputbinding/binding.go:696.2,696.58 1 1
github.com/retf/source/v2/mpc/inputbinding/binding.go:699.50,705.2 5 1
github.com/retf/source/v2/mpc/inputbinding/binding.go:707.85,708.102 1 1
github.com/retf/source/v2/mpc/inputbinding/binding.go:708.102,710.3 1 1
github.com/retf/source/v2/mpc/inputbinding/binding.go:711.2,712.55 2 1
github.com/retf/source/v2/mpc/inputbinding/binding.go:712.55,713.39 1 1
github.com/retf/source/v2/mpc/inputbinding/binding.go:713.39,715.4 1 1
github.com/retf/source/v2/mpc/inputbinding/binding.go:716.3,718.33 3 1
github.com/retf/source/v2/mpc/inputbinding/binding.go:718.33,720.4 1 0
github.com/retf/source/v2/mpc/inputbinding/binding.go:720.9,722.4 1 1
github.com/retf/source/v2/mpc/inputbinding/binding.go:724.2,725.105 2 1
github.com/retf/source/v2/mpc/inputbinding/binding.go:725.105,727.3 1 1
github.com/retf/source/v2/mpc/inputbinding/binding.go:728.2,728.12 1 1
github.com/retf/source/v2/mpc/inputbinding/binding.go:731.112,733.70 1 1
github.com/retf/source/v2/mpc/inputbinding/binding.go:733.70,735.3 1 1
github.com/retf/source/v2/mpc/inputbinding/binding.go:736.2,736.57 1 1
github.com/retf/source/v2/mpc/inputbinding/binding.go:736.57,738.3 1 0
github.com/retf/source/v2/mpc/inputbinding/binding.go:739.2,740.76 2 1
github.com/retf/source/v2/mpc/inputbinding/binding.go:740.76,742.3 1 1
github.com/retf/source/v2/mpc/inputbinding/binding.go:743.2,745.100 1 1
github.com/retf/source/v2/mpc/inputbinding/binding.go:745.100,747.3 1 1
github.com/retf/source/v2/mpc/inputbinding/binding.go:748.2,752.57 1 1
github.com/retf/source/v2/mpc/inputbinding/binding.go:752.57,754.3 1 1
github.com/retf/source/v2/mpc/inputbinding/binding.go:755.2,757.24 3 1
github.com/retf/source/v2/mpc/inputbinding/binding.go:757.24,759.3 1 0
github.com/retf/source/v2/mpc/inputbinding/binding.go:760.2,760.97 1 1
github.com/retf/source/v2/mpc/inputbinding/binding.go:760.97,762.3 1 1
github.com/retf/source/v2/mpc/inputbinding/binding.go:763.2,764.9 2 1
github.com/retf/source/v2/mpc/inputbinding/binding.go:764.9,766.3 1 0
github.com/retf/source/v2/mpc/inputbinding/binding.go:767.2,768.61 2 1
github.com/retf/source/v2/mpc/inputbinding/binding.go:768.61,770.3 1 0
github.com/retf/source/v2/mpc/inputbinding/binding.go:771.2,772.9 2 1
github.com/retf/source/v2/mpc/inputbinding/binding.go:772.9,774.3 1 0
github.com/retf/source/v2/mpc/inputbinding/binding.go:775.2,777.87 2 1
github.com/retf/source/v2/mpc/inputbinding/binding.go:777.87,779.3 1 0
github.com/retf/source/v2/mpc/inputbinding/binding.go:780.2,781.9 2 1
github.com/retf/source/v2/mpc/inputbinding/binding.go:781.9,783.3 1 0
github.com/retf/source/v2/mpc/inputbinding/binding.go:784.2,785.61 2 1
github.com/retf/source/v2/mpc/inputbinding/binding.go:785.61,787.3 1 0
github.com/retf/source/v2/mpc/inputbinding/binding.go:788.2,793.69 6 1
github.com/retf/source/v2/mpc/inputbinding/binding.go:793.69,795.10 2 1
github.com/retf/source/v2/mpc/inputbinding/binding.go:795.10,797.4 1 0
github.com/retf/source/v2/mpc/inputbinding/binding.go:798.3,800.89 3 1
github.com/retf/source/v2/mpc/inputbinding/binding.go:800.89,802.4 1 0
github.com/retf/source/v2/mpc/inputbinding/binding.go:803.3,803.17 1 1
github.com/retf/source/v2/mpc/inputbinding/binding.go:803.17,805.4 1 1
github.com/retf/source/v2/mpc/inputbinding/binding.go:806.3,806.44 1 1
github.com/retf/source/v2/mpc/inputbinding/binding.go:806.44,808.4 1 1
github.com/retf/source/v2/mpc/inputbinding/binding.go:809.3,814.5 1 1
github.com/retf/source/v2/mpc/inputbinding/binding.go:814.5,816.17 2 1
github.com/retf/source/v2/mpc/inputbinding/binding.go:817.29,818.29 1 1
github.com/retf/source/v2/mpc/inputbinding/binding.go:819.27,820.27 1 1
github.com/retf/source/v2/mpc/inputbinding/binding.go:821.28,822.27 1 1
github.com/retf/source/v2/mpc/inputbinding/binding.go:823.12,824.26 1 1
github.com/retf/source/v2/mpc/inputbinding/binding.go:826.4,826.43 1 1
github.com/retf/source/v2/mpc/inputbinding/binding.go:826.43,828.5 1 1
github.com/retf/source/v2/mpc/inputbinding/binding.go:829.4,829.31 1 1
github.com/retf/source/v2/mpc/inputbinding/binding.go:832.2,834.51 3 1
github.com/retf/source/v2/mpc/inputbinding/binding.go:834.51,838.3 1 0
github.com/retf/source/v2/mpc/inputbinding/binding.go:839.2,845.73 1 1
github.com/retf/source/v2/mpc/inputbinding/binding.go:845.73,847.3 1 1
github.com/retf/source/v2/mpc/inputbinding/binding.go:848.2,853.31 2 1
github.com/retf/source/v2/mpc/inputbinding/binding.go:853.31,855.3 1 1
github.com/retf/source/v2/mpc/inputbinding/binding.go:856.2,891.90 2 1
github.com/retf/source/v2/mpc/inputbinding/binding.go:891.90,893.3 1 1
github.com/retf/source/v2/mpc/inputbinding/binding.go:894.2,901.56 2 1
github.com/retf/source/v2/mpc/inputbinding/binding.go:901.56,903.3 1 1
github.com/retf/source/v2/mpc/inputbinding/binding.go:904.2,905.79 1 1
github.com/retf/source/v2/mpc/inputbinding/binding.go:905.79,907.3 1 1
github.com/retf/source/v2/mpc/inputbinding/binding.go:908.2,909.67 1 1
github.com/retf/source/v2/mpc/inputbinding/binding.go:909.67,911.3 1 1
github.com/retf/source/v2/mpc/inputbinding/binding.go:912.2,913.63 1 1
github.com/retf/source/v2/mpc/inputbinding/binding.go:913.63,915.3 1 1
github.com/retf/source/v2/mpc/inputbinding/binding.go:916.2,917.67 1 1
github.com/retf/source/v2/mpc/inputbinding/binding.go:917.67,919.3 1 1
github.com/retf/source/v2/mpc/inputbinding/binding.go:920.2,922.54 2 1
github.com/retf/source/v2/mpc/inputbinding/binding.go:922.54,924.3 1 0
github.com/retf/source/v2/mpc/inputbinding/binding.go:925.2,927.63 2 1
github.com/retf/source/v2/mpc/inputbinding/binding.go:927.63,929.3 1 1
github.com/retf/source/v2/mpc/inputbinding/binding.go:930.2,930.89 1 1
github.com/retf/source/v2/mpc/inputbinding/binding.go:930.89,932.3 1 0
github.com/retf/source/v2/mpc/inputbinding/binding.go:933.2,935.16 2 1
github.com/retf/source/v2/mpc/inputbinding/binding.go:935.16,937.3 1 1
github.com/retf/source/v2/mpc/inputbinding/binding.go:938.2,946.35 1 1
github.com/retf/source/v2/mpc/inputbinding/binding.go:946.35,948.3 1 1
github.com/retf/source/v2/mpc/inputbinding/binding.go:949.2,949.112 1 1
github.com/retf/source/v2/mpc/inputbinding/binding.go:949.112,951.3 1 1
github.com/retf/source/v2/mpc/inputbinding/binding.go:952.2,953.16 2 1
github.com/retf/source/v2/mpc/inputbinding/binding.go:953.16,955.3 1 0
github.com/retf/source/v2/mpc/inputbinding/binding.go:956.2,962.16 5 1
github.com/retf/source/v2/mpc/inputbinding/binding.go:962.16,964.3 1 0
github.com/retf/source/v2/mpc/inputbinding/binding.go:965.2,965.15 1 1
github.com/retf/source/v2/mpc/inputbinding/binding.go:965.15,967.3 1 1
github.com/retf/source/v2/mpc/inputbinding/binding.go:968.2,970.16 3 1
github.com/retf/source/v2/mpc/inputbinding/binding.go:970.16,973.3 2 0
github.com/retf/source/v2/mpc/inputbinding/binding.go:974.2,974.131 1 1
github.com/retf/source/v2/mpc/inputbinding/binding.go:974.131,977.3 2 0
github.com/retf/source/v2/mpc/inputbinding/binding.go:978.2,983.32 2 1
github.com/retf/source/v2/mpc/inputbinding/binding.go:986.61,990.2 1 1
github.com/retf/source/v2/mpc/inputbinding/binding.go:992.87,1002.2 9 1
github.com/retf/source/v2/mpc/inputbinding/binding.go:1004.56,1006.48 2 1
github.com/retf/source/v2/mpc/inputbinding/binding.go:1006.48,1008.3 1 0
github.com/retf/source/v2/mpc/inputbinding/binding.go:1009.2,1010.61 2 1
github.com/retf/source/v2/mpc/inputbinding/binding.go:1013.49,1015.77 2 1
github.com/retf/source/v2/mpc/inputbinding/binding.go:1015.77,1017.3 1 1
github.com/retf/source/v2/mpc/inputbinding/binding.go:1018.2,1018.12 1 1
github.com/retf/source/v2/mpc/inputbinding/docker_fmatch_backend.go:47.33,48.50 1 1
github.com/retf/source/v2/mpc/inputbinding/docker_fmatch_backend.go:48.50,50.3 1 0
github.com/retf/source/v2/mpc/inputbinding/docker_fmatch_backend.go:51.2,52.16 2 1
github.com/retf/source/v2/mpc/inputbinding/docker_fmatch_backend.go:52.16,54.3 1 0
github.com/retf/source/v2/mpc/inputbinding/docker_fmatch_backend.go:55.2,56.16 2 1
github.com/retf/source/v2/mpc/inputbinding/docker_fmatch_backend.go:56.16,58.3 1 0
github.com/retf/source/v2/mpc/inputbinding/docker_fmatch_backend.go:59.2,60.16 2 1
github.com/retf/source/v2/mpc/inputbinding/docker_fmatch_backend.go:60.16,62.3 1 0
github.com/retf/source/v2/mpc/inputbinding/docker_fmatch_backend.go:63.2,77.36 1 1
github.com/retf/source/v2/mpc/inputbinding/docker_fmatch_backend.go:77.36,81.3 1 0
github.com/retf/source/v2/mpc/inputbinding/docker_fmatch_backend.go:82.2,86.8 1 1
github.com/retf/source/v2/mpc/inputbinding/docker_fmatch_backend.go:92.35,93.57 1 1
github.com/retf/source/v2/mpc/inputbinding/docker_fmatch_backend.go:93.57,95.3 1 1
github.com/retf/source/v2/mpc/inputbinding/docker_fmatch_backend.go:96.2,96.66 1 1
github.com/retf/source/v2/mpc/inputbinding/docker_fmatch_backend.go:96.66,98.3 1 0
github.com/retf/source/v2/mpc/inputbinding/docker_fmatch_backend.go:99.2,102.16 2 1
github.com/retf/source/v2/mpc/inputbinding/docker_fmatch_backend.go:102.16,106.3 1 0
github.com/retf/source/v2/mpc/inputbinding/docker_fmatch_backend.go:107.2,111.75 2 1
github.com/retf/source/v2/mpc/inputbinding/docker_fmatch_backend.go:111.75,115.3 1 0
github.com/retf/source/v2/mpc/inputbinding/docker_fmatch_backend.go:116.2,121.16 2 1
github.com/retf/source/v2/mpc/inputbinding/docker_fmatch_backend.go:121.16,123.3 1 0
github.com/retf/source/v2/mpc/inputbinding/docker_fmatch_backend.go:125.2,141.16 7 1
github.com/retf/source/v2/mpc/inputbinding/docker_fmatch_backend.go:141.16,145.3 1 0
github.com/retf/source/v2/mpc/inputbinding/docker_fmatch_backend.go:146.2,146.45 1 1
github.com/retf/source/v2/mpc/inputbinding/docker_fmatch_backend.go:146.45,150.3 1 0
github.com/retf/source/v2/mpc/inputbinding/docker_fmatch_backend.go:151.2,154.16 2 1
github.com/retf/source/v2/mpc/inputbinding/docker_fmatch_backend.go:154.16,156.3 1 0
github.com/retf/source/v2/mpc/inputbinding/docker_fmatch_backend.go:157.2,160.16 2 1
github.com/retf/source/v2/mpc/inputbinding/docker_fmatch_backend.go:160.16,161.53 1 0
github.com/retf/source/v2/mpc/inputbinding/docker_fmatch_backend.go:161.53,165.4 1 0
github.com/retf/source/v2/mpc/inputbinding/docker_fmatch_backend.go:166.3,168.4 1 0
github.com/retf/source/v2/mpc/inputbinding/docker_fmatch_backend.go:170.2,172.16 1 1
github.com/retf/source/v2/mpc/inputbinding/docker_fmatch_backend.go:172.16,176.3 1 0
github.com/retf/source/v2/mpc/inputbinding/docker_fmatch_backend.go:177.2,180.16 2 1
github.com/retf/source/v2/mpc/inputbinding/docker_fmatch_backend.go:180.16,184.3 1 0
[...]
github.com/retf/source/v2/mpc/inputbinding/runtime_lifecycle.go:180.9,181.62 1 1
github.com/retf/source/v2/mpc/inputbinding/runtime_lifecycle.go:181.62,183.3 1 0
github.com/retf/source/v2/mpc/inputbinding/runtime_lifecycle.go:184.2,184.113 1 1
github.com/retf/source/v2/mpc/inputbinding/runtime_lifecycle.go:184.113,185.33 1 1
github.com/retf/source/v2/mpc/inputbinding/runtime_lifecycle.go:185.33,187.4 1 0
github.com/retf/source/v2/mpc/inputbinding/runtime_lifecycle.go:188.3,189.13 2 1
github.com/retf/source/v2/mpc/inputbinding/runtime_lifecycle.go:198.9,199.62 1 1
github.com/retf/source/v2/mpc/inputbinding/runtime_lifecycle.go:199.62,201.3 1 0
github.com/retf/source/v2/mpc/inputbinding/runtime_lifecycle.go:202.2,207.73 5 1
github.com/retf/source/v2/mpc/inputbinding/runtime_lifecycle.go:207.73,209.3 1 0
github.com/retf/source/v2/mpc/inputbinding/runtime_lifecycle.go:210.2,214.12 5 1
github.com/retf/source/v2/mpc/inputbinding/runtime_lifecycle.go:220.37,221.23 1 1
github.com/retf/source/v2/mpc/inputbinding/runtime_lifecycle.go:221.23,223.3 1 0
github.com/retf/source/v2/mpc/inputbinding/runtime_lifecycle.go:224.2,227.23 4 1
github.com/retf/source/v2/mpc/inputbinding/runtime_lifecycle.go:235.9,236.23 1 1
github.com/retf/source/v2/mpc/inputbinding/runtime_lifecycle.go:236.23,238.3 1 0
github.com/retf/source/v2/mpc/inputbinding/runtime_lifecycle.go:239.2,243.40 5 1
github.com/retf/source/v2/mpc/inputbinding/runtime_lifecycle.go:243.40,245.3 1 0
github.com/retf/source/v2/mpc/inputbinding/runtime_lifecycle.go:246.2,246.19 1 1
github.com/retf/source/v2/mpc/inputbinding/runtime_lifecycle.go:246.19,247.40 1 1
github.com/retf/source/v2/mpc/inputbinding/runtime_lifecycle.go:247.40,249.4 1 0
github.com/retf/source/v2/mpc/inputbinding/runtime_lifecycle.go:251.2,254.12 4 1
github.com/retf/source/v2/mpc/inputbinding/runtime_profile.go:57.65,60.54 3 1
github.com/retf/source/v2/mpc/inputbinding/runtime_profile.go:60.54,62.3 1 1
github.com/retf/source/v2/mpc/inputbinding/runtime_profile.go:63.2,63.15 1 1
github.com/retf/source/v2/mpc/inputbinding/runtime_profile.go:66.51,67.58 1 1
github.com/retf/source/v2/mpc/inputbinding/runtime_profile.go:67.58,69.3 1 0
github.com/retf/source/v2/mpc/inputbinding/runtime_profile.go:70.2,73.4 1 1
github.com/retf/source/v2/mpc/inputbinding/runtime_profile.go:73.4,74.37 1 1
github.com/retf/source/v2/mpc/inputbinding/runtime_profile.go:74.37,76.4 1 0
github.com/retf/source/v2/mpc/inputbinding/runtime_profile.go:78.2,78.61 1 1
github.com/retf/source/v2/mpc/inputbinding/runtime_profile.go:78.61,80.3 1 0
github.com/retf/source/v2/mpc/inputbinding/runtime_profile.go:81.2,81.63 1 1
github.com/retf/source/v2/mpc/inputbinding/runtime_profile.go:81.63,83.3 1 0
github.com/retf/source/v2/mpc/inputbinding/runtime_profile.go:84.2,84.56 1 1
github.com/retf/source/v2/mpc/inputbinding/runtime_profile.go:84.56,86.3 1 1
github.com/retf/source/v2/mpc/inputbinding/runtime_profile.go:87.2,87.38 1 1
github.com/retf/source/v2/mpc/inputbinding/runtime_profile.go:87.38,91.3 1 1
github.com/retf/source/v2/mpc/inputbinding/runtime_profile.go:92.2,92.66 1 1
github.com/retf/source/v2/mpc/inputbinding/runtime_profile.go:92.66,94.3 1 0
github.com/retf/source/v2/mpc/inputbinding/runtime_profile.go:95.2,102.4 1 1
github.com/retf/source/v2/mpc/inputbinding/runtime_profile.go:102.4,103.56 1 1
github.com/retf/source/v2/mpc/inputbinding/runtime_profile.go:103.56,105.4 1 0
github.com/retf/source/v2/mpc/inputbinding/runtime_profile.go:107.2,107.62 1 1
github.com/retf/source/v2/mpc/inputbinding/runtime_profile.go:107.62,109.3 1 0
github.com/retf/source/v2/mpc/inputbinding/runtime_profile.go:110.2,110.36 1 1
github.com/retf/source/v2/mpc/inputbinding/runtime_profile.go:110.36,112.3 1 0
github.com/retf/source/v2/mpc/inputbinding/runtime_profile.go:113.2,114.50 2 1
github.com/retf/source/v2/mpc/inputbinding/runtime_profile.go:114.50,116.49 1 1
github.com/retf/source/v2/mpc/inputbinding/runtime_profile.go:116.49,118.4 1 0
github.com/retf/source/v2/mpc/inputbinding/runtime_profile.go:119.3,119.51 1 1
github.com/retf/source/v2/mpc/inputbinding/runtime_profile.go:119.51,121.4 1 0
github.com/retf/source/v2/mpc/inputbinding/runtime_profile.go:122.3,123.68 2 1
github.com/retf/source/v2/mpc/inputbinding/runtime_profile.go:123.68,125.4 1 0
github.com/retf/source/v2/mpc/inputbinding/runtime_profile.go:127.2,127.12 1 1
github.com/retf/source/v2/mpc/inputbinding/runtime_profile.go:130.59,132.43 2 1
github.com/retf/source/v2/mpc/inputbinding/runtime_profile.go:132.43,134.3 1 1
github.com/retf/source/v2/mpc/inputbinding/runtime_profile.go:135.2,135.75 1 1
github.com/retf/source/v2/mpc/inputbinding/runtime_profile.go:157.53,159.54 1 1
github.com/retf/source/v2/mpc/inputbinding/runtime_profile.go:159.54,161.3 1 0
github.com/retf/source/v2/mpc/inputbinding/runtime_profile.go:162.2,165.4 1 1
github.com/retf/source/v2/mpc/inputbinding/runtime_profile.go:165.4,167.77 2 1
github.com/retf/source/v2/mpc/inputbinding/runtime_profile.go:167.77,169.4 1 0
github.com/retf/source/v2/mpc/inputbinding/runtime_profile.go:171.2,171.90 1 1
github.com/retf/source/v2/mpc/inputbinding/runtime_profile.go:171.90,173.3 1 0
github.com/retf/source/v2/mpc/inputbinding/runtime_profile.go:174.2,177.4 1 1
github.com/retf/source/v2/mpc/inputbinding/runtime_profile.go:177.4,178.56 1 1
github.com/retf/source/v2/mpc/inputbinding/runtime_profile.go:178.56,180.4 1 0
github.com/retf/source/v2/mpc/inputbinding/runtime_profile.go:182.2,185.4 1 1
github.com/retf/source/v2/mpc/inputbinding/runtime_profile.go:185.4,186.58 1 1
github.com/retf/source/v2/mpc/inputbinding/runtime_profile.go:186.58,188.4 1 0
github.com/retf/source/v2/mpc/inputbinding/runtime_profile.go:190.2,190.102 1 1
github.com/retf/source/v2/mpc/inputbinding/runtime_profile.go:190.102,192.3 1 0
github.com/retf/source/v2/mpc/inputbinding/runtime_profile.go:193.2,194.51 2 1
github.com/retf/source/v2/mpc/inputbinding/runtime_profile.go:194.51,196.74 2 1
github.com/retf/source/v2/mpc/inputbinding/runtime_profile.go:196.74,198.4 1 1
github.com/retf/source/v2/mpc/inputbinding/runtime_profile.go:199.3,199.54 1 1
github.com/retf/source/v2/mpc/inputbinding/runtime_profile.go:199.54,201.4 1 0
github.com/retf/source/v2/mpc/inputbinding/runtime_profile.go:202.3,202.37 1 1
github.com/retf/source/v2/mpc/inputbinding/runtime_profile.go:202.37,204.4 1 0
github.com/retf/source/v2/mpc/inputbinding/runtime_profile.go:205.3,205.25 1 1
github.com/retf/source/v2/mpc/inputbinding/runtime_profile.go:207.2,207.12 1 1
github.com/retf/source/v2/mpc/inputbinding/runtime_profile.go:210.61,211.43 1 1
github.com/retf/source/v2/mpc/inputbinding/runtime_profile.go:211.43,213.3 1 1
github.com/retf/source/v2/mpc/inputbinding/runtime_profile.go:214.2,214.77 1 1
github.com/retf/source/v2/mpc/inputbinding/runtime_profile.go:234.55,238.61 1 1
github.com/retf/source/v2/mpc/inputbinding/runtime_profile.go:238.61,240.3 1 0
github.com/retf/source/v2/mpc/inputbinding/runtime_profile.go:241.2,242.44 1 1
github.com/retf/source/v2/mpc/inputbinding/runtime_profile.go:242.44,244.3 1 0
github.com/retf/source/v2/mpc/inputbinding/runtime_profile.go:245.2,249.4 1 1
github.com/retf/source/v2/mpc/inputbinding/runtime_profile.go:249.4,250.56 1 1
github.com/retf/source/v2/mpc/inputbinding/runtime_profile.go:250.56,252.4 1 0
github.com/retf/source/v2/mpc/inputbinding/runtime_profile.go:254.2,254.41 1 1
github.com/retf/source/v2/mpc/inputbinding/runtime_profile.go:254.41,255.80 1 1
github.com/retf/source/v2/mpc/inputbinding/runtime_profile.go:255.80,257.4 1 0
github.com/retf/source/v2/mpc/inputbinding/runtime_profile.go:259.2,259.44 1 1
github.com/retf/source/v2/mpc/inputbinding/runtime_profile.go:259.44,260.83 1 1
github.com/retf/source/v2/mpc/inputbinding/runtime_profile.go:260.83,262.4 1 0
github.com/retf/source/v2/mpc/inputbinding/runtime_profile.go:264.2,264.56 1 1
github.com/retf/source/v2/mpc/inputbinding/runtime_profile.go:264.56,265.56 1 1
github.com/retf/source/v2/mpc/inputbinding/runtime_profile.go:265.56,267.4 1 0
github.com/retf/source/v2/mpc/inputbinding/runtime_profile.go:269.2,269.12 1 1
github.com/retf/source/v2/mpc/inputbinding/runtime_profile.go:272.61,273.43 1 1
github.com/retf/source/v2/mpc/inputbinding/runtime_profile.go:273.43,275.3 1 0
github.com/retf/source/v2/mpc/inputbinding/runtime_profile.go:276.2,276.76 1 1
github.com/retf/source/v2/mpc/inputbinding/runtime_profile.go:285.64,287.16 2 1
github.com/retf/source/v2/mpc/inputbinding/runtime_profile.go:287.16,289.3 1 0
github.com/retf/source/v2/mpc/inputbinding/runtime_profile.go:290.2,291.43 2 1
github.com/retf/source/v2/mpc/inputbinding/runtime_profile.go:294.84,307.2 1 1
github.com/retf/source/v2/mpc/inputbinding/session_workspace.go:28.80,30.34 2 1
github.com/retf/source/v2/mpc/inputbinding/session_workspace.go:30.34,32.3 1 0
github.com/retf/source/v2/mpc/inputbinding/session_workspace.go:33.2,33.53 1 1
github.com/retf/source/v2/mpc/inputbinding/session_workspace.go:33.53,35.3 1 0
github.com/retf/source/v2/mpc/inputbinding/session_workspace.go:36.2,36.54 1 1
github.com/retf/source/v2/mpc/inputbinding/session_workspace.go:42.33,44.61 2 1
github.com/retf/source/v2/mpc/inputbinding/session_workspace.go:44.61,46.3 1 1
github.com/retf/source/v2/mpc/inputbinding/session_workspace.go:47.2,47.49 1 1
github.com/retf/source/v2/mpc/inputbinding/session_workspace.go:47.49,49.3 1 0
github.com/retf/source/v2/mpc/inputbinding/session_workspace.go:50.2,51.69 2 1
github.com/retf/source/v2/mpc/inputbinding/session_workspace.go:51.69,53.3 1 0
github.com/retf/source/v2/mpc/inputbinding/session_workspace.go:54.2,54.85 1 1
github.com/retf/source/v2/mpc/inputbinding/session_workspace.go:54.85,56.3 1 0
github.com/retf/source/v2/mpc/inputbinding/session_workspace.go:57.2,57.63 1 1
github.com/retf/source/v2/mpc/inputbinding/session_workspace.go:57.63,58.93 1 1
github.com/retf/source/v2/mpc/inputbinding/session_workspace.go:58.93,60.4 1 1
github.com/retf/source/v2/mpc/inputbinding/session_workspace.go:62.2,62.37 1 1
github.com/retf/source/v2/mpc/inputbinding/session_workspace.go:62.37,76.5 3 1
github.com/retf/source/v2/mpc/inputbinding/session_workspace.go:76.5,77.68 1 1
github.com/retf/source/v2/mpc/inputbinding/session_workspace.go:77.68,79.5 1 0
github.com/retf/source/v2/mpc/inputbinding/session_workspace.go:80.4,80.56 1 1
github.com/retf/source/v2/mpc/inputbinding/session_workspace.go:80.56,82.5 1 0
github.com/retf/source/v2/mpc/inputbinding/session_workspace.go:85.2,85.20 1 1
github.com/retf/source/v2/mpc/inputbinding/session_workspace.go:88.70,94.16 2 1
github.com/retf/source/v2/mpc/inputbinding/session_workspace.go:94.16,96.3 1 0
github.com/retf/source/v2/mpc/inputbinding/session_workspace.go:97.2,99.42 3 1
github.com/retf/source/v2/mpc/inputbinding/session_workspace.go:99.42,102.3 2 0
github.com/retf/source/v2/mpc/inputbinding/session_workspace.go:103.2,103.61 1 1
github.com/retf/source/v2/mpc/inputbinding/session_workspace.go:103.61,106.3 2 0
github.com/retf/source/v2/mpc/inputbinding/session_workspace.go:107.2,107.36 1 1
github.com/retf/source/v2/mpc/inputbinding/session_workspace.go:107.36,110.3 2 0
github.com/retf/source/v2/mpc/inputbinding/session_workspace.go:111.2,111.37 1 1
github.com/retf/source/v2/mpc/inputbinding/session_workspace.go:111.37,113.3 1 0
github.com/retf/source/v2/mpc/inputbinding/session_workspace.go:114.2,114.54 1 1
github.com/retf/source/v2/mpc/inputbinding/session_workspace.go:114.54,116.3 1 1
github.com/retf/source/v2/mpc/inputbinding/session_workspace.go:116.8,116.41 1 1
github.com/retf/source/v2/mpc/inputbinding/session_workspace.go:116.41,118.3 1 0
github.com/retf/source/v2/mpc/inputbinding/session_workspace.go:119.2,120.50 2 1
github.com/retf/source/v2/mpc/inputbinding/session_workspace.go:120.50,122.3 1 1
github.com/retf/source/v2/mpc/inputbinding/session_workspace.go:123.2,123.12 1 1
github.com/retf/source/v2/mpc/inputbinding/session_workspace.go:132.19,133.72 1 1
github.com/retf/source/v2/mpc/inputbinding/session_workspace.go:133.72,135.3 1 0
github.com/retf/source/v2/mpc/inputbinding/session_workspace.go:136.2,137.16 2 1
github.com/retf/source/v2/mpc/inputbinding/session_workspace.go:137.16,139.3 1 0
github.com/retf/source/v2/mpc/inputbinding/session_workspace.go:140.2,141.81 2 1
github.com/retf/source/v2/mpc/inputbinding/session_workspace.go:141.81,143.3 1 0
github.com/retf/source/v2/mpc/inputbinding/session_workspace.go:144.2,144.62 1 1
github.com/retf/source/v2/mpc/inputbinding/session_workspace.go:144.62,146.3 1 1
github.com/retf/source/v2/mpc/inputbinding/session_workspace.go:147.2,147.20 1 1
github.com/retf/source/v2/mpc/inputbinding/session_workspace.go:153.9,154.76 1 1
github.com/retf/source/v2/mpc/inputbinding/session_workspace.go:154.76,156.3 1 0
github.com/retf/source/v2/mpc/inputbinding/session_workspace.go:157.2,158.62 2 1
github.com/retf/source/v2/mpc/inputbinding/session_workspace.go:158.62,160.3 1 0
github.com/retf/source/v2/mpc/inputbinding/session_workspace.go:161.2,162.51 2 1
github.com/retf/source/v2/mpc/inputbinding/session_workspace.go:162.51,164.3 1 0
github.com/retf/source/v2/mpc/inputbinding/session_workspace.go:165.2,165.30 1 1
github.com/retf/source/v2/mpc/inputbinding/session_workspace.go:165.30,166.31 1 1
github.com/retf/source/v2/mpc/inputbinding/session_workspace.go:166.31,168.4 1 1
github.com/retf/source/v2/mpc/inputbinding/session_workspace.go:170.2,170.12 1 1
github.com/retf/source/v2/mpc/inputbinding/session_workspace.go:173.64,175.16 2 1
github.com/retf/source/v2/mpc/inputbinding/session_workspace.go:175.16,177.3 1 0
github.com/retf/source/v2/mpc/inputbinding/session_workspace.go:178.2,180.42 3 1
github.com/retf/source/v2/mpc/inputbinding/session_workspace.go:180.42,182.3 1 0
github.com/retf/source/v2/mpc/inputbinding/session_workspace.go:183.2,183.45 1 1
github.com/retf/source/v2/mpc/inputbinding/session_workspace.go:183.45,185.3 1 0
github.com/retf/source/v2/mpc/inputbinding/session_workspace.go:186.2,186.36 1 1
github.com/retf/source/v2/mpc/inputbinding/session_workspace.go:186.36,188.3 1 0
github.com/retf/source/v2/mpc/inputbinding/session_workspace.go:189.2,189.37 1 1
github.com/retf/source/v2/mpc/inputbinding/session_workspace.go:189.37,191.3 1 0
github.com/retf/source/v2/mpc/inputbinding/session_workspace.go:192.2,192.44 1 1
github.com/retf/source/v2/mpc/inputbinding/session_workspace.go:192.44,194.3 1 1
github.com/retf/source/v2/mpc/inputbinding/session_workspace.go:194.8,194.44 1 1
github.com/retf/source/v2/mpc/inputbinding/session_workspace.go:194.44,196.3 1 0
github.com/retf/source/v2/mpc/inputbinding/session_workspace.go:197.2,197.52 1 1
github.com/retf/source/v2/mpc/inputbinding/session_workspace.go:197.52,199.3 1 0
github.com/retf/source/v2/mpc/inputbinding/session_workspace.go:200.2,200.44 1 1
github.com/retf/source/v2/mpc/inputbinding/session_workspace.go:203.48,204.31 1 1
github.com/retf/source/v2/mpc/inputbinding/session_workspace.go:204.31,209.3 1 0
github.com/retf/source/v2/mpc/inputbinding/session_workspace.go:210.2,211.16 2 1
github.com/retf/source/v2/mpc/inputbinding/session_workspace.go:211.16,213.3 1 0
github.com/retf/source/v2/mpc/inputbinding/session_workspace.go:214.2,215.25 2 1
github.com/retf/source/v2/mpc/inputbinding/verified_launcher.go:49.118,68.2 1 1
github.com/retf/source/v2/mpc/inputbinding/verified_launcher.go:70.55,71.23 1 1
github.com/retf/source/v2/mpc/inputbinding/verified_launcher.go:71.23,73.3 1 0
github.com/retf/source/v2/mpc/inputbinding/verified_launcher.go:74.2,79.36 6 1
github.com/retf/source/v2/mpc/inputbinding/verified_launcher.go:86.36,87.41 1 1
github.com/retf/source/v2/mpc/inputbinding/verified_launcher.go:87.41,89.3 1 0
github.com/retf/source/v2/mpc/inputbinding/verified_launcher.go:90.2,90.50 1 1
github.com/retf/source/v2/mpc/inputbinding/verified_launcher.go:90.50,92.3 1 1
github.com/retf/source/v2/mpc/inputbinding/verified_launcher.go:93.2,94.111 1 1
github.com/retf/source/v2/mpc/inputbinding/verified_launcher.go:94.111,96.3 1 1
github.com/retf/source/v2/mpc/inputbinding/verified_launcher.go:98.2,109.15 2 1
github.com/retf/source/v2/mpc/inputbinding/verified_launcher.go:109.15,112.3 2 1
github.com/retf/source/v2/mpc/inputbinding/verified_launcher.go:115.2,115.98 1 1
github.com/retf/source/v2/mpc/inputbinding/verified_launcher.go:115.98,117.3 1 0
github.com/retf/source/v2/mpc/inputbinding/verified_launcher.go:118.2,119.16 2 1
github.com/retf/source/v2/mpc/inputbinding/verified_launcher.go:119.16,121.3 1 1
github.com/retf/source/v2/mpc/inputbinding/verified_launcher.go:122.2,122.128 1 1
github.com/retf/source/v2/mpc/inputbinding/verified_launcher.go:122.128,124.3 1 0
github.com/retf/source/v2/mpc/inputbinding/verified_launcher.go:125.2,125.21 1 1
github.com/retf/source/v2/mpc/inputbinding/verified_launcher.go:135.35,136.20 1 1
github.com/retf/source/v2/mpc/inputbinding/verified_launcher.go:136.20,138.3 1 0
github.com/retf/source/v2/mpc/inputbinding/verified_launcher.go:139.2,140.16 2 1
github.com/retf/source/v2/mpc/inputbinding/verified_launcher.go:140.16,142.3 1 1
github.com/retf/source/v2/mpc/inputbinding/verified_launcher.go:143.2,146.16 3 1
github.com/retf/source/v2/mpc/inputbinding/verified_launcher.go:146.16,148.3 1 0
github.com/retf/source/v2/mpc/inputbinding/verified_launcher.go:149.2,149.118 1 1
github.com/retf/source/v2/mpc/inputbinding/verified_launcher.go:149.118,151.3 1 0
github.com/retf/source/v2/mpc/inputbinding/verified_launcher.go:152.2,153.16 2 1
github.com/retf/source/v2/mpc/inputbinding/verified_launcher.go:153.16,155.114 2 1
github.com/retf/source/v2/mpc/inputbinding/verified_launcher.go:155.114,157.4 1 0
github.com/retf/source/v2/mpc/inputbinding/verified_launcher.go:158.3,158.93 1 1
github.com/retf/source/v2/mpc/inputbinding/verified_launcher.go:160.2,161.75 2 1
github.com/retf/source/v2/mpc/inputbinding/verified_launcher.go:161.75,163.114 2 0
github.com/retf/source/v2/mpc/inputbinding/verified_launcher.go:163.114,165.4 1 0
github.com/retf/source/v2/mpc/inputbinding/verified_launcher.go:166.3,166.108 1 0
github.com/retf/source/v2/mpc/inputbinding/verified_launcher.go:168.2,168.87 1 1
github.com/retf/source/v2/mpc/inputbinding/verified_launcher.go:168.87,170.3 1 0
github.com/retf/source/v2/mpc/inputbinding/verified_launcher.go:171.2,171.87 1 1
github.com/retf/source/v2/mpc/inputbinding/verified_launcher.go:171.87,173.115 2 1
github.com/retf/source/v2/mpc/inputbinding/verified_launcher.go:173.115,175.4 1 0
github.com/retf/source/v2/mpc/inputbinding/verified_launcher.go:176.3,176.107 1 1
github.com/retf/source/v2/mpc/inputbinding/verified_launcher.go:178.2,182.21 5 1
github.com/retf/source/v2/mpc/inputbinding/verified_launcher.go:191.35,192.67 1 1
github.com/retf/source/v2/mpc/inputbinding/verified_launcher.go:192.67,194.3 1 0
github.com/retf/source/v2/mpc/inputbinding/verified_launcher.go:195.2,196.23 2 1
github.com/retf/source/v2/mpc/inputbinding/verified_launcher.go:196.23,198.3 1 0
github.com/retf/source/v2/mpc/inputbinding/verified_launcher.go:199.2,199.37 1 1
github.com/retf/source/v2/mpc/inputbinding/verified_launcher.go:199.37,206.3 1 1
github.com/retf/source/v2/mpc/inputbinding/verified_launcher.go:207.2,207.38 1 1
github.com/retf/source/v2/mpc/inputbinding/verified_launcher.go:207.38,209.3 1 0
github.com/retf/source/v2/mpc/inputbinding/verified_launcher.go:210.2,211.26 2 1
github.com/retf/source/v2/mpc/inputbinding/verified_launcher.go:211.26,213.3 1 0
github.com/retf/source/v2/mpc/inputbinding/verified_launcher.go:214.2,214.34 1 1
github.com/retf/source/v2/mpc/inputbinding/verified_launcher.go:214.34,216.3 1 0
github.com/retf/source/v2/mpc/inputbinding/verified_launcher.go:217.2,217.76 1 1
github.com/retf/source/v2/mpc/inputbinding/verified_launcher.go:217.76,219.3 1 0
github.com/retf/source/v2/mpc/inputbinding/verified_launcher.go:220.2,224.8 1 1
github.com/retf/source/v2/mpc/inputbinding/verified_launcher.go:227.44,230.2 2 1
github.com/retf/source/v2/mpc/inputbinding/verified_launcher.go:232.59,241.2 1 1
