SF:/mnt/g/paperexper/retf/saib-retf/prototype/anoncred-rust/src/bin/s2_1_vector_tool.rs
FN:6,_RNvCs8IzUvPfInhS_16s2_1_vector_tool4main
FN:6,_RNvCsgPgOzaGhQMp_16s2_1_vector_tool4main
FNDA:0,_RNvCs8IzUvPfInhS_16s2_1_vector_tool4main
FNDA:0,_RNvCsgPgOzaGhQMp_16s2_1_vector_tool4main
FNF:1
FNH:0
DA:6,0
DA:7,0
DA:8,0
DA:9,0
DA:10,0
DA:11,0
DA:12,0
DA:13,0
DA:14,0
DA:15,0
DA:16,0
DA:17,0
DA:18,0
DA:19,0
DA:20,0
DA:21,0
DA:22,0
DA:23,0
DA:24,0
DA:25,0
DA:26,0
DA:27,0
DA:28,0
DA:29,0
DA:30,0
DA:31,0
DA:32,0
DA:33,0
DA:34,0
DA:35,0
DA:36,0
DA:37,0
DA:38,0
DA:39,0
DA:40,0
DA:41,0
DA:42,0
DA:43,0
DA:44,0
BRF:0
BRH:0
LF:39
LH:0
end_of_record
SF:/mnt/g/paperexper/retf/saib-retf/prototype/anoncred-rust/src/bin/s2_2_global_issuer.rs
FN:21,_RNvCs4qRKSRRkfSH_18s2_2_global_issuer3run
FN:14,_RNvCs4qRKSRRkfSH_18s2_2_global_issuer4main
FN:33,_RNCNvCs4qRKSRRkfSH_18s2_2_global_issuer3run0B3_
FN:36,_RNCNvCs4qRKSRRkfSH_18s2_2_global_issuer3runs_0B3_
FN:33,_RNCNvCs72W2phndN8F_18s2_2_global_issuer3run0B3_
FN:36,_RNCNvCs72W2phndN8F_18s2_2_global_issuer3runs_0B3_
FN:21,_RNvCs72W2phndN8F_18s2_2_global_issuer3run
FN:14,_RNvCs72W2phndN8F_18s2_2_global_issuer4main
FNDA:0,_RNvCs4qRKSRRkfSH_18s2_2_global_issuer3run
FNDA:0,_RNvCs4qRKSRRkfSH_18s2_2_global_issuer4main
FNDA:0,_RNCNvCs4qRKSRRkfSH_18s2_2_global_issuer3run0B3_
FNDA:0,_RNCNvCs4qRKSRRkfSH_18s2_2_global_issuer3runs_0B3_
FNDA:0,_RNCNvCs72W2phndN8F_18s2_2_global_issuer3run0B3_
FNDA:0,_RNCNvCs72W2phndN8F_18s2_2_global_issuer3runs_0B3_
FNDA:0,_RNvCs72W2phndN8F_18s2_2_global_issuer3run
FNDA:0,_RNvCs72W2phndN8F_18s2_2_global_issuer4main
FNF:4
FNH:0
DA:14,0
DA:15,0
DA:16,0
DA:17,0
DA:18,0
DA:19,0
DA:21,0
DA:22,0
DA:23,0
DA:24,0
DA:25,0
DA:26,0
DA:27,0
DA:29,0
DA:30,0
DA:31,0
DA:32,0
DA:33,0
DA:34,0
DA:35,0
DA:36,0
DA:37,0
DA:38,0
DA:39,0
DA:40,0
DA:41,0
DA:42,0
DA:43,0
DA:44,0
DA:45,0
DA:46,0
DA:47,0
DA:48,0
DA:50,0
DA:51,0
DA:52,0
DA:53,0
DA:54,0
DA:55,0
DA:56,0
DA:57,0
DA:59,0
DA:61,0
DA:62,0
BRF:0
BRH:0
LF:46
LH:0
end_of_record
SF:/mnt/g/paperexper/retf/saib-retf/prototype/anoncred-rust/src/bin/s2_2_holder.rs
FN:57,_RNCNvCs4DhNJrPQaKq_11s2_2_holder3run0B3_
FN:59,_RNCNvCs4DhNJrPQaKq_11s2_2_holder3runs0_0B3_
FN:58,_RNCNvCs4DhNJrPQaKq_11s2_2_holder3runs_0B3_
FN:22,_RNvCs4DhNJrPQaKq_11s2_2_holder3run
FN:15,_RNvCs4DhNJrPQaKq_11s2_2_holder4main
FN:22,_RNvCsaWtpOrAxUU_11s2_2_holder3run
FN:15,_RNvCsaWtpOrAxUU_11s2_2_holder4main
FN:57,_RNCNvCsaWtpOrAxUU_11s2_2_holder3run0B3_
FN:59,_RNCNvCsaWtpOrAxUU_11s2_2_holder3runs0_0B3_
FN:58,_RNCNvCsaWtpOrAxUU_11s2_2_holder3runs_0B3_
FNDA:0,_RNCNvCs4DhNJrPQaKq_11s2_2_holder3run0B3_
FNDA:0,_RNCNvCs4DhNJrPQaKq_11s2_2_holder3runs0_0B3_
FNDA:0,_RNCNvCs4DhNJrPQaKq_11s2_2_holder3runs_0B3_
FNDA:0,_RNvCs4DhNJrPQaKq_11s2_2_holder3run
FNDA:0,_RNvCs4DhNJrPQaKq_11s2_2_holder4main
FNDA:0,_RNvCsaWtpOrAxUU_11s2_2_holder3run
FNDA:0,_RNvCsaWtpOrAxUU_11s2_2_holder4main
FNDA:0,_RNCNvCsaWtpOrAxUU_11s2_2_holder3run0B3_
FNDA:0,_RNCNvCsaWtpOrAxUU_11s2_2_holder3runs0_0B3_
FNDA:0,_RNCNvCsaWtpOrAxUU_11s2_2_holder3runs_0B3_
FNF:5
FNH:0
DA:15,0
DA:16,0
DA:17,0
DA:18,0
DA:19,0
DA:20,0
DA:22,0
DA:23,0
DA:24,0
DA:25,0
DA:26,0
DA:27,0
DA:28,0
DA:29,0
DA:30,0
DA:31,0
DA:32,0
DA:33,0
DA:34,0
DA:35,0
DA:36,0
DA:37,0
DA:38,0
DA:39,0
DA:40,0
DA:41,0
DA:42,0
DA:43,0
DA:44,0
DA:45,0
DA:46,0
DA:47,0
DA:48,0
DA:49,0
DA:51,0
DA:52,0
DA:53,0
DA:54,0
DA:55,0
DA:56,0
DA:57,0
DA:58,0
DA:59,0
DA:60,0
DA:61,0
DA:63,0
DA:64,0
DA:65,0
DA:66,0
DA:67,0
DA:68,0
DA:70,0
DA:71,0
DA:72,0
DA:73,0
DA:74,0
DA:76,0
DA:78,0
DA:79,0
BRF:0
BRH:0
LF:62
LH:0
end_of_record
SF:/mnt/g/paperexper/retf/saib-retf/prototype/anoncred-rust/src/bin/s2_2_regional_issuer.rs
FN:33,_RNCNvCscLKxP5BjpxY_20s2_2_regional_issuer3run0B3_
FN:40,_RNCNvCscLKxP5BjpxY_20s2_2_regional_issuer3runs0_0B3_
FN:36,_RNCNvCscLKxP5BjpxY_20s2_2_regional_issuer3runs_0B3_
FN:21,_RNvCscLKxP5BjpxY_20s2_2_regional_issuer3run
FN:14,_RNvCscLKxP5BjpxY_20s2_2_regional_issuer4main
FN:21,_RNvCshCizlhSmStn_20s2_2_regional_issuer3run
FN:14,_RNvCshCizlhSmStn_20s2_2_regional_issuer4main
FN:33,_RNCNvCshCizlhSmStn_20s2_2_regional_issuer3run0B3_
FN:40,_RNCNvCshCizlhSmStn_20s2_2_regional_issuer3runs0_0B3_
FN:36,_RNCNvCshCizlhSmStn_20s2_2_regional_issuer3runs_0B3_
FNDA:0,_RNCNvCscLKxP5BjpxY_20s2_2_regional_issuer3run0B3_
FNDA:0,_RNCNvCscLKxP5BjpxY_20s2_2_regional_issuer3runs0_0B3_
FNDA:0,_RNCNvCscLKxP5BjpxY_20s2_2_regional_issuer3runs_0B3_
FNDA:0,_RNvCscLKxP5BjpxY_20s2_2_regional_issuer3run
FNDA:0,_RNvCscLKxP5BjpxY_20s2_2_regional_issuer4main
FNDA:0,_RNvCshCizlhSmStn_20s2_2_regional_issuer3run
FNDA:0,_RNvCshCizlhSmStn_20s2_2_regional_issuer4main
FNDA:0,_RNCNvCshCizlhSmStn_20s2_2_regional_issuer3run0B3_
FNDA:0,_RNCNvCshCizlhSmStn_20s2_2_regional_issuer3runs0_0B3_
FNDA:0,_RNCNvCshCizlhSmStn_20s2_2_regional_issuer3runs_0B3_
FNF:5
FNH:0
DA:14,0
DA:15,0
DA:16,0
DA:17,0
DA:18,0
DA:19,0
DA:21,0
DA:22,0
DA:23,0
DA:24,0
DA:25,0
DA:26,0
DA:27,0
DA:29,0
DA:30,0
DA:31,0
DA:32,0
DA:33,0
DA:34,0
DA:35,0
DA:36,0
DA:37,0
DA:38,0
DA:39,0
DA:40,0
DA:41,0
DA:42,0
DA:43,0
DA:44,0
DA:45,0
DA:46,0
DA:47,0
DA:48,0
DA:49,0
DA:50,0
DA:52,0
DA:53,0
DA:54,0
DA:55,0
DA:56,0
DA:57,0
DA:58,0
DA:59,0
DA:61,0
DA:63,0
DA:64,0
BRF:0
BRH:0
LF:49
LH:0
end_of_record
SF:/mnt/g/paperexper/retf/saib-retf/prototype/anoncred-rust/src/bin/s3_committed_input_vector.rs
FN:40,_RNvCshSphZ265Bis_25s3_committed_input_vector4main
FN:40,_RNvCscQthxGr62oR_25s3_committed_input_vector4main
FNDA:0,_RNvCshSphZ265Bis_25s3_committed_input_vector4main
FNDA:0,_RNvCscQthxGr62oR_25s3_committed_input_vector4main
FNF:1
FNH:0
DA:40,0
DA:41,0
DA:42,0
DA:43,0
DA:44,0
DA:45,0
DA:46,0
DA:47,0
DA:48,0
DA:49,0
DA:50,0
DA:51,0
DA:52,0
DA:53,0
DA:54,0
DA:55,0
DA:56,0
DA:57,0
DA:58,0
DA:59,0
DA:60,0
DA:61,0
DA:62,0
DA:63,0
DA:64,0
DA:65,0
DA:66,0
DA:67,0
DA:68,0
DA:69,0
DA:70,0
DA:71,0
DA:72,0
DA:73,0
DA:74,0
DA:75,0
DA:76,0
DA:77,0
DA:78,0
DA:79,0
DA:80,0
DA:81,0
DA:82,0
DA:83,0
DA:84,0
DA:85,0
DA:86,0
DA:87,0
DA:88,0
DA:89,0
DA:90,0
DA:91,0
DA:92,0
DA:93,0
DA:94,0
DA:95,0
DA:96,0
DA:97,0
DA:98,0
DA:99,0
DA:100,0
DA:101,0
DA:102,0
DA:103,0
DA:104,0
DA:105,0
DA:106,0
BRF:0
BRH:0
LF:67
LH:0
end_of_record
SF:/mnt/g/paperexper/retf/saib-retf/prototype/anoncred-rust/src/bin/s3_consistency_verifier.rs
FN:20,_RNvCs4V2KPNHxY2E_23s3_consistency_verifier4main
FN:49,_RNvCs4V2KPNHxY2E_23s3_consistency_verifier6reject
FN:20,_RNvCseV6l7Htnx8Z_23s3_consistency_verifier4main
FN:49,_RNvCseV6l7Htnx8Z_23s3_consistency_verifier6reject
FNDA:0,_RNvCs4V2KPNHxY2E_23s3_consistency_verifier4main
FNDA:0,_RNvCs4V2KPNHxY2E_23s3_consistency_verifier6reject
FNDA:0,_RNvCseV6l7Htnx8Z_23s3_consistency_verifier4main
FNDA:0,_RNvCseV6l7Htnx8Z_23s3_consistency_verifier6reject
FNF:2
FNH:0
DA:20,0
DA:21,0
DA:22,0
DA:23,0
DA:24,0
DA:25,0
DA:26,0
DA:28,0
DA:29,0
DA:30,0
DA:31,0
DA:32,0
DA:34,0
DA:35,0
DA:36,0
DA:37,0
DA:38,0
DA:39,0
DA:40,0
DA:41,0
DA:42,0
DA:43,0
DA:44,0
DA:45,0
DA:47,0
DA:49,0
DA:50,0
DA:51,0
BRF:0
BRH:0
LF:28
LH:0
end_of_record
SF:/mnt/g/paperexper/retf/saib-retf/prototype/anoncred-rust/src/holder.rs
FN:30,_RNvXNtCslV50zAGoXBR_13saib_anoncred6holderNtB2_20PendingBlindIssuanceNtNtNtCs2va5m0jqTTM_4core3ops4drop4Drop4drop
FN:42,_RNvNtCslV50zAGoXBR_13saib_anoncred6holder20begin_blind_issuance
FN:57,_RNvNtCslV50zAGoXBR_13saib_anoncred6holder21finish_blind_issuance
FN:42,_RNvNtCs9ncSd3SpQ4C_13saib_anoncred6holder20begin_blind_issuance
FN:57,_RNvNtCs9ncSd3SpQ4C_13saib_anoncred6holder21finish_blind_issuance
FN:30,_RNvXNtCs9ncSd3SpQ4C_13saib_anoncred6holderNtB2_20PendingBlindIssuanceNtNtNtCs2va5m0jqTTM_4core3ops4drop4Drop4drop
FNDA:82,_RNvXNtCslV50zAGoXBR_13saib_anoncred6holderNtB2_20PendingBlindIssuanceNtNtNtCs2va5m0jqTTM_4core3ops4drop4Drop4drop
FNDA:82,_RNvNtCslV50zAGoXBR_13saib_anoncred6holder20begin_blind_issuance
FNDA:80,_RNvNtCslV50zAGoXBR_13saib_anoncred6holder21finish_blind_issuance
FNDA:0,_RNvNtCs9ncSd3SpQ4C_13saib_anoncred6holder20begin_blind_issuance
FNDA:0,_RNvNtCs9ncSd3SpQ4C_13saib_anoncred6holder21finish_blind_issuance
FNDA:0,_RNvXNtCs9ncSd3SpQ4C_13saib_anoncred6holderNtB2_20PendingBlindIssuanceNtNtNtCs2va5m0jqTTM_4core3ops4drop4Drop4drop
FNF:3
FNH:3
DA:30,82
DA:31,82
DA:32,82
DA:33,82
DA:34,82
DA:35,82
DA:37,82
DA:42,82
DA:43,82
DA:44,82
DA:45,82
DA:46,82
DA:47,82
DA:48,82
DA:49,82
DA:50,82
DA:51,82
DA:52,82
DA:53,82
DA:54,82
DA:57,80
DA:58,80
DA:59,80
DA:60,80
DA:61,80
DA:62,80
DA:63,80
DA:64,80
BRF:0
BRH:0
LF:28
LH:28
end_of_record
SF:/mnt/g/paperexper/retf/saib-retf/prototype/anoncred-rust/src/issuer.rs
FN:12,_RNvNtCslV50zAGoXBR_13saib_anoncred6issuer18sign_blind_request
FN:12,_RNvNtCs9ncSd3SpQ4C_13saib_anoncred6issuer18sign_blind_request
FNDA:81,_RNvNtCslV50zAGoXBR_13saib_anoncred6issuer18sign_blind_request
FNDA:0,_RNvNtCs9ncSd3SpQ4C_13saib_anoncred6issuer18sign_blind_request
FNF:1
FNH:1
DA:12,81
DA:13,81
DA:14,81
DA:15,81
DA:16,81
DA:17,81
DA:18,81
DA:19,81
DA:20,81
BRF:0
BRH:0
LF:9
LH:9
end_of_record
SF:/mnt/g/paperexper/retf/saib-retf/prototype/anoncred-rust/src/lib.rs
FN:126,_RNvXs0_CslV50zAGoXBR_13saib_anoncredNtB5_11WalletStateNtNtNtCs2va5m0jqTTM_4core3ops4drop4Drop4drop
FN:204,_RNvXs1_CslV50zAGoXBR_13saib_anoncredNtB5_23CreditCommitmentOpeningNtNtNtCs2va5m0jqTTM_4core3ops4drop4Drop4drop
FN:1026,_RINvCslV50zAGoXBR_13saib_anoncred12decode_stateNtB2_11IssuerStateEB2_
FN:1026,_RINvCslV50zAGoXBR_13saib_anoncred12decode_stateNtB2_11WalletStateEB2_
FN:1026,_RINvCslV50zAGoXBR_13saib_anoncred12decode_stateNtB2_15TrustedRegistryEB2_
FN:1018,_RINvCslV50zAGoXBR_13saib_anoncred12encode_stateNtB2_11IssuerStateEB2_
FN:1018,_RINvCslV50zAGoXBR_13saib_anoncred12encode_stateNtB2_11WalletStateEB2_
FN:1018,_RINvCslV50zAGoXBR_13saib_anoncred12encode_stateNtB2_15TrustedRegistryEB2_
FN:1041,_RINvCslV50zAGoXBR_13saib_anoncred12state_digestNtB2_15TrustedRegistryEB2_
FN:1041,_RINvCslV50zAGoXBR_13saib_anoncred12state_digestNtNtB2_5roles21PublicRevocationDeltaEB2_
FN:84,_RINvMCslV50zAGoXBR_13saib_anoncredNtB3_8ApiError6cryptoNtNtCs8GO9KFlE3Dq_5alloc6string6StringEB3_
FN:84,_RINvMCslV50zAGoXBR_13saib_anoncredNtB3_8ApiError6cryptoReEB3_
FN:77,_RINvMCslV50zAGoXBR_13saib_anoncredNtB3_8ApiError7requestNtNtCs8GO9KFlE3Dq_5alloc6string6StringEB3_
FN:77,_RINvMCslV50zAGoXBR_13saib_anoncredNtB3_8ApiError7requestReEB3_
FN:1029,_RNCINvCslV50zAGoXBR_13saib_anoncred12decode_stateNtB4_11IssuerStateE0B4_
FN:1029,_RNCINvCslV50zAGoXBR_13saib_anoncred12decode_stateNtB4_11WalletStateE0B4_
FN:1029,_RNCINvCslV50zAGoXBR_13saib_anoncred12decode_stateNtB4_15TrustedRegistryE0B4_
FN:1021,_RNCINvCslV50zAGoXBR_13saib_anoncred12encode_stateNtB4_11IssuerStateE0B4_
FN:1021,_RNCINvCslV50zAGoXBR_13saib_anoncred12encode_stateNtB4_11WalletStateE0B4_
FN:1021,_RNCINvCslV50zAGoXBR_13saib_anoncred12encode_stateNtB4_15TrustedRegistryE0B4_
FN:1044,_RNCINvCslV50zAGoXBR_13saib_anoncred12state_digestNtB4_15TrustedRegistryE0B4_
FN:1044,_RNCINvCslV50zAGoXBR_13saib_anoncred12state_digestNtNtB4_5roles21PublicRevocationDeltaE0B4_
FN:1036,_RNCNvCslV50zAGoXBR_13saib_anoncred10decode_b640B3_
FN:464,_RNCNvCslV50zAGoXBR_13saib_anoncred10schema_for0B3_
FN:476,_RNCNvCslV50zAGoXBR_13saib_anoncred10schema_fors0_0B3_
FN:482,_RNCNvCslV50zAGoXBR_13saib_anoncred10schema_fors1_0B3_
FN:488,_RNCNvCslV50zAGoXBR_13saib_anoncred10schema_fors2_0B3_
FN:470,_RNCNvCslV50zAGoXBR_13saib_anoncred10schema_fors_0B3_
FN:942,_RNCNvCslV50zAGoXBR_13saib_anoncred12required_u640B3_
FN:957,_RNCNvCslV50zAGoXBR_13saib_anoncred14handle_request0B3_
FN:974,_RNCNvCslV50zAGoXBR_13saib_anoncred14handle_requests0_0B3_
FN:1000,_RNCNvCslV50zAGoXBR_13saib_anoncred14handle_requests1_0B3_
FN:1007,_RNCNvCslV50zAGoXBR_13saib_anoncred14handle_requests2_0B3_
FN:1013,_RNCNvCslV50zAGoXBR_13saib_anoncred14handle_requests3_0B3_
FN:961,_RNCNvCslV50zAGoXBR_13saib_anoncred14handle_requests_0B3_
FN:718,_RNCNvCslV50zAGoXBR_13saib_anoncred14prove_internal0B3_
FN:762,_RNCNvCslV50zAGoXBR_13saib_anoncred14prove_internals_0B3_
FN:950,_RNCNvCslV50zAGoXBR_13saib_anoncred14required_isize0B3_
FN:951,_RNCNvCslV50zAGoXBR_13saib_anoncred14required_isizes_0B3_
FN:1056,_RNCNvCslV50zAGoXBR_13saib_anoncred14response_bytes0B3_
FN:933,_RNCNvCslV50zAGoXBR_13saib_anoncred15required_string0B3_
FN:934,_RNCNvCslV50zAGoXBR_13saib_anoncred15required_strings_0B3_
FN:562,_RNCNvCslV50zAGoXBR_13saib_anoncred18presentation_nonce0B3_
FN:1087,_RNCNvCslV50zAGoXBR_13saib_anoncred21saib_anoncred_execute0B3_
FN:222,_RNCNvCslV50zAGoXBR_13saib_anoncred24credit_message_and_value0B3_
FN:225,_RNCNvCslV50zAGoXBR_13saib_anoncred24credit_message_and_values_0B3_
FN:667,_RNCNvCslV50zAGoXBR_13saib_anoncred25prove_for_committed_input0B3_
FN:248,_RNCNvCslV50zAGoXBR_13saib_anoncred40recover_legacy_reused_randomizer_opening0B3_
FN:259,_RNCNvCslV50zAGoXBR_13saib_anoncred40recover_legacy_reused_randomizer_openings0_0B3_
FN:266,_RNCNvCslV50zAGoXBR_13saib_anoncred40recover_legacy_reused_randomizer_openings1_0B3_
FN:257,_RNCNvCslV50zAGoXBR_13saib_anoncred40recover_legacy_reused_randomizer_openings_0B3_
FN:632,_RNCNvCslV50zAGoXBR_13saib_anoncred5prove0B3_
FN:803,_RNCNvCslV50zAGoXBR_13saib_anoncred6verify0B3_
FN:836,_RNCNvCslV50zAGoXBR_13saib_anoncred6verifys0_0B3_
FN:830,_RNCNvCslV50zAGoXBR_13saib_anoncred6verifys_0B3_
FN:1032,_RNvCslV50zAGoXBR_13saib_anoncred10decode_b64
FN:454,_RNvCslV50zAGoXBR_13saib_anoncred10schema_for
FN:1049,_RNvCslV50zAGoXBR_13saib_anoncred10sha256_hex
FN:938,_RNvCslV50zAGoXBR_13saib_anoncred12required_u64
FN:912,_RNvCslV50zAGoXBR_13saib_anoncred12state_update
FN:314,_RNvCslV50zAGoXBR_13saib_anoncred13global_schema
FN:955,_RNvCslV50zAGoXBR_13saib_anoncred14handle_request
FN:674,_RNvCslV50zAGoXBR_13saib_anoncred14prove_internal
FN:946,_RNvCslV50zAGoXBR_13saib_anoncred14required_isize
FN:1054,_RNvCslV50zAGoXBR_13saib_anoncred14response_bytes
FN:876,_RNvCslV50zAGoXBR_13saib_anoncred14witness_update
FN:342,_RNvCslV50zAGoXBR_13saib_anoncred15regional_schema
FN:929,_RNvCslV50zAGoXBR_13saib_anoncred15required_string
FN:572,_RNvCslV50zAGoXBR_13saib_anoncred16validate_context
FN:560,_RNvCslV50zAGoXBR_13saib_anoncred18presentation_nonce
FN:444,_RNvCslV50zAGoXBR_13saib_anoncred21registry_from_issuers
FN:597,_RNvCslV50zAGoXBR_13saib_anoncred22extract_task_pseudonym
FN:213,_RNvCslV50zAGoXBR_13saib_anoncred24credit_message_and_value
FN:641,_RNvCslV50zAGoXBR_13saib_anoncred25prove_for_committed_input
FN:377,_RNvCslV50zAGoXBR_13saib_anoncred27run_blind_issuance_protocol
FN:133,_RNvCslV50zAGoXBR_13saib_anoncred27zero_credential_link_secret
FN:238,_RNvCslV50zAGoXBR_13saib_anoncred40recover_legacy_reused_randomizer_opening
FN:609,_RNvCslV50zAGoXBR_13saib_anoncred5prove
FN:851,_RNvCslV50zAGoXBR_13saib_anoncred6revoke
FN:781,_RNvCslV50zAGoXBR_13saib_anoncred6verify
FN:389,_RNvCslV50zAGoXBR_13saib_anoncred9bootstrap
FN:93,_RNvXs_CslV50zAGoXBR_13saib_anoncredNtB4_8ApiErrorINtNtCs2va5m0jqTTM_4core7convert4FromNtNtCs6hfw4EsT1qM_5credx5error5ErrorE4from
FN:1073,saib_anoncred_execute
FN:1123,saib_anoncred_free
FN:1026,_RINvCslV50zAGoXBR_13saib_anoncred12decode_stateNtNtB2_5roles15RoleIssuerStateECs34riWqbwJDt_19s2_2_role_isolation
FN:1018,_RINvCslV50zAGoXBR_13saib_anoncred12encode_stateNtNtB2_5roles15RoleIssuerStateECs34riWqbwJDt_19s2_2_role_isolation
FN:1029,_RNCINvCslV50zAGoXBR_13saib_anoncred12decode_stateNtNtB4_5roles15RoleIssuerStateE0Cs34riWqbwJDt_19s2_2_role_isolation
FN:1021,_RNCINvCslV50zAGoXBR_13saib_anoncred12encode_stateNtNtB4_5roles15RoleIssuerStateE0Cs34riWqbwJDt_19s2_2_role_isolation
FN:667,_RNCNvCs9ncSd3SpQ4C_13saib_anoncred25prove_for_committed_input0B3_
FN:248,_RNCNvCs9ncSd3SpQ4C_13saib_anoncred40recover_legacy_reused_randomizer_opening0B3_
FN:259,_RNCNvCs9ncSd3SpQ4C_13saib_anoncred40recover_legacy_reused_randomizer_openings0_0B3_
FN:266,_RNCNvCs9ncSd3SpQ4C_13saib_anoncred40recover_legacy_reused_randomizer_openings1_0B3_
FN:257,_RNCNvCs9ncSd3SpQ4C_13saib_anoncred40recover_legacy_reused_randomizer_openings_0B3_
FN:641,_RNvCs9ncSd3SpQ4C_13saib_anoncred25prove_for_committed_input
FN:238,_RNvCs9ncSd3SpQ4C_13saib_anoncred40recover_legacy_reused_randomizer_opening
FN:1032,_RNvCs9ncSd3SpQ4C_13saib_anoncred10decode_b64
FN:454,_RNvCs9ncSd3SpQ4C_13saib_anoncred10schema_for
FN:1049,_RNvCs9ncSd3SpQ4C_13saib_anoncred10sha256_hex
FN:938,_RNvCs9ncSd3SpQ4C_13saib_anoncred12required_u64
FN:912,_RNvCs9ncSd3SpQ4C_13saib_anoncred12state_update
FN:314,_RNvCs9ncSd3SpQ4C_13saib_anoncred13global_schema
FN:955,_RNvCs9ncSd3SpQ4C_13saib_anoncred14handle_request
FN:674,_RNvCs9ncSd3SpQ4C_13saib_anoncred14prove_internal
FN:946,_RNvCs9ncSd3SpQ4C_13saib_anoncred14required_isize
FN:1054,_RNvCs9ncSd3SpQ4C_13saib_anoncred14response_bytes
FN:876,_RNvCs9ncSd3SpQ4C_13saib_anoncred14witness_update
FN:342,_RNvCs9ncSd3SpQ4C_13saib_anoncred15regional_schema
FN:929,_RNvCs9ncSd3SpQ4C_13saib_anoncred15required_string
FN:572,_RNvCs9ncSd3SpQ4C_13saib_anoncred16validate_context
FN:560,_RNvCs9ncSd3SpQ4C_13saib_anoncred18presentation_nonce
FN:444,_RNvCs9ncSd3SpQ4C_13saib_anoncred21registry_from_issuers
FN:597,_RNvCs9ncSd3SpQ4C_13saib_anoncred22extract_task_pseudonym
FN:213,_RNvCs9ncSd3SpQ4C_13saib_anoncred24credit_message_and_value
FN:377,_RNvCs9ncSd3SpQ4C_13saib_anoncred27run_blind_issuance_protocol
FN:133,_RNvCs9ncSd3SpQ4C_13saib_anoncred27zero_credential_link_secret
FN:609,_RNvCs9ncSd3SpQ4C_13saib_anoncred5prove
FN:851,_RNvCs9ncSd3SpQ4C_13saib_anoncred6revoke
FN:781,_RNvCs9ncSd3SpQ4C_13saib_anoncred6verify
FN:389,_RNvCs9ncSd3SpQ4C_13saib_anoncred9bootstrap
FN:93,_RNvXs_Cs9ncSd3SpQ4C_13saib_anoncredNtB4_8ApiErrorINtNtCs2va5m0jqTTM_4core7convert4FromNtNtCs6hfw4EsT1qM_5credx5error5ErrorE4from
FN:1176,_RNvNtCs9ncSd3SpQ4C_13saib_anoncred5testss_33ffi_malformed_corpus_never_panics
FN:1136,_RNvNtCs9ncSd3SpQ4C_13saib_anoncred5testss_63ffi_rejects_null_empty_oversize_malformed_and_unknown_operation
FN:1026,_RINvCs9ncSd3SpQ4C_13saib_anoncred12decode_stateNtB2_11IssuerStateEB2_
FN:1026,_RINvCs9ncSd3SpQ4C_13saib_anoncred12decode_stateNtB2_11WalletStateEB2_
FN:1026,_RINvCs9ncSd3SpQ4C_13saib_anoncred12decode_stateNtB2_15TrustedRegistryEB2_
FN:1018,_RINvCs9ncSd3SpQ4C_13saib_anoncred12encode_stateNtB2_11IssuerStateEB2_
FN:1018,_RINvCs9ncSd3SpQ4C_13saib_anoncred12encode_stateNtB2_11WalletStateEB2_
FN:1018,_RINvCs9ncSd3SpQ4C_13saib_anoncred12encode_stateNtB2_15TrustedRegistryEB2_
FN:1041,_RINvCs9ncSd3SpQ4C_13saib_anoncred12state_digestNtB2_15TrustedRegistryEB2_
FN:84,_RINvMCs9ncSd3SpQ4C_13saib_anoncredNtB3_8ApiError6cryptoNtNtCs8GO9KFlE3Dq_5alloc6string6StringEB3_
FN:84,_RINvMCs9ncSd3SpQ4C_13saib_anoncredNtB3_8ApiError6cryptoReEB3_
FN:77,_RINvMCs9ncSd3SpQ4C_13saib_anoncredNtB3_8ApiError7requestNtNtCs8GO9KFlE3Dq_5alloc6string6StringEB3_
FN:77,_RINvMCs9ncSd3SpQ4C_13saib_anoncredNtB3_8ApiError7requestReEB3_
FN:1029,_RNCINvCs9ncSd3SpQ4C_13saib_anoncred12decode_stateNtB4_11IssuerStateE0B4_
FN:1029,_RNCINvCs9ncSd3SpQ4C_13saib_anoncred12decode_stateNtB4_11WalletStateE0B4_
FN:1029,_RNCINvCs9ncSd3SpQ4C_13saib_anoncred12decode_stateNtB4_15TrustedRegistryE0B4_
FN:1021,_RNCINvCs9ncSd3SpQ4C_13saib_anoncred12encode_stateNtB4_11IssuerStateE0B4_
FN:1021,_RNCINvCs9ncSd3SpQ4C_13saib_anoncred12encode_stateNtB4_11WalletStateE0B4_
FN:1021,_RNCINvCs9ncSd3SpQ4C_13saib_anoncred12encode_stateNtB4_15TrustedRegistryE0B4_
FN:1044,_RNCINvCs9ncSd3SpQ4C_13saib_anoncred12state_digestNtB4_15TrustedRegistryE0B4_
FN:1036,_RNCNvCs9ncSd3SpQ4C_13saib_anoncred10decode_b640B3_
FN:464,_RNCNvCs9ncSd3SpQ4C_13saib_anoncred10schema_for0B3_
FN:476,_RNCNvCs9ncSd3SpQ4C_13saib_anoncred10schema_fors0_0B3_
FN:482,_RNCNvCs9ncSd3SpQ4C_13saib_anoncred10schema_fors1_0B3_
FN:488,_RNCNvCs9ncSd3SpQ4C_13saib_anoncred10schema_fors2_0B3_
FN:470,_RNCNvCs9ncSd3SpQ4C_13saib_anoncred10schema_fors_0B3_
FN:942,_RNCNvCs9ncSd3SpQ4C_13saib_anoncred12required_u640B3_
FN:957,_RNCNvCs9ncSd3SpQ4C_13saib_anoncred14handle_request0B3_
FN:974,_RNCNvCs9ncSd3SpQ4C_13saib_anoncred14handle_requests0_0B3_
FN:1000,_RNCNvCs9ncSd3SpQ4C_13saib_anoncred14handle_requests1_0B3_
FN:1007,_RNCNvCs9ncSd3SpQ4C_13saib_anoncred14handle_requests2_0B3_
FN:1013,_RNCNvCs9ncSd3SpQ4C_13saib_anoncred14handle_requests3_0B3_
FN:961,_RNCNvCs9ncSd3SpQ4C_13saib_anoncred14handle_requests_0B3_
FN:718,_RNCNvCs9ncSd3SpQ4C_13saib_anoncred14prove_internal0B3_
FN:762,_RNCNvCs9ncSd3SpQ4C_13saib_anoncred14prove_internals_0B3_
FN:950,_RNCNvCs9ncSd3SpQ4C_13saib_anoncred14required_isize0B3_
FN:951,_RNCNvCs9ncSd3SpQ4C_13saib_anoncred14required_isizes_0B3_
FN:1056,_RNCNvCs9ncSd3SpQ4C_13saib_anoncred14response_bytes0B3_
FN:933,_RNCNvCs9ncSd3SpQ4C_13saib_anoncred15required_string0B3_
FN:934,_RNCNvCs9ncSd3SpQ4C_13saib_anoncred15required_strings_0B3_
FN:562,_RNCNvCs9ncSd3SpQ4C_13saib_anoncred18presentation_nonce0B3_
FN:1087,_RNCNvCs9ncSd3SpQ4C_13saib_anoncred21saib_anoncred_execute0B3_
FN:222,_RNCNvCs9ncSd3SpQ4C_13saib_anoncred24credit_message_and_value0B3_
FN:225,_RNCNvCs9ncSd3SpQ4C_13saib_anoncred24credit_message_and_values_0B3_
FN:632,_RNCNvCs9ncSd3SpQ4C_13saib_anoncred5prove0B3_
FN:803,_RNCNvCs9ncSd3SpQ4C_13saib_anoncred6verify0B3_
FN:836,_RNCNvCs9ncSd3SpQ4C_13saib_anoncred6verifys0_0B3_
FN:830,_RNCNvCs9ncSd3SpQ4C_13saib_anoncred6verifys_0B3_
FN:126,_RNvXs0_Cs9ncSd3SpQ4C_13saib_anoncredNtB5_11WalletStateNtNtNtCs2va5m0jqTTM_4core3ops4drop4Drop4drop
FN:204,_RNvXs1_Cs9ncSd3SpQ4C_13saib_anoncredNtB5_23CreditCommitmentOpeningNtNtNtCs2va5m0jqTTM_4core3ops4drop4Drop4drop
FNDA:1085,_RNvXs0_CslV50zAGoXBR_13saib_anoncredNtB5_11WalletStateNtNtNtCs2va5m0jqTTM_4core3ops4drop4Drop4drop
FNDA:14,_RNvXs1_CslV50zAGoXBR_13saib_anoncredNtB5_23CreditCommitmentOpeningNtNtNtCs2va5m0jqTTM_4core3ops4drop4Drop4drop
FNDA:10,_RINvCslV50zAGoXBR_13saib_anoncred12decode_stateNtB2_11IssuerStateEB2_
FNDA:44,_RINvCslV50zAGoXBR_13saib_anoncred12decode_stateNtB2_11WalletStateEB2_
FNDA:554,_RINvCslV50zAGoXBR_13saib_anoncred12decode_stateNtB2_15TrustedRegistryEB2_
FNDA:41,_RINvCslV50zAGoXBR_13saib_anoncred12encode_stateNtB2_11IssuerStateEB2_
FNDA:41,_RINvCslV50zAGoXBR_13saib_anoncred12encode_stateNtB2_11WalletStateEB2_
FNDA:45,_RINvCslV50zAGoXBR_13saib_anoncred12encode_stateNtB2_15TrustedRegistryEB2_
FNDA:406,_RINvCslV50zAGoXBR_13saib_anoncred12state_digestNtB2_15TrustedRegistryEB2_
FNDA:4,_RINvCslV50zAGoXBR_13saib_anoncred12state_digestNtNtB2_5roles21PublicRevocationDeltaEB2_
FNDA:26,_RINvMCslV50zAGoXBR_13saib_anoncredNtB3_8ApiError6cryptoNtNtCs8GO9KFlE3Dq_5alloc6string6StringEB3_
FNDA:1446,_RINvMCslV50zAGoXBR_13saib_anoncredNtB3_8ApiError6cryptoReEB3_
FNDA:307,_RINvMCslV50zAGoXBR_13saib_anoncredNtB3_8ApiError7requestNtNtCs8GO9KFlE3Dq_5alloc6string6StringEB3_
FNDA:277,_RINvMCslV50zAGoXBR_13saib_anoncredNtB3_8ApiError7requestReEB3_
FNDA:0,_RNCINvCslV50zAGoXBR_13saib_anoncred12decode_stateNtB4_11IssuerStateE0B4_
FNDA:0,_RNCINvCslV50zAGoXBR_13saib_anoncred12decode_stateNtB4_11WalletStateE0B4_
FNDA:110,_RNCINvCslV50zAGoXBR_13saib_anoncred12decode_stateNtB4_15TrustedRegistryE0B4_
FNDA:0,_RNCINvCslV50zAGoXBR_13saib_anoncred12encode_stateNtB4_11IssuerStateE0B4_
FNDA:0,_RNCINvCslV50zAGoXBR_13saib_anoncred12encode_stateNtB4_11WalletStateE0B4_
FNDA:0,_RNCINvCslV50zAGoXBR_13saib_anoncred12encode_stateNtB4_15TrustedRegistryE0B4_
FNDA:0,_RNCINvCslV50zAGoXBR_13saib_anoncred12state_digestNtB4_15TrustedRegistryE0B4_
FNDA:0,_RNCINvCslV50zAGoXBR_13saib_anoncred12state_digestNtNtB4_5roles21PublicRevocationDeltaE0B4_
FNDA:0,_RNCNvCslV50zAGoXBR_13saib_anoncred10decode_b640B3_
FNDA:0,_RNCNvCslV50zAGoXBR_13saib_anoncred10schema_for0B3_
FNDA:0,_RNCNvCslV50zAGoXBR_13saib_anoncred10schema_fors0_0B3_
FNDA:0,_RNCNvCslV50zAGoXBR_13saib_anoncred10schema_fors1_0B3_
FNDA:0,_RNCNvCslV50zAGoXBR_13saib_anoncred10schema_fors2_0B3_
FNDA:0,_RNCNvCslV50zAGoXBR_13saib_anoncred10schema_fors_0B3_
FNDA:21,_RNCNvCslV50zAGoXBR_13saib_anoncred12required_u640B3_
FNDA:0,_RNCNvCslV50zAGoXBR_13saib_anoncred14handle_request0B3_
FNDA:0,_RNCNvCslV50zAGoXBR_13saib_anoncred14handle_requests0_0B3_
FNDA:0,_RNCNvCslV50zAGoXBR_13saib_anoncred14handle_requests1_0B3_
FNDA:0,_RNCNvCslV50zAGoXBR_13saib_anoncred14handle_requests2_0B3_
FNDA:0,_RNCNvCslV50zAGoXBR_13saib_anoncred14handle_requests3_0B3_
FNDA:0,_RNCNvCslV50zAGoXBR_13saib_anoncred14handle_requests_0B3_
FNDA:0,_RNCNvCslV50zAGoXBR_13saib_anoncred14prove_internal0B3_
FNDA:0,_RNCNvCslV50zAGoXBR_13saib_anoncred14prove_internals_0B3_
FNDA:28,_RNCNvCslV50zAGoXBR_13saib_anoncred14required_isize0B3_
FNDA:0,_RNCNvCslV50zAGoXBR_13saib_anoncred14required_isizes_0B3_
FNDA:0,_RNCNvCslV50zAGoXBR_13saib_anoncred14response_bytes0B3_
FNDA:2804,_RNCNvCslV50zAGoXBR_13saib_anoncred15required_string0B3_
FNDA:148,_RNCNvCslV50zAGoXBR_13saib_anoncred15required_strings_0B3_
FNDA:0,_RNCNvCslV50zAGoXBR_13saib_anoncred18presentation_nonce0B3_
FNDA:512,_RNCNvCslV50zAGoXBR_13saib_anoncred21saib_anoncred_execute0B3_
FNDA:0,_RNCNvCslV50zAGoXBR_13saib_anoncred24credit_message_and_value0B3_
FNDA:0,_RNCNvCslV50zAGoXBR_13saib_anoncred24credit_message_and_values_0B3_
FNDA:0,_RNCNvCslV50zAGoXBR_13saib_anoncred25prove_for_committed_input0B3_
FNDA:0,_RNCNvCslV50zAGoXBR_13saib_anoncred40recover_legacy_reused_randomizer_opening0B3_
FNDA:0,_RNCNvCslV50zAGoXBR_13saib_anoncred40recover_legacy_reused_randomizer_openings0_0B3_
FNDA:0,_RNCNvCslV50zAGoXBR_13saib_anoncred40recover_legacy_reused_randomizer_openings1_0B3_
FNDA:1002,_RNCNvCslV50zAGoXBR_13saib_anoncred40recover_legacy_reused_randomizer_openings_0B3_
FNDA:25,_RNCNvCslV50zAGoXBR_13saib_anoncred5prove0B3_
FNDA:2,_RNCNvCslV50zAGoXBR_13saib_anoncred6verify0B3_
FNDA:142,_RNCNvCslV50zAGoXBR_13saib_anoncred6verifys0_0B3_
FNDA:142,_RNCNvCslV50zAGoXBR_13saib_anoncred6verifys_0B3_
FNDA:946,_RNvCslV50zAGoXBR_13saib_anoncred10decode_b64
FNDA:176,_RNvCslV50zAGoXBR_13saib_anoncred10schema_for
FNDA:441,_RNvCslV50zAGoXBR_13saib_anoncred10sha256_hex
FNDA:457,_RNvCslV50zAGoXBR_13saib_anoncred12required_u64
FNDA:8,_RNvCslV50zAGoXBR_13saib_anoncred12state_update
FNDA:44,_RNvCslV50zAGoXBR_13saib_anoncred13global_schema
FNDA:512,_RNvCslV50zAGoXBR_13saib_anoncred14handle_request
FNDA:37,_RNvCslV50zAGoXBR_13saib_anoncred14prove_internal
FNDA:267,_RNvCslV50zAGoXBR_13saib_anoncred14required_isize
FNDA:218,_RNvCslV50zAGoXBR_13saib_anoncred14response_bytes
FNDA:6,_RNvCslV50zAGoXBR_13saib_anoncred14witness_update
FNDA:40,_RNvCslV50zAGoXBR_13saib_anoncred15regional_schema
FNDA:2952,_RNvCslV50zAGoXBR_13saib_anoncred15required_string
FNDA:697,_RNvCslV50zAGoXBR_13saib_anoncred16validate_context
FNDA:873,_RNvCslV50zAGoXBR_13saib_anoncred18presentation_nonce
FNDA:41,_RNvCslV50zAGoXBR_13saib_anoncred21registry_from_issuers
FNDA:173,_RNvCslV50zAGoXBR_13saib_anoncred22extract_task_pseudonym
FNDA:1008,_RNvCslV50zAGoXBR_13saib_anoncred24credit_message_and_value
FNDA:6,_RNvCslV50zAGoXBR_13saib_anoncred25prove_for_committed_input
FNDA:64,_RNvCslV50zAGoXBR_13saib_anoncred27run_blind_issuance_protocol
FNDA:2170,_RNvCslV50zAGoXBR_13saib_anoncred27zero_credential_link_secret
FNDA:1002,_RNvCslV50zAGoXBR_13saib_anoncred40recover_legacy_reused_randomizer_opening
FNDA:31,_RNvCslV50zAGoXBR_13saib_anoncred5prove
FNDA:4,_RNvCslV50zAGoXBR_13saib_anoncred6revoke
FNDA:660,_RNvCslV50zAGoXBR_13saib_anoncred6verify
FNDA:32,_RNvCslV50zAGoXBR_13saib_anoncred9bootstrap
FNDA:7,_RNvXs_CslV50zAGoXBR_13saib_anoncredNtB4_8ApiErrorINtNtCs2va5m0jqTTM_4core7convert4FromNtNtCs6hfw4EsT1qM_5credx5error5ErrorE4from
FNDA:512,saib_anoncred_execute
FNDA:512,saib_anoncred_free
FNDA:1,_RINvCslV50zAGoXBR_13saib_anoncred12decode_stateNtNtB2_5roles15RoleIssuerStateECs34riWqbwJDt_19s2_2_role_isolation
FNDA:1,_RINvCslV50zAGoXBR_13saib_anoncred12encode_stateNtNtB2_5roles15RoleIssuerStateECs34riWqbwJDt_19s2_2_role_isolation
FNDA:0,_RNCINvCslV50zAGoXBR_13saib_anoncred12decode_stateNtNtB4_5roles15RoleIssuerStateE0Cs34riWqbwJDt_19s2_2_role_isolation
FNDA:0,_RNCINvCslV50zAGoXBR_13saib_anoncred12encode_stateNtNtB4_5roles15RoleIssuerStateE0Cs34riWqbwJDt_19s2_2_role_isolation
FNDA:0,_RNCNvCs9ncSd3SpQ4C_13saib_anoncred25prove_for_committed_input0B3_
FNDA:0,_RNCNvCs9ncSd3SpQ4C_13saib_anoncred40recover_legacy_reused_randomizer_opening0B3_
FNDA:0,_RNCNvCs9ncSd3SpQ4C_13saib_anoncred40recover_legacy_reused_randomizer_openings0_0B3_
FNDA:0,_RNCNvCs9ncSd3SpQ4C_13saib_anoncred40recover_legacy_reused_randomizer_openings1_0B3_
FNDA:0,_RNCNvCs9ncSd3SpQ4C_13saib_anoncred40recover_legacy_reused_randomizer_openings_0B3_
FNDA:0,_RNvCs9ncSd3SpQ4C_13saib_anoncred25prove_for_committed_input
FNDA:0,_RNvCs9ncSd3SpQ4C_13saib_anoncred40recover_legacy_reused_randomizer_opening
FNDA:0,_RNvCs9ncSd3SpQ4C_13saib_anoncred10decode_b64
FNDA:0,_RNvCs9ncSd3SpQ4C_13saib_anoncred10schema_for
FNDA:0,_RNvCs9ncSd3SpQ4C_13saib_anoncred10sha256_hex
FNDA:0,_RNvCs9ncSd3SpQ4C_13saib_anoncred12required_u64
FNDA:0,_RNvCs9ncSd3SpQ4C_13saib_anoncred12state_update
FNDA:0,_RNvCs9ncSd3SpQ4C_13saib_anoncred13global_schema
FNDA:2049,_RNvCs9ncSd3SpQ4C_13saib_anoncred14handle_request
FNDA:0,_RNvCs9ncSd3SpQ4C_13saib_anoncred14prove_internal
FNDA:0,_RNvCs9ncSd3SpQ4C_13saib_anoncred14required_isize
FNDA:0,_RNvCs9ncSd3SpQ4C_13saib_anoncred14response_bytes
FNDA:0,_RNvCs9ncSd3SpQ4C_13saib_anoncred14witness_update
FNDA:0,_RNvCs9ncSd3SpQ4C_13saib_anoncred15regional_schema
FNDA:1,_RNvCs9ncSd3SpQ4C_13saib_anoncred15required_string
FNDA:0,_RNvCs9ncSd3SpQ4C_13saib_anoncred16validate_context
FNDA:0,_RNvCs9ncSd3SpQ4C_13saib_anoncred18presentation_nonce
FNDA:0,_RNvCs9ncSd3SpQ4C_13saib_anoncred21registry_from_issuers
FNDA:0,_RNvCs9ncSd3SpQ4C_13saib_anoncred22extract_task_pseudonym
FNDA:0,_RNvCs9ncSd3SpQ4C_13saib_anoncred24credit_message_and_value
FNDA:0,_RNvCs9ncSd3SpQ4C_13saib_anoncred27run_blind_issuance_protocol
FNDA:0,_RNvCs9ncSd3SpQ4C_13saib_anoncred27zero_credential_link_secret
FNDA:0,_RNvCs9ncSd3SpQ4C_13saib_anoncred5prove
FNDA:0,_RNvCs9ncSd3SpQ4C_13saib_anoncred6revoke
FNDA:0,_RNvCs9ncSd3SpQ4C_13saib_anoncred6verify
FNDA:0,_RNvCs9ncSd3SpQ4C_13saib_anoncred9bootstrap
FNDA:0,_RNvXs_Cs9ncSd3SpQ4C_13saib_anoncredNtB4_8ApiErrorINtNtCs2va5m0jqTTM_4core7convert4FromNtNtCs6hfw4EsT1qM_5credx5error5ErrorE4from
FNDA:1,_RNvNtCs9ncSd3SpQ4C_13saib_anoncred5testss_33ffi_malformed_corpus_never_panics
FNDA:1,_RNvNtCs9ncSd3SpQ4C_13saib_anoncred5testss_63ffi_rejects_null_empty_oversize_malformed_and_unknown_operation
FNDA:0,_RINvCs9ncSd3SpQ4C_13saib_anoncred12decode_stateNtB2_11IssuerStateEB2_
FNDA:0,_RINvCs9ncSd3SpQ4C_13saib_anoncred12decode_stateNtB2_11WalletStateEB2_
FNDA:0,_RINvCs9ncSd3SpQ4C_13saib_anoncred12decode_stateNtB2_15TrustedRegistryEB2_
FNDA:0,_RINvCs9ncSd3SpQ4C_13saib_anoncred12encode_stateNtB2_11IssuerStateEB2_
FNDA:0,_RINvCs9ncSd3SpQ4C_13saib_anoncred12encode_stateNtB2_11WalletStateEB2_
FNDA:0,_RINvCs9ncSd3SpQ4C_13saib_anoncred12encode_stateNtB2_15TrustedRegistryEB2_
FNDA:0,_RINvCs9ncSd3SpQ4C_13saib_anoncred12state_digestNtB2_15TrustedRegistryEB2_
FNDA:0,_RINvMCs9ncSd3SpQ4C_13saib_anoncredNtB3_8ApiError6cryptoNtNtCs8GO9KFlE3Dq_5alloc6string6StringEB3_
FNDA:0,_RINvMCs9ncSd3SpQ4C_13saib_anoncredNtB3_8ApiError6cryptoReEB3_
FNDA:2053,_RINvMCs9ncSd3SpQ4C_13saib_anoncredNtB3_8ApiError7requestNtNtCs8GO9KFlE3Dq_5alloc6string6StringEB3_
FNDA:12,_RINvMCs9ncSd3SpQ4C_13saib_anoncredNtB3_8ApiError7requestReEB3_
FNDA:0,_RNCINvCs9ncSd3SpQ4C_13saib_anoncred12decode_stateNtB4_11IssuerStateE0B4_
FNDA:0,_RNCINvCs9ncSd3SpQ4C_13saib_anoncred12decode_stateNtB4_11WalletStateE0B4_
FNDA:0,_RNCINvCs9ncSd3SpQ4C_13saib_anoncred12decode_stateNtB4_15TrustedRegistryE0B4_
FNDA:0,_RNCINvCs9ncSd3SpQ4C_13saib_anoncred12encode_stateNtB4_11IssuerStateE0B4_
FNDA:0,_RNCINvCs9ncSd3SpQ4C_13saib_anoncred12encode_stateNtB4_11WalletStateE0B4_
FNDA:0,_RNCINvCs9ncSd3SpQ4C_13saib_anoncred12encode_stateNtB4_15TrustedRegistryE0B4_
FNDA:0,_RNCINvCs9ncSd3SpQ4C_13saib_anoncred12state_digestNtB4_15TrustedRegistryE0B4_
FNDA:0,_RNCNvCs9ncSd3SpQ4C_13saib_anoncred10decode_b640B3_
FNDA:0,_RNCNvCs9ncSd3SpQ4C_13saib_anoncred10schema_for0B3_
FNDA:0,_RNCNvCs9ncSd3SpQ4C_13saib_anoncred10schema_fors0_0B3_
FNDA:0,_RNCNvCs9ncSd3SpQ4C_13saib_anoncred10schema_fors1_0B3_
FNDA:0,_RNCNvCs9ncSd3SpQ4C_13saib_anoncred10schema_fors2_0B3_
FNDA:0,_RNCNvCs9ncSd3SpQ4C_13saib_anoncred10schema_fors_0B3_
FNDA:0,_RNCNvCs9ncSd3SpQ4C_13saib_anoncred12required_u640B3_
FNDA:2048,_RNCNvCs9ncSd3SpQ4C_13saib_anoncred14handle_request0B3_
FNDA:0,_RNCNvCs9ncSd3SpQ4C_13saib_anoncred14handle_requests0_0B3_
FNDA:0,_RNCNvCs9ncSd3SpQ4C_13saib_anoncred14handle_requests1_0B3_
FNDA:0,_RNCNvCs9ncSd3SpQ4C_13saib_anoncred14handle_requests2_0B3_
FNDA:0,_RNCNvCs9ncSd3SpQ4C_13saib_anoncred14handle_requests3_0B3_
FNDA:0,_RNCNvCs9ncSd3SpQ4C_13saib_anoncred14handle_requests_0B3_
FNDA:0,_RNCNvCs9ncSd3SpQ4C_13saib_anoncred14prove_internal0B3_
FNDA:0,_RNCNvCs9ncSd3SpQ4C_13saib_anoncred14prove_internals_0B3_
FNDA:0,_RNCNvCs9ncSd3SpQ4C_13saib_anoncred14required_isize0B3_
FNDA:0,_RNCNvCs9ncSd3SpQ4C_13saib_anoncred14required_isizes_0B3_
FNDA:0,_RNCNvCs9ncSd3SpQ4C_13saib_anoncred14response_bytes0B3_
FNDA:1,_RNCNvCs9ncSd3SpQ4C_13saib_anoncred15required_string0B3_
FNDA:0,_RNCNvCs9ncSd3SpQ4C_13saib_anoncred15required_strings_0B3_
FNDA:0,_RNCNvCs9ncSd3SpQ4C_13saib_anoncred18presentation_nonce0B3_
FNDA:2049,_RNCNvCs9ncSd3SpQ4C_13saib_anoncred21saib_anoncred_execute0B3_
FNDA:0,_RNCNvCs9ncSd3SpQ4C_13saib_anoncred24credit_message_and_value0B3_
FNDA:0,_RNCNvCs9ncSd3SpQ4C_13saib_anoncred24credit_message_and_values_0B3_
FNDA:0,_RNCNvCs9ncSd3SpQ4C_13saib_anoncred5prove0B3_
FNDA:0,_RNCNvCs9ncSd3SpQ4C_13saib_anoncred6verify0B3_
FNDA:0,_RNCNvCs9ncSd3SpQ4C_13saib_anoncred6verifys0_0B3_
FNDA:0,_RNCNvCs9ncSd3SpQ4C_13saib_anoncred6verifys_0B3_
FNDA:0,_RNvXs0_Cs9ncSd3SpQ4C_13saib_anoncredNtB5_11WalletStateNtNtNtCs2va5m0jqTTM_4core3ops4drop4Drop4drop
FNDA:0,_RNvXs1_Cs9ncSd3SpQ4C_13saib_anoncredNtB5_23CreditCommitmentOpeningNtNtNtCs2va5m0jqTTM_4core3ops4drop4Drop4drop
FNF:74
FNH:50
DA:77,2649
DA:78,2649
DA:79,2649
DA:80,2649
DA:81,2649
DA:82,2649
DA:84,1472
DA:85,1472
DA:86,1472
DA:87,1472
DA:88,1472
DA:89,1472
DA:93,7
DA:94,7
DA:95,7
DA:126,1085
DA:127,1085
DA:128,1085
DA:129,1085
DA:130,1085
DA:133,2170
DA:134,9765
DA:135,7595
DA:136,2170
DA:137,5425
DA:139,2170
DA:204,14
DA:205,14
DA:206,14
DA:207,14
DA:208,14
DA:213,1008
DA:214,1008
DA:215,1008
DA:216,1008
DA:217,1008
DA:218,1008
DA:219,1008
DA:220,1008
DA:221,1008
DA:222,1008
DA:223,1008
DA:224,1008
DA:225,1008
DA:226,0
DA:228,1008
DA:229,1008
DA:238,1002
DA:239,1002
DA:240,1002
DA:241,1002
DA:242,1002
DA:243,1002
DA:244,1002
DA:245,1002
DA:246,1002
DA:247,1002
DA:248,1002
DA:249,1002
DA:250,1002
DA:251,1002
DA:252,0
DA:254,1002
DA:255,1002
DA:256,1002
DA:257,1002
DA:258,1002
DA:259,1002
DA:260,1002
DA:261,1002
DA:262,1002
DA:263,1002
DA:264,1002
DA:265,1002
DA:266,1002
DA:267,1002
DA:268,1002
DA:269,1002
DA:271,0
DA:272,0
DA:273,0
DA:276,1002
DA:277,1002
DA:278,1002
DA:279,1002
DA:280,1002
DA:281,1002
DA:282,0
DA:283,0
DA:284,0
DA:285,0
DA:286,0
DA:287,0
DA:288,0
DA:289,0
DA:290,0
DA:291,0
DA:292,1002
DA:314,44
DA:315,44
DA:316,44
DA:317,44
DA:318,44
DA:319,44
DA:320,44
DA:321,44
DA:322,44
DA:323,44
DA:324,44
DA:325,44
DA:326,44
DA:327,44
DA:328,44
DA:329,44
DA:330,44
DA:331,44
DA:332,44
DA:333,44
DA:334,44
DA:335,44
DA:336,44
DA:337,44
DA:338,44
DA:339,44
DA:340,44
DA:342,40
DA:343,40
DA:344,40
DA:345,40
DA:346,40
DA:347,40
DA:348,40
DA:349,40
DA:350,40
DA:351,40
DA:352,40
DA:353,40
DA:354,40
DA:355,40
DA:356,40
DA:357,40
DA:358,40
DA:359,40
DA:360,40
DA:361,40
DA:362,40
DA:363,40
DA:364,40
DA:365,40
DA:366,40
DA:367,40
DA:368,40
DA:369,40
DA:370,40
DA:371,40
DA:372,40
DA:373,40
DA:374,40
DA:377,64
DA:378,64
DA:379,64
DA:380,64
DA:381,64
DA:382,64
DA:383,64
DA:384,64
DA:385,64
DA:386,64
DA:389,32
DA:390,32
DA:391,32
DA:392,32
DA:393,32
DA:394,32
DA:395,32
DA:396,32
DA:397,32
DA:398,32
DA:399,32
DA:400,32
DA:401,32
DA:402,32
DA:403,32
DA:404,32
DA:405,32
DA:406,32
DA:407,32
DA:408,32
DA:409,32
DA:410,32
DA:411,32
DA:412,32
DA:413,32
DA:414,32
DA:415,32
DA:416,32
DA:417,32
DA:418,32
DA:419,32
DA:420,32
DA:421,32
DA:422,32
DA:423,32
DA:424,32
DA:425,32
DA:426,32
DA:427,32
DA:428,32
DA:429,32
DA:430,32
DA:431,32
DA:432,32
DA:433,32
DA:434,32
DA:435,32
DA:436,32
DA:437,32
DA:438,32
DA:439,32
DA:441,32
DA:444,41
DA:445,41
DA:446,41
DA:447,41
DA:448,41
DA:449,41
DA:450,41
DA:451,41
DA:452,41
DA:454,176
DA:455,176
DA:456,176
DA:457,176
DA:458,176
DA:459,176
DA:460,176
DA:461,176
DA:462,176
DA:463,176
DA:464,176
DA:465,176
DA:466,176
DA:467,176
DA:468,176
DA:469,176
DA:470,176
DA:471,176
DA:472,176
DA:473,176
DA:474,176
DA:475,176
DA:476,176
DA:477,176
DA:478,176
DA:479,176
DA:480,176
DA:481,176
DA:482,176
DA:483,176
DA:484,176
DA:485,176
DA:486,176
DA:487,176
DA:488,176
DA:490,176
DA:491,176
DA:492,176
DA:493,176
DA:494,176
DA:495,176
DA:496,176
DA:497,176
DA:498,176
DA:499,176
DA:500,176
DA:501,176
DA:502,176
DA:503,176
DA:504,176
DA:505,176
DA:506,176
DA:507,176
DA:508,176
DA:509,176
DA:510,176
DA:511,176
DA:512,176
DA:513,176
DA:514,176
DA:515,176
DA:516,176
DA:517,176
DA:518,176
DA:519,176
DA:520,176
DA:521,176
DA:522,176
DA:523,176
DA:524,176
DA:525,176
DA:526,176
DA:527,176
DA:528,176
DA:529,176
DA:530,176
DA:531,176
DA:532,176
DA:533,176
DA:534,176
DA:535,176
DA:536,176
DA:537,176
DA:538,176
DA:539,176
DA:540,176
DA:541,176
DA:542,176
DA:543,176
DA:544,176
DA:545,176
DA:546,176
DA:547,176
DA:548,176
DA:549,176
DA:550,176
DA:551,176
DA:552,176
DA:553,176
DA:554,176
DA:555,176
DA:556,176
DA:557,176
DA:558,176
DA:560,873
DA:561,873
DA:562,873
DA:563,873
DA:564,0
DA:565,873
DA:566,873
DA:567,873
DA:568,873
DA:569,873
DA:570,873
DA:572,697
DA:573,697
DA:574,697
DA:575,697
DA:576,697
DA:577,697
DA:578,697
DA:579,697
DA:581,0
DA:582,0
DA:583,0
DA:584,697
DA:585,697
DA:586,697
DA:587,36
DA:588,36
DA:589,36
DA:590,661
DA:591,661
DA:592,108
DA:593,553
DA:594,553
DA:595,697
DA:597,173
DA:598,173
DA:599,173
DA:600,173
DA:602,0
DA:604,173
DA:609,31
DA:610,31
DA:611,31
DA:612,31
DA:613,31
DA:614,31
DA:615,31
DA:616,31
DA:617,31
DA:618,31
DA:619,31
DA:620,31
DA:621,31
DA:622,31
DA:623,31
DA:624,31
DA:625,31
DA:626,31
DA:627,31
DA:628,31
DA:629,31
DA:630,31
DA:631,31
DA:632,31
DA:633,31
DA:641,6
DA:642,6
DA:643,6
DA:644,6
DA:645,6
DA:646,6
DA:647,6
DA:648,6
DA:649,6
DA:650,6
DA:651,6
DA:652,6
DA:653,6
DA:654,6
DA:655,6
DA:656,6
DA:657,6
DA:658,6
DA:659,6
DA:660,6
DA:661,6
DA:662,6
DA:663,6
DA:664,6
DA:666,6
DA:667,6
DA:668,0
DA:669,6
DA:671,6
DA:674,37
DA:675,37
DA:676,37
DA:677,37
DA:678,37
DA:679,37
DA:680,37
DA:681,37
DA:682,37
DA:683,37
DA:684,37
DA:685,37
DA:686,37
DA:687,37
DA:688,2
DA:689,35
DA:690,35
DA:691,35
DA:692,35
DA:693,1
DA:694,34
DA:695,34
DA:696,34
DA:697,34
DA:698,34
DA:699,34
DA:700,34
DA:701,34
DA:702,6
DA:703,6
DA:704,6
DA:705,6
DA:706,6
DA:707,6
DA:709,28
DA:711,32
DA:712,31
DA:713,6
DA:714,6
DA:715,6
DA:716,6
DA:717,6
DA:718,6
DA:719,6
DA:720,6
DA:721,6
DA:723,0
DA:724,0
DA:725,0
DA:728,6
DA:729,6
DA:730,6
DA:731,0
DA:732,0
DA:733,0
DA:734,6
DA:735,6
DA:736,6
DA:737,6
DA:738,6
DA:739,6
DA:740,6
DA:741,6
DA:742,6
DA:743,6
DA:745,25
DA:747,31
DA:748,31
DA:749,31
DA:750,31
DA:751,31
DA:752,31
DA:753,31
DA:754,31
DA:755,31
DA:756,31
DA:757,31
DA:758,31
DA:759,31
DA:761,31
DA:762,31
DA:763,31
DA:764,0
DA:765,31
DA:766,31
DA:767,31
DA:768,31
DA:769,31
DA:770,31
DA:771,31
DA:772,31
DA:773,31
DA:774,31
DA:775,31
DA:776,37
DA:781,660
DA:782,660
DA:783,660
DA:784,660
DA:785,660
DA:786,660
DA:787,660
DA:788,660
DA:789,660
DA:790,660
DA:791,660
DA:792,660
DA:793,660
DA:794,516
DA:795,406
DA:796,69
DA:797,337
DA:798,337
DA:799,337
DA:800,0
DA:801,337
DA:802,337
DA:803,337
DA:804,335
DA:805,335
DA:806,332
DA:807,285
DA:808,237
DA:809,210
DA:810,210
DA:811,179
DA:812,142
DA:813,142
DA:815,193
DA:816,193
DA:817,193
DA:818,142
DA:819,142
DA:820,0
DA:821,0
DA:822,0
DA:823,142
DA:824,142
DA:825,142
DA:826,142
DA:827,142
DA:828,142
DA:829,142
DA:830,142
DA:831,142
DA:832,142
DA:833,142
DA:834,142
DA:835,142
DA:836,142
DA:837,142
DA:839,0
DA:840,0
DA:841,0
DA:842,142
DA:843,142
DA:844,142
DA:845,142
DA:846,142
DA:847,141
DA:848,660
DA:851,4
DA:852,4
DA:853,4
DA:854,4
DA:855,4
DA:856,4
DA:857,4
DA:858,4
DA:859,0
DA:860,0
DA:861,0
DA:862,0
DA:864,4
DA:865,4
DA:866,4
DA:867,4
DA:868,4
DA:870,0
DA:872,4
DA:873,4
DA:876,6
DA:877,6
DA:878,6
DA:879,6
DA:880,6
DA:881,6
DA:882,6
DA:883,6
DA:884,6
DA:885,2
DA:886,2
DA:887,2
DA:888,2
DA:889,2
DA:890,2
DA:891,2
DA:892,2
DA:893,2
DA:895,4
DA:896,4
DA:897,4
DA:898,4
DA:899,4
DA:900,4
DA:901,2
DA:902,2
DA:903,2
DA:904,2
DA:906,0
DA:908,4
DA:909,6
DA:912,8
DA:913,8
DA:914,8
DA:915,8
DA:916,8
DA:917,8
DA:918,8
DA:919,8
DA:920,8
DA:921,8
DA:922,8
DA:923,8
DA:924,8
DA:926,8
DA:929,2953
DA:930,2953
DA:931,2953
DA:932,2953
DA:933,2953
DA:934,2953
DA:935,2953
DA:938,457
DA:939,457
DA:940,457
DA:941,457
DA:942,457
DA:943,457
DA:946,267
DA:947,267
DA:948,267
DA:949,267
DA:950,267
DA:951,239
DA:952,267
DA:955,2561
DA:956,2561
DA:957,2561
DA:958,513
DA:959,513
DA:960,513
DA:961,0
DA:963,513
DA:964,0
DA:965,0
DA:966,0
DA:967,0
DA:968,0
DA:969,0
DA:970,0
DA:971,0
DA:972,0
DA:973,0
DA:974,0
DA:975,513
DA:976,218
DA:977,415
DA:978,390
DA:979,364
DA:980,346
DA:981,329
DA:982,309
DA:983,287
DA:984,267
DA:985,239
DA:986,218
DA:988,218
DA:989,0
DA:990,0
DA:991,0
DA:992,0
DA:993,0
DA:994,218
DA:995,218
DA:996,218
DA:997,218
DA:998,218
DA:1000,218
DA:1002,98
DA:1003,0
DA:1004,0
DA:1005,0
DA:1006,0
DA:1007,0
DA:1008,98
DA:1009,0
DA:1010,0
DA:1011,0
DA:1012,0
DA:1013,0
DA:1014,98
DA:1016,2561
DA:1018,128
DA:1019,128
DA:1020,128
DA:1021,128
DA:1023,128
DA:1024,128
DA:1026,609
DA:1027,609
DA:1028,609
DA:1029,609
DA:1030,609
DA:1032,946
DA:1033,946
DA:1034,0
DA:1035,946
DA:1036,946
DA:1037,0
DA:1038,946
DA:1039,946
DA:1041,410
DA:1042,410
DA:1043,410
DA:1044,410
DA:1046,410
DA:1047,410
DA:1049,441
DA:1050,441
DA:1051,441
DA:1054,218
DA:1055,218
DA:1056,218
DA:1057,218
DA:1058,0
DA:1059,218
DA:1060,218
DA:1061,218
DA:1073,512
DA:1074,512
DA:1075,512
DA:1076,512
DA:1077,512
DA:1078,512
DA:1079,512
DA:1080,0
DA:1081,512
DA:1082,512
DA:1083,512
DA:1084,512
DA:1085,0
DA:1086,512
DA:1087,2561
DA:1088,2561
DA:1089,2561
DA:1090,2561
DA:1091,512
DA:1092,218
DA:1093,294
DA:1094,294
DA:1095,294
DA:1096,294
DA:1097,294
DA:1098,294
DA:1099,294
DA:1100,294
DA:1101,294
DA:1102,294
DA:1103,294
DA:1104,294
DA:1105,294
DA:1107,0
DA:1109,218
DA:1110,218
DA:1111,218
DA:1112,218
DA:1113,512
DA:1123,512
DA:1124,512
DA:1125,0
DA:1126,512
DA:1127,512
DA:1128,512
DA:1129,512
DA:1136,1
DA:1137,1
DA:1138,1
DA:1139,1
DA:1140,1
DA:1141,1
DA:1142,1
DA:1143,1
DA:1144,1
DA:1145,1
DA:1146,1
DA:1147,1
DA:1148,1
DA:1149,1
DA:1150,1
DA:1151,1
DA:1152,1
DA:1153,1
DA:1154,1
DA:1155,1
DA:1156,1
DA:1157,1
DA:1158,1
DA:1159,1
DA:1160,1
DA:1161,1
DA:1162,1
DA:1163,1
DA:1164,1
DA:1165,1
DA:1166,1
DA:1167,1
DA:1168,1
DA:1169,1
DA:1170,1
DA:1171,1
DA:1172,1
DA:1173,1
DA:1176,1
DA:1177,2048
DA:1178,2047
DA:1179,2096128
DA:1180,2096128
DA:1181,2096128
DA:1182,2047
DA:1183,2047
DA:1184,2047
DA:1185,2047
DA:1186,2047
DA:1187,2047
DA:1188,2047
DA:1190,1
BRF:0
BRH:0
LF:903
LH:802
end_of_record
SF:/mnt/g/paperexper/retf/saib-retf/prototype/anoncred-rust/src/role_process.rs
FN:26,_RINvNtCslV50zAGoXBR_13saib_anoncred12role_process14read_json_filepEB4_
FN:36,_RINvNtCslV50zAGoXBR_13saib_anoncred12role_process15write_json_filepEB4_
FN:67,_RINvNtCslV50zAGoXBR_13saib_anoncred12role_process20exchange_secure_jsonppEB4_
FN:112,_RINvNtCslV50zAGoXBR_13saib_anoncred12role_process23read_secure_stream_jsonpEB4_
FN:138,_RINvNtCslV50zAGoXBR_13saib_anoncred12role_process24write_secure_stream_jsonpEB4_
FN:126,_RINvNtCslV50zAGoXBR_13saib_anoncred12role_process28read_secure_stream_json_oncepEB4_
FN:28,_RNCINvNtCslV50zAGoXBR_13saib_anoncred12role_process14read_json_filepE0B6_
FN:33,_RNCINvNtCslV50zAGoXBR_13saib_anoncred12role_process14read_json_filepEs_0B6_
FN:42,_RNCINvNtCslV50zAGoXBR_13saib_anoncred12role_process15write_json_filepE0B6_
FN:57,_RNCINvNtCslV50zAGoXBR_13saib_anoncred12role_process15write_json_filepEs0_0B6_
FN:62,_RNCINvNtCslV50zAGoXBR_13saib_anoncred12role_process15write_json_filepEs1_0B6_
FN:55,_RNCINvNtCslV50zAGoXBR_13saib_anoncred12role_process15write_json_filepEs_0B6_
FN:73,_RNCINvNtCslV50zAGoXBR_13saib_anoncred12role_process20exchange_secure_jsonppE0B6_
FN:83,_RNCINvNtCslV50zAGoXBR_13saib_anoncred12role_process20exchange_secure_jsonppEs0_0B6_
FN:86,_RNCINvNtCslV50zAGoXBR_13saib_anoncred12role_process20exchange_secure_jsonppEs1_0B6_
FN:91,_RNCINvNtCslV50zAGoXBR_13saib_anoncred12role_process20exchange_secure_jsonppEs2_0B6_
FN:97,_RNCINvNtCslV50zAGoXBR_13saib_anoncred12role_process20exchange_secure_jsonppEs3_0B6_
FN:80,_RNCINvNtCslV50zAGoXBR_13saib_anoncred12role_process20exchange_secure_jsonppEs_0B6_
FN:120,_RNCINvNtCslV50zAGoXBR_13saib_anoncred12role_process23read_secure_stream_jsonpE0B6_
FN:144,_RNCINvNtCslV50zAGoXBR_13saib_anoncred12role_process24write_secure_stream_jsonpE0B6_
FN:152,_RNCINvNtCslV50zAGoXBR_13saib_anoncred12role_process24write_secure_stream_jsonpEs_0B6_
FN:135,_RNCINvNtCslV50zAGoXBR_13saib_anoncred12role_process28read_secure_stream_json_oncepE0B6_
FN:219,_RNCNvNtCslV50zAGoXBR_13saib_anoncred12role_process15open_with_nonce0B5_
FN:228,_RNCNvNtCslV50zAGoXBR_13saib_anoncred12role_process15open_with_nonces0_0B5_
FN:231,_RNCNvNtCslV50zAGoXBR_13saib_anoncred12role_process15open_with_nonces1_0B5_
FN:233,_RNCNvNtCslV50zAGoXBR_13saib_anoncred12role_process15open_with_nonces2_0B5_
FN:243,_RNCNvNtCslV50zAGoXBR_13saib_anoncred12role_process15open_with_nonces3_0B5_
FN:225,_RNCNvNtCslV50zAGoXBR_13saib_anoncred12role_process15open_with_nonces_0B5_
FN:166,_RNCNvNtCslV50zAGoXBR_13saib_anoncred12role_process18role_transport_key0B5_
FN:172,_RNCNvNtCslV50zAGoXBR_13saib_anoncred12role_process18role_transport_keys0_0B5_
FN:169,_RNCNvNtCslV50zAGoXBR_13saib_anoncred12role_process18role_transport_keys_0B5_
FN:105,_RNCNvNtCslV50zAGoXBR_13saib_anoncred12role_process19read_bounded_stream0B5_
FN:263,_RNCNvNtCslV50zAGoXBR_13saib_anoncred12role_process21consume_request_nonce0B5_
FN:278,_RNCNvNtCslV50zAGoXBR_13saib_anoncred12role_process21consume_request_nonces0_0B5_
FN:286,_RNCNvNtCslV50zAGoXBR_13saib_anoncred12role_process21consume_request_nonces1_0B5_
FN:288,_RNCNvNtCslV50zAGoXBR_13saib_anoncred12role_process21consume_request_nonces2_0B5_
FN:268,_RNCNvNtCslV50zAGoXBR_13saib_anoncred12role_process21consume_request_nonces_0B5_
FN:209,_RNCNvNtCslV50zAGoXBR_13saib_anoncred12role_process4open0B5_
FN:186,_RNCNvNtCslV50zAGoXBR_13saib_anoncred12role_process4seal0B5_
FN:205,_RNCNvNtCslV50zAGoXBR_13saib_anoncred12role_process4seals0_0B5_
FN:198,_RNCNvNtCslV50zAGoXBR_13saib_anoncred12role_process4seals_0B5_
FN:212,_RNvNtCslV50zAGoXBR_13saib_anoncred12role_process15open_with_nonce
FN:247,_RNvNtCslV50zAGoXBR_13saib_anoncred12role_process17open_request_once
FN:155,_RNvNtCslV50zAGoXBR_13saib_anoncred12role_process18role_transport_key
FN:100,_RNvNtCslV50zAGoXBR_13saib_anoncred12role_process19read_bounded_stream
FN:258,_RNvNtCslV50zAGoXBR_13saib_anoncred12role_process21consume_request_nonce
FN:175,_RNvNtCslV50zAGoXBR_13saib_anoncred12role_process3aad
FN:208,_RNvNtCslV50zAGoXBR_13saib_anoncred12role_process4open
FN:179,_RNvNtCslV50zAGoXBR_13saib_anoncred12role_process4seal
FN:26,_RINvNtCslV50zAGoXBR_13saib_anoncred12role_process14read_json_fileNtNtB4_5roles15RoleIssuerStateECs4qRKSRRkfSH_18s2_2_global_issuer
FN:36,_RINvNtCslV50zAGoXBR_13saib_anoncred12role_process15write_json_fileNtNtB4_5roles15RoleIssuerStateECs4qRKSRRkfSH_18s2_2_global_issuer
FN:36,_RINvNtCslV50zAGoXBR_13saib_anoncred12role_process15write_json_fileNtNtB4_5roles18PublicRoleRegistryECs4qRKSRRkfSH_18s2_2_global_issuer
FN:36,_RINvNtCslV50zAGoXBR_13saib_anoncred12role_process15write_json_fileNtNtB4_5roles21PublicRevocationDeltaECs4qRKSRRkfSH_18s2_2_global_issuer
FN:138,_RINvNtCslV50zAGoXBR_13saib_anoncred12role_process24write_secure_stream_jsonINtNtNtCs6hfw4EsT1qM_5credx5blind6bundle21BlindCredentialBundleNtNtNtNtB1i_4knox3bbs6scheme9BbsSchemeEECs4qRKSRRkfSH_18s2_2_global_issuer
FN:126,_RINvNtCslV50zAGoXBR_13saib_anoncred12role_process28read_secure_stream_json_onceNtNtB4_6holder20BlindIssuanceRequestECs4qRKSRRkfSH_18s2_2_global_issuer
FN:28,_RNCINvNtCslV50zAGoXBR_13saib_anoncred12role_process14read_json_fileNtNtB6_5roles15RoleIssuerStateE0Cs4qRKSRRkfSH_18s2_2_global_issuer
FN:33,_RNCINvNtCslV50zAGoXBR_13saib_anoncred12role_process14read_json_fileNtNtB6_5roles15RoleIssuerStateEs_0Cs4qRKSRRkfSH_18s2_2_global_issuer
FN:42,_RNCINvNtCslV50zAGoXBR_13saib_anoncred12role_process15write_json_fileNtNtB6_5roles15RoleIssuerStateE0Cs4qRKSRRkfSH_18s2_2_global_issuer
FN:57,_RNCINvNtCslV50zAGoXBR_13saib_anoncred12role_process15write_json_fileNtNtB6_5roles15RoleIssuerStateEs0_0Cs4qRKSRRkfSH_18s2_2_global_issuer
FN:62,_RNCINvNtCslV50zAGoXBR_13saib_anoncred12role_process15write_json_fileNtNtB6_5roles15RoleIssuerStateEs1_0Cs4qRKSRRkfSH_18s2_2_global_issuer
FN:55,_RNCINvNtCslV50zAGoXBR_13saib_anoncred12role_process15write_json_fileNtNtB6_5roles15RoleIssuerStateEs_0Cs4qRKSRRkfSH_18s2_2_global_issuer
FN:42,_RNCINvNtCslV50zAGoXBR_13saib_anoncred12role_process15write_json_fileNtNtB6_5roles18PublicRoleRegistryE0Cs4qRKSRRkfSH_18s2_2_global_issuer
FN:57,_RNCINvNtCslV50zAGoXBR_13saib_anoncred12role_process15write_json_fileNtNtB6_5roles18PublicRoleRegistryEs0_0Cs4qRKSRRkfSH_18s2_2_global_issuer
FN:62,_RNCINvNtCslV50zAGoXBR_13saib_anoncred12role_process15write_json_fileNtNtB6_5roles18PublicRoleRegistryEs1_0Cs4qRKSRRkfSH_18s2_2_global_issuer
FN:55,_RNCINvNtCslV50zAGoXBR_13saib_anoncred12role_process15write_json_fileNtNtB6_5roles18PublicRoleRegistryEs_0Cs4qRKSRRkfSH_18s2_2_global_issuer
FN:42,_RNCINvNtCslV50zAGoXBR_13saib_anoncred12role_process15write_json_fileNtNtB6_5roles21PublicRevocationDeltaE0Cs4qRKSRRkfSH_18s2_2_global_issuer
FN:57,_RNCINvNtCslV50zAGoXBR_13saib_anoncred12role_process15write_json_fileNtNtB6_5roles21PublicRevocationDeltaEs0_0Cs4qRKSRRkfSH_18s2_2_global_issuer
FN:62,_RNCINvNtCslV50zAGoXBR_13saib_anoncred12role_process15write_json_fileNtNtB6_5roles21PublicRevocationDeltaEs1_0Cs4qRKSRRkfSH_18s2_2_global_issuer
FN:55,_RNCINvNtCslV50zAGoXBR_13saib_anoncred12role_process15write_json_fileNtNtB6_5roles21PublicRevocationDeltaEs_0Cs4qRKSRRkfSH_18s2_2_global_issuer
FN:144,_RNCINvNtCslV50zAGoXBR_13saib_anoncred12role_process24write_secure_stream_jsonINtNtNtCs6hfw4EsT1qM_5credx5blind6bundle21BlindCredentialBundleNtNtNtNtB1k_4knox3bbs6scheme9BbsSchemeEE0Cs4qRKSRRkfSH_18s2_2_global_issuer
FN:152,_RNCINvNtCslV50zAGoXBR_13saib_anoncred12role_process24write_secure_stream_jsonINtNtNtCs6hfw4EsT1qM_5credx5blind6bundle21BlindCredentialBundleNtNtNtNtB1k_4knox3bbs6scheme9BbsSchemeEEs_0Cs4qRKSRRkfSH_18s2_2_global_issuer
FN:135,_RNCINvNtCslV50zAGoXBR_13saib_anoncred12role_process28read_secure_stream_json_onceNtNtB6_6holder20BlindIssuanceRequestE0Cs4qRKSRRkfSH_18s2_2_global_issuer
FN:26,_RINvNtCslV50zAGoXBR_13saib_anoncred12role_process14read_json_fileNtB4_11WalletStateECsaWtpOrAxUU_11s2_2_holder
FN:26,_RINvNtCslV50zAGoXBR_13saib_anoncred12role_process14read_json_fileNtB4_15TrustedRegistryECsaWtpOrAxUU_11s2_2_holder
FN:26,_RINvNtCslV50zAGoXBR_13saib_anoncred12role_process14read_json_fileNtNtB4_5roles18PublicRoleRegistryECsaWtpOrAxUU_11s2_2_holder
FN:26,_RINvNtCslV50zAGoXBR_13saib_anoncred12role_process14read_json_fileNtNtB4_5roles21PublicRevocationDeltaECsaWtpOrAxUU_11s2_2_holder
FN:36,_RINvNtCslV50zAGoXBR_13saib_anoncred12role_process15write_json_fileNtB4_11WalletStateECsaWtpOrAxUU_11s2_2_holder
FN:36,_RINvNtCslV50zAGoXBR_13saib_anoncred12role_process15write_json_fileNtB4_13ProveResponseECsaWtpOrAxUU_11s2_2_holder
FN:36,_RINvNtCslV50zAGoXBR_13saib_anoncred12role_process15write_json_fileNtB4_15TrustedRegistryECsaWtpOrAxUU_11s2_2_holder
FN:67,_RINvNtCslV50zAGoXBR_13saib_anoncred12role_process20exchange_secure_jsonNtNtB4_6holder20BlindIssuanceRequestINtNtNtCs6hfw4EsT1qM_5credx5blind6bundle21BlindCredentialBundleNtNtNtNtB1O_4knox3bbs6scheme9BbsSchemeEECsaWtpOrAxUU_11s2_2_holder
FN:28,_RNCINvNtCslV50zAGoXBR_13saib_anoncred12role_process14read_json_fileNtB6_11WalletStateE0CsaWtpOrAxUU_11s2_2_holder
FN:33,_RNCINvNtCslV50zAGoXBR_13saib_anoncred12role_process14read_json_fileNtB6_11WalletStateEs_0CsaWtpOrAxUU_11s2_2_holder
FN:28,_RNCINvNtCslV50zAGoXBR_13saib_anoncred12role_process14read_json_fileNtB6_15TrustedRegistryE0CsaWtpOrAxUU_11s2_2_holder
FN:33,_RNCINvNtCslV50zAGoXBR_13saib_anoncred12role_process14read_json_fileNtB6_15TrustedRegistryEs_0CsaWtpOrAxUU_11s2_2_holder
FN:28,_RNCINvNtCslV50zAGoXBR_13saib_anoncred12role_process14read_json_fileNtNtB6_5roles18PublicRoleRegistryE0CsaWtpOrAxUU_11s2_2_holder
FN:33,_RNCINvNtCslV50zAGoXBR_13saib_anoncred12role_process14read_json_fileNtNtB6_5roles18PublicRoleRegistryEs_0CsaWtpOrAxUU_11s2_2_holder
FN:28,_RNCINvNtCslV50zAGoXBR_13saib_anoncred12role_process14read_json_fileNtNtB6_5roles21PublicRevocationDeltaE0CsaWtpOrAxUU_11s2_2_holder
FN:33,_RNCINvNtCslV50zAGoXBR_13saib_anoncred12role_process14read_json_fileNtNtB6_5roles21PublicRevocationDeltaEs_0CsaWtpOrAxUU_11s2_2_holder
FN:42,_RNCINvNtCslV50zAGoXBR_13saib_anoncred12role_process15write_json_fileNtB6_11WalletStateE0CsaWtpOrAxUU_11s2_2_holder
FN:57,_RNCINvNtCslV50zAGoXBR_13saib_anoncred12role_process15write_json_fileNtB6_11WalletStateEs0_0CsaWtpOrAxUU_11s2_2_holder
FN:62,_RNCINvNtCslV50zAGoXBR_13saib_anoncred12role_process15write_json_fileNtB6_11WalletStateEs1_0CsaWtpOrAxUU_11s2_2_holder
FN:55,_RNCINvNtCslV50zAGoXBR_13saib_anoncred12role_process15write_json_fileNtB6_11WalletStateEs_0CsaWtpOrAxUU_11s2_2_holder
FN:42,_RNCINvNtCslV50zAGoXBR_13saib_anoncred12role_process15write_json_fileNtB6_13ProveResponseE0CsaWtpOrAxUU_11s2_2_holder
FN:57,_RNCINvNtCslV50zAGoXBR_13saib_anoncred12role_process15write_json_fileNtB6_13ProveResponseEs0_0CsaWtpOrAxUU_11s2_2_holder
FN:62,_RNCINvNtCslV50zAGoXBR_13saib_anoncred12role_process15write_json_fileNtB6_13ProveResponseEs1_0CsaWtpOrAxUU_11s2_2_holder
FN:55,_RNCINvNtCslV50zAGoXBR_13saib_anoncred12role_process15write_json_fileNtB6_13ProveResponseEs_0CsaWtpOrAxUU_11s2_2_holder
FN:42,_RNCINvNtCslV50zAGoXBR_13saib_anoncred12role_process15write_json_fileNtB6_15TrustedRegistryE0CsaWtpOrAxUU_11s2_2_holder
FN:57,_RNCINvNtCslV50zAGoXBR_13saib_anoncred12role_process15write_json_fileNtB6_15TrustedRegistryEs0_0CsaWtpOrAxUU_11s2_2_holder
FN:62,_RNCINvNtCslV50zAGoXBR_13saib_anoncred12role_process15write_json_fileNtB6_15TrustedRegistryEs1_0CsaWtpOrAxUU_11s2_2_holder
FN:55,_RNCINvNtCslV50zAGoXBR_13saib_anoncred12role_process15write_json_fileNtB6_15TrustedRegistryEs_0CsaWtpOrAxUU_11s2_2_holder
FN:73,_RNCINvNtCslV50zAGoXBR_13saib_anoncred12role_process20exchange_secure_jsonNtNtB6_6holder20BlindIssuanceRequestINtNtNtCs6hfw4EsT1qM_5credx5blind6bundle21BlindCredentialBundleNtNtNtNtB1Q_4knox3bbs6scheme9BbsSchemeEE0CsaWtpOrAxUU_11s2_2_holder
FN:83,_RNCINvNtCslV50zAGoXBR_13saib_anoncred12role_process20exchange_secure_jsonNtNtB6_6holder20BlindIssuanceRequestINtNtNtCs6hfw4EsT1qM_5credx5blind6bundle21BlindCredentialBundleNtNtNtNtB1Q_4knox3bbs6scheme9BbsSchemeEEs0_0CsaWtpOrAxUU_11s2_2_holder
FN:86,_RNCINvNtCslV50zAGoXBR_13saib_anoncred12role_process20exchange_secure_jsonNtNtB6_6holder20BlindIssuanceRequestINtNtNtCs6hfw4EsT1qM_5credx5blind6bundle21BlindCredentialBundleNtNtNtNtB1Q_4knox3bbs6scheme9BbsSchemeEEs1_0CsaWtpOrAxUU_11s2_2_holder
FN:91,_RNCINvNtCslV50zAGoXBR_13saib_anoncred12role_process20exchange_secure_jsonNtNtB6_6holder20BlindIssuanceRequestINtNtNtCs6hfw4EsT1qM_5credx5blind6bundle21BlindCredentialBundleNtNtNtNtB1Q_4knox3bbs6scheme9BbsSchemeEEs2_0CsaWtpOrAxUU_11s2_2_holder
FN:97,_RNCINvNtCslV50zAGoXBR_13saib_anoncred12role_process20exchange_secure_jsonNtNtB6_6holder20BlindIssuanceRequestINtNtNtCs6hfw4EsT1qM_5credx5blind6bundle21BlindCredentialBundleNtNtNtNtB1Q_4knox3bbs6scheme9BbsSchemeEEs3_0CsaWtpOrAxUU_11s2_2_holder
FN:80,_RNCINvNtCslV50zAGoXBR_13saib_anoncred12role_process20exchange_secure_jsonNtNtB6_6holder20BlindIssuanceRequestINtNtNtCs6hfw4EsT1qM_5credx5blind6bundle21BlindCredentialBundleNtNtNtNtB1Q_4knox3bbs6scheme9BbsSchemeEEs_0CsaWtpOrAxUU_11s2_2_holder
FN:26,_RINvNtCslV50zAGoXBR_13saib_anoncred12role_process14read_json_fileNtNtB4_5roles15RoleIssuerStateECshCizlhSmStn_20s2_2_regional_issuer
FN:36,_RINvNtCslV50zAGoXBR_13saib_anoncred12role_process15write_json_fileNtNtB4_5roles15RoleIssuerStateECshCizlhSmStn_20s2_2_regional_issuer
FN:36,_RINvNtCslV50zAGoXBR_13saib_anoncred12role_process15write_json_fileNtNtB4_5roles18PublicRoleRegistryECshCizlhSmStn_20s2_2_regional_issuer
FN:36,_RINvNtCslV50zAGoXBR_13saib_anoncred12role_process15write_json_fileNtNtB4_5roles21PublicRevocationDeltaECshCizlhSmStn_20s2_2_regional_issuer
FN:138,_RINvNtCslV50zAGoXBR_13saib_anoncred12role_process24write_secure_stream_jsonINtNtNtCs6hfw4EsT1qM_5credx5blind6bundle21BlindCredentialBundleNtNtNtNtB1i_4knox3bbs6scheme9BbsSchemeEECshCizlhSmStn_20s2_2_regional_issuer
FN:126,_RINvNtCslV50zAGoXBR_13saib_anoncred12role_process28read_secure_stream_json_onceNtNtB4_6holder20BlindIssuanceRequestECshCizlhSmStn_20s2_2_regional_issuer
FN:28,_RNCINvNtCslV50zAGoXBR_13saib_anoncred12role_process14read_json_fileNtNtB6_5roles15RoleIssuerStateE0CshCizlhSmStn_20s2_2_regional_issuer
FN:33,_RNCINvNtCslV50zAGoXBR_13saib_anoncred12role_process14read_json_fileNtNtB6_5roles15RoleIssuerStateEs_0CshCizlhSmStn_20s2_2_regional_issuer
FN:42,_RNCINvNtCslV50zAGoXBR_13saib_anoncred12role_process15write_json_fileNtNtB6_5roles15RoleIssuerStateE0CshCizlhSmStn_20s2_2_regional_issuer
FN:57,_RNCINvNtCslV50zAGoXBR_13saib_anoncred12role_process15write_json_fileNtNtB6_5roles15RoleIssuerStateEs0_0CshCizlhSmStn_20s2_2_regional_issuer
FN:62,_RNCINvNtCslV50zAGoXBR_13saib_anoncred12role_process15write_json_fileNtNtB6_5roles15RoleIssuerStateEs1_0CshCizlhSmStn_20s2_2_regional_issuer
FN:55,_RNCINvNtCslV50zAGoXBR_13saib_anoncred12role_process15write_json_fileNtNtB6_5roles15RoleIssuerStateEs_0CshCizlhSmStn_20s2_2_regional_issuer
FN:42,_RNCINvNtCslV50zAGoXBR_13saib_anoncred12role_process15write_json_fileNtNtB6_5roles18PublicRoleRegistryE0CshCizlhSmStn_20s2_2_regional_issuer
FN:57,_RNCINvNtCslV50zAGoXBR_13saib_anoncred12role_process15write_json_fileNtNtB6_5roles18PublicRoleRegistryEs0_0CshCizlhSmStn_20s2_2_regional_issuer
FN:62,_RNCINvNtCslV50zAGoXBR_13saib_anoncred12role_process15write_json_fileNtNtB6_5roles18PublicRoleRegistryEs1_0CshCizlhSmStn_20s2_2_regional_issuer
FN:55,_RNCINvNtCslV50zAGoXBR_13saib_anoncred12role_process15write_json_fileNtNtB6_5roles18PublicRoleRegistryEs_0CshCizlhSmStn_20s2_2_regional_issuer
FN:42,_RNCINvNtCslV50zAGoXBR_13saib_anoncred12role_process15write_json_fileNtNtB6_5roles21PublicRevocationDeltaE0CshCizlhSmStn_20s2_2_regional_issuer
FN:57,_RNCINvNtCslV50zAGoXBR_13saib_anoncred12role_process15write_json_fileNtNtB6_5roles21PublicRevocationDeltaEs0_0CshCizlhSmStn_20s2_2_regional_issuer
FN:62,_RNCINvNtCslV50zAGoXBR_13saib_anoncred12role_process15write_json_fileNtNtB6_5roles21PublicRevocationDeltaEs1_0CshCizlhSmStn_20s2_2_regional_issuer
FN:55,_RNCINvNtCslV50zAGoXBR_13saib_anoncred12role_process15write_json_fileNtNtB6_5roles21PublicRevocationDeltaEs_0CshCizlhSmStn_20s2_2_regional_issuer
FN:144,_RNCINvNtCslV50zAGoXBR_13saib_anoncred12role_process24write_secure_stream_jsonINtNtNtCs6hfw4EsT1qM_5credx5blind6bundle21BlindCredentialBundleNtNtNtNtB1k_4knox3bbs6scheme9BbsSchemeEE0CshCizlhSmStn_20s2_2_regional_issuer
FN:152,_RNCINvNtCslV50zAGoXBR_13saib_anoncred12role_process24write_secure_stream_jsonINtNtNtCs6hfw4EsT1qM_5credx5blind6bundle21BlindCredentialBundleNtNtNtNtB1k_4knox3bbs6scheme9BbsSchemeEEs_0CshCizlhSmStn_20s2_2_regional_issuer
FN:135,_RNCINvNtCslV50zAGoXBR_13saib_anoncred12role_process28read_secure_stream_json_onceNtNtB6_6holder20BlindIssuanceRequestE0CshCizlhSmStn_20s2_2_regional_issuer
FN:126,_RINvNtCs9ncSd3SpQ4C_13saib_anoncred12role_process28read_secure_stream_json_oncepEB4_
FN:135,_RNCINvNtCs9ncSd3SpQ4C_13saib_anoncred12role_process28read_secure_stream_json_oncepE0B6_
FN:26,_RINvNtCs9ncSd3SpQ4C_13saib_anoncred12role_process14read_json_fileNtNtCs3XDC77ng45_10serde_json5value5ValueEB4_
FN:36,_RINvNtCs9ncSd3SpQ4C_13saib_anoncred12role_process15write_json_fileNtNtCs3XDC77ng45_10serde_json5value5ValueEB4_
FN:67,_RINvNtCs9ncSd3SpQ4C_13saib_anoncred12role_process20exchange_secure_jsonNtNtCs3XDC77ng45_10serde_json5value5ValueB17_EB4_
FN:112,_RINvNtCs9ncSd3SpQ4C_13saib_anoncred12role_process23read_secure_stream_jsonNtNtCs3XDC77ng45_10serde_json5value5ValueEB4_
FN:138,_RINvNtCs9ncSd3SpQ4C_13saib_anoncred12role_process24write_secure_stream_jsonNtNtCs3XDC77ng45_10serde_json5value5ValueEB4_
FN:28,_RNCINvNtCs9ncSd3SpQ4C_13saib_anoncred12role_process14read_json_fileNtNtCs3XDC77ng45_10serde_json5value5ValueE0B6_
FN:33,_RNCINvNtCs9ncSd3SpQ4C_13saib_anoncred12role_process14read_json_fileNtNtCs3XDC77ng45_10serde_json5value5ValueEs_0B6_
FN:42,_RNCINvNtCs9ncSd3SpQ4C_13saib_anoncred12role_process15write_json_fileNtNtCs3XDC77ng45_10serde_json5value5ValueE0B6_
FN:57,_RNCINvNtCs9ncSd3SpQ4C_13saib_anoncred12role_process15write_json_fileNtNtCs3XDC77ng45_10serde_json5value5ValueEs0_0B6_
FN:62,_RNCINvNtCs9ncSd3SpQ4C_13saib_anoncred12role_process15write_json_fileNtNtCs3XDC77ng45_10serde_json5value5ValueEs1_0B6_
FN:55,_RNCINvNtCs9ncSd3SpQ4C_13saib_anoncred12role_process15write_json_fileNtNtCs3XDC77ng45_10serde_json5value5ValueEs_0B6_
FN:73,_RNCINvNtCs9ncSd3SpQ4C_13saib_anoncred12role_process20exchange_secure_jsonNtNtCs3XDC77ng45_10serde_json5value5ValueB19_E0B6_
FN:83,_RNCINvNtCs9ncSd3SpQ4C_13saib_anoncred12role_process20exchange_secure_jsonNtNtCs3XDC77ng45_10serde_json5value5ValueB19_Es0_0B6_
FN:86,_RNCINvNtCs9ncSd3SpQ4C_13saib_anoncred12role_process20exchange_secure_jsonNtNtCs3XDC77ng45_10serde_json5value5ValueB19_Es1_0B6_
FN:91,_RNCINvNtCs9ncSd3SpQ4C_13saib_anoncred12role_process20exchange_secure_jsonNtNtCs3XDC77ng45_10serde_json5value5ValueB19_Es2_0B6_
FN:97,_RNCINvNtCs9ncSd3SpQ4C_13saib_anoncred12role_process20exchange_secure_jsonNtNtCs3XDC77ng45_10serde_json5value5ValueB19_Es3_0B6_
FN:80,_RNCINvNtCs9ncSd3SpQ4C_13saib_anoncred12role_process20exchange_secure_jsonNtNtCs3XDC77ng45_10serde_json5value5ValueB19_Es_0B6_
FN:120,_RNCINvNtCs9ncSd3SpQ4C_13saib_anoncred12role_process23read_secure_stream_jsonNtNtCs3XDC77ng45_10serde_json5value5ValueE0B6_
FN:144,_RNCINvNtCs9ncSd3SpQ4C_13saib_anoncred12role_process24write_secure_stream_jsonNtNtCs3XDC77ng45_10serde_json5value5ValueE0B6_
FN:152,_RNCINvNtCs9ncSd3SpQ4C_13saib_anoncred12role_process24write_secure_stream_jsonNtNtCs3XDC77ng45_10serde_json5value5ValueEs_0B6_
FN:219,_RNCNvNtCs9ncSd3SpQ4C_13saib_anoncred12role_process15open_with_nonce0B5_
FN:228,_RNCNvNtCs9ncSd3SpQ4C_13saib_anoncred12role_process15open_with_nonces0_0B5_
FN:231,_RNCNvNtCs9ncSd3SpQ4C_13saib_anoncred12role_process15open_with_nonces1_0B5_
FN:233,_RNCNvNtCs9ncSd3SpQ4C_13saib_anoncred12role_process15open_with_nonces2_0B5_
FN:243,_RNCNvNtCs9ncSd3SpQ4C_13saib_anoncred12role_process15open_with_nonces3_0B5_
FN:225,_RNCNvNtCs9ncSd3SpQ4C_13saib_anoncred12role_process15open_with_nonces_0B5_
FN:166,_RNCNvNtCs9ncSd3SpQ4C_13saib_anoncred12role_process18role_transport_key0B5_
FN:172,_RNCNvNtCs9ncSd3SpQ4C_13saib_anoncred12role_process18role_transport_keys0_0B5_
FN:169,_RNCNvNtCs9ncSd3SpQ4C_13saib_anoncred12role_process18role_transport_keys_0B5_
FN:105,_RNCNvNtCs9ncSd3SpQ4C_13saib_anoncred12role_process19read_bounded_stream0B5_
FN:263,_RNCNvNtCs9ncSd3SpQ4C_13saib_anoncred12role_process21consume_request_nonce0B5_
FN:278,_RNCNvNtCs9ncSd3SpQ4C_13saib_anoncred12role_process21consume_request_nonces0_0B5_
FN:286,_RNCNvNtCs9ncSd3SpQ4C_13saib_anoncred12role_process21consume_request_nonces1_0B5_
FN:288,_RNCNvNtCs9ncSd3SpQ4C_13saib_anoncred12role_process21consume_request_nonces2_0B5_
FN:268,_RNCNvNtCs9ncSd3SpQ4C_13saib_anoncred12role_process21consume_request_nonces_0B5_
FN:209,_RNCNvNtCs9ncSd3SpQ4C_13saib_anoncred12role_process4open0B5_
FN:186,_RNCNvNtCs9ncSd3SpQ4C_13saib_anoncred12role_process4seal0B5_
FN:205,_RNCNvNtCs9ncSd3SpQ4C_13saib_anoncred12role_process4seals0_0B5_
FN:198,_RNCNvNtCs9ncSd3SpQ4C_13saib_anoncred12role_process4seals_0B5_
FN:413,_RNvNtNtCs9ncSd3SpQ4C_13saib_anoncred12role_process5testss_37authenticated_tcp_exchange_round_trip
FN:396,_RNvNtNtCs9ncSd3SpQ4C_13saib_anoncred12role_process5testss_43role_transport_keys_are_separate_and_strict
FN:365,_RNvNtNtCs9ncSd3SpQ4C_13saib_anoncred12role_process5testss_50role_state_file_boundaries_and_private_permissions
FN:323,_RNvNtNtCs9ncSd3SpQ4C_13saib_anoncred12role_process5testss_55secure_envelope_rejects_malformed_domains_and_encodings
FN:442,_RNvNtNtCs9ncSd3SpQ4C_13saib_anoncred12role_process5testss_60authenticated_request_nonce_is_consumed_once_across_restarts
FN:307,_RNvNtNtCs9ncSd3SpQ4C_13saib_anoncred12role_process5testss_61authenticated_role_envelope_rejects_tamper_and_cross_role_use
FN:212,_RNvNtCs9ncSd3SpQ4C_13saib_anoncred12role_process15open_with_nonce
FN:247,_RNvNtCs9ncSd3SpQ4C_13saib_anoncred12role_process17open_request_once
FN:155,_RNvNtCs9ncSd3SpQ4C_13saib_anoncred12role_process18role_transport_key
FN:100,_RNvNtCs9ncSd3SpQ4C_13saib_anoncred12role_process19read_bounded_stream
FN:258,_RNvNtCs9ncSd3SpQ4C_13saib_anoncred12role_process21consume_request_nonce
FN:175,_RNvNtCs9ncSd3SpQ4C_13saib_anoncred12role_process3aad
FN:208,_RNvNtCs9ncSd3SpQ4C_13saib_anoncred12role_process4open
FN:179,_RNvNtCs9ncSd3SpQ4C_13saib_anoncred12role_process4seal
FN:418,_RNCNvNtNtCs9ncSd3SpQ4C_13saib_anoncred12role_process5testss_37authenticated_tcp_exchange_round_trip0B7_
FNDA:0,_RINvNtCslV50zAGoXBR_13saib_anoncred12role_process14read_json_filepEB4_
FNDA:0,_RINvNtCslV50zAGoXBR_13saib_anoncred12role_process15write_json_filepEB4_
FNDA:0,_RINvNtCslV50zAGoXBR_13saib_anoncred12role_process20exchange_secure_jsonppEB4_
FNDA:0,_RINvNtCslV50zAGoXBR_13saib_anoncred12role_process23read_secure_stream_jsonpEB4_
FNDA:0,_RINvNtCslV50zAGoXBR_13saib_anoncred12role_process24write_secure_stream_jsonpEB4_
FNDA:0,_RINvNtCslV50zAGoXBR_13saib_anoncred12role_process28read_secure_stream_json_oncepEB4_
FNDA:0,_RNCINvNtCslV50zAGoXBR_13saib_anoncred12role_process14read_json_filepE0B6_
FNDA:0,_RNCINvNtCslV50zAGoXBR_13saib_anoncred12role_process14read_json_filepEs_0B6_
FNDA:0,_RNCINvNtCslV50zAGoXBR_13saib_anoncred12role_process15write_json_filepE0B6_
FNDA:0,_RNCINvNtCslV50zAGoXBR_13saib_anoncred12role_process15write_json_filepEs0_0B6_
FNDA:0,_RNCINvNtCslV50zAGoXBR_13saib_anoncred12role_process15write_json_filepEs1_0B6_
FNDA:0,_RNCINvNtCslV50zAGoXBR_13saib_anoncred12role_process15write_json_filepEs_0B6_
FNDA:0,_RNCINvNtCslV50zAGoXBR_13saib_anoncred12role_process20exchange_secure_jsonppE0B6_
FNDA:0,_RNCINvNtCslV50zAGoXBR_13saib_anoncred12role_process20exchange_secure_jsonppEs0_0B6_
FNDA:0,_RNCINvNtCslV50zAGoXBR_13saib_anoncred12role_process20exchange_secure_jsonppEs1_0B6_
FNDA:0,_RNCINvNtCslV50zAGoXBR_13saib_anoncred12role_process20exchange_secure_jsonppEs2_0B6_
FNDA:0,_RNCINvNtCslV50zAGoXBR_13saib_anoncred12role_process20exchange_secure_jsonppEs3_0B6_
FNDA:0,_RNCINvNtCslV50zAGoXBR_13saib_anoncred12role_process20exchange_secure_jsonppEs_0B6_
FNDA:0,_RNCINvNtCslV50zAGoXBR_13saib_anoncred12role_process23read_secure_stream_jsonpE0B6_
FNDA:0,_RNCINvNtCslV50zAGoXBR_13saib_anoncred12role_process24write_secure_stream_jsonpE0B6_
FNDA:0,_RNCINvNtCslV50zAGoXBR_13saib_anoncred12role_process24write_secure_stream_jsonpEs_0B6_
FNDA:0,_RNCINvNtCslV50zAGoXBR_13saib_anoncred12role_process28read_secure_stream_json_oncepE0B6_
FNDA:0,_RNCNvNtCslV50zAGoXBR_13saib_anoncred12role_process15open_with_nonce0B5_
FNDA:0,_RNCNvNtCslV50zAGoXBR_13saib_anoncred12role_process15open_with_nonces0_0B5_
FNDA:0,_RNCNvNtCslV50zAGoXBR_13saib_anoncred12role_process15open_with_nonces1_0B5_
FNDA:0,_RNCNvNtCslV50zAGoXBR_13saib_anoncred12role_process15open_with_nonces2_0B5_
FNDA:0,_RNCNvNtCslV50zAGoXBR_13saib_anoncred12role_process15open_with_nonces3_0B5_
FNDA:0,_RNCNvNtCslV50zAGoXBR_13saib_anoncred12role_process15open_with_nonces_0B5_
FNDA:0,_RNCNvNtCslV50zAGoXBR_13saib_anoncred12role_process18role_transport_key0B5_
FNDA:0,_RNCNvNtCslV50zAGoXBR_13saib_anoncred12role_process18role_transport_keys0_0B5_
FNDA:0,_RNCNvNtCslV50zAGoXBR_13saib_anoncred12role_process18role_transport_keys_0B5_
FNDA:0,_RNCNvNtCslV50zAGoXBR_13saib_anoncred12role_process19read_bounded_stream0B5_
FNDA:0,_RNCNvNtCslV50zAGoXBR_13saib_anoncred12role_process21consume_request_nonce0B5_
FNDA:0,_RNCNvNtCslV50zAGoXBR_13saib_anoncred12role_process21consume_request_nonces0_0B5_
FNDA:0,_RNCNvNtCslV50zAGoXBR_13saib_anoncred12role_process21consume_request_nonces1_0B5_
FNDA:0,_RNCNvNtCslV50zAGoXBR_13saib_anoncred12role_process21consume_request_nonces2_0B5_
FNDA:0,_RNCNvNtCslV50zAGoXBR_13saib_anoncred12role_process21consume_request_nonces_0B5_
FNDA:0,_RNCNvNtCslV50zAGoXBR_13saib_anoncred12role_process4open0B5_
FNDA:0,_RNCNvNtCslV50zAGoXBR_13saib_anoncred12role_process4seal0B5_
FNDA:0,_RNCNvNtCslV50zAGoXBR_13saib_anoncred12role_process4seals0_0B5_
FNDA:0,_RNCNvNtCslV50zAGoXBR_13saib_anoncred12role_process4seals_0B5_
FNDA:0,_RNvNtCslV50zAGoXBR_13saib_anoncred12role_process15open_with_nonce
FNDA:0,_RNvNtCslV50zAGoXBR_13saib_anoncred12role_process17open_request_once
FNDA:0,_RNvNtCslV50zAGoXBR_13saib_anoncred12role_process18role_transport_key
FNDA:0,_RNvNtCslV50zAGoXBR_13saib_anoncred12role_process19read_bounded_stream
FNDA:0,_RNvNtCslV50zAGoXBR_13saib_anoncred12role_process21consume_request_nonce
FNDA:0,_RNvNtCslV50zAGoXBR_13saib_anoncred12role_process3aad
FNDA:0,_RNvNtCslV50zAGoXBR_13saib_anoncred12role_process4open
FNDA:0,_RNvNtCslV50zAGoXBR_13saib_anoncred12role_process4seal
FNDA:0,_RINvNtCslV50zAGoXBR_13saib_anoncred12role_process14read_json_fileNtNtB4_5roles15RoleIssuerStateECs4qRKSRRkfSH_18s2_2_global_issuer
FNDA:0,_RINvNtCslV50zAGoXBR_13saib_anoncred12role_process15write_json_fileNtNtB4_5roles15RoleIssuerStateECs4qRKSRRkfSH_18s2_2_global_issuer
FNDA:0,_RINvNtCslV50zAGoXBR_13saib_anoncred12role_process15write_json_fileNtNtB4_5roles18PublicRoleRegistryECs4qRKSRRkfSH_18s2_2_global_issuer
FNDA:0,_RINvNtCslV50zAGoXBR_13saib_anoncred12role_process15write_json_fileNtNtB4_5roles21PublicRevocationDeltaECs4qRKSRRkfSH_18s2_2_global_issuer
FNDA:0,_RINvNtCslV50zAGoXBR_13saib_anoncred12role_process24write_secure_stream_jsonINtNtNtCs6hfw4EsT1qM_5credx5blind6bundle21BlindCredentialBundleNtNtNtNtB1i_4knox3bbs6scheme9BbsSchemeEECs4qRKSRRkfSH_18s2_2_global_issuer
FNDA:0,_RINvNtCslV50zAGoXBR_13saib_anoncred12role_process28read_secure_stream_json_onceNtNtB4_6holder20BlindIssuanceRequestECs4qRKSRRkfSH_18s2_2_global_issuer
FNDA:0,_RNCINvNtCslV50zAGoXBR_13saib_anoncred12role_process14read_json_fileNtNtB6_5roles15RoleIssuerStateE0Cs4qRKSRRkfSH_18s2_2_global_issuer
FNDA:0,_RNCINvNtCslV50zAGoXBR_13saib_anoncred12role_process14read_json_fileNtNtB6_5roles15RoleIssuerStateEs_0Cs4qRKSRRkfSH_18s2_2_global_issuer
FNDA:0,_RNCINvNtCslV50zAGoXBR_13saib_anoncred12role_process15write_json_fileNtNtB6_5roles15RoleIssuerStateE0Cs4qRKSRRkfSH_18s2_2_global_issuer
FNDA:0,_RNCINvNtCslV50zAGoXBR_13saib_anoncred12role_process15write_json_fileNtNtB6_5roles15RoleIssuerStateEs0_0Cs4qRKSRRkfSH_18s2_2_global_issuer
FNDA:0,_RNCINvNtCslV50zAGoXBR_13saib_anoncred12role_process15write_json_fileNtNtB6_5roles15RoleIssuerStateEs1_0Cs4qRKSRRkfSH_18s2_2_global_issuer
FNDA:0,_RNCINvNtCslV50zAGoXBR_13saib_anoncred12role_process15write_json_fileNtNtB6_5roles15RoleIssuerStateEs_0Cs4qRKSRRkfSH_18s2_2_global_issuer
FNDA:0,_RNCINvNtCslV50zAGoXBR_13saib_anoncred12role_process15write_json_fileNtNtB6_5roles18PublicRoleRegistryE0Cs4qRKSRRkfSH_18s2_2_global_issuer
FNDA:0,_RNCINvNtCslV50zAGoXBR_13saib_anoncred12role_process15write_json_fileNtNtB6_5roles18PublicRoleRegistryEs0_0Cs4qRKSRRkfSH_18s2_2_global_issuer
FNDA:0,_RNCINvNtCslV50zAGoXBR_13saib_anoncred12role_process15write_json_fileNtNtB6_5roles18PublicRoleRegistryEs1_0Cs4qRKSRRkfSH_18s2_2_global_issuer
FNDA:0,_RNCINvNtCslV50zAGoXBR_13saib_anoncred12role_process15write_json_fileNtNtB6_5roles18PublicRoleRegistryEs_0Cs4qRKSRRkfSH_18s2_2_global_issuer
FNDA:0,_RNCINvNtCslV50zAGoXBR_13saib_anoncred12role_process15write_json_fileNtNtB6_5roles21PublicRevocationDeltaE0Cs4qRKSRRkfSH_18s2_2_global_issuer
FNDA:0,_RNCINvNtCslV50zAGoXBR_13saib_anoncred12role_process15write_json_fileNtNtB6_5roles21PublicRevocationDeltaEs0_0Cs4qRKSRRkfSH_18s2_2_global_issuer
FNDA:0,_RNCINvNtCslV50zAGoXBR_13saib_anoncred12role_process15write_json_fileNtNtB6_5roles21PublicRevocationDeltaEs1_0Cs4qRKSRRkfSH_18s2_2_global_issuer
FNDA:0,_RNCINvNtCslV50zAGoXBR_13saib_anoncred12role_process15write_json_fileNtNtB6_5roles21PublicRevocationDeltaEs_0Cs4qRKSRRkfSH_18s2_2_global_issuer
FNDA:0,_RNCINvNtCslV50zAGoXBR_13saib_anoncred12role_process24write_secure_stream_jsonINtNtNtCs6hfw4EsT1qM_5credx5blind6bundle21BlindCredentialBundleNtNtNtNtB1k_4knox3bbs6scheme9BbsSchemeEE0Cs4qRKSRRkfSH_18s2_2_global_issuer
FNDA:0,_RNCINvNtCslV50zAGoXBR_13saib_anoncred12role_process24write_secure_stream_jsonINtNtNtCs6hfw4EsT1qM_5credx5blind6bundle21BlindCredentialBundleNtNtNtNtB1k_4knox3bbs6scheme9BbsSchemeEEs_0Cs4qRKSRRkfSH_18s2_2_global_issuer
FNDA:0,_RNCINvNtCslV50zAGoXBR_13saib_anoncred12role_process28read_secure_stream_json_onceNtNtB6_6holder20BlindIssuanceRequestE0Cs4qRKSRRkfSH_18s2_2_global_issuer
FNDA:0,_RINvNtCslV50zAGoXBR_13saib_anoncred12role_process14read_json_fileNtB4_11WalletStateECsaWtpOrAxUU_11s2_2_holder
FNDA:0,_RINvNtCslV50zAGoXBR_13saib_anoncred12role_process14read_json_fileNtB4_15TrustedRegistryECsaWtpOrAxUU_11s2_2_holder
FNDA:0,_RINvNtCslV50zAGoXBR_13saib_anoncred12role_process14read_json_fileNtNtB4_5roles18PublicRoleRegistryECsaWtpOrAxUU_11s2_2_holder
FNDA:0,_RINvNtCslV50zAGoXBR_13saib_anoncred12role_process14read_json_fileNtNtB4_5roles21PublicRevocationDeltaECsaWtpOrAxUU_11s2_2_holder
FNDA:0,_RINvNtCslV50zAGoXBR_13saib_anoncred12role_process15write_json_fileNtB4_11WalletStateECsaWtpOrAxUU_11s2_2_holder
FNDA:0,_RINvNtCslV50zAGoXBR_13saib_anoncred12role_process15write_json_fileNtB4_13ProveResponseECsaWtpOrAxUU_11s2_2_holder
FNDA:0,_RINvNtCslV50zAGoXBR_13saib_anoncred12role_process15write_json_fileNtB4_15TrustedRegistryECsaWtpOrAxUU_11s2_2_holder
FNDA:0,_RINvNtCslV50zAGoXBR_13saib_anoncred12role_process20exchange_secure_jsonNtNtB4_6holder20BlindIssuanceRequestINtNtNtCs6hfw4EsT1qM_5credx5blind6bundle21BlindCredentialBundleNtNtNtNtB1O_4knox3bbs6scheme9BbsSchemeEECsaWtpOrAxUU_11s2_2_holder
FNDA:0,_RNCINvNtCslV50zAGoXBR_13saib_anoncred12role_process14read_json_fileNtB6_11WalletStateE0CsaWtpOrAxUU_11s2_2_holder
FNDA:0,_RNCINvNtCslV50zAGoXBR_13saib_anoncred12role_process14read_json_fileNtB6_11WalletStateEs_0CsaWtpOrAxUU_11s2_2_holder
FNDA:0,_RNCINvNtCslV50zAGoXBR_13saib_anoncred12role_process14read_json_fileNtB6_15TrustedRegistryE0CsaWtpOrAxUU_11s2_2_holder
FNDA:0,_RNCINvNtCslV50zAGoXBR_13saib_anoncred12role_process14read_json_fileNtB6_15TrustedRegistryEs_0CsaWtpOrAxUU_11s2_2_holder
FNDA:0,_RNCINvNtCslV50zAGoXBR_13saib_anoncred12role_process14read_json_fileNtNtB6_5roles18PublicRoleRegistryE0CsaWtpOrAxUU_11s2_2_holder
FNDA:0,_RNCINvNtCslV50zAGoXBR_13saib_anoncred12role_process14read_json_fileNtNtB6_5roles18PublicRoleRegistryEs_0CsaWtpOrAxUU_11s2_2_holder
FNDA:0,_RNCINvNtCslV50zAGoXBR_13saib_anoncred12role_process14read_json_fileNtNtB6_5roles21PublicRevocationDeltaE0CsaWtpOrAxUU_11s2_2_holder
FNDA:0,_RNCINvNtCslV50zAGoXBR_13saib_anoncred12role_process14read_json_fileNtNtB6_5roles21PublicRevocationDeltaEs_0CsaWtpOrAxUU_11s2_2_holder
FNDA:0,_RNCINvNtCslV50zAGoXBR_13saib_anoncred12role_process15write_json_fileNtB6_11WalletStateE0CsaWtpOrAxUU_11s2_2_holder
FNDA:0,_RNCINvNtCslV50zAGoXBR_13saib_anoncred12role_process15write_json_fileNtB6_11WalletStateEs0_0CsaWtpOrAxUU_11s2_2_holder
FNDA:0,_RNCINvNtCslV50zAGoXBR_13saib_anoncred12role_process15write_json_fileNtB6_11WalletStateEs1_0CsaWtpOrAxUU_11s2_2_holder
FNDA:0,_RNCINvNtCslV50zAGoXBR_13saib_anoncred12role_process15write_json_fileNtB6_11WalletStateEs_0CsaWtpOrAxUU_11s2_2_holder
FNDA:0,_RNCINvNtCslV50zAGoXBR_13saib_anoncred12role_process15write_json_fileNtB6_13ProveResponseE0CsaWtpOrAxUU_11s2_2_holder
FNDA:0,_RNCINvNtCslV50zAGoXBR_13saib_anoncred12role_process15write_json_fileNtB6_13ProveResponseEs0_0CsaWtpOrAxUU_11s2_2_holder
FNDA:0,_RNCINvNtCslV50zAGoXBR_13saib_anoncred12role_process15write_json_fileNtB6_13ProveResponseEs1_0CsaWtpOrAxUU_11s2_2_holder
FNDA:0,_RNCINvNtCslV50zAGoXBR_13saib_anoncred12role_process15write_json_fileNtB6_13ProveResponseEs_0CsaWtpOrAxUU_11s2_2_holder
FNDA:0,_RNCINvNtCslV50zAGoXBR_13saib_anoncred12role_process15write_json_fileNtB6_15TrustedRegistryE0CsaWtpOrAxUU_11s2_2_holder
FNDA:0,_RNCINvNtCslV50zAGoXBR_13saib_anoncred12role_process15write_json_fileNtB6_15TrustedRegistryEs0_0CsaWtpOrAxUU_11s2_2_holder
FNDA:0,_RNCINvNtCslV50zAGoXBR_13saib_anoncred12role_process15write_json_fileNtB6_15TrustedRegistryEs1_0CsaWtpOrAxUU_11s2_2_holder
FNDA:0,_RNCINvNtCslV50zAGoXBR_13saib_anoncred12role_process15write_json_fileNtB6_15TrustedRegistryEs_0CsaWtpOrAxUU_11s2_2_holder
FNDA:0,_RNCINvNtCslV50zAGoXBR_13saib_anoncred12role_process20exchange_secure_jsonNtNtB6_6holder20BlindIssuanceRequestINtNtNtCs6hfw4EsT1qM_5credx5blind6bundle21BlindCredentialBundleNtNtNtNtB1Q_4knox3bbs6scheme9BbsSchemeEE0CsaWtpOrAxUU_11s2_2_holder
FNDA:0,_RNCINvNtCslV50zAGoXBR_13saib_anoncred12role_process20exchange_secure_jsonNtNtB6_6holder20BlindIssuanceRequestINtNtNtCs6hfw4EsT1qM_5credx5blind6bundle21BlindCredentialBundleNtNtNtNtB1Q_4knox3bbs6scheme9BbsSchemeEEs0_0CsaWtpOrAxUU_11s2_2_holder
FNDA:0,_RNCINvNtCslV50zAGoXBR_13saib_anoncred12role_process20exchange_secure_jsonNtNtB6_6holder20BlindIssuanceRequestINtNtNtCs6hfw4EsT1qM_5credx5blind6bundle21BlindCredentialBundleNtNtNtNtB1Q_4knox3bbs6scheme9BbsSchemeEEs1_0CsaWtpOrAxUU_11s2_2_holder
FNDA:0,_RNCINvNtCslV50zAGoXBR_13saib_anoncred12role_process20exchange_secure_jsonNtNtB6_6holder20BlindIssuanceRequestINtNtNtCs6hfw4EsT1qM_5credx5blind6bundle21BlindCredentialBundleNtNtNtNtB1Q_4knox3bbs6scheme9BbsSchemeEEs2_0CsaWtpOrAxUU_11s2_2_holder
FNDA:0,_RNCINvNtCslV50zAGoXBR_13saib_anoncred12role_process20exchange_secure_jsonNtNtB6_6holder20BlindIssuanceRequestINtNtNtCs6hfw4EsT1qM_5credx5blind6bundle21BlindCredentialBundleNtNtNtNtB1Q_4knox3bbs6scheme9BbsSchemeEEs3_0CsaWtpOrAxUU_11s2_2_holder
FNDA:0,_RNCINvNtCslV50zAGoXBR_13saib_anoncred12role_process20exchange_secure_jsonNtNtB6_6holder20BlindIssuanceRequestINtNtNtCs6hfw4EsT1qM_5credx5blind6bundle21BlindCredentialBundleNtNtNtNtB1Q_4knox3bbs6scheme9BbsSchemeEEs_0CsaWtpOrAxUU_11s2_2_holder
FNDA:0,_RINvNtCslV50zAGoXBR_13saib_anoncred12role_process14read_json_fileNtNtB4_5roles15RoleIssuerStateECshCizlhSmStn_20s2_2_regional_issuer
FNDA:0,_RINvNtCslV50zAGoXBR_13saib_anoncred12role_process15write_json_fileNtNtB4_5roles15RoleIssuerStateECshCizlhSmStn_20s2_2_regional_issuer
FNDA:0,_RINvNtCslV50zAGoXBR_13saib_anoncred12role_process15write_json_fileNtNtB4_5roles18PublicRoleRegistryECshCizlhSmStn_20s2_2_regional_issuer
FNDA:0,_RINvNtCslV50zAGoXBR_13saib_anoncred12role_process15write_json_fileNtNtB4_5roles21PublicRevocationDeltaECshCizlhSmStn_20s2_2_regional_issuer
FNDA:0,_RINvNtCslV50zAGoXBR_13saib_anoncred12role_process24write_secure_stream_jsonINtNtNtCs6hfw4EsT1qM_5credx5blind6bundle21BlindCredentialBundleNtNtNtNtB1i_4knox3bbs6scheme9BbsSchemeEECshCizlhSmStn_20s2_2_regional_issuer
FNDA:0,_RINvNtCslV50zAGoXBR_13saib_anoncred12role_process28read_secure_stream_json_onceNtNtB4_6holder20BlindIssuanceRequestECshCizlhSmStn_20s2_2_regional_issuer
FNDA:0,_RNCINvNtCslV50zAGoXBR_13saib_anoncred12role_process14read_json_fileNtNtB6_5roles15RoleIssuerStateE0CshCizlhSmStn_20s2_2_regional_issuer
FNDA:0,_RNCINvNtCslV50zAGoXBR_13saib_anoncred12role_process14read_json_fileNtNtB6_5roles15RoleIssuerStateEs_0CshCizlhSmStn_20s2_2_regional_issuer
FNDA:0,_RNCINvNtCslV50zAGoXBR_13saib_anoncred12role_process15write_json_fileNtNtB6_5roles15RoleIssuerStateE0CshCizlhSmStn_20s2_2_regional_issuer
FNDA:0,_RNCINvNtCslV50zAGoXBR_13saib_anoncred12role_process15write_json_fileNtNtB6_5roles15RoleIssuerStateEs0_0CshCizlhSmStn_20s2_2_regional_issuer
FNDA:0,_RNCINvNtCslV50zAGoXBR_13saib_anoncred12role_process15write_json_fileNtNtB6_5roles15RoleIssuerStateEs1_0CshCizlhSmStn_20s2_2_regional_issuer
FNDA:0,_RNCINvNtCslV50zAGoXBR_13saib_anoncred12role_process15write_json_fileNtNtB6_5roles15RoleIssuerStateEs_0CshCizlhSmStn_20s2_2_regional_issuer
FNDA:0,_RNCINvNtCslV50zAGoXBR_13saib_anoncred12role_process15write_json_fileNtNtB6_5roles18PublicRoleRegistryE0CshCizlhSmStn_20s2_2_regional_issuer
FNDA:0,_RNCINvNtCslV50zAGoXBR_13saib_anoncred12role_process15write_json_fileNtNtB6_5roles18PublicRoleRegistryEs0_0CshCizlhSmStn_20s2_2_regional_issuer
FNDA:0,_RNCINvNtCslV50zAGoXBR_13saib_anoncred12role_process15write_json_fileNtNtB6_5roles18PublicRoleRegistryEs1_0CshCizlhSmStn_20s2_2_regional_issuer
FNDA:0,_RNCINvNtCslV50zAGoXBR_13saib_anoncred12role_process15write_json_fileNtNtB6_5roles18PublicRoleRegistryEs_0CshCizlhSmStn_20s2_2_regional_issuer
[...]
FNDA:0,_RNvXs5_NtCs6hfw4EsT1qM_5credx8verifierINtB5_14ProofVerifiersNtNtNtNtB7_4knox3bbs6scheme9BbsSchemeEINtNtCs2va5m0jqTTM_4core7convert4FromNtNtB5_32verifiable_encryption_decryption38VerifiableEncryptionDecryptionVerifierE4fromCslV50zAGoXBR_13saib_anoncred
FNDA:348,_RNvXs_NtCs6hfw4EsT1qM_5credx8verifierINtB4_14ProofVerifiersNtNtNtNtB6_4knox3bbs6scheme9BbsSchemeEINtNtCs2va5m0jqTTM_4core7convert4FromNtNtB4_10revocation18RevocationVerifierE4fromCslV50zAGoXBR_13saib_anoncred
FNDA:0,_RNvMs6_NtCs6hfw4EsT1qM_5credx8verifierINtB5_14ProofVerifierspE6verifyB7_
FNDA:0,_RNvXININtCs6hfw4EsT1qM_5credx8verifier0pEINtB5_14ProofVerifierspEINtNtCs2va5m0jqTTM_4core7convert4FromINtNtB5_9signature17SignatureVerifierpEE4fromB7_
FNDA:0,_RNvXININtCs6hfw4EsT1qM_5credx8verifiers0_0pEINtB5_14ProofVerifierspEINtNtCs2va5m0jqTTM_4core7convert4FromINtNtB5_8equality16EqualityVerifierpEE4fromB7_
FNDA:0,_RNvXININtCs6hfw4EsT1qM_5credx8verifiers1_0pEINtB5_14ProofVerifierspEINtNtCs2va5m0jqTTM_4core7convert4FromNtNtB5_10commitment18CommitmentVerifierE4fromB7_
FNDA:0,_RNvXININtCs6hfw4EsT1qM_5credx8verifiers2_0pEINtB5_14ProofVerifierspEINtNtCs2va5m0jqTTM_4core7convert4FromNtNtB5_21verifiable_encryption28VerifiableEncryptionVerifierE4fromB7_
FNDA:0,_RNvXININtCs6hfw4EsT1qM_5credx8verifiers3_0pEINtB5_14ProofVerifierspEINtNtCs2va5m0jqTTM_4core7convert4FromNtNtB5_5range18RangeProofVerifierE4fromB7_
FNDA:0,_RNvXININtCs6hfw4EsT1qM_5credx8verifiers4_0pEINtB5_14ProofVerifierspEINtNtCs2va5m0jqTTM_4core7convert4FromNtNtB5_10membership18MembershipVerifierE4fromB7_
FNDA:0,_RNvXININtCs6hfw4EsT1qM_5credx8verifiers5_0pEINtB5_14ProofVerifierspEINtNtCs2va5m0jqTTM_4core7convert4FromNtNtB5_32verifiable_encryption_decryption38VerifiableEncryptionDecryptionVerifierE4fromB7_
FNDA:0,_RNvXININtCs6hfw4EsT1qM_5credx8verifiers_0pEINtB5_14ProofVerifierspEINtNtCs2va5m0jqTTM_4core7convert4FromNtNtB5_10revocation18RevocationVerifierE4fromB7_
FNDA:0,_RNvMs6_NtCs6hfw4EsT1qM_5credx8verifierINtB5_14ProofVerifiersNtNtNtNtB7_4knox3bbs6scheme9BbsSchemeE6verifyCs9ncSd3SpQ4C_13saib_anoncred
FNDA:0,_RNvXNtCs6hfw4EsT1qM_5credx8verifierINtB2_14ProofVerifiersNtNtNtNtB4_4knox3bbs6scheme9BbsSchemeEINtNtCs2va5m0jqTTM_4core7convert4FromINtNtB2_9signature17SignatureVerifierBT_EE4fromCs9ncSd3SpQ4C_13saib_anoncred
FNDA:0,_RNvXs0_NtCs6hfw4EsT1qM_5credx8verifierINtB5_14ProofVerifiersNtNtNtNtB7_4knox3bbs6scheme9BbsSchemeEINtNtCs2va5m0jqTTM_4core7convert4FromINtNtB5_8equality16EqualityVerifierBW_EE4fromCs9ncSd3SpQ4C_13saib_anoncred
FNDA:0,_RNvXs1_NtCs6hfw4EsT1qM_5credx8verifierINtB5_14ProofVerifiersNtNtNtNtB7_4knox3bbs6scheme9BbsSchemeEINtNtCs2va5m0jqTTM_4core7convert4FromNtNtB5_10commitment18CommitmentVerifierE4fromCs9ncSd3SpQ4C_13saib_anoncred
FNDA:0,_RNvXs2_NtCs6hfw4EsT1qM_5credx8verifierINtB5_14ProofVerifiersNtNtNtNtB7_4knox3bbs6scheme9BbsSchemeEINtNtCs2va5m0jqTTM_4core7convert4FromNtNtB5_21verifiable_encryption28VerifiableEncryptionVerifierE4fromCs9ncSd3SpQ4C_13saib_anoncred
FNDA:0,_RNvXs4_NtCs6hfw4EsT1qM_5credx8verifierINtB5_14ProofVerifiersNtNtNtNtB7_4knox3bbs6scheme9BbsSchemeEINtNtCs2va5m0jqTTM_4core7convert4FromNtNtB5_10membership18MembershipVerifierE4fromCs9ncSd3SpQ4C_13saib_anoncred
FNDA:0,_RNvXs5_NtCs6hfw4EsT1qM_5credx8verifierINtB5_14ProofVerifiersNtNtNtNtB7_4knox3bbs6scheme9BbsSchemeEINtNtCs2va5m0jqTTM_4core7convert4FromNtNtB5_32verifiable_encryption_decryption38VerifiableEncryptionDecryptionVerifierE4fromCs9ncSd3SpQ4C_13saib_anoncred
FNDA:0,_RNvXs_NtCs6hfw4EsT1qM_5credx8verifierINtB4_14ProofVerifiersNtNtNtNtB6_4knox3bbs6scheme9BbsSchemeEINtNtCs2va5m0jqTTM_4core7convert4FromNtNtB4_10revocation18RevocationVerifierE4fromCs9ncSd3SpQ4C_13saib_anoncred
FNF:9
FNH:5
DA:50,348
DA:51,348
DA:52,348
DA:58,348
DA:59,348
DA:60,348
DA:66,174
DA:67,174
DA:68,174
DA:74,348
DA:75,348
DA:76,348
DA:82,0
DA:83,0
DA:84,0
DA:90,0
DA:91,0
DA:92,0
DA:98,0
DA:99,0
DA:100,0
DA:106,0
DA:107,0
DA:108,0
DA:113,1204
DA:114,1204
DA:115,344
DA:116,344
DA:117,172
DA:118,344
DA:119,0
DA:120,0
DA:121,0
DA:122,0
DA:124,1204
BRF:0
BRH:0
LF:35
LH:19
end_of_record
SF:/mnt/g/paperexper/retf/saib-retf/prototype/anoncred-rust/vendor/credx-0.2.1-saib/src/verifier/commitment.rs
FN:16,_RNvXNtNtCs6hfw4EsT1qM_5credx8verifier10commitmentNtB2_18CommitmentVerifierNtB4_13ProofVerifier26add_challenge_contribution
FN:37,_RNvXNtNtCs6hfw4EsT1qM_5credx8verifier10commitmentNtB2_18CommitmentVerifierNtB4_13ProofVerifier6verify
FNDA:348,_RNvXNtNtCs6hfw4EsT1qM_5credx8verifier10commitmentNtB2_18CommitmentVerifierNtB4_13ProofVerifier26add_challenge_contribution
FNDA:344,_RNvXNtNtCs6hfw4EsT1qM_5credx8verifier10commitmentNtB2_18CommitmentVerifierNtB4_13ProofVerifier6verify
FNF:2
FNH:2
DA:16,348
DA:17,348
DA:18,348
DA:19,348
DA:20,348
DA:21,348
DA:22,348
DA:23,348
DA:24,348
DA:25,348
DA:26,348
DA:27,348
DA:28,348
DA:29,348
DA:30,348
DA:31,348
DA:32,348
DA:33,348
DA:34,348
DA:35,348
DA:37,344
DA:38,344
DA:39,344
BRF:0
BRH:0
LF:23
LH:23
end_of_record
SF:/mnt/g/paperexper/retf/saib-retf/prototype/anoncred-rust/vendor/credx-0.2.1-saib/src/verifier/equality.rs
FN:51,_RNCNvXNtNtCs6hfw4EsT1qM_5credx8verifier8equalityINtB4_16EqualityVerifierNtNtNtNtB8_4knox3bbs6scheme9BbsSchemeENtB6_13ProofVerifier6verify0CslV50zAGoXBR_13saib_anoncred
FN:21,_RNvXNtNtCs6hfw4EsT1qM_5credx8verifier8equalityINtB2_16EqualityVerifierNtNtNtNtB6_4knox3bbs6scheme9BbsSchemeENtB4_13ProofVerifier26add_challenge_contributionCslV50zAGoXBR_13saib_anoncred
FN:29,_RNvXNtNtCs6hfw4EsT1qM_5credx8verifier8equalityINtB2_16EqualityVerifierNtNtNtNtB6_4knox3bbs6scheme9BbsSchemeENtB4_13ProofVerifier6verifyCslV50zAGoXBR_13saib_anoncred
FN:51,_RNCNvXININtNtCs6hfw4EsT1qM_5credx8verifier8equality0pEINtB7_16EqualityVerifierpENtB9_13ProofVerifier6verify0Bb_
FN:21,_RNvXININtNtCs6hfw4EsT1qM_5credx8verifier8equality0pEINtB5_16EqualityVerifierpENtB7_13ProofVerifier26add_challenge_contributionB9_
FN:29,_RNvXININtNtCs6hfw4EsT1qM_5credx8verifier8equality0pEINtB5_16EqualityVerifierpENtB7_13ProofVerifier6verifyB9_
FN:51,_RNCNvXNtNtCs6hfw4EsT1qM_5credx8verifier8equalityINtB4_16EqualityVerifierNtNtNtNtB8_4knox3bbs6scheme9BbsSchemeENtB6_13ProofVerifier6verify0Cs9ncSd3SpQ4C_13saib_anoncred
FN:21,_RNvXNtNtCs6hfw4EsT1qM_5credx8verifier8equalityINtB2_16EqualityVerifierNtNtNtNtB6_4knox3bbs6scheme9BbsSchemeENtB4_13ProofVerifier26add_challenge_contributionCs9ncSd3SpQ4C_13saib_anoncred
FN:29,_RNvXNtNtCs6hfw4EsT1qM_5credx8verifier8equalityINtB2_16EqualityVerifierNtNtNtNtB6_4knox3bbs6scheme9BbsSchemeENtB4_13ProofVerifier6verifyCs9ncSd3SpQ4C_13saib_anoncred
FNDA:344,_RNCNvXNtNtCs6hfw4EsT1qM_5credx8verifier8equalityINtB4_16EqualityVerifierNtNtNtNtB8_4knox3bbs6scheme9BbsSchemeENtB6_13ProofVerifier6verify0CslV50zAGoXBR_13saib_anoncred
FNDA:174,_RNvXNtNtCs6hfw4EsT1qM_5credx8verifier8equalityINtB2_16EqualityVerifierNtNtNtNtB6_4knox3bbs6scheme9BbsSchemeENtB4_13ProofVerifier26add_challenge_contributionCslV50zAGoXBR_13saib_anoncred
FNDA:172,_RNvXNtNtCs6hfw4EsT1qM_5credx8verifier8equalityINtB2_16EqualityVerifierNtNtNtNtB6_4knox3bbs6scheme9BbsSchemeENtB4_13ProofVerifier6verifyCslV50zAGoXBR_13saib_anoncred
FNDA:0,_RNCNvXININtNtCs6hfw4EsT1qM_5credx8verifier8equality0pEINtB7_16EqualityVerifierpENtB9_13ProofVerifier6verify0Bb_
FNDA:0,_RNvXININtNtCs6hfw4EsT1qM_5credx8verifier8equality0pEINtB5_16EqualityVerifierpENtB7_13ProofVerifier26add_challenge_contributionB9_
FNDA:0,_RNvXININtNtCs6hfw4EsT1qM_5credx8verifier8equality0pEINtB5_16EqualityVerifierpENtB7_13ProofVerifier6verifyB9_
FNDA:0,_RNCNvXNtNtCs6hfw4EsT1qM_5credx8verifier8equalityINtB4_16EqualityVerifierNtNtNtNtB8_4knox3bbs6scheme9BbsSchemeENtB6_13ProofVerifier6verify0Cs9ncSd3SpQ4C_13saib_anoncred
FNDA:0,_RNvXNtNtCs6hfw4EsT1qM_5credx8verifier8equalityINtB2_16EqualityVerifierNtNtNtNtB6_4knox3bbs6scheme9BbsSchemeENtB4_13ProofVerifier26add_challenge_contributionCs9ncSd3SpQ4C_13saib_anoncred
FNDA:0,_RNvXNtNtCs6hfw4EsT1qM_5credx8verifier8equalityINtB2_16EqualityVerifierNtNtNtNtB6_4knox3bbs6scheme9BbsSchemeENtB4_13ProofVerifier6verifyCs9ncSd3SpQ4C_13saib_anoncred
FNF:3
FNH:3
DA:21,174
DA:22,174
DA:23,174
DA:24,174
DA:25,174
DA:26,174
DA:27,174
DA:29,172
DA:30,172
DA:31,516
DA:32,344
DA:33,344
DA:34,344
DA:35,344
DA:36,344
DA:37,344
DA:38,344
DA:39,344
DA:40,344
DA:41,344
DA:42,344
DA:43,344
DA:44,344
DA:45,344
DA:47,344
DA:48,344
DA:49,344
DA:50,344
DA:51,344
DA:52,344
DA:53,344
DA:54,344
DA:55,344
DA:56,344
DA:57,344
DA:58,344
DA:59,344
DA:60,344
DA:61,344
DA:62,344
DA:64,0
DA:67,0
DA:70,172
DA:71,172
DA:72,172
DA:73,172
DA:74,172
DA:75,172
DA:76,172
DA:77,172
DA:78,0
DA:79,172
DA:81,172
DA:82,172
BRF:0
BRH:0
LF:55
LH:52
end_of_record
SF:/mnt/g/paperexper/retf/saib-retf/prototype/anoncred-rust/vendor/credx-0.2.1-saib/src/verifier/membership.rs
FN:18,_RNvMNtNtCs6hfw4EsT1qM_5credx8verifier10membershipNtB2_18MembershipVerifier3new
FN:35,_RNvXs_NtNtCs6hfw4EsT1qM_5credx8verifier10membershipNtB4_18MembershipVerifierNtB6_13ProofVerifier26add_challenge_contribution
FN:51,_RNvXs_NtNtCs6hfw4EsT1qM_5credx8verifier10membershipNtB4_18MembershipVerifierNtB6_13ProofVerifier6verify
FNDA:0,_RNvMNtNtCs6hfw4EsT1qM_5credx8verifier10membershipNtB2_18MembershipVerifier3new
FNDA:0,_RNvXs_NtNtCs6hfw4EsT1qM_5credx8verifier10membershipNtB4_18MembershipVerifierNtB6_13ProofVerifier26add_challenge_contribution
FNDA:0,_RNvXs_NtNtCs6hfw4EsT1qM_5credx8verifier10membershipNtB4_18MembershipVerifierNtB6_13ProofVerifier6verify
FNF:3
FNH:0
DA:18,0
DA:19,0
DA:20,0
DA:21,0
DA:22,0
DA:23,0
DA:24,0
DA:25,0
DA:26,0
DA:27,0
DA:28,0
DA:29,0
DA:30,0
DA:31,0
DA:35,0
DA:36,0
DA:37,0
DA:38,0
DA:39,0
DA:40,0
DA:41,0
DA:42,0
DA:43,0
DA:44,0
DA:45,0
DA:46,0
DA:47,0
DA:48,0
DA:49,0
DA:51,0
DA:52,0
DA:53,0
DA:54,0
DA:55,0
DA:56,0
DA:57,0
DA:58,0
DA:59,0
DA:60,0
BRF:0
BRH:0
LF:39
LH:0
end_of_record
SF:/mnt/g/paperexper/retf/saib-retf/prototype/anoncred-rust/vendor/credx-0.2.1-saib/src/verifier/range.rs
FN:20,_RNvXNtNtCs6hfw4EsT1qM_5credx8verifier5rangeNtB2_18RangeProofVerifierNtB4_13ProofVerifier26add_challenge_contribution
FN:77,_RNvXNtNtCs6hfw4EsT1qM_5credx8verifier5rangeNtB2_18RangeProofVerifierNtB4_13ProofVerifier6verify
FN:104,_RNCNvXNtNtCs6hfw4EsT1qM_5credx8verifier5rangeNtB4_18RangeProofVerifierNtB6_13ProofVerifier6verify0B8_
FN:136,_RNCNvXNtNtCs6hfw4EsT1qM_5credx8verifier5rangeNtB4_18RangeProofVerifierNtB6_13ProofVerifier6verifys0_0B8_
FN:120,_RNCNvXNtNtCs6hfw4EsT1qM_5credx8verifier5rangeNtB4_18RangeProofVerifierNtB6_13ProofVerifier6verifys_0B8_
FNDA:174,_RNvXNtNtCs6hfw4EsT1qM_5credx8verifier5rangeNtB2_18RangeProofVerifierNtB4_13ProofVerifier26add_challenge_contribution
FNDA:172,_RNvXNtNtCs6hfw4EsT1qM_5credx8verifier5rangeNtB2_18RangeProofVerifierNtB4_13ProofVerifier6verify
FNDA:0,_RNCNvXNtNtCs6hfw4EsT1qM_5credx8verifier5rangeNtB4_18RangeProofVerifierNtB6_13ProofVerifier6verify0B8_
FNDA:0,_RNCNvXNtNtCs6hfw4EsT1qM_5credx8verifier5rangeNtB4_18RangeProofVerifierNtB6_13ProofVerifier6verifys0_0B8_
FNDA:0,_RNCNvXNtNtCs6hfw4EsT1qM_5credx8verifier5rangeNtB4_18RangeProofVerifierNtB6_13ProofVerifier6verifys_0B8_
FNF:5
FNH:2
DA:20,174
DA:21,174
DA:22,174
DA:23,174
DA:24,174
DA:25,174
DA:26,174
DA:27,174
DA:28,174
DA:29,174
DA:30,174
DA:31,174
DA:32,174
DA:33,174
DA:34,174
DA:35,174
DA:36,174
DA:37,174
DA:38,174
DA:39,174
DA:40,174
DA:41,174
DA:42,174
DA:43,174
DA:44,174
DA:45,174
DA:46,174
DA:47,174
DA:48,174
DA:49,174
DA:51,0
DA:52,0
DA:53,0
DA:54,0
DA:55,0
DA:56,0
DA:57,0
DA:58,0
DA:59,0
DA:60,0
DA:62,0
DA:63,0
DA:64,0
DA:65,0
DA:66,0
DA:67,0
DA:68,0
DA:69,0
DA:70,0
DA:71,0
DA:73,0
DA:75,174
DA:77,172
DA:78,172
DA:79,172
DA:80,172
DA:81,172
DA:82,172
DA:83,172
DA:84,172
DA:85,172
DA:86,172
DA:87,172
DA:88,172
DA:89,172
DA:90,172
DA:91,172
DA:92,172
DA:93,172
DA:94,172
DA:95,172
DA:96,172
DA:97,172
DA:98,172
DA:99,172
DA:100,172
DA:101,172
DA:102,172
DA:103,172
DA:104,172
DA:106,0
DA:107,0
DA:108,0
DA:109,0
DA:110,0
DA:111,0
DA:112,0
DA:113,0
DA:114,0
DA:115,0
DA:116,0
DA:117,0
DA:118,0
DA:119,0
DA:120,0
DA:122,0
DA:123,0
DA:124,0
DA:125,0
DA:126,0
DA:127,0
DA:128,0
DA:129,0
DA:130,0
DA:131,0
DA:132,0
DA:133,0
DA:134,0
DA:135,0
DA:136,0
DA:138,0
DA:140,172
BRF:0
BRH:0
LF:115
LH:60
end_of_record
SF:/mnt/g/paperexper/retf/saib-retf/prototype/anoncred-rust/vendor/credx-0.2.1-saib/src/verifier/revocation.rs
FN:18,_RNvMNtNtCs6hfw4EsT1qM_5credx8verifier10revocationNtB2_18RevocationVerifier3new
FN:35,_RNvXs_NtNtCs6hfw4EsT1qM_5credx8verifier10revocationNtB4_18RevocationVerifierNtB6_13ProofVerifier26add_challenge_contribution
FN:51,_RNvXs_NtNtCs6hfw4EsT1qM_5credx8verifier10revocationNtB4_18RevocationVerifierNtB6_13ProofVerifier6verify
FNDA:348,_RNvMNtNtCs6hfw4EsT1qM_5credx8verifier10revocationNtB2_18RevocationVerifier3new
FNDA:348,_RNvXs_NtNtCs6hfw4EsT1qM_5credx8verifier10revocationNtB4_18RevocationVerifierNtB6_13ProofVerifier26add_challenge_contribution
FNDA:344,_RNvXs_NtNtCs6hfw4EsT1qM_5credx8verifier10revocationNtB4_18RevocationVerifierNtB6_13ProofVerifier6verify
FNF:3
FNH:3
DA:18,348
DA:19,348
DA:20,348
DA:21,348
DA:22,348
DA:23,348
DA:24,348
DA:25,348
DA:26,348
DA:27,348
DA:28,348
DA:29,348
DA:30,348
DA:31,348
DA:35,348
DA:36,348
DA:37,348
DA:38,348
DA:39,348
DA:40,348
DA:41,348
DA:42,348
DA:43,348
DA:44,348
DA:45,348
DA:46,348
DA:47,348
DA:48,348
DA:49,348
DA:51,344
DA:52,344
DA:53,0
DA:54,0
DA:55,0
DA:56,0
DA:57,0
DA:58,344
DA:59,344
DA:60,344
BRF:0
BRH:0
LF:39
LH:34
end_of_record
SF:/mnt/g/paperexper/retf/saib-retf/prototype/anoncred-rust/vendor/credx-0.2.1-saib/src/verifier/signature.rs
FN:25,_RNCNvMNtNtCs6hfw4EsT1qM_5credx8verifier9signatureINtB4_17SignatureVerifierNtNtNtNtB8_4knox3bbs6scheme9BbsSchemeE3new0CslV50zAGoXBR_13saib_anoncred
FN:18,_RNvMNtNtCs6hfw4EsT1qM_5credx8verifier9signatureINtB2_17SignatureVerifierNtNtNtNtB6_4knox3bbs6scheme9BbsSchemeE3newCslV50zAGoXBR_13saib_anoncred
FN:36,_RNvXs_NtNtCs6hfw4EsT1qM_5credx8verifier9signatureINtB4_17SignatureVerifierNtNtNtNtB8_4knox3bbs6scheme9BbsSchemeENtB6_13ProofVerifier26add_challenge_contributionCslV50zAGoXBR_13saib_anoncred
FN:50,_RNvXs_NtNtCs6hfw4EsT1qM_5credx8verifier9signatureINtB4_17SignatureVerifierNtNtNtNtB8_4knox3bbs6scheme9BbsSchemeENtB6_13ProofVerifier6verifyCslV50zAGoXBR_13saib_anoncred
FN:25,_RNCNvMNtNtCs6hfw4EsT1qM_5credx8verifier9signatureINtB4_17SignatureVerifierpE3new0B8_
FN:18,_RNvMNtNtCs6hfw4EsT1qM_5credx8verifier9signatureINtB2_17SignatureVerifierpE3newB6_
FN:36,_RNvXININtNtCs6hfw4EsT1qM_5credx8verifier9signatures_0pEINtB5_17SignatureVerifierpENtB7_13ProofVerifier26add_challenge_contributionB9_
FN:50,_RNvXININtNtCs6hfw4EsT1qM_5credx8verifier9signatures_0pEINtB5_17SignatureVerifierpENtB7_13ProofVerifier6verifyB9_
FN:25,_RNCNvMNtNtCs6hfw4EsT1qM_5credx8verifier9signatureINtB4_17SignatureVerifierNtNtNtNtB8_4knox3bbs6scheme9BbsSchemeE3new0Cs9ncSd3SpQ4C_13saib_anoncred
FN:18,_RNvMNtNtCs6hfw4EsT1qM_5credx8verifier9signatureINtB2_17SignatureVerifierNtNtNtNtB6_4knox3bbs6scheme9BbsSchemeE3newCs9ncSd3SpQ4C_13saib_anoncred
FN:36,_RNvXs_NtNtCs6hfw4EsT1qM_5credx8verifier9signatureINtB4_17SignatureVerifierNtNtNtNtB8_4knox3bbs6scheme9BbsSchemeENtB6_13ProofVerifier26add_challenge_contributionCs9ncSd3SpQ4C_13saib_anoncred
FN:50,_RNvXs_NtNtCs6hfw4EsT1qM_5credx8verifier9signatureINtB4_17SignatureVerifierNtNtNtNtB8_4knox3bbs6scheme9BbsSchemeENtB6_13ProofVerifier6verifyCs9ncSd3SpQ4C_13saib_anoncred
FNDA:348,_RNCNvMNtNtCs6hfw4EsT1qM_5credx8verifier9signatureINtB4_17SignatureVerifierNtNtNtNtB8_4knox3bbs6scheme9BbsSchemeE3new0CslV50zAGoXBR_13saib_anoncred
FNDA:348,_RNvMNtNtCs6hfw4EsT1qM_5credx8verifier9signatureINtB2_17SignatureVerifierNtNtNtNtB6_4knox3bbs6scheme9BbsSchemeE3newCslV50zAGoXBR_13saib_anoncred
FNDA:348,_RNvXs_NtNtCs6hfw4EsT1qM_5credx8verifier9signatureINtB4_17SignatureVerifierNtNtNtNtB8_4knox3bbs6scheme9BbsSchemeENtB6_13ProofVerifier26add_challenge_contributionCslV50zAGoXBR_13saib_anoncred
FNDA:344,_RNvXs_NtNtCs6hfw4EsT1qM_5credx8verifier9signatureINtB4_17SignatureVerifierNtNtNtNtB8_4knox3bbs6scheme9BbsSchemeENtB6_13ProofVerifier6verifyCslV50zAGoXBR_13saib_anoncred
FNDA:0,_RNCNvMNtNtCs6hfw4EsT1qM_5credx8verifier9signatureINtB4_17SignatureVerifierpE3new0B8_
FNDA:0,_RNvMNtNtCs6hfw4EsT1qM_5credx8verifier9signatureINtB2_17SignatureVerifierpE3newB6_
FNDA:0,_RNvXININtNtCs6hfw4EsT1qM_5credx8verifier9signatures_0pEINtB5_17SignatureVerifierpENtB7_13ProofVerifier26add_challenge_contributionB9_
FNDA:0,_RNvXININtNtCs6hfw4EsT1qM_5credx8verifier9signatures_0pEINtB5_17SignatureVerifierpENtB7_13ProofVerifier6verifyB9_
FNDA:0,_RNCNvMNtNtCs6hfw4EsT1qM_5credx8verifier9signatureINtB4_17SignatureVerifierNtNtNtNtB8_4knox3bbs6scheme9BbsSchemeE3new0Cs9ncSd3SpQ4C_13saib_anoncred
FNDA:0,_RNvMNtNtCs6hfw4EsT1qM_5credx8verifier9signatureINtB2_17SignatureVerifierNtNtNtNtB6_4knox3bbs6scheme9BbsSchemeE3newCs9ncSd3SpQ4C_13saib_anoncred
FNDA:0,_RNvXs_NtNtCs6hfw4EsT1qM_5credx8verifier9signatureINtB4_17SignatureVerifierNtNtNtNtB8_4knox3bbs6scheme9BbsSchemeENtB6_13ProofVerifier26add_challenge_contributionCs9ncSd3SpQ4C_13saib_anoncred
FNDA:0,_RNvXs_NtNtCs6hfw4EsT1qM_5credx8verifier9signatureINtB4_17SignatureVerifierNtNtNtNtB8_4knox3bbs6scheme9BbsSchemeENtB6_13ProofVerifier6verifyCs9ncSd3SpQ4C_13saib_anoncred
FNF:4
FNH:4
DA:18,348
DA:19,348
DA:20,348
DA:21,348
DA:22,348
DA:23,348
DA:24,348
DA:25,348
DA:26,348
DA:27,348
DA:28,348
DA:29,348
DA:30,348
DA:31,348
DA:32,348
DA:36,348
DA:37,348
DA:38,348
DA:39,348
DA:40,348
DA:41,348
DA:42,348
DA:43,348
DA:44,348
DA:45,348
DA:46,348
DA:47,348
DA:48,348
DA:50,344
DA:51,344
DA:52,344
DA:53,344
DA:54,344
DA:55,344
DA:56,344
BRF:0
BRH:0
LF:36
LH:36
end_of_record
SF:/mnt/g/paperexper/retf/saib-retf/prototype/anoncred-rust/vendor/credx-0.2.1-saib/src/verifier/verifiable_encryption.rs
FN:16,_RNvXNtNtCs6hfw4EsT1qM_5credx8verifier21verifiable_encryptionNtB2_28VerifiableEncryptionVerifierNtB4_13ProofVerifier26add_challenge_contribution
FN:35,_RNvXNtNtCs6hfw4EsT1qM_5credx8verifier21verifiable_encryptionNtB2_28VerifiableEncryptionVerifierNtB4_13ProofVerifier6verify
FNDA:0,_RNvXNtNtCs6hfw4EsT1qM_5credx8verifier21verifiable_encryptionNtB2_28VerifiableEncryptionVerifierNtB4_13ProofVerifier26add_challenge_contribution
FNDA:0,_RNvXNtNtCs6hfw4EsT1qM_5credx8verifier21verifiable_encryptionNtB2_28VerifiableEncryptionVerifierNtB4_13ProofVerifier6verify
FNF:2
FNH:0
DA:16,0
DA:17,0
DA:18,0
DA:19,0
DA:20,0
DA:21,0
DA:22,0
DA:23,0
DA:24,0
DA:25,0
DA:26,0
DA:27,0
DA:28,0
DA:29,0
DA:30,0
DA:31,0
DA:32,0
DA:33,0
DA:35,0
DA:36,0
DA:37,0
BRF:0
BRH:0
LF:21
LH:0
end_of_record
SF:/mnt/g/paperexper/retf/saib-retf/prototype/anoncred-rust/vendor/credx-0.2.1-saib/src/verifier/verifiable_encryption_decryption.rs
FN:17,_RNvXNtNtCs6hfw4EsT1qM_5credx8verifier32verifiable_encryption_decryptionNtB2_38VerifiableEncryptionDecryptionVerifierNtB4_13ProofVerifier26add_challenge_contribution
FN:62,_RNvXNtNtCs6hfw4EsT1qM_5credx8verifier32verifiable_encryption_decryptionNtB2_38VerifiableEncryptionDecryptionVerifierNtB4_13ProofVerifier6verify
FN:81,_RNCNvXNtNtCs6hfw4EsT1qM_5credx8verifier32verifiable_encryption_decryptionNtB4_38VerifiableEncryptionDecryptionVerifierNtB6_13ProofVerifier6verify0B8_
FNDA:0,_RNvXNtNtCs6hfw4EsT1qM_5credx8verifier32verifiable_encryption_decryptionNtB2_38VerifiableEncryptionDecryptionVerifierNtB4_13ProofVerifier26add_challenge_contribution
FNDA:0,_RNvXNtNtCs6hfw4EsT1qM_5credx8verifier32verifiable_encryption_decryptionNtB2_38VerifiableEncryptionDecryptionVerifierNtB4_13ProofVerifier6verify
FNDA:0,_RNCNvXNtNtCs6hfw4EsT1qM_5credx8verifier32verifiable_encryption_decryptionNtB4_38VerifiableEncryptionDecryptionVerifierNtB6_13ProofVerifier6verify0B8_
FNF:3
FNH:0
DA:17,0
DA:18,0
DA:19,0
DA:20,0
DA:21,0
DA:22,0
DA:23,0
DA:24,0
DA:25,0
DA:26,0
DA:27,0
DA:28,0
DA:29,0
DA:30,0
DA:31,0
DA:32,0
DA:34,0
DA:35,0
DA:36,0
DA:37,0
DA:38,0
DA:39,0
DA:40,0
DA:41,0
DA:42,0
DA:43,0
DA:44,0
DA:45,0
DA:46,0
DA:47,0
DA:48,0
DA:49,0
DA:50,0
DA:51,0
DA:52,0
DA:53,0
DA:54,0
DA:55,0
DA:56,0
DA:57,0
DA:58,0
DA:59,0
DA:60,0
DA:62,0
DA:63,0
DA:64,0
DA:65,0
DA:66,0
DA:67,0
DA:68,0
DA:69,0
DA:70,0
DA:71,0
DA:72,0
DA:73,0
DA:74,0
DA:75,0
DA:76,0
DA:77,0
DA:78,0
DA:79,0
DA:80,0
DA:81,0
DA:83,0
DA:84,0
DA:86,0
DA:87,0
DA:88,0
DA:89,0
DA:91,0
DA:92,0
DA:93,0
DA:94,0
DA:95,0
DA:96,0
DA:97,0
BRF:0
BRH:0
LF:77
LH:0
end_of_record